#
# A fatal error has been detected by the Java Runtime Environment:
#
#  EXCEPTION_ACCESS_VIOLATION (0xc0000005) at pc=0x00007fffb20ca330, pid=14332, tid=15184
#
# JRE version: Java(TM) SE Runtime Environment (20.0.2+9) (build 20.0.2+9-78)
# Java VM: Java HotSpot(TM) 64-Bit Server VM (20.0.2+9-78, mixed mode, sharing, tiered, compressed oops, compressed class ptrs, g1 gc, windows-amd64)
# Problematic frame:
# V  [jvm.dll+0xa330]
#
# No core dump will be written. Minidumps are not enabled by default on client versions of Windows
#
# If you would like to submit a bug report, please visit:
#   https://bugreport.java.com/bugreport/crash.jsp
#

---------------  S U M M A R Y ------------

Command Line: -Dfile.encoding=UTF-8 --module-path=C:\Program Files\Java\javafx-sdk-20.0.2\lib --add-modules=javafx.controls,javafx.fxml --module-path=C:\Program Files\Java\javafx-sdk-20.0.2\lib\javafx-swt.jar;C:\Program Files\Java\javafx-sdk-20.0.2\lib\javafx.base.jar;C:\Program Files\Java\javafx-sdk-20.0.2\lib\javafx.controls.jar;C:\Program Files\Java\javafx-sdk-20.0.2\lib\javafx.fxml.jar;C:\Program Files\Java\javafx-sdk-20.0.2\lib\javafx.graphics.jar;C:\Program Files\Java\javafx-sdk-20.0.2\lib\javafx.media.jar;C:\Program Files\Java\javafx-sdk-20.0.2\lib\javafx.swing.jar;C:\Program Files\Java\javafx-sdk-20.0.2\lib\javafx.web.jar Main

Host: Intel(R) Core(TM) i5-8350U CPU @ 1.70GHz, 8 cores, 7G,  Windows 11 , 64 bit Build 22621 (10.0.22621.2506)
Time: Fri Nov  3 16:15:53 2023 Malay Peninsula Standard Time elapsed time: 4.094981 seconds (0d 0h 0m 4s)

---------------  T H R E A D  ---------------

Current thread (0x000001b41b71ac50):  JavaThread "Thread-3" [_thread_in_vm, id=15184, stack(0x00000013c8800000,0x00000013c8900000)]

Stack: [0x00000013c8800000,0x00000013c8900000],  sp=0x00000013c88ff148,  free space=1020k
Native frames: (J=compiled Java code, j=interpreted, Vv=VM code, C=native code)
V  [jvm.dll+0xa330]

Java frames: (J=compiled Java code, j=interpreted, Vv=VM code)
j  com.digitalpersona.uareu.jni.Dpfj.DpfjIdentify([BII[[BIILcom/digitalpersona/uareu/jni/Dpfj$IntReference;[Lcom/digitalpersona/uareu/Engine$Candidate;)I+0
j  com.digitalpersona.uareu.jni.Dpfj.identify(Lcom/digitalpersona/uareu/Fmd;I[Lcom/digitalpersona/uareu/Fmd;II)[Lcom/digitalpersona/uareu/Engine$Candidate;+148
j  com.digitalpersona.uareu.dpfj.EngineImpl.Identify(Lcom/digitalpersona/uareu/Fmd;I[Lcom/digitalpersona/uareu/Fmd;II)[Lcom/digitalpersona/uareu/Engine$Candidate;+11
j  Fingerprint.IdentificationThread.startIdentification(Lcom/digitalpersona/uareu/Reader;Ljavafx/scene/image/ImageView;)V+104
j  Fingerprint.IdentificationThread.run()V+9
v  ~StubRoutines::call_stub 0x000001b3c803100d

siginfo: EXCEPTION_ACCESS_VIOLATION (0xc0000005), reading address 0x0000000000000000


Registers:
RAX=0x0000000000000000, RBX=0x000001b41b71ac50, RCX=0x0000000000000000, RDX=0x0000000000000000
RSP=0x00000013c88ff148, RBP=0x00000013c88ff2f8, RSI=0x000001b41b71af30, RDI=0x0000000000000000
R8 =0x00000013c88ff350, R9 =0x0000000001010001, R10=0x00007fffb2c066d0, R11=0x0000000000000101
R12=0x0000000000000000, R13=0x000001b417374928, R14=0x00000013c88ff358, R15=0x0000000000000000
RIP=0x00007fffb20ca330, EFLAGS=0x0000000000010246


Register to memory mapping:

RIP=0x00007fffb20ca330 jvm.dll
RAX=0x0 is NULL
RBX=0x000001b41b71ac50 is a thread
RCX=0x0 is NULL
RDX=0x0 is NULL
RSP=0x00000013c88ff148 is pointing into the stack for thread: 0x000001b41b71ac50
RBP=0x00000013c88ff2f8 is pointing into the stack for thread: 0x000001b41b71ac50
RSI=0x000001b41b71af30 points into unknown readable memory: 0x00007fffb2c066d0 | d0 66 c0 b2 ff 7f 00 00
RDI=0x0 is NULL
R8 =0x00000013c88ff350 is pointing into the stack for thread: 0x000001b41b71ac50
R9 =0x0000000001010001 is an unknown value
R10=0x00007fffb2c066d0 jvm.dll
R11=0x0000000000000101 is an unknown value
R12=0x0 is NULL
R13={method} {0x000001b417374930} 'DpfjIdentify' '([BII[[BIILcom/digitalpersona/uareu/jni/Dpfj$IntReference;[Lcom/digitalpersona/uareu/Engine$Candidate;)I' in 'com/digitalpersona/uareu/jni/Dpfj'
R14=0x00000013c88ff358 is pointing into the stack for thread: 0x000001b41b71ac50
R15=0x0 is NULL


Top of Stack: (sp=0x00000013c88ff148)
0x00000013c88ff148:   00007fffb24fb549 000001b40000000a
0x00000013c88ff158:   0000001b955b55b4 000001b417374928
0x00000013c88ff168:   000001b41b71ac50 00000013c88ff350
0x00000013c88ff178:   00007fffcfb0208a 000001b417374928
0x00000013c88ff188:   000001b41b71af30 000001b41b71ac50
0x00000013c88ff198:   00000013c88ff358 0000000000000000
0x00000013c88ff1a8:   000001b416fe2f78 000001b3d58bd890
0x00000013c88ff1b8:   000001b417374928 00000013c88ff2f8
0x00000013c88ff1c8:   00007fffb249b7f5 000001b3c809d275
0x00000013c88ff1d8:   0000001b955b55b4 000001b61b71ac50
0x00000013c88ff1e8:   000001b41795fa78 000001b417374928
0x00000013c88ff1f8:   000001b41b71ac50 000001b41b71ac50
0x00000013c88ff208:   00000013c88ff358 000001b417374928
0x00000013c88ff218:   0000000000000000 000001b416fe2f78
0x00000013c88ff228:   000001b3d58bd890 000001b417374928
0x00000013c88ff238:   000001b3c8051ff3 000001b41b71ac50
0x00000013c88ff248:   00007fffb2499251 00000013c88ff350
0x00000013c88ff258:   00007fff01010001 000001b400000000
0x00000013c88ff268:   0000000000000000 000001b4ffffffff
0x00000013c88ff278:   000001b3000053e2 00000013c88ff320
0x00000013c88ff288:   00000013c88ff318 000001b41b71ac50
0x00000013c88ff298:   00007fffb2499251 00000013c88ff350
0x00000013c88ff2a8:   000001b3c8051c96 00000013c88ff2b0
0x00000013c88ff2b8:   000001b417374928 00000013c88ff358
0x00000013c88ff2c8:   000001b417377578 0000000000000000
0x00000013c88ff2d8:   000000008772aaa0 000001b417374928
0x00000013c88ff2e8:   0000000000000000 00000013c88ff318
0x00000013c88ff2f8:   00000013c88ff3a8 000001b3c804df9e
0x00000013c88ff308:   0000000000000000 000001b3c804f895
0x00000013c88ff318:   0000000089b3acd0 0000000089b3bcd0
0x00000013c88ff328:   00000000000053e2 00000000ffffffff
0x00000013c88ff338:   0000000000000000 0000000000000000 

Instructions: (pc=0x00007fffb20ca330)
0x00007fffb20ca230:   ec 0d b3 00 48 83 c4 20 5b 48 ff e0 48 8d 05 ed
0x00007fffb20ca240:   00 00 00 48 8b cb 48 89 05 d3 0d b3 00 48 83 c4
0x00007fffb20ca250:   20 5b 48 ff e0 48 8d 05 d4 00 00 00 48 8b cb 48
0x00007fffb20ca260:   89 05 ba 0d b3 00 48 83 c4 20 5b 48 ff e0 48 8b
0x00007fffb20ca270:   0d cb 76 b9 00 8b 51 10 83 ea 01 0f 84 91 00 00
0x00007fffb20ca280:   00 83 ea 01 74 73 83 ea 01 74 55 83 fa 01 74 37
0x00007fffb20ca290:   4c 8d 0d e9 08 8a 00 41 b8 e2 00 00 00 48 8d 15
0x00007fffb20ca2a0:   14 09 8a 00 b9 00 00 00 e0 e8 42 68 27 00 e8 5d
0x00007fffb20ca2b0:   19 6b 00 33 c0 48 8b cb 48 89 05 61 0d b3 00 48
0x00007fffb20ca2c0:   83 c4 20 5b 48 ff e0 48 8d 05 72 00 00 00 48 8b
0x00007fffb20ca2d0:   cb 48 89 05 48 0d b3 00 48 83 c4 20 5b 48 ff e0
0x00007fffb20ca2e0:   48 8d 05 49 00 00 00 48 8b cb 48 89 05 2f 0d b3
0x00007fffb20ca2f0:   00 48 83 c4 20 5b 48 ff e0 48 8d 05 30 00 00 00
0x00007fffb20ca300:   48 8b cb 48 89 05 16 0d b3 00 48 83 c4 20 5b 48
0x00007fffb20ca310:   ff e0 48 8d 05 17 00 00 00 48 8b cb 48 89 05 fd
0x00007fffb20ca320:   0c b3 00 48 83 c4 20 5b 48 ff e0 cc cc cc cc cc
0x00007fffb20ca330:   48 8b 01 c3 cc cc cc cc cc cc cc cc cc cc cc cc
0x00007fffb20ca340:   48 89 5c 24 08 57 48 83 ec 20 48 8b 39 48 8b d9
0x00007fffb20ca350:   48 85 3d a1 90 be 00 75 0e 48 8b c7 48 8b 5c 24
0x00007fffb20ca360:   30 48 83 c4 20 5f c3 48 8b cf e8 c1 0e 87 00 48
0x00007fffb20ca370:   8b d0 48 85 c0 74 20 48 8b c7 f0 48 0f b1 13 74
0x00007fffb20ca380:   16 48 85 05 70 90 be 00 74 0d 48 8b c8 f0 48 0f
0x00007fffb20ca390:   b1 13 48 3b c1 75 ea 48 8b 5c 24 30 48 8b c2 48
0x00007fffb20ca3a0:   83 c4 20 5f c3 cc cc cc cc cc cc cc cc cc cc cc
0x00007fffb20ca3b0:   8b 44 24 30 45 03 c9 44 2b 4c 24 28 83 c0 0b 44
0x00007fffb20ca3c0:   03 ca 45 03 c8 41 03 c1 c3 cc cc cc cc cc cc cc
0x00007fffb20ca3d0:   48 8b 41 08 0f b7 48 2a 0f b7 40 28 83 c0 48 03
0x00007fffb20ca3e0:   c1 c3 cc cc cc cc cc cc cc cc cc cc cc cc cc cc
0x00007fffb20ca3f0:   48 89 5c 24 08 57 48 83 ec 20 0f b6 05 3f 98 be
0x00007fffb20ca400:   00 48 8b fa 48 8b d9 84 c0 74 4f 48 85 15 e6 8f
0x00007fffb20ca410:   be 00 74 38 48 8b ca e8 24 11 87 00 48 8b d0 48
0x00007fffb20ca420:   85 db 74 25 48 85 c0 74 20 48 8b c7 f0 48 0f b1 


Stack slot to memory mapping:
stack at sp + 0 slots: 0x00007fffb24fb549 jvm.dll
stack at sp + 1 slots: 0x000001b40000000a is an unknown value
stack at sp + 2 slots: 0x0000001b955b55b4 is an unknown value
stack at sp + 3 slots: {method} {0x000001b417374930} 'DpfjIdentify' '([BII[[BIILcom/digitalpersona/uareu/jni/Dpfj$IntReference;[Lcom/digitalpersona/uareu/Engine$Candidate;)I' in 'com/digitalpersona/uareu/jni/Dpfj'
stack at sp + 4 slots: 0x000001b41b71ac50 is a thread
stack at sp + 5 slots: 0x00000013c88ff350 is pointing into the stack for thread: 0x000001b41b71ac50
stack at sp + 6 slots: 0x00007fffcfb0208a dpuareu_jni.dll
stack at sp + 7 slots: {method} {0x000001b417374930} 'DpfjIdentify' '([BII[[BIILcom/digitalpersona/uareu/jni/Dpfj$IntReference;[Lcom/digitalpersona/uareu/Engine$Candidate;)I' in 'com/digitalpersona/uareu/jni/Dpfj'


---------------  P R O C E S S  ---------------

Threads class SMR info:
_java_thread_list=0x000001b41b765e80, length=23, elements={
0x000001b3b8a27180, 0x000001b3d53f1af0, 0x000001b3d53f2990, 0x000001b3d53f3960,
0x000001b3d53f7620, 0x000001b3d53f93a0, 0x000001b3d53fa170, 0x000001b3d53fe410,
0x000001b3d5400ed0, 0x000001b41a8976f0, 0x000001b41af39100, 0x000001b41b5a1700,
0x000001b41b259d40, 0x000001b41b27edf0, 0x000001b41b3f68c0, 0x000001b41b3bead0,
0x000001b41b6d7700, 0x000001b41b71a700, 0x000001b41b71ac50, 0x000001b41b71a1b0,
0x000001b41b719c60, 0x000001b41b93ea80, 0x000001b41bb51880
}

Java Threads: ( => current thread )
  0x000001b3b8a27180 JavaThread "main" [_thread_blocked, id=14964, stack(0x00000013c6100000,0x00000013c6200000)]
  0x000001b3d53f1af0 JavaThread "Reference Handler" daemon [_thread_blocked, id=8652, stack(0x00000013c6800000,0x00000013c6900000)]
  0x000001b3d53f2990 JavaThread "Finalizer" daemon [_thread_blocked, id=15420, stack(0x00000013c6900000,0x00000013c6a00000)]
  0x000001b3d53f3960 JavaThread "Signal Dispatcher" daemon [_thread_blocked, id=11988, stack(0x00000013c6a00000,0x00000013c6b00000)]
  0x000001b3d53f7620 JavaThread "Attach Listener" daemon [_thread_blocked, id=10268, stack(0x00000013c6b00000,0x00000013c6c00000)]
  0x000001b3d53f93a0 JavaThread "Service Thread" daemon [_thread_blocked, id=11884, stack(0x00000013c6c00000,0x00000013c6d00000)]
  0x000001b3d53fa170 JavaThread "Monitor Deflation Thread" daemon [_thread_blocked, id=15808, stack(0x00000013c6d00000,0x00000013c6e00000)]
  0x000001b3d53fe410 JavaThread "C2 CompilerThread0" daemon [_thread_blocked, id=2892, stack(0x00000013c6e00000,0x00000013c6f00000)]
  0x000001b3d5400ed0 JavaThread "C1 CompilerThread0" daemon [_thread_blocked, id=3444, stack(0x00000013c6f00000,0x00000013c7000000)]
  0x000001b41a8976f0 JavaThread "Common-Cleaner" daemon [_thread_blocked, id=11520, stack(0x00000013c7000000,0x00000013c7100000)]
  0x000001b41af39100 JavaThread "Notification Thread" daemon [_thread_blocked, id=13036, stack(0x00000013c7300000,0x00000013c7400000)]
  0x000001b41b5a1700 JavaThread "QuantumRenderer-0" daemon [_thread_blocked, id=15960, stack(0x00000013c7500000,0x00000013c7600000)]
  0x000001b41b259d40 JavaThread "InvokeLaterDispatcher" daemon [_thread_blocked, id=13724, stack(0x00000013c7600000,0x00000013c7700000)]
  0x000001b41b27edf0 JavaThread "JavaFX Application Thread" [_thread_in_native, id=4536, stack(0x00000013c7700000,0x00000013c7800000)]
  0x000001b41b3f68c0 JavaThread "JavaFX-Launcher" [_thread_blocked, id=15404, stack(0x00000013c7c00000,0x00000013c7d00000)]
  0x000001b41b3bead0 JavaThread "Thread-2" daemon [_thread_in_native, id=10760, stack(0x00000013c7b00000,0x00000013c7c00000)]
  0x000001b41b6d7700 JavaThread "Prism Font Disposer" daemon [_thread_blocked, id=11768, stack(0x00000013c8500000,0x00000013c8600000)]
  0x000001b41b71a700 JavaThread "Cleaner-0" daemon [_thread_blocked, id=8140, stack(0x00000013c8600000,0x00000013c8700000)]
=>0x000001b41b71ac50 JavaThread "Thread-3" [_thread_in_vm, id=15184, stack(0x00000013c8800000,0x00000013c8900000)]
  0x000001b41b71a1b0 JavaThread "Java2D Disposer" daemon [_thread_blocked, id=15996, stack(0x00000013c8a00000,0x00000013c8b00000)]
  0x000001b41b719c60 JavaThread "mysql-cj-abandoned-connection-cleanup" daemon [_thread_blocked, id=13948, stack(0x00000013c8900000,0x00000013c8a00000)]
  0x000001b41b93ea80 JavaThread "C2 CompilerThread1" daemon [_thread_blocked, id=2648, stack(0x00000013c8b00000,0x00000013c8c00000)]
  0x000001b41bb51880 JavaThread "C2 CompilerThread2" daemon [_thread_blocked, id=10608, stack(0x00000013c8c00000,0x00000013c8d00000)]

Other Threads:
  0x000001b3d53d40d0 VMThread "VM Thread" [stack: 0x00000013c6700000,0x00000013c6800000] [id=7268]
  0x000001b41af77780 WatcherThread "VM Periodic Task Thread" [stack: 0x00000013c7400000,0x00000013c7500000] [id=5560]
  0x000001b3b8a8a200 WorkerThread "GC Thread#0" [stack: 0x00000013c6200000,0x00000013c6300000] [id=6460]
  0x000001b41b54d170 WorkerThread "GC Thread#1" [stack: 0x00000013c7200000,0x00000013c7300000] [id=9788]
  0x000001b41b54d440 WorkerThread "GC Thread#2" [stack: 0x00000013c7d00000,0x00000013c7e00000] [id=3740]
  0x000001b41b54d710 WorkerThread "GC Thread#3" [stack: 0x00000013c7e00000,0x00000013c7f00000] [id=2100]
  0x000001b41b54d9e0 WorkerThread "GC Thread#4" [stack: 0x00000013c7f00000,0x00000013c8000000] [id=8152]
  0x000001b41b54cbd0 WorkerThread "GC Thread#5" [stack: 0x00000013c8000000,0x00000013c8100000] [id=13108]
  0x000001b41b54dcb0 WorkerThread "GC Thread#6" [stack: 0x00000013c8100000,0x00000013c8200000] [id=14396]
  0x000001b41b54c900 WorkerThread "GC Thread#7" [stack: 0x00000013c8d00000,0x00000013c8e00000] [id=2684]
  0x000001b3b8a9af70 ConcurrentGCThread "G1 Main Marker" [stack: 0x00000013c6300000,0x00000013c6400000] [id=5228]
  0x000001b3b8a9c140 WorkerThread "G1 Conc#0" [stack: 0x00000013c6400000,0x00000013c6500000] [id=6308]
  0x000001b3d5280540 ConcurrentGCThread "G1 Refine#0" [stack: 0x00000013c6500000,0x00000013c6600000] [id=5988]
  0x000001b3d5280fe0 ConcurrentGCThread "G1 Service" [stack: 0x00000013c6600000,0x00000013c6700000] [id=14740]

Threads with active compile tasks:

VM state: not at safepoint (normal execution)

VM Mutex/Monitor currently owned by a thread: None

Heap address: 0x0000000081e00000, size: 2018 MB, Compressed Oops mode: 32-bit

CDS archive(s) mapped at: [0x000001b3d5800000-0x000001b3d6460000-0x000001b3d6460000), size 12976128, SharedBaseAddress: 0x000001b3d5800000, ArchiveRelocationMode: 1.
Compressed class space mapped at: 0x000001b3d6800000-0x000001b416800000, reserved size: 1073741824
Narrow klass base: 0x000001b3d5800000, Narrow klass shift: 0, Narrow klass range: 0x100000000

GC Precious Log:
 CardTable entry size: 512
 Card Set container configuration: InlinePtr #cards 5 size 8 Array Of Cards #cards 12 size 40 Howl #buckets 4 coarsen threshold 1843 Howl Bitmap #cards 512 size 80 coarsen threshold 460 Card regions per heap region 1 cards per card region 2048
 CPUs: 8 total, 8 available
 Memory: 8071M
 Large Page Support: Disabled
 NUMA Support: Disabled
 Compressed Oops: Enabled (32-bit)
 Heap Region Size: 1M
 Heap Min Capacity: 8M
 Heap Initial Capacity: 128M
 Heap Max Capacity: 2018M
 Pre-touch: Disabled
 Parallel Workers: 8
 Concurrent Workers: 2
 Concurrent Refinement Workers: 8
 Periodic GC: Disabled

Heap:
 garbage-first heap   total 131072K, used 14021K [0x0000000081e00000, 0x0000000100000000)
  region size 1024K, 8 young (8192K), 5 survivors (5120K)
 Metaspace       used 19983K, committed 20352K, reserved 1114112K
  class space    used 2473K, committed 2624K, reserved 1048576K

Heap Regions: E=young(eden), S=young(survivor), O=old, HS=humongous(starts), HC=humongous(continues), CS=collection set, F=free, OA=open archive, CA=closed archive, TAMS=top-at-mark-start, PB=parsable bottom
|   0|0x0000000081e00000, 0x0000000081f00000, 0x0000000081f00000|100%| O|  |TAMS 0x0000000081e00000| PB 0x0000000081e00000| Untracked 
|   1|0x0000000081f00000, 0x0000000082000000, 0x0000000082000000|100%|HS|  |TAMS 0x0000000081f00000| PB 0x0000000081f00000| Complete 
|   2|0x0000000082000000, 0x0000000082100000, 0x0000000082100000|100%|HC|  |TAMS 0x0000000082000000| PB 0x0000000082000000| Complete 
|   3|0x0000000082100000, 0x0000000082100000, 0x0000000082200000|  0%| F|  |TAMS 0x0000000082100000| PB 0x0000000082100000| Untracked 
|   4|0x0000000082200000, 0x0000000082200000, 0x0000000082300000|  0%| F|  |TAMS 0x0000000082200000| PB 0x0000000082200000| Untracked 
|   5|0x0000000082300000, 0x0000000082400000, 0x0000000082400000|100%|HS|  |TAMS 0x0000000082300000| PB 0x0000000082300000| Complete 
|   6|0x0000000082400000, 0x0000000082500000, 0x0000000082500000|100%|HS|  |TAMS 0x0000000082400000| PB 0x0000000082400000| Complete 
|   7|0x0000000082500000, 0x0000000082600000, 0x0000000082600000|100%| O|  |TAMS 0x0000000082500000| PB 0x0000000082500000| Untracked 
|   8|0x0000000082600000, 0x0000000082700000, 0x0000000082700000|100%| O|  |TAMS 0x0000000082600000| PB 0x0000000082600000| Untracked 
|   9|0x0000000082700000, 0x00000000827b1600, 0x0000000082800000| 69%| O|  |TAMS 0x0000000082700000| PB 0x0000000082700000| Untracked 
|  10|0x0000000082800000, 0x0000000082800000, 0x0000000082900000|  0%| F|  |TAMS 0x0000000082800000| PB 0x0000000082800000| Untracked 
|  11|0x0000000082900000, 0x0000000082900000, 0x0000000082a00000|  0%| F|  |TAMS 0x0000000082900000| PB 0x0000000082900000| Untracked 
|  12|0x0000000082a00000, 0x0000000082a00000, 0x0000000082b00000|  0%| F|  |TAMS 0x0000000082a00000| PB 0x0000000082a00000| Untracked 
|  13|0x0000000082b00000, 0x0000000082b00000, 0x0000000082c00000|  0%| F|  |TAMS 0x0000000082b00000| PB 0x0000000082b00000| Untracked 
|  14|0x0000000082c00000, 0x0000000082c00000, 0x0000000082d00000|  0%| F|  |TAMS 0x0000000082c00000| PB 0x0000000082c00000| Untracked 
|  15|0x0000000082d00000, 0x0000000082d00000, 0x0000000082e00000|  0%| F|  |TAMS 0x0000000082d00000| PB 0x0000000082d00000| Untracked 
|  16|0x0000000082e00000, 0x0000000082e00000, 0x0000000082f00000|  0%| F|  |TAMS 0x0000000082e00000| PB 0x0000000082e00000| Untracked 
|  17|0x0000000082f00000, 0x0000000082f00000, 0x0000000083000000|  0%| F|  |TAMS 0x0000000082f00000| PB 0x0000000082f00000| Untracked 
|  18|0x0000000083000000, 0x0000000083000000, 0x0000000083100000|  0%| F|  |TAMS 0x0000000083000000| PB 0x0000000083000000| Untracked 
|  19|0x0000000083100000, 0x0000000083100000, 0x0000000083200000|  0%| F|  |TAMS 0x0000000083100000| PB 0x0000000083100000| Untracked 
|  20|0x0000000083200000, 0x0000000083200000, 0x0000000083300000|  0%| F|  |TAMS 0x0000000083200000| PB 0x0000000083200000| Untracked 
|  21|0x0000000083300000, 0x0000000083300000, 0x0000000083400000|  0%| F|  |TAMS 0x0000000083300000| PB 0x0000000083300000| Untracked 
|  22|0x0000000083400000, 0x0000000083400000, 0x0000000083500000|  0%| F|  |TAMS 0x0000000083400000| PB 0x0000000083400000| Untracked 
|  23|0x0000000083500000, 0x0000000083500000, 0x0000000083600000|  0%| F|  |TAMS 0x0000000083500000| PB 0x0000000083500000| Untracked 
|  24|0x0000000083600000, 0x0000000083600000, 0x0000000083700000|  0%| F|  |TAMS 0x0000000083600000| PB 0x0000000083600000| Untracked 
|  25|0x0000000083700000, 0x0000000083700000, 0x0000000083800000|  0%| F|  |TAMS 0x0000000083700000| PB 0x0000000083700000| Untracked 
|  26|0x0000000083800000, 0x0000000083800000, 0x0000000083900000|  0%| F|  |TAMS 0x0000000083800000| PB 0x0000000083800000| Untracked 
|  27|0x0000000083900000, 0x0000000083900000, 0x0000000083a00000|  0%| F|  |TAMS 0x0000000083900000| PB 0x0000000083900000| Untracked 
|  28|0x0000000083a00000, 0x0000000083a00000, 0x0000000083b00000|  0%| F|  |TAMS 0x0000000083a00000| PB 0x0000000083a00000| Untracked 
|  29|0x0000000083b00000, 0x0000000083b00000, 0x0000000083c00000|  0%| F|  |TAMS 0x0000000083b00000| PB 0x0000000083b00000| Untracked 
|  30|0x0000000083c00000, 0x0000000083c00000, 0x0000000083d00000|  0%| F|  |TAMS 0x0000000083c00000| PB 0x0000000083c00000| Untracked 
|  31|0x0000000083d00000, 0x0000000083d00000, 0x0000000083e00000|  0%| F|  |TAMS 0x0000000083d00000| PB 0x0000000083d00000| Untracked 
|  32|0x0000000083e00000, 0x0000000083e00000, 0x0000000083f00000|  0%| F|  |TAMS 0x0000000083e00000| PB 0x0000000083e00000| Untracked 
|  33|0x0000000083f00000, 0x0000000083f00000, 0x0000000084000000|  0%| F|  |TAMS 0x0000000083f00000| PB 0x0000000083f00000| Untracked 
|  34|0x0000000084000000, 0x0000000084000000, 0x0000000084100000|  0%| F|  |TAMS 0x0000000084000000| PB 0x0000000084000000| Untracked 
|  35|0x0000000084100000, 0x0000000084100000, 0x0000000084200000|  0%| F|  |TAMS 0x0000000084100000| PB 0x0000000084100000| Untracked 
|  36|0x0000000084200000, 0x0000000084200000, 0x0000000084300000|  0%| F|  |TAMS 0x0000000084200000| PB 0x0000000084200000| Untracked 
|  37|0x0000000084300000, 0x0000000084300000, 0x0000000084400000|  0%| F|  |TAMS 0x0000000084300000| PB 0x0000000084300000| Untracked 
|  38|0x0000000084400000, 0x0000000084400000, 0x0000000084500000|  0%| F|  |TAMS 0x0000000084400000| PB 0x0000000084400000| Untracked 
|  39|0x0000000084500000, 0x0000000084500000, 0x0000000084600000|  0%| F|  |TAMS 0x0000000084500000| PB 0x0000000084500000| Untracked 
|  40|0x0000000084600000, 0x0000000084600000, 0x0000000084700000|  0%| F|  |TAMS 0x0000000084600000| PB 0x0000000084600000| Untracked 
|  41|0x0000000084700000, 0x0000000084700000, 0x0000000084800000|  0%| F|  |TAMS 0x0000000084700000| PB 0x0000000084700000| Untracked 
|  42|0x0000000084800000, 0x0000000084800000, 0x0000000084900000|  0%| F|  |TAMS 0x0000000084800000| PB 0x0000000084800000| Untracked 
|  43|0x0000000084900000, 0x0000000084900000, 0x0000000084a00000|  0%| F|  |TAMS 0x0000000084900000| PB 0x0000000084900000| Untracked 
|  44|0x0000000084a00000, 0x0000000084a00000, 0x0000000084b00000|  0%| F|  |TAMS 0x0000000084a00000| PB 0x0000000084a00000| Untracked 
|  45|0x0000000084b00000, 0x0000000084b00000, 0x0000000084c00000|  0%| F|  |TAMS 0x0000000084b00000| PB 0x0000000084b00000| Untracked 
|  46|0x0000000084c00000, 0x0000000084c00000, 0x0000000084d00000|  0%| F|  |TAMS 0x0000000084c00000| PB 0x0000000084c00000| Untracked 
|  47|0x0000000084d00000, 0x0000000084d00000, 0x0000000084e00000|  0%| F|  |TAMS 0x0000000084d00000| PB 0x0000000084d00000| Untracked 
|  48|0x0000000084e00000, 0x0000000084e00000, 0x0000000084f00000|  0%| F|  |TAMS 0x0000000084e00000| PB 0x0000000084e00000| Untracked 
|  49|0x0000000084f00000, 0x0000000084f00000, 0x0000000085000000|  0%| F|  |TAMS 0x0000000084f00000| PB 0x0000000084f00000| Untracked 
|  50|0x0000000085000000, 0x0000000085000000, 0x0000000085100000|  0%| F|  |TAMS 0x0000000085000000| PB 0x0000000085000000| Untracked 
|  51|0x0000000085100000, 0x0000000085100000, 0x0000000085200000|  0%| F|  |TAMS 0x0000000085100000| PB 0x0000000085100000| Untracked 
|  52|0x0000000085200000, 0x0000000085200000, 0x0000000085300000|  0%| F|  |TAMS 0x0000000085200000| PB 0x0000000085200000| Untracked 
|  53|0x0000000085300000, 0x0000000085300000, 0x0000000085400000|  0%| F|  |TAMS 0x0000000085300000| PB 0x0000000085300000| Untracked 
|  54|0x0000000085400000, 0x0000000085400000, 0x0000000085500000|  0%| F|  |TAMS 0x0000000085400000| PB 0x0000000085400000| Untracked 
|  55|0x0000000085500000, 0x0000000085500000, 0x0000000085600000|  0%| F|  |TAMS 0x0000000085500000| PB 0x0000000085500000| Untracked 
|  56|0x0000000085600000, 0x0000000085600000, 0x0000000085700000|  0%| F|  |TAMS 0x0000000085600000| PB 0x0000000085600000| Untracked 
|  57|0x0000000085700000, 0x0000000085700000, 0x0000000085800000|  0%| F|  |TAMS 0x0000000085700000| PB 0x0000000085700000| Untracked 
|  58|0x0000000085800000, 0x0000000085800000, 0x0000000085900000|  0%| F|  |TAMS 0x0000000085800000| PB 0x0000000085800000| Untracked 
|  59|0x0000000085900000, 0x0000000085900000, 0x0000000085a00000|  0%| F|  |TAMS 0x0000000085900000| PB 0x0000000085900000| Untracked 
|  60|0x0000000085a00000, 0x0000000085a00000, 0x0000000085b00000|  0%| F|  |TAMS 0x0000000085a00000| PB 0x0000000085a00000| Untracked 
|  61|0x0000000085b00000, 0x0000000085b00000, 0x0000000085c00000|  0%| F|  |TAMS 0x0000000085b00000| PB 0x0000000085b00000| Untracked 
|  62|0x0000000085c00000, 0x0000000085c00000, 0x0000000085d00000|  0%| F|  |TAMS 0x0000000085c00000| PB 0x0000000085c00000| Untracked 
|  63|0x0000000085d00000, 0x0000000085d00000, 0x0000000085e00000|  0%| F|  |TAMS 0x0000000085d00000| PB 0x0000000085d00000| Untracked 
|  64|0x0000000085e00000, 0x0000000085e00000, 0x0000000085f00000|  0%| F|  |TAMS 0x0000000085e00000| PB 0x0000000085e00000| Untracked 
|  65|0x0000000085f00000, 0x0000000085f00000, 0x0000000086000000|  0%| F|  |TAMS 0x0000000085f00000| PB 0x0000000085f00000| Untracked 
|  66|0x0000000086000000, 0x0000000086000000, 0x0000000086100000|  0%| F|  |TAMS 0x0000000086000000| PB 0x0000000086000000| Untracked 
|  67|0x0000000086100000, 0x0000000086100000, 0x0000000086200000|  0%| F|  |TAMS 0x0000000086100000| PB 0x0000000086100000| Untracked 
|  68|0x0000000086200000, 0x0000000086200000, 0x0000000086300000|  0%| F|  |TAMS 0x0000000086200000| PB 0x0000000086200000| Untracked 
|  69|0x0000000086300000, 0x0000000086300000, 0x0000000086400000|  0%| F|  |TAMS 0x0000000086300000| PB 0x0000000086300000| Untracked 
|  70|0x0000000086400000, 0x0000000086400000, 0x0000000086500000|  0%| F|  |TAMS 0x0000000086400000| PB 0x0000000086400000| Untracked 
|  71|0x0000000086500000, 0x0000000086500000, 0x0000000086600000|  0%| F|  |TAMS 0x0000000086500000| PB 0x0000000086500000| Untracked 
|  72|0x0000000086600000, 0x0000000086600000, 0x0000000086700000|  0%| F|  |TAMS 0x0000000086600000| PB 0x0000000086600000| Untracked 
|  73|0x0000000086700000, 0x0000000086700000, 0x0000000086800000|  0%| F|  |TAMS 0x0000000086700000| PB 0x0000000086700000| Untracked 
|  74|0x0000000086800000, 0x0000000086800000, 0x0000000086900000|  0%| F|  |TAMS 0x0000000086800000| PB 0x0000000086800000| Untracked 
|  75|0x0000000086900000, 0x0000000086900000, 0x0000000086a00000|  0%| F|  |TAMS 0x0000000086900000| PB 0x0000000086900000| Untracked 
|  76|0x0000000086a00000, 0x0000000086a00000, 0x0000000086b00000|  0%| F|  |TAMS 0x0000000086a00000| PB 0x0000000086a00000| Untracked 
|  77|0x0000000086b00000, 0x0000000086b00000, 0x0000000086c00000|  0%| F|  |TAMS 0x0000000086b00000| PB 0x0000000086b00000| Untracked 
|  78|0x0000000086c00000, 0x0000000086c00000, 0x0000000086d00000|  0%| F|  |TAMS 0x0000000086c00000| PB 0x0000000086c00000| Untracked 
|  79|0x0000000086d00000, 0x0000000086d00000, 0x0000000086e00000|  0%| F|  |TAMS 0x0000000086d00000| PB 0x0000000086d00000| Untracked 
|  80|0x0000000086e00000, 0x0000000086e00000, 0x0000000086f00000|  0%| F|  |TAMS 0x0000000086e00000| PB 0x0000000086e00000| Untracked 
|  81|0x0000000086f00000, 0x0000000086f00000, 0x0000000087000000|  0%| F|  |TAMS 0x0000000086f00000| PB 0x0000000086f00000| Untracked 
|  82|0x0000000087000000, 0x0000000087000000, 0x0000000087100000|  0%| F|  |TAMS 0x0000000087000000| PB 0x0000000087000000| Untracked 
|  83|0x0000000087100000, 0x0000000087100000, 0x0000000087200000|  0%| F|  |TAMS 0x0000000087100000| PB 0x0000000087100000| Untracked 
|  84|0x0000000087200000, 0x0000000087200000, 0x0000000087300000|  0%| F|  |TAMS 0x0000000087200000| PB 0x0000000087200000| Untracked 
|  85|0x0000000087300000, 0x0000000087300000, 0x0000000087400000|  0%| F|  |TAMS 0x0000000087300000| PB 0x0000000087300000| Untracked 
|  86|0x0000000087400000, 0x0000000087400000, 0x0000000087500000|  0%| F|  |TAMS 0x0000000087400000| PB 0x0000000087400000| Untracked 
|  87|0x0000000087500000, 0x0000000087600000, 0x0000000087600000|100%| S|CS|TAMS 0x0000000087500000| PB 0x0000000087500000| Complete 
|  88|0x0000000087600000, 0x0000000087700000, 0x0000000087700000|100%| S|CS|TAMS 0x0000000087600000| PB 0x0000000087600000| Complete 
|  89|0x0000000087700000, 0x0000000087800000, 0x0000000087800000|100%| S|CS|TAMS 0x0000000087700000| PB 0x0000000087700000| Complete 
|  90|0x0000000087800000, 0x0000000087900000, 0x0000000087900000|100%| S|CS|TAMS 0x0000000087800000| PB 0x0000000087800000| Complete 
|  91|0x0000000087900000, 0x0000000087a00000, 0x0000000087a00000|100%| S|CS|TAMS 0x0000000087900000| PB 0x0000000087900000| Complete 
|  92|0x0000000087a00000, 0x0000000087a00000, 0x0000000087b00000|  0%| F|  |TAMS 0x0000000087a00000| PB 0x0000000087a00000| Untracked 
|  93|0x0000000087b00000, 0x0000000087b00000, 0x0000000087c00000|  0%| F|  |TAMS 0x0000000087b00000| PB 0x0000000087b00000| Untracked 
|  94|0x0000000087c00000, 0x0000000087c00000, 0x0000000087d00000|  0%| F|  |TAMS 0x0000000087c00000| PB 0x0000000087c00000| Untracked 
|  95|0x0000000087d00000, 0x0000000087d00000, 0x0000000087e00000|  0%| F|  |TAMS 0x0000000087d00000| PB 0x0000000087d00000| Untracked 
|  96|0x0000000087e00000, 0x0000000087e00000, 0x0000000087f00000|  0%| F|  |TAMS 0x0000000087e00000| PB 0x0000000087e00000| Untracked 
|  97|0x0000000087f00000, 0x0000000087f00000, 0x0000000088000000|  0%| F|  |TAMS 0x0000000087f00000| PB 0x0000000087f00000| Untracked 
|  98|0x0000000088000000, 0x0000000088000000, 0x0000000088100000|  0%| F|  |TAMS 0x0000000088000000| PB 0x0000000088000000| Untracked 
|  99|0x0000000088100000, 0x0000000088100000, 0x0000000088200000|  0%| F|  |TAMS 0x0000000088100000| PB 0x0000000088100000| Untracked 
| 100|0x0000000088200000, 0x0000000088200000, 0x0000000088300000|  0%| F|  |TAMS 0x0000000088200000| PB 0x0000000088200000| Untracked 
| 101|0x0000000088300000, 0x0000000088300000, 0x0000000088400000|  0%| F|  |TAMS 0x0000000088300000| PB 0x0000000088300000| Untracked 
| 102|0x0000000088400000, 0x0000000088400000, 0x0000000088500000|  0%| F|  |TAMS 0x0000000088400000| PB 0x0000000088400000| Untracked 
| 103|0x0000000088500000, 0x0000000088500000, 0x0000000088600000|  0%| F|  |TAMS 0x0000000088500000| PB 0x0000000088500000| Untracked 
| 104|0x0000000088600000, 0x0000000088600000, 0x0000000088700000|  0%| F|  |TAMS 0x0000000088600000| PB 0x0000000088600000| Untracked 
| 105|0x0000000088700000, 0x0000000088700000, 0x0000000088800000|  0%| F|  |TAMS 0x0000000088700000| PB 0x0000000088700000| Untracked 
| 106|0x0000000088800000, 0x0000000088800000, 0x0000000088900000|  0%| F|  |TAMS 0x0000000088800000| PB 0x0000000088800000| Untracked 
| 107|0x0000000088900000, 0x0000000088900000, 0x0000000088a00000|  0%| F|  |TAMS 0x0000000088900000| PB 0x0000000088900000| Untracked 
| 108|0x0000000088a00000, 0x0000000088a00000, 0x0000000088b00000|  0%| F|  |TAMS 0x0000000088a00000| PB 0x0000000088a00000| Untracked 
| 109|0x0000000088b00000, 0x0000000088b00000, 0x0000000088c00000|  0%| F|  |TAMS 0x0000000088b00000| PB 0x0000000088b00000| Untracked 
| 110|0x0000000088c00000, 0x0000000088c00000, 0x0000000088d00000|  0%| F|  |TAMS 0x0000000088c00000| PB 0x0000000088c00000| Untracked 
| 111|0x0000000088d00000, 0x0000000088d00000, 0x0000000088e00000|  0%| F|  |TAMS 0x0000000088d00000| PB 0x0000000088d00000| Untracked 
| 112|0x0000000088e00000, 0x0000000088e00000, 0x0000000088f00000|  0%| F|  |TAMS 0x0000000088e00000| PB 0x0000000088e00000| Untracked 
| 113|0x0000000088f00000, 0x0000000088f00000, 0x0000000089000000|  0%| F|  |TAMS 0x0000000088f00000| PB 0x0000000088f00000| Untracked 
| 114|0x0000000089000000, 0x0000000089000000, 0x0000000089100000|  0%| F|  |TAMS 0x0000000089000000| PB 0x0000000089000000| Untracked 
| 115|0x0000000089100000, 0x0000000089100000, 0x0000000089200000|  0%| F|  |TAMS 0x0000000089100000| PB 0x0000000089100000| Untracked 
| 116|0x0000000089200000, 0x0000000089200000, 0x0000000089300000|  0%| F|  |TAMS 0x0000000089200000| PB 0x0000000089200000| Untracked 
| 117|0x0000000089300000, 0x0000000089300000, 0x0000000089400000|  0%| F|  |TAMS 0x0000000089300000| PB 0x0000000089300000| Untracked 
| 118|0x0000000089400000, 0x0000000089400000, 0x0000000089500000|  0%| F|  |TAMS 0x0000000089400000| PB 0x0000000089400000| Untracked 
| 119|0x0000000089500000, 0x0000000089500000, 0x0000000089600000|  0%| F|  |TAMS 0x0000000089500000| PB 0x0000000089500000| Untracked 
| 120|0x0000000089600000, 0x0000000089600000, 0x0000000089700000|  0%| F|  |TAMS 0x0000000089600000| PB 0x0000000089600000| Untracked 
| 121|0x0000000089700000, 0x0000000089700000, 0x0000000089800000|  0%| F|  |TAMS 0x0000000089700000| PB 0x0000000089700000| Untracked 
| 122|0x0000000089800000, 0x0000000089800000, 0x0000000089900000|  0%| F|  |TAMS 0x0000000089800000| PB 0x0000000089800000| Untracked 
| 123|0x0000000089900000, 0x0000000089900000, 0x0000000089a00000|  0%| F|  |TAMS 0x0000000089900000| PB 0x0000000089900000| Untracked 
| 124|0x0000000089a00000, 0x0000000089a00000, 0x0000000089b00000|  0%| F|  |TAMS 0x0000000089a00000| PB 0x0000000089a00000| Untracked 
| 125|0x0000000089b00000, 0x0000000089b428c0, 0x0000000089c00000| 25%| E|  |TAMS 0x0000000089b00000| PB 0x0000000089b00000| Complete 
| 126|0x0000000089c00000, 0x0000000089d00000, 0x0000000089d00000|100%| E|  |TAMS 0x0000000089c00000| PB 0x0000000089c00000| Complete 
| 127|0x0000000089d00000, 0x0000000089e00000, 0x0000000089e00000|100%| E|CS|TAMS 0x0000000089d00000| PB 0x0000000089d00000| Complete 

Card table byte_map: [0x000001b3d0230000,0x000001b3d0630000] _byte_map_base: 0x000001b3cfe21000

Marking Bits: (CMBitMap*) 0x000001b3b8a8a830
 Bits: [0x000001b3d0a30000, 0x000001b3d29b8000)

Polling page: 0x000001b3b81f0000

Metaspace:

Usage:
  Non-class:     17.10 MB used.
      Class:      2.42 MB used.
       Both:     19.52 MB used.

Virtual space:
  Non-class space:       64.00 MB reserved,      17.31 MB ( 27%) committed,  1 nodes.
      Class space:        1.00 GB reserved,       2.56 MB ( <1%) committed,  1 nodes.
             Both:        1.06 GB reserved,      19.88 MB (  2%) committed. 

Chunk freelists:
   Non-Class:  2.62 MB
       Class:  1.42 MB
        Both:  4.04 MB

MaxMetaspaceSize: unlimited
CompressedClassSpaceSize: 1.00 GB
Initial GC threshold: 21.00 MB
Current GC threshold: 21.00 MB
CDS: on
MetaspaceReclaimPolicy: balanced
 - commit_granule_bytes: 65536.
 - commit_granule_words: 8192.
 - virtual_space_node_default_size: 8388608.
 - enlarge_chunks_in_place: 1.
 - new_chunks_are_fully_committed: 0.
 - uncommit_free_chunks: 1.
 - use_allocation_guard: 0.


Internal statistics:

num_allocs_failed_limit: 0.
num_arena_births: 316.
num_arena_deaths: 0.
num_vsnodes_births: 2.
num_vsnodes_deaths: 0.
num_space_committed: 318.
num_space_uncommitted: 0.
num_chunks_returned_to_freelist: 0.
num_chunks_taken_from_freelist: 841.
num_chunk_merges: 0.
num_chunk_splits: 586.
num_chunks_enlarged: 446.
num_inconsistent_stats: 0.

CodeHeap 'non-profiled nmethods': size=120000Kb used=833Kb max_used=833Kb free=119166Kb
 bounds [0x000001b3c85d0000, 0x000001b3c8840000, 0x000001b3cfb00000]
CodeHeap 'profiled nmethods': size=120000Kb used=3695Kb max_used=3695Kb free=116304Kb
 bounds [0x000001b3c0b00000, 0x000001b3c0ea0000, 0x000001b3c8030000]
CodeHeap 'non-nmethods': size=5760Kb used=1978Kb max_used=2025Kb free=3781Kb
 bounds [0x000001b3c8030000, 0x000001b3c82a0000, 0x000001b3c85d0000]
 total_blobs=3083 nmethods=2168 adapters=826
 compilation: enabled
              stopped_count=0, restarted_count=0
 full_count=0

Compilation events (20 events):
Event: 4.085 Thread 0x000001b3d5400ed0 2159       3       jdk.internal.org.objectweb.asm.SymbolTable::<init> (41 bytes)
Event: 4.085 Thread 0x000001b3d5400ed0 nmethod 2159 0x000001b3c0e97a90 code [0x000001b3c0e97c40, 0x000001b3c0e981b0]
Event: 4.085 Thread 0x000001b3d5400ed0 2160       3       java.util.regex.ASCII::isType (15 bytes)
Event: 4.086 Thread 0x000001b3d5400ed0 nmethod 2160 0x000001b3c0e98310 code [0x000001b3c0e984a0, 0x000001b3c0e986d0]
Event: 4.086 Thread 0x000001b3d5400ed0 2162       3       java.util.regex.Matcher::search (154 bytes)
Event: 4.086 Thread 0x000001b3d5400ed0 nmethod 2162 0x000001b3c0e98810 code [0x000001b3c0e98a00, 0x000001b3c0e98fb0]
Event: 4.086 Thread 0x000001b3d5400ed0 2163       3       java.util.regex.Pattern$BmpCharProperty::match (55 bytes)
Event: 4.086 Thread 0x000001b3d5400ed0 nmethod 2163 0x000001b3c0e99210 code [0x000001b3c0e993e0, 0x000001b3c0e99880]
Event: 4.086 Thread 0x000001b3d5400ed0 2161       3       java.util.regex.ASCII::getType (17 bytes)
Event: 4.087 Thread 0x000001b3d5400ed0 nmethod 2161 0x000001b3c0e99a10 code [0x000001b3c0e99ba0, 0x000001b3c0e99d40]
Event: 4.087 Thread 0x000001b3d5400ed0 2164       3       java.util.regex.CharPredicates$$Lambda$19/0x800000027::is (5 bytes)
Event: 4.087 Thread 0x000001b3d5400ed0 nmethod 2164 0x000001b3c0e99e10 code [0x000001b3c0e99fc0, 0x000001b3c0e9a3d0]
Event: 4.087 Thread 0x000001b3d5400ed0 2165       3       java.util.regex.CharPredicates::lambda$ASCII_SPACE$20 (20 bytes)
Event: 4.087 Thread 0x000001b3d5400ed0 nmethod 2165 0x000001b3c0e9a510 code [0x000001b3c0e9a6c0, 0x000001b3c0e9aa48]
Event: 4.087 Thread 0x000001b3d5400ed0 2166       3       java.util.regex.ASCII::isSpace (8 bytes)
Event: 4.088 Thread 0x000001b3d5400ed0 nmethod 2166 0x000001b3c0e9ab90 code [0x000001b3c0e9ad20, 0x000001b3c0e9afb0]
Event: 4.088 Thread 0x000001b3d5400ed0 2167       3       java.lang.invoke.BoundMethodHandle::bindArgumentL (11 bytes)
Event: 4.088 Thread 0x000001b3d5400ed0 nmethod 2167 0x000001b3c0e9b110 code [0x000001b3c0e9b2e0, 0x000001b3c0e9b7d0]
Event: 4.088 Thread 0x000001b3d5400ed0 2168       3       java.lang.invoke.LambdaFormEditor::bindArgumentL (59 bytes)
Event: 4.088 Thread 0x000001b3d5400ed0 nmethod 2168 0x000001b3c0e9ba10 code [0x000001b3c0e9bbc0, 0x000001b3c0e9be68]

GC Heap History (4 events):
Event: 0.478 GC heap before
{Heap before GC invocations=0 (full 0):
 garbage-first heap   total 131072K, used 22528K [0x0000000081e00000, 0x0000000100000000)
  region size 1024K, 23 young (23552K), 0 survivors (0K)
 Metaspace       used 6176K, committed 6464K, reserved 1114112K
  class space    used 764K, committed 896K, reserved 1048576K
}
Event: 0.481 GC heap after
{Heap after GC invocations=1 (full 0):
 garbage-first heap   total 131072K, used 3407K [0x0000000081e00000, 0x0000000100000000)
  region size 1024K, 3 young (3072K), 3 survivors (3072K)
 Metaspace       used 6176K, committed 6464K, reserved 1114112K
  class space    used 764K, committed 896K, reserved 1048576K
}
Event: 4.040 GC heap before
{Heap before GC invocations=1 (full 0):
 garbage-first heap   total 131072K, used 42319K [0x0000000081e00000, 0x0000000100000000)
  region size 1024K, 36 young (36864K), 3 survivors (3072K)
 Metaspace       used 19626K, committed 19904K, reserved 1114112K
  class space    used 2437K, committed 2560K, reserved 1048576K
}
Event: 4.046 GC heap after
{Heap after GC invocations=2 (full 0):
 garbage-first heap   total 131072K, used 12997K [0x0000000081e00000, 0x0000000100000000)
  region size 1024K, 5 young (5120K), 5 survivors (5120K)
 Metaspace       used 19626K, committed 19904K, reserved 1114112K
  class space    used 2437K, committed 2560K, reserved 1048576K
}

Dll operation events (20 events):
Event: 0.243 Loaded shared library C:\Program Files\Java\javafx-sdk-20.0.2\bin\api-ms-win-crt-process-l1-1-0.dll
Event: 0.244 Loaded shared library C:\Program Files\Java\javafx-sdk-20.0.2\bin\api-ms-win-crt-runtime-l1-1-0.dll
Event: 0.245 Loaded shared library C:\Program Files\Java\javafx-sdk-20.0.2\bin\api-ms-win-crt-stdio-l1-1-0.dll
Event: 0.247 Loaded shared library C:\Program Files\Java\javafx-sdk-20.0.2\bin\api-ms-win-crt-string-l1-1-0.dll
Event: 0.248 Loaded shared library C:\Program Files\Java\javafx-sdk-20.0.2\bin\api-ms-win-crt-time-l1-1-0.dll
Event: 0.249 Loaded shared library C:\Program Files\Java\javafx-sdk-20.0.2\bin\api-ms-win-crt-utility-l1-1-0.dll
Event: 0.250 Loaded shared library C:\Program Files\Java\javafx-sdk-20.0.2\bin\ucrtbase.dll
Event: 0.251 Loaded shared library C:\Program Files\Java\javafx-sdk-20.0.2\bin\vcruntime140.dll
Event: 0.252 Loaded shared library C:\Program Files\Java\javafx-sdk-20.0.2\bin\vcruntime140_1.dll
Event: 0.253 Loaded shared library C:\Program Files\Java\javafx-sdk-20.0.2\bin\msvcp140.dll
Event: 0.254 Loaded shared library C:\Program Files\Java\javafx-sdk-20.0.2\bin\msvcp140_1.dll
Event: 0.255 Loaded shared library C:\Program Files\Java\javafx-sdk-20.0.2\bin\msvcp140_2.dll
Event: 0.285 Loaded shared library C:\Program Files\Java\javafx-sdk-20.0.2\bin\prism_d3d.dll
Event: 0.312 Loaded shared library C:\Program Files\Java\javafx-sdk-20.0.2\bin\glass.dll
Event: 0.388 Loaded shared library C:\Program Files\Java\jdk-20\bin\jimage.dll
Event: 0.498 Loaded shared library C:\Program Files\Java\javafx-sdk-20.0.2\bin\javafx_font.dll
Event: 1.976 Loaded shared library C:\Windows\System32\dpuareu_jni.dll
Event: 1.993 Loaded shared library C:\Program Files\Java\javafx-sdk-20.0.2\bin\javafx_iio.dll
Event: 3.756 Loaded shared library C:\Program Files\Java\jdk-20\bin\awt.dll
Event: 3.924 Loaded shared library C:\Program Files\Java\jdk-20\bin\extnet.dll

Deoptimization events (20 events):
Event: 4.085 Thread 0x000001b41b71ac50 Uncommon trap: trap_request=0xffffff45 fr.pc=0x000001b3c8698214 relative=0x00000000000006b4
Event: 4.085 Thread 0x000001b41b71ac50 Uncommon trap: reason=unstable_if action=reinterpret pc=0x000001b3c8698214 method=java.util.regex.Matcher.search(I)Z @ 30 c2
Event: 4.085 Thread 0x000001b41b71ac50 DEOPT PACKING pc=0x000001b3c8698214 sp=0x00000013c88fe390
Event: 4.085 Thread 0x000001b41b71ac50 DEOPT UNPACKING pc=0x000001b3c8099d22 sp=0x00000013c88fe370 mode 2
Event: 4.085 Thread 0x000001b41b71ac50 Uncommon trap: trap_request=0xffffffde fr.pc=0x000001b3c8696380 relative=0x00000000000002c0
Event: 4.085 Thread 0x000001b41b71ac50 Uncommon trap: reason=class_check action=maybe_recompile pc=0x000001b3c8696380 method=java.util.regex.Pattern$BmpCharPropertyGreedy.match(Ljava/util/regex/Matcher;ILjava/lang/CharSequence;)Z @ 26 c2
Event: 4.085 Thread 0x000001b41b71ac50 DEOPT PACKING pc=0x000001b3c8696380 sp=0x00000013c88fe2d0
Event: 4.085 Thread 0x000001b41b71ac50 DEOPT UNPACKING pc=0x000001b3c8099d22 sp=0x00000013c88fe268 mode 2
Event: 4.085 Thread 0x000001b41b71ac50 Uncommon trap: trap_request=0xffffffde fr.pc=0x000001b3c8696380 relative=0x00000000000002c0
Event: 4.085 Thread 0x000001b41b71ac50 Uncommon trap: reason=class_check action=maybe_recompile pc=0x000001b3c8696380 method=java.util.regex.Pattern$BmpCharPropertyGreedy.match(Ljava/util/regex/Matcher;ILjava/lang/CharSequence;)Z @ 26 c2
Event: 4.085 Thread 0x000001b41b71ac50 DEOPT PACKING pc=0x000001b3c8696380 sp=0x00000013c88fe2d0
Event: 4.085 Thread 0x000001b41b71ac50 DEOPT UNPACKING pc=0x000001b3c8099d22 sp=0x00000013c88fe268 mode 2
Event: 4.085 Thread 0x000001b41b71ac50 Uncommon trap: trap_request=0xffffffde fr.pc=0x000001b3c8696380 relative=0x00000000000002c0
Event: 4.085 Thread 0x000001b41b71ac50 Uncommon trap: reason=class_check action=maybe_recompile pc=0x000001b3c8696380 method=java.util.regex.Pattern$BmpCharPropertyGreedy.match(Ljava/util/regex/Matcher;ILjava/lang/CharSequence;)Z @ 26 c2
Event: 4.085 Thread 0x000001b41b71ac50 DEOPT PACKING pc=0x000001b3c8696380 sp=0x00000013c88fe2d0
Event: 4.085 Thread 0x000001b41b71ac50 DEOPT UNPACKING pc=0x000001b3c8099d22 sp=0x00000013c88fe268 mode 2
Event: 4.085 Thread 0x000001b41b71ac50 Uncommon trap: trap_request=0xffffffde fr.pc=0x000001b3c8696380 relative=0x00000000000002c0
Event: 4.085 Thread 0x000001b41b71ac50 Uncommon trap: reason=class_check action=maybe_recompile pc=0x000001b3c8696380 method=java.util.regex.Pattern$BmpCharPropertyGreedy.match(Ljava/util/regex/Matcher;ILjava/lang/CharSequence;)Z @ 26 c2
Event: 4.085 Thread 0x000001b41b71ac50 DEOPT PACKING pc=0x000001b3c8696380 sp=0x00000013c88fe2d0
Event: 4.085 Thread 0x000001b41b71ac50 DEOPT UNPACKING pc=0x000001b3c8099d22 sp=0x00000013c88fe268 mode 2

Classes loaded (20 events):
Event: 4.025 Loading class sun/nio/cs/UTF_8$Encoder
Event: 4.026 Loading class sun/nio/cs/UTF_8$Encoder done
Event: 4.036 Loading class java/util/TimerTask
Event: 4.036 Loading class java/util/TimerTask done
Event: 4.082 Loading class java/time/format/DateTimeParseException
Event: 4.082 Loading class java/time/DateTimeException
Event: 4.082 Loading class java/time/DateTimeException done
Event: 4.082 Loading class java/time/format/DateTimeParseException done
Event: 4.084 Loading class java/security/InvalidKeyException
Event: 4.084 Loading class java/security/KeyException
Event: 4.084 Loading class java/security/KeyException done
Event: 4.084 Loading class java/security/InvalidKeyException done
Event: 4.084 Loading class javax/net/ssl/SSLSocket
Event: 4.084 Loading class javax/net/ssl/SSLSocket done
Event: 4.084 Loading class javax/crypto/NoSuchPaddingException
Event: 4.084 Loading class javax/crypto/NoSuchPaddingException done
Event: 4.084 Loading class javax/crypto/IllegalBlockSizeException
Event: 4.084 Loading class javax/crypto/IllegalBlockSizeException done
Event: 4.084 Loading class java/security/spec/InvalidKeySpecException
Event: 4.084 Loading class java/security/spec/InvalidKeySpecException done

Classes unloaded (0 events):
No events

Classes redefined (0 events):
No events

Internal exceptions (20 events):
Event: 0.637 Thread 0x000001b41b27edf0 Implicit null exception at 0x000001b3c8628e20 to 0x000001b3c86290b0
Event: 0.638 Thread 0x000001b41b27edf0 Implicit null exception at 0x000001b3c85f3ba0 to 0x000001b3c85f3c1d
Event: 0.685 Thread 0x000001b41b27edf0 Implicit null exception at 0x000001b3c862ca12 to 0x000001b3c862d0c0
Event: 0.720 Thread 0x000001b41b27edf0 Exception <a 'java/lang/NoSuchMethodError'{0x00000000890ecde0}: 'java.lang.Object java.lang.invoke.DirectMethodHandle$Holder.invokeInterface(java.lang.Object, java.lang.Object, java.lang.Object)'> (0x00000000890ecde0) 
thrown [s\open\src\hotspot\share\interpreter\linkResolver.cpp, line 773]
Event: 0.721 Thread 0x000001b41b27edf0 Exception <a 'java/lang/IncompatibleClassChangeError'{0x00000000890f06d8}: Found class java.lang.Object, but interface was expected> (0x00000000890f06d8) 
thrown [s\open\src\hotspot\share\interpreter\linkResolver.cpp, line 840]
Event: 0.756 Thread 0x000001b41b27edf0 Exception <a 'java/lang/NoSuchMethodError'{0x0000000088e419c0}: 'int java.lang.invoke.DirectMethodHandle$Holder.invokeSpecial(java.lang.Object, java.lang.Object, int)'> (0x0000000088e419c0) 
thrown [s\open\src\hotspot\share\interpreter\linkResolver.cpp, line 773]
Event: 0.769 Thread 0x000001b41b27edf0 Exception <a 'java/lang/NoSuchMethodError'{0x0000000088ed0620}: 'java.lang.Object java.lang.invoke.DirectMethodHandle$Holder.newInvokeSpecial(java.lang.Object, java.lang.Object, int)'> (0x0000000088ed0620) 
thrown [s\open\src\hotspot\share\interpreter\linkResolver.cpp, line 773]
Event: 0.804 Thread 0x000001b41b5a1700 Exception <a 'java/lang/NoSuchMethodError'{0x0000000088d5e858}: 'int java.lang.invoke.DirectMethodHandle$Holder.invokeStaticInit(java.lang.Object, java.lang.Object)'> (0x0000000088d5e858) 
thrown [s\open\src\hotspot\share\interpreter\linkResolver.cpp, line 773]
Event: 0.822 Thread 0x000001b41b5a1700 Exception <a 'java/lang/NoSuchMethodError'{0x0000000088c3fb00}: 'java.lang.Object java.lang.invoke.Invokers$Holder.invokeExact_MT(java.lang.Object, java.lang.Object, java.lang.Object, java.lang.Object, java.lang.Object)'> (0x0000000088c3fb00) 
thrown [s\open\src\hotspot\share\interpreter\linkResolver.cpp, line 773]
Event: 1.802 Thread 0x000001b41b27edf0 Exception <a 'java/lang/NoSuchMethodError'{0x00000000889e3340}: 'long java.lang.invoke.DirectMethodHandle$Holder.invokeStatic(java.lang.Object, java.lang.Object, java.lang.Object)'> (0x00000000889e3340) 
thrown [s\open\src\hotspot\share\interpreter\linkResolver.cpp, line 773]
Event: 1.802 Thread 0x000001b41b27edf0 Exception <a 'java/lang/NoSuchMethodError'{0x00000000889e6710}: 'long java.lang.invoke.DirectMethodHandle$Holder.invokeStaticInit(java.lang.Object, java.lang.Object, java.lang.Object)'> (0x00000000889e6710) 
thrown [s\open\src\hotspot\share\interpreter\linkResolver.cpp, line 773]
Event: 1.804 Thread 0x000001b41b27edf0 Exception <a 'java/lang/NoSuchMethodError'{0x00000000889fe768}: 'java.lang.Object java.lang.invoke.DirectMethodHandle$Holder.newInvokeSpecial(java.lang.Object, java.lang.Object, long)'> (0x00000000889fe768) 
thrown [s\open\src\hotspot\share\interpreter\linkResolver.cpp, line 773]
Event: 1.804 Thread 0x000001b41b27edf0 Exception <a 'java/lang/NoSuchMethodError'{0x0000000088802650}: 'java.lang.Object java.lang.invoke.Invokers$Holder.linkToTargetMethod(java.lang.Object, long, java.lang.Object)'> (0x0000000088802650) 
thrown [s\open\src\hotspot\share\interpreter\linkResolver.cpp, line 773]
Event: 1.934 Thread 0x000001b41b27edf0 Exception <a 'java/lang/NoSuchMethodError'{0x00000000888a6490}: 'void java.lang.invoke.DirectMethodHandle$Holder.invokeVirtual(java.lang.Object, java.lang.Object)'> (0x00000000888a6490) 
thrown [s\open\src\hotspot\share\interpreter\linkResolver.cpp, line 773]
Event: 3.761 Thread 0x000001b41b71b1a0 Exception <a 'java/lang/ClassNotFoundException'{0x000000008822b8b8}: sun/awt/resources/spi/awtProvider> (0x000000008822b8b8) 
thrown [s\open\src\hotspot\share\classfile\systemDictionary.cpp, line 305]
Event: 3.762 Thread 0x000001b41b71b1a0 Exception <a 'java/io/FileNotFoundException'{0x000000008822fab8}> (0x000000008822fab8) 
thrown [s\open\src\hotspot\share\prims\jni.cpp, line 519]
Event: 3.762 Thread 0x000001b41b71b1a0 Exception <a 'java/io/FileNotFoundException'{0x0000000088230d78}> (0x0000000088230d78) 
thrown [s\open\src\hotspot\share\prims\jni.cpp, line 519]
Event: 3.840 Thread 0x000001b41b71ac50 Exception <a 'java/lang/NoSuchMethodError'{0x000000008800ab40}: 'java.lang.Object java.lang.invoke.DirectMethodHandle$Holder.invokeInterface(java.lang.Object, java.lang.Object)'> (0x000000008800ab40) 
thrown [s\open\src\hotspot\share\interpreter\linkResolver.cpp, line 773]
Event: 3.855 Thread 0x000001b41b71ac50 Exception <a 'java/lang/NoSuchMethodError'{0x000000008807f768}: 'java.lang.Object java.lang.invoke.DirectMethodHandle$Holder.invokeVirtual(java.lang.Object, java.lang.Object, java.lang.Object)'> (0x000000008807f768) 
thrown [s\open\src\hotspot\share\interpreter\linkResolver.cpp, line 773]
Event: 4.088 Thread 0x000001b41b71ac50 Exception <a 'java/lang/NoSuchMethodError'{0x0000000089b34d00}: 'void java.lang.invoke.DirectMethodHandle$Holder.invokeInterface(java.lang.Object, java.lang.Object)'> (0x0000000089b34d00) 
thrown [s\open\src\hotspot\share\interpreter\linkResolver.cpp, line 773]

VM Operations (20 events):
Event: 2.931 Executing VM operation: Cleanup
Event: 2.931 Executing VM operation: Cleanup done
Event: 3.783 Executing VM operation: HandshakeAllThreads
Event: 3.783 Executing VM operation: HandshakeAllThreads done
Event: 3.828 Executing VM operation: HandshakeAllThreads
Event: 3.828 Executing VM operation: HandshakeAllThreads done
Event: 3.828 Executing VM operation: HandshakeAllThreads
Event: 3.828 Executing VM operation: HandshakeAllThreads done
Event: 3.840 Executing VM operation: HandshakeAllThreads
Event: 3.840 Executing VM operation: HandshakeAllThreads done
Event: 3.852 Executing VM operation: HandshakeAllThreads
Event: 3.852 Executing VM operation: HandshakeAllThreads done
Event: 3.914 Executing VM operation: HandshakeAllThreads
Event: 3.914 Executing VM operation: HandshakeAllThreads done
Event: 3.973 Executing VM operation: HandshakeAllThreads
Event: 3.973 Executing VM operation: HandshakeAllThreads done
Event: 3.973 Executing VM operation: Cleanup
Event: 3.974 Executing VM operation: Cleanup done
Event: 4.040 Executing VM operation: G1CollectForAllocation
Event: 4.046 Executing VM operation: G1CollectForAllocation done

Events (20 events):
Event: 0.052 Thread 0x000001b41a8976f0 Thread added: 0x000001b41a8976f0
Event: 0.092 Thread 0x000001b41a999290 Thread added: 0x000001b41a999290
Event: 0.092 Thread 0x000001b41a999820 Thread added: 0x000001b41a999820
Event: 0.132 Thread 0x000001b41af39100 Thread added: 0x000001b41af39100
Event: 0.280 Thread 0x000001b41b5a1700 Thread added: 0x000001b41b5a1700
Event: 0.314 Thread 0x000001b41b259d40 Thread added: 0x000001b41b259d40
Event: 0.317 Thread 0x000001b41b27edf0 Thread added: 0x000001b41b27edf0
Event: 0.366 Thread 0x000001b41b3f68c0 Thread added: 0x000001b41b3f68c0
Event: 0.372 Thread 0x000001b41a999820 Thread exited: 0x000001b41a999820
Event: 0.378 Thread 0x000001b41b3bead0 Thread added: 0x000001b41b3bead0
Event: 0.714 Thread 0x000001b41b6d7700 Thread added: 0x000001b41b6d7700
Event: 0.849 Thread 0x000001b41b71a700 Thread added: 0x000001b41b71a700
Event: 1.388 Thread 0x000001b41a999290 Thread exited: 0x000001b41a999290
Event: 2.007 Thread 0x000001b41b71ac50 Thread added: 0x000001b41b71ac50
Event: 2.018 Thread 0x000001b41b71b1a0 Thread added: 0x000001b41b71b1a0
Event: 3.781 Thread 0x000001b41b71a1b0 Thread added: 0x000001b41b71a1b0
Event: 3.799 Thread 0x000001b41b71b1a0 Thread exited: 0x000001b41b71b1a0
Event: 3.825 Thread 0x000001b41b719c60 Thread added: 0x000001b41b719c60
Event: 3.846 Thread 0x000001b41b93ea80 Thread added: 0x000001b41b93ea80
Event: 3.985 Thread 0x000001b41bb51880 Thread added: 0x000001b41bb51880


Dynamic libraries:
0x00007ff6e8810000 - 0x00007ff6e8820000 	C:\Program Files\Java\jdk-20\bin\java.exe
0x00007ffff6b10000 - 0x00007ffff6d27000 	C:\WINDOWS\SYSTEM32\ntdll.dll
0x00007ffff49f0000 - 0x00007ffff4ab4000 	C:\WINDOWS\System32\KERNEL32.DLL
0x00007ffff4220000 - 0x00007ffff45c7000 	C:\WINDOWS\System32\KERNELBASE.dll
0x00007ffff4060000 - 0x00007ffff4171000 	C:\WINDOWS\System32\ucrtbase.dll
0x00007fffd0de0000 - 0x00007fffd0df9000 	C:\Program Files\Java\jdk-20\bin\jli.dll
0x00007fffd0870000 - 0x00007fffd088b000 	C:\Program Files\Java\jdk-20\bin\VCRUNTIME140.dll
0x00007ffff5fb0000 - 0x00007ffff6060000 	C:\WINDOWS\System32\ADVAPI32.dll
0x00007ffff6270000 - 0x00007ffff6317000 	C:\WINDOWS\System32\msvcrt.dll
0x00007ffff61c0000 - 0x00007ffff6266000 	C:\WINDOWS\System32\sechost.dll
0x00007ffff6750000 - 0x00007ffff6867000 	C:\WINDOWS\System32\RPCRT4.dll
0x00007ffff6570000 - 0x00007ffff671e000 	C:\WINDOWS\System32\USER32.dll
0x00007ffff3fb0000 - 0x00007ffff3fd6000 	C:\WINDOWS\System32\win32u.dll
0x00007ffff6720000 - 0x00007ffff6749000 	C:\WINDOWS\System32\GDI32.dll
0x00007ffff3e90000 - 0x00007ffff3fa9000 	C:\WINDOWS\System32\gdi32full.dll
0x00007ffff4180000 - 0x00007ffff421a000 	C:\WINDOWS\System32\msvcp_win.dll
0x00007ffff3050000 - 0x00007ffff32e3000 	C:\WINDOWS\WinSxS\amd64_microsoft.windows.common-controls_6595b64144ccf1df_6.0.22621.2506_none_270c5ae97388e100\COMCTL32.dll
0x00007fffedd00000 - 0x00007fffedd0a000 	C:\WINDOWS\SYSTEM32\VERSION.dll
0x00007ffff5af0000 - 0x00007ffff5b21000 	C:\WINDOWS\System32\IMM32.DLL
0x00007fffe4910000 - 0x00007fffe491c000 	C:\Program Files\Java\jdk-20\bin\vcruntime140_1.dll
0x00007fffcf880000 - 0x00007fffcf90e000 	C:\Program Files\Java\jdk-20\bin\msvcp140.dll
0x00007fffb20c0000 - 0x00007fffb2d58000 	C:\Program Files\Java\jdk-20\bin\server\jvm.dll
0x00007fffec240000 - 0x00007fffec274000 	C:\WINDOWS\SYSTEM32\WINMM.dll
0x00007fffdd960000 - 0x00007fffdd969000 	C:\WINDOWS\SYSTEM32\WSOCK32.dll
0x00007ffff64f0000 - 0x00007ffff6561000 	C:\WINDOWS\System32\WS2_32.dll
0x00007ffff25d0000 - 0x00007ffff25e8000 	C:\WINDOWS\SYSTEM32\kernel.appcore.dll
0x00007fffe3320000 - 0x00007fffe332a000 	C:\Program Files\Java\jdk-20\bin\jimage.dll
0x00007ffff3710000 - 0x00007ffff3943000 	C:\WINDOWS\SYSTEM32\DBGHELP.DLL
0x00007ffff5380000 - 0x00007ffff5709000 	C:\WINDOWS\System32\combase.dll
0x00007ffff6410000 - 0x00007ffff64e7000 	C:\WINDOWS\System32\OLEAUT32.dll
0x00007ffff35d0000 - 0x00007ffff3602000 	C:\WINDOWS\SYSTEM32\dbgcore.DLL
0x00007ffff3fe0000 - 0x00007ffff405a000 	C:\WINDOWS\System32\bcryptPrimitives.dll
0x00007fffcf7e0000 - 0x00007fffcf806000 	C:\Program Files\Java\jdk-20\bin\java.dll
0x00007fffb1fe0000 - 0x00007fffb20b7000 	C:\Program Files\Java\jdk-20\bin\jsvml.dll
0x00007ffff4b20000 - 0x00007ffff5379000 	C:\WINDOWS\System32\SHELL32.dll
0x00007ffff1500000 - 0x00007ffff1df4000 	C:\WINDOWS\SYSTEM32\windows.storage.dll
0x00007ffff13a0000 - 0x00007ffff14de000 	C:\WINDOWS\SYSTEM32\wintypes.dll
0x00007ffff69d0000 - 0x00007ffff6ac3000 	C:\WINDOWS\System32\SHCORE.dll
0x00007ffff4ac0000 - 0x00007ffff4b1e000 	C:\WINDOWS\System32\shlwapi.dll
0x00007ffff3dc0000 - 0x00007ffff3de6000 	C:\WINDOWS\SYSTEM32\profapi.dll
0x00007fffcfea0000 - 0x00007fffcfeb3000 	C:\Program Files\Java\jdk-20\bin\net.dll
0x00007fffec8b0000 - 0x00007fffec9e7000 	C:\WINDOWS\SYSTEM32\WINHTTP.dll
0x00007ffff2bf0000 - 0x00007ffff2c59000 	C:\WINDOWS\system32\mswsock.dll
0x00007fffcf860000 - 0x00007fffcf876000 	C:\Program Files\Java\jdk-20\bin\nio.dll
0x00007fffcec00000 - 0x00007fffcec18000 	C:\Program Files\Java\jdk-20\bin\zip.dll
0x000001b3d5540000 - 0x000001b3d5543000 	C:\Program Files\Java\javafx-sdk-20.0.2\bin\api-ms-win-core-console-l1-1-0.dll
0x000001b3d5550000 - 0x000001b3d5553000 	C:\Program Files\Java\javafx-sdk-20.0.2\bin\api-ms-win-core-console-l1-2-0.dll
0x000001b3d5560000 - 0x000001b3d5563000 	C:\Program Files\Java\javafx-sdk-20.0.2\bin\api-ms-win-core-datetime-l1-1-0.dll
0x000001b3d5570000 - 0x000001b3d5573000 	C:\Program Files\Java\javafx-sdk-20.0.2\bin\api-ms-win-core-debug-l1-1-0.dll
0x000001b3d5580000 - 0x000001b3d5583000 	C:\Program Files\Java\javafx-sdk-20.0.2\bin\api-ms-win-core-errorhandling-l1-1-0.dll
0x000001b3d5590000 - 0x000001b3d5594000 	C:\Program Files\Java\javafx-sdk-20.0.2\bin\api-ms-win-core-file-l1-1-0.dll
0x000001b3d55a0000 - 0x000001b3d55a3000 	C:\Program Files\Java\javafx-sdk-20.0.2\bin\api-ms-win-core-file-l1-2-0.dll
0x000001b3d55b0000 - 0x000001b3d55b3000 	C:\Program Files\Java\javafx-sdk-20.0.2\bin\api-ms-win-core-file-l2-1-0.dll
0x000001b3d55c0000 - 0x000001b3d55c3000 	C:\Program Files\Java\javafx-sdk-20.0.2\bin\api-ms-win-core-handle-l1-1-0.dll
0x000001b3d55d0000 - 0x000001b3d55d3000 	C:\Program Files\Java\javafx-sdk-20.0.2\bin\api-ms-win-core-heap-l1-1-0.dll
0x000001b3d55e0000 - 0x000001b3d55e3000 	C:\Program Files\Java\javafx-sdk-20.0.2\bin\api-ms-win-core-interlocked-l1-1-0.dll
0x000001b3d55f0000 - 0x000001b3d55f3000 	C:\Program Files\Java\javafx-sdk-20.0.2\bin\api-ms-win-core-libraryloader-l1-1-0.dll
0x000001b3d5600000 - 0x000001b3d5603000 	C:\Program Files\Java\javafx-sdk-20.0.2\bin\api-ms-win-core-localization-l1-2-0.dll
0x000001b3d5610000 - 0x000001b3d5613000 	C:\Program Files\Java\javafx-sdk-20.0.2\bin\api-ms-win-core-memory-l1-1-0.dll
0x000001b3d5620000 - 0x000001b3d5623000 	C:\Program Files\Java\javafx-sdk-20.0.2\bin\api-ms-win-core-namedpipe-l1-1-0.dll
0x000001b3d5630000 - 0x000001b3d5633000 	C:\Program Files\Java\javafx-sdk-20.0.2\bin\api-ms-win-core-processenvironment-l1-1-0.dll
0x000001b3d5640000 - 0x000001b3d5643000 	C:\Program Files\Java\javafx-sdk-20.0.2\bin\api-ms-win-core-processthreads-l1-1-0.dll
0x000001b3d5650000 - 0x000001b3d5653000 	C:\Program Files\Java\javafx-sdk-20.0.2\bin\api-ms-win-core-processthreads-l1-1-1.dll
0x000001b3d5660000 - 0x000001b3d5663000 	C:\Program Files\Java\javafx-sdk-20.0.2\bin\api-ms-win-core-profile-l1-1-0.dll
0x000001b3d5670000 - 0x000001b3d5673000 	C:\Program Files\Java\javafx-sdk-20.0.2\bin\api-ms-win-core-rtlsupport-l1-1-0.dll
0x000001b3d5680000 - 0x000001b3d5683000 	C:\Program Files\Java\javafx-sdk-20.0.2\bin\api-ms-win-core-string-l1-1-0.dll
0x000001b3d5690000 - 0x000001b3d5693000 	C:\Program Files\Java\javafx-sdk-20.0.2\bin\api-ms-win-core-synch-l1-1-0.dll
0x000001b3d56a0000 - 0x000001b3d56a3000 	C:\Program Files\Java\javafx-sdk-20.0.2\bin\api-ms-win-core-synch-l1-2-0.dll
0x000001b3d56b0000 - 0x000001b3d56b3000 	C:\Program Files\Java\javafx-sdk-20.0.2\bin\api-ms-win-core-sysinfo-l1-1-0.dll
0x000001b3d56c0000 - 0x000001b3d56c3000 	C:\Program Files\Java\javafx-sdk-20.0.2\bin\api-ms-win-core-timezone-l1-1-0.dll
0x000001b3d56d0000 - 0x000001b3d56d3000 	C:\Program Files\Java\javafx-sdk-20.0.2\bin\api-ms-win-core-util-l1-1-0.dll
0x000001b3d56e0000 - 0x000001b3d56e3000 	C:\Program Files\Java\javafx-sdk-20.0.2\bin\api-ms-win-crt-conio-l1-1-0.dll
0x000001b3d56f0000 - 0x000001b3d56f4000 	C:\Program Files\Java\javafx-sdk-20.0.2\bin\api-ms-win-crt-convert-l1-1-0.dll
0x000001b3d5700000 - 0x000001b3d5703000 	C:\Program Files\Java\javafx-sdk-20.0.2\bin\api-ms-win-crt-environment-l1-1-0.dll
0x000001b3d5710000 - 0x000001b3d5713000 	C:\Program Files\Java\javafx-sdk-20.0.2\bin\api-ms-win-crt-filesystem-l1-1-0.dll
0x000001b3d5720000 - 0x000001b3d5723000 	C:\Program Files\Java\javafx-sdk-20.0.2\bin\api-ms-win-crt-heap-l1-1-0.dll
0x000001b3d5730000 - 0x000001b3d5733000 	C:\Program Files\Java\javafx-sdk-20.0.2\bin\api-ms-win-crt-locale-l1-1-0.dll
0x000001b3d5740000 - 0x000001b3d5745000 	C:\Program Files\Java\javafx-sdk-20.0.2\bin\api-ms-win-crt-math-l1-1-0.dll
0x000001b3d5750000 - 0x000001b3d5755000 	C:\Program Files\Java\javafx-sdk-20.0.2\bin\api-ms-win-crt-multibyte-l1-1-0.dll
0x000001b3d5760000 - 0x000001b3d5770000 	C:\Program Files\Java\javafx-sdk-20.0.2\bin\api-ms-win-crt-private-l1-1-0.dll
0x000001b3d5770000 - 0x000001b3d5773000 	C:\Program Files\Java\javafx-sdk-20.0.2\bin\api-ms-win-crt-process-l1-1-0.dll
0x000001b3d5780000 - 0x000001b3d5784000 	C:\Program Files\Java\javafx-sdk-20.0.2\bin\api-ms-win-crt-runtime-l1-1-0.dll
0x000001b3d5790000 - 0x000001b3d5794000 	C:\Program Files\Java\javafx-sdk-20.0.2\bin\api-ms-win-crt-stdio-l1-1-0.dll
0x000001b3d57a0000 - 0x000001b3d57a4000 	C:\Program Files\Java\javafx-sdk-20.0.2\bin\api-ms-win-crt-string-l1-1-0.dll
0x000001b3d57b0000 - 0x000001b3d57b3000 	C:\Program Files\Java\javafx-sdk-20.0.2\bin\api-ms-win-crt-time-l1-1-0.dll
0x000001b3d57c0000 - 0x000001b3d57c3000 	C:\Program Files\Java\javafx-sdk-20.0.2\bin\api-ms-win-crt-utility-l1-1-0.dll
0x00007fffcd0a0000 - 0x00007fffcd19c000 	C:\Program Files\Java\javafx-sdk-20.0.2\bin\ucrtbase.dll
0x00007fffe5870000 - 0x00007fffe588b000 	C:\Program Files\Java\javafx-sdk-20.0.2\bin\vcruntime140.dll
0x00007fffe5860000 - 0x00007fffe586c000 	C:\Program Files\Java\javafx-sdk-20.0.2\bin\vcruntime140_1.dll
0x00007fffcfbc0000 - 0x00007fffcfc4e000 	C:\Program Files\Java\javafx-sdk-20.0.2\bin\msvcp140.dll
0x00007fffe4aa0000 - 0x00007fffe4aa9000 	C:\Program Files\Java\javafx-sdk-20.0.2\bin\msvcp140_1.dll
0x00007fffe4570000 - 0x00007fffe45a0000 	C:\Program Files\Java\javafx-sdk-20.0.2\bin\msvcp140_2.dll
0x00007fffe25b0000 - 0x00007fffe25df000 	C:\Program Files\Java\javafx-sdk-20.0.2\bin\prism_d3d.dll
0x00007fffc6bf0000 - 0x00007fffc6d99000 	C:\WINDOWS\system32\d3d9.dll
0x00007ffff0c90000 - 0x00007ffff0cbb000 	C:\WINDOWS\SYSTEM32\dwmapi.dll
0x00007ffff0680000 - 0x00007ffff06b6000 	C:\WINDOWS\SYSTEM32\dxcore.dll
0x00007ffff05a0000 - 0x00007ffff064b000 	C:\WINDOWS\system32\uxtheme.dll
0x00007fffc6a80000 - 0x00007fffc6be5000 	C:\WINDOWS\System32\DriverStore\FileRepository\igdlh64.inf_amd64_dccdb071926b5316\igdumdim64.dll
0x00007ffff5710000 - 0x00007ffff58b0000 	C:\WINDOWS\System32\ole32.dll
0x00007fff8bfd0000 - 0x00007fff8fc24000 	C:\WINDOWS\System32\DriverStore\FileRepository\igdlh64.inf_amd64_dccdb071926b5316\igd9dxva64.dll
0x00007ffff5b30000 - 0x00007ffff5fa4000 	C:\WINDOWS\System32\SETUPAPI.dll
0x00007ffff3a90000 - 0x00007ffff3ade000 	C:\WINDOWS\SYSTEM32\cfgmgr32.dll
0x00007fffe2100000 - 0x00007fffe24c1000 	C:\WINDOWS\System32\DriverStore\FileRepository\igdlh64.inf_amd64_dccdb071926b5316\igdgmm64.dll
0x00007fffeb0e0000 - 0x00007fffeb12a000 	C:\WINDOWS\SYSTEM32\directxdatabasehelper.dll
0x00007fffcf3f0000 - 0x00007fffcf432000 	C:\Program Files\Java\javafx-sdk-20.0.2\bin\glass.dll
0x00007ffff48f0000 - 0x00007ffff49e9000 	C:\WINDOWS\System32\COMDLG32.dll
0x00007ffff6870000 - 0x00007ffff69bf000 	C:\WINDOWS\System32\MSCTF.dll
0x00007fff9ae40000 - 0x00007fff9ae67000 	C:\WINDOWS\System32\DriverStore\FileRepository\igdlh64.inf_amd64_dccdb071926b5316\igdinfo64.dll
0x00007ffff3a40000 - 0x00007ffff3a5b000 	C:\WINDOWS\SYSTEM32\CRYPTSP.dll
0x00007ffff2590000 - 0x00007ffff25c5000 	C:\WINDOWS\system32\rsaenh.dll
0x00007ffff2e90000 - 0x00007ffff2e9c000 	C:\WINDOWS\SYSTEM32\CRYPTBASE.dll
0x00007ffff36e0000 - 0x00007ffff3708000 	C:\WINDOWS\SYSTEM32\bcrypt.dll
0x00007fffddd50000 - 0x00007fffe0f56000 	C:\WINDOWS\System32\DriverStore\FileRepository\igdlh64.inf_amd64_dccdb071926b5316\igc64.dll
0x00007fffe4a80000 - 0x00007fffe4a94000 	C:\Program Files\Java\javafx-sdk-20.0.2\bin\javafx_font.dll
0x00007fffee8e0000 - 0x00007fffeeb53000 	C:\WINDOWS\SYSTEM32\dwrite.dll
0x00007ffff6060000 - 0x00007ffff6110000 	C:\WINDOWS\System32\clbcatq.dll
0x00007fffee5e0000 - 0x00007fffee790000 	C:\WINDOWS\SYSTEM32\WindowsCodecs.dll
0x00007fffc4fa0000 - 0x00007fffc4ffe000 	C:\WINDOWS\system32\dataexchange.dll
0x00007fffe4680000 - 0x00007fffe4905000 	C:\WINDOWS\system32\twinapi.appcore.dll
0x00007fffceeb0000 - 0x00007fffceee2000 	C:\Program Files\Common Files\Microsoft Shared\Ink\rtscom.dll
0x00007fffe50d0000 - 0x00007fffe521a000 	C:\WINDOWS\SYSTEM32\textinputframework.dll
0x00007fffef8b0000 - 0x00007fffef9e3000 	C:\WINDOWS\SYSTEM32\CoreMessaging.dll
0x00007fffe9910000 - 0x00007fffe9c7c000 	C:\WINDOWS\SYSTEM32\CoreUIComponents.dll
0x00007fffcfb00000 - 0x00007fffcfb26000 	C:\Windows\System32\dpuareu_jni.dll
0x00007fffc6e20000 - 0x00007fffc6e94000 	C:\WINDOWS\SYSTEM32\dpfj.dll
0x00007fffcf150000 - 0x00007fffcf17b000 	C:\WINDOWS\SYSTEM32\dpfpdd.dll
0x00007fffea350000 - 0x00007fffea3e0000 	C:\WINDOWS\SYSTEM32\DPFPApi.DLL
0x00007ffff4700000 - 0x00007ffff4866000 	C:\WINDOWS\System32\CRYPT32.dll

dbghelp: loaded successfully - version: 4.0.5 - missing functions: none
symbol engine: initialized successfully - sym options: 0x614 - pdb path: .;C:\Program Files\Java\jdk-20\bin;C:\WINDOWS\SYSTEM32;C:\WINDOWS\WinSxS\amd64_microsoft.windows.common-controls_6595b64144ccf1df_6.0.22621.2506_none_270c5ae97388e100;C:\Program Files\Java\jdk-20\bin\server;C:\Program Files\Java\javafx-sdk-20.0.2\bin;C:\WINDOWS\System32\DriverStore\FileRepository\igdlh64.inf_amd64_dccdb071926b5316;C:\Program Files\Common Files\Microsoft Shared\Ink

VM Arguments:
jvm_args: -Dfile.encoding=UTF-8 --module-path=C:\Program Files\Java\javafx-sdk-20.0.2\lib --add-modules=javafx.controls,javafx.fxml --module-path=C:\Program Files\Java\javafx-sdk-20.0.2\lib\javafx-swt.jar;C:\Program Files\Java\javafx-sdk-20.0.2\lib\javafx.base.jar;C:\Program Files\Java\javafx-sdk-20.0.2\lib\javafx.controls.jar;C:\Program Files\Java\javafx-sdk-20.0.2\lib\javafx.fxml.jar;C:\Program Files\Java\javafx-sdk-20.0.2\lib\javafx.graphics.jar;C:\Program Files\Java\javafx-sdk-20.0.2\lib\javafx.media.jar;C:\Program Files\Java\javafx-sdk-20.0.2\lib\javafx.swing.jar;C:\Program Files\Java\javafx-sdk-20.0.2\lib\javafx.web.jar 
java_command: Main
java_class_path (initial): C:\Program Files\Java\javafx-sdk-20.0.2\lib\javafx-swt.jar;C:\Program Files\Java\javafx-sdk-20.0.2\lib\javafx.base.jar;C:\Program Files\Java\javafx-sdk-20.0.2\lib\javafx.controls.jar;C:\Program Files\Java\javafx-sdk-20.0.2\lib\javafx.fxml.jar;C:\Program Files\Java\javafx-sdk-20.0.2\lib\javafx.graphics.jar;C:\Program Files\Java\javafx-sdk-20.0.2\lib\javafx.media.jar;C:\Program Files\Java\javafx-sdk-20.0.2\lib\javafx.swing.jar;C:\Program Files\Java\javafx-sdk-20.0.2\lib\javafx.web.jar;C:\Program Files\DigitalPersona\U.are.U SDK\Windows\Lib\Java\dpuareu.jar;C:\Program Files\Java\mysql-connector-j-8.1.0\mysql-connector-j-8.1.0.jar;C:\Programming\NetBeansProjects\attendance-system\build\classes
Launcher Type: SUN_STANDARD

[Global flags]
     intx CICompilerCount                          = 4                                         {product} {ergonomic}
     uint ConcGCThreads                            = 2                                         {product} {ergonomic}
     uint G1ConcRefinementThreads                  = 8                                         {product} {ergonomic}
   size_t G1HeapRegionSize                         = 1048576                                   {product} {ergonomic}
    uintx GCDrainStackTargetSize                   = 64                                        {product} {ergonomic}
   size_t InitialHeapSize                          = 134217728                                 {product} {ergonomic}
   size_t MarkStackSize                            = 4194304                                   {product} {ergonomic}
   size_t MaxHeapSize                              = 2116026368                                {product} {ergonomic}
   size_t MaxNewSize                               = 1268776960                                {product} {ergonomic}
   size_t MinHeapDeltaBytes                        = 1048576                                   {product} {ergonomic}
   size_t MinHeapSize                              = 8388608                                   {product} {ergonomic}
    uintx NonNMethodCodeHeapSize                   = 5839372                                {pd product} {ergonomic}
    uintx NonProfiledCodeHeapSize                  = 122909434                              {pd product} {ergonomic}
    uintx ProfiledCodeHeapSize                     = 122909434                              {pd product} {ergonomic}
    uintx ReservedCodeCacheSize                    = 251658240                              {pd product} {ergonomic}
     bool SegmentedCodeCache                       = true                                      {product} {ergonomic}
   size_t SoftMaxHeapSize                          = 2116026368                             {manageable} {ergonomic}
     bool UseCompressedClassPointers               = true                           {product lp64_product} {ergonomic}
     bool UseCompressedOops                        = true                           {product lp64_product} {ergonomic}
     bool UseG1GC                                  = true                                      {product} {ergonomic}
     bool UseLargePagesIndividualAllocation        = false                                  {pd product} {ergonomic}

Logging:
Log output configuration:
 #0: stdout all=warning uptime,level,tags foldmultilines=false
 #1: stderr all=off uptime,level,tags foldmultilines=false

Environment Variables:
JAVA_HOME=C:\Program Files\Java\jdk-20
CLASSPATH=C:\Program Files\Java\mysql-connector-j-8.1.0\mysql-connector-j-8.1.0.jar
PATH=C:\Program Files\Common Files\Oracle\Java\javapath;C:\Program Files (x86)\Common Files\Oracle\Java\javapath;C:\WINDOWS\system32;C:\WINDOWS;C:\WINDOWS\System32\Wbem;C:\WINDOWS\System32\WindowsPowerShell\v1.0\;C:\WINDOWS\System32\OpenSSH\;C:\Program Files\Git\cmd;C:\Program Files\dotnet\;C:\Users\danodoms\AppData\Local\Microsoft\WindowsApps;C:\Users\danodoms\AppData\Local\Programs\Microsoft VS Code\bin;
USERNAME=admin
OS=Windows_NT
PROCESSOR_IDENTIFIER=Intel64 Family 6 Model 142 Stepping 10, GenuineIntel
TMP=C:\Users\danodoms\AppData\Local\Temp
TEMP=C:\Users\danodoms\AppData\Local\Temp




---------------  S Y S T E M  ---------------

OS:
 Windows 11 , 64 bit Build 22621 (10.0.22621.2506)
OS uptime: 0 days 1:19 hours

CPU: total 8 (initial active 8) (4 cores per cpu, 2 threads per core) family 6 model 142 stepping 10 microcode 0xf4, cx8, cmov, fxsr, ht, mmx, 3dnowpref, sse, sse2, sse3, ssse3, sse4.1, sse4.2, popcnt, lzcnt, tsc, tscinvbit, avx, avx2, aes, erms, clmul, bmi1, bmi2, rtm, adx, fma, vzeroupper, clflush, clflushopt, rdtscp, f16c

Memory: 4k page, system-wide physical 8071M (1918M free)
TotalPageFile size 18823M (AvailPageFile size 11160M)
current process WorkingSet (physical memory assigned to process): 187M, peak: 190M
current process commit charge ("private bytes"): 300M, peak: 303M

vm_info: Java HotSpot(TM) 64-Bit Server VM (20.0.2+9-78) for windows-amd64 JRE (20.0.2+9-78), built on 2023-06-14T10:08:48Z by "mach5one" with MS VC++ 17.1 (VS2022)

END.
