#
# A fatal error has been detected by the Java Runtime Environment:
#
#  EXCEPTION_ACCESS_VIOLATION (0xc0000005) at pc=0x00007fff529ca330, pid=12356, tid=19952
#
# JRE version: Java(TM) SE Runtime Environment (20.0.2+9) (build 20.0.2+9-78)
# Java VM: Java HotSpot(TM) 64-Bit Server VM (20.0.2+9-78, mixed mode, sharing, tiered, compressed oops, compressed class ptrs, g1 gc, windows-amd64)
# Problematic frame:
# V  [jvm.dll+0xa330]
#
# No core dump will be written. Minidumps are not enabled by default on client versions of Windows
#
# If you would like to submit a bug report, please visit:
#   https://bugreport.java.com/bugreport/crash.jsp
#

---------------  S U M M A R Y ------------

Command Line: -Dfile.encoding=UTF-8 --module-path=C:\Program Files\Java\javafx-sdk-20.0.2\lib --add-modules=javafx.controls,javafx.fxml --module-path=C:\Program Files\Java\javafx-sdk-20.0.2\lib\javafx-swt.jar;C:\Program Files\Java\javafx-sdk-20.0.2\lib\javafx.base.jar;C:\Program Files\Java\javafx-sdk-20.0.2\lib\javafx.controls.jar;C:\Program Files\Java\javafx-sdk-20.0.2\lib\javafx.fxml.jar;C:\Program Files\Java\javafx-sdk-20.0.2\lib\javafx.graphics.jar;C:\Program Files\Java\javafx-sdk-20.0.2\lib\javafx.media.jar;C:\Program Files\Java\javafx-sdk-20.0.2\lib\javafx.swing.jar;C:\Program Files\Java\javafx-sdk-20.0.2\lib\javafx.web.jar Main

Host: Intel(R) Core(TM) i5-8350U CPU @ 1.70GHz, 8 cores, 7G,  Windows 11 , 64 bit Build 22621 (10.0.22621.2506)
Time: Fri Nov  3 14:41:49 2023 Malay Peninsula Standard Time elapsed time: 5.975134 seconds (0d 0h 0m 5s)

---------------  T H R E A D  ---------------

Current thread (0x000002a1defa4ca0):  JavaThread "Thread-3" [_thread_in_vm, id=19952, stack(0x000000d535800000,0x000000d535900000)]

Stack: [0x000000d535800000,0x000000d535900000],  sp=0x000000d5358fed18,  free space=1019k
Native frames: (J=compiled Java code, j=interpreted, Vv=VM code, C=native code)
V  [jvm.dll+0xa330]

Java frames: (J=compiled Java code, j=interpreted, Vv=VM code)
j  com.digitalpersona.uareu.jni.Dpfj.DpfjIdentify([BII[[BIILcom/digitalpersona/uareu/jni/Dpfj$IntReference;[Lcom/digitalpersona/uareu/Engine$Candidate;)I+0
j  com.digitalpersona.uareu.jni.Dpfj.identify(Lcom/digitalpersona/uareu/Fmd;I[Lcom/digitalpersona/uareu/Fmd;II)[Lcom/digitalpersona/uareu/Engine$Candidate;+148
j  com.digitalpersona.uareu.dpfj.EngineImpl.Identify(Lcom/digitalpersona/uareu/Fmd;I[Lcom/digitalpersona/uareu/Fmd;II)[Lcom/digitalpersona/uareu/Engine$Candidate;+11
j  Fingerprint.IdentificationThread.startIdentification(Lcom/digitalpersona/uareu/Reader;Ljavafx/scene/image/ImageView;)V+104
j  Fingerprint.IdentificationThread.run()V+9
v  ~StubRoutines::call_stub 0x000002a18f54100d

siginfo: EXCEPTION_ACCESS_VIOLATION (0xc0000005), reading address 0x0000000000000000


Registers:
RAX=0x0000000000000000, RBX=0x000002a1defa4ca0, RCX=0x0000000000000000, RDX=0x0000000000000000
RSP=0x000000d5358fed18, RBP=0x000000d5358feec8, RSI=0x000002a1defa4f80, RDI=0x0000000000000000
R8 =0x000000d5358fef20, R9 =0x0000000001010001, R10=0x00007fff535066d0, R11=0x0000000000000101
R12=0x0000000000000000, R13=0x000002a1daf7bf90, R14=0x000000d5358fef28, R15=0x0000000000000000
RIP=0x00007fff529ca330, EFLAGS=0x0000000000010246


Register to memory mapping:

RIP=0x00007fff529ca330 jvm.dll
RAX=0x0 is NULL
RBX=0x000002a1defa4ca0 is a thread
RCX=0x0 is NULL
RDX=0x0 is NULL
RSP=0x000000d5358fed18 is pointing into the stack for thread: 0x000002a1defa4ca0
RBP=0x000000d5358feec8 is pointing into the stack for thread: 0x000002a1defa4ca0
RSI=0x000002a1defa4f80 points into unknown readable memory: 0x00007fff535066d0 | d0 66 50 53 ff 7f 00 00
RDI=0x0 is NULL
R8 =0x000000d5358fef20 is pointing into the stack for thread: 0x000002a1defa4ca0
R9 =0x0000000001010001 is an unknown value
R10=0x00007fff535066d0 jvm.dll
R11=0x0000000000000101 is an unknown value
R12=0x0 is NULL
R13={method} {0x000002a1daf7bf98} 'DpfjIdentify' '([BII[[BIILcom/digitalpersona/uareu/jni/Dpfj$IntReference;[Lcom/digitalpersona/uareu/Engine$Candidate;)I' in 'com/digitalpersona/uareu/jni/Dpfj'
R14=0x000000d5358fef28 is pointing into the stack for thread: 0x000002a1defa4ca0
R15=0x0 is NULL


Top of Stack: (sp=0x000000d5358fed18)
0x000000d5358fed18:   00007fff52dfb549 000002a10000000a
0x000000d5358fed28:   0000001b955b55b4 000002a1daf7bf90
0x000000d5358fed38:   000002a1defa4ca0 000000d5358fef20
0x000000d5358fed48:   00007fff5bac208a 000002a1daf7bf90
0x000000d5358fed58:   000002a1defa4f80 000002a1defa4ca0
0x000000d5358fed68:   000000d5358fef28 0000000000000000
0x000000d5358fed78:   000002a1dabe3040 000002a1994bd890
0x000000d5358fed88:   000002a1daf7bf90 000000d5358feec8
0x000000d5358fed98:   00007fff52d9b7f5 000002a18f5ad275
0x000000d5358feda8:   0000001b955b55b4 000001b6defa4ca0
0x000000d5358fedb8:   000002a1db562c40 000002a1daf7bf90
0x000000d5358fedc8:   000002a1defa4ca0 000002a1defa4ca0
0x000000d5358fedd8:   000000d5358fef28 000002a1daf7bf90
0x000000d5358fede8:   0000000000000000 000002a1dabe3040
0x000000d5358fedf8:   000002a1994bd890 000002a1daf7bf90
0x000000d5358fee08:   000002a18f561ff3 000002a1defa4ca0
0x000000d5358fee18:   00007fff52d99251 000000d5358fef20
0x000000d5358fee28:   00007fff01010001 000002a100000000
0x000000d5358fee38:   0000000000000000 000002a1ffffffff
0x000000d5358fee48:   000002a1000053e2 000000d5358feef0
0x000000d5358fee58:   000000d5358feee8 000002a1defa4ca0
0x000000d5358fee68:   00007fff52d99251 000000d5358fef20
0x000000d5358fee78:   000002a18f561c96 000000d5358fee80
0x000000d5358fee88:   000002a1daf7bf90 000000d5358fef28
0x000000d5358fee98:   000002a1daf7e070 0000000000000000
0x000000d5358feea8:   0000000087888348 000002a1daf7bf90
0x000000d5358feeb8:   0000000000000000 000000d5358feee8
0x000000d5358feec8:   000000d5358fef78 000002a18f55df9e
0x000000d5358feed8:   0000000000000000 000002a18f55f895
0x000000d5358feee8:   0000000089cf5420 0000000089cf6420
0x000000d5358feef8:   00000000000053e2 00000000ffffffff
0x000000d5358fef08:   0000000000000000 0000000000000000 

Instructions: (pc=0x00007fff529ca330)
0x00007fff529ca230:   ec 0d b3 00 48 83 c4 20 5b 48 ff e0 48 8d 05 ed
0x00007fff529ca240:   00 00 00 48 8b cb 48 89 05 d3 0d b3 00 48 83 c4
0x00007fff529ca250:   20 5b 48 ff e0 48 8d 05 d4 00 00 00 48 8b cb 48
0x00007fff529ca260:   89 05 ba 0d b3 00 48 83 c4 20 5b 48 ff e0 48 8b
0x00007fff529ca270:   0d cb 76 b9 00 8b 51 10 83 ea 01 0f 84 91 00 00
0x00007fff529ca280:   00 83 ea 01 74 73 83 ea 01 74 55 83 fa 01 74 37
0x00007fff529ca290:   4c 8d 0d e9 08 8a 00 41 b8 e2 00 00 00 48 8d 15
0x00007fff529ca2a0:   14 09 8a 00 b9 00 00 00 e0 e8 42 68 27 00 e8 5d
0x00007fff529ca2b0:   19 6b 00 33 c0 48 8b cb 48 89 05 61 0d b3 00 48
0x00007fff529ca2c0:   83 c4 20 5b 48 ff e0 48 8d 05 72 00 00 00 48 8b
0x00007fff529ca2d0:   cb 48 89 05 48 0d b3 00 48 83 c4 20 5b 48 ff e0
0x00007fff529ca2e0:   48 8d 05 49 00 00 00 48 8b cb 48 89 05 2f 0d b3
0x00007fff529ca2f0:   00 48 83 c4 20 5b 48 ff e0 48 8d 05 30 00 00 00
0x00007fff529ca300:   48 8b cb 48 89 05 16 0d b3 00 48 83 c4 20 5b 48
0x00007fff529ca310:   ff e0 48 8d 05 17 00 00 00 48 8b cb 48 89 05 fd
0x00007fff529ca320:   0c b3 00 48 83 c4 20 5b 48 ff e0 cc cc cc cc cc
0x00007fff529ca330:   48 8b 01 c3 cc cc cc cc cc cc cc cc cc cc cc cc
0x00007fff529ca340:   48 89 5c 24 08 57 48 83 ec 20 48 8b 39 48 8b d9
0x00007fff529ca350:   48 85 3d a1 90 be 00 75 0e 48 8b c7 48 8b 5c 24
0x00007fff529ca360:   30 48 83 c4 20 5f c3 48 8b cf e8 c1 0e 87 00 48
0x00007fff529ca370:   8b d0 48 85 c0 74 20 48 8b c7 f0 48 0f b1 13 74
0x00007fff529ca380:   16 48 85 05 70 90 be 00 74 0d 48 8b c8 f0 48 0f
0x00007fff529ca390:   b1 13 48 3b c1 75 ea 48 8b 5c 24 30 48 8b c2 48
0x00007fff529ca3a0:   83 c4 20 5f c3 cc cc cc cc cc cc cc cc cc cc cc
0x00007fff529ca3b0:   8b 44 24 30 45 03 c9 44 2b 4c 24 28 83 c0 0b 44
0x00007fff529ca3c0:   03 ca 45 03 c8 41 03 c1 c3 cc cc cc cc cc cc cc
0x00007fff529ca3d0:   48 8b 41 08 0f b7 48 2a 0f b7 40 28 83 c0 48 03
0x00007fff529ca3e0:   c1 c3 cc cc cc cc cc cc cc cc cc cc cc cc cc cc
0x00007fff529ca3f0:   48 89 5c 24 08 57 48 83 ec 20 0f b6 05 3f 98 be
0x00007fff529ca400:   00 48 8b fa 48 8b d9 84 c0 74 4f 48 85 15 e6 8f
0x00007fff529ca410:   be 00 74 38 48 8b ca e8 24 11 87 00 48 8b d0 48
0x00007fff529ca420:   85 db 74 25 48 85 c0 74 20 48 8b c7 f0 48 0f b1 


Stack slot to memory mapping:
stack at sp + 0 slots: 0x00007fff52dfb549 jvm.dll
stack at sp + 1 slots: 0x000002a10000000a is an unknown value
stack at sp + 2 slots: 0x0000001b955b55b4 is an unknown value
stack at sp + 3 slots: {method} {0x000002a1daf7bf98} 'DpfjIdentify' '([BII[[BIILcom/digitalpersona/uareu/jni/Dpfj$IntReference;[Lcom/digitalpersona/uareu/Engine$Candidate;)I' in 'com/digitalpersona/uareu/jni/Dpfj'
stack at sp + 4 slots: 0x000002a1defa4ca0 is a thread
stack at sp + 5 slots: 0x000000d5358fef20 is pointing into the stack for thread: 0x000002a1defa4ca0
stack at sp + 6 slots: 0x00007fff5bac208a dpuareu_jni.dll
stack at sp + 7 slots: {method} {0x000002a1daf7bf98} 'DpfjIdentify' '([BII[[BIILcom/digitalpersona/uareu/jni/Dpfj$IntReference;[Lcom/digitalpersona/uareu/Engine$Candidate;)I' in 'com/digitalpersona/uareu/jni/Dpfj'


---------------  P R O C E S S  ---------------

Threads class SMR info:
_java_thread_list=0x000002a1e3fed9b0, length=23, elements={
0x000002a1fbf28b60, 0x000002a1ff8ef2f0, 0x000002a1ff8efed0, 0x000002a1ff8f2f30,
0x000002a1ff8f8370, 0x000002a1ff8fc320, 0x000002a1ff8fa990, 0x000002a1ff907630,
0x000002a1ff912170, 0x000002a1de4de180, 0x000002a1de6e5c30, 0x000002a1de893220,
0x000002a1dee5b730, 0x000002a1dec956c0, 0x000002a1ded630a0, 0x000002a1dedba330,
0x000002a1e4a13a10, 0x000002a1defa71d0, 0x000002a1defa4ca0, 0x000002a1defa5c90,
0x000002a1defa61e0, 0x000002a1ff910010, 0x000002a1ff9105a0
}

Java Threads: ( => current thread )
  0x000002a1fbf28b60 JavaThread "main" [_thread_blocked, id=9300, stack(0x000000d533100000,0x000000d533200000)]
  0x000002a1ff8ef2f0 JavaThread "Reference Handler" daemon [_thread_blocked, id=19604, stack(0x000000d533800000,0x000000d533900000)]
  0x000002a1ff8efed0 JavaThread "Finalizer" daemon [_thread_blocked, id=16296, stack(0x000000d533900000,0x000000d533a00000)]
  0x000002a1ff8f2f30 JavaThread "Signal Dispatcher" daemon [_thread_blocked, id=20888, stack(0x000000d533a00000,0x000000d533b00000)]
  0x000002a1ff8f8370 JavaThread "Attach Listener" daemon [_thread_blocked, id=12844, stack(0x000000d533b00000,0x000000d533c00000)]
  0x000002a1ff8fc320 JavaThread "Service Thread" daemon [_thread_blocked, id=5812, stack(0x000000d533c00000,0x000000d533d00000)]
  0x000002a1ff8fa990 JavaThread "Monitor Deflation Thread" daemon [_thread_blocked, id=20624, stack(0x000000d533d00000,0x000000d533e00000)]
  0x000002a1ff907630 JavaThread "C2 CompilerThread0" daemon [_thread_blocked, id=2956, stack(0x000000d533e00000,0x000000d533f00000)]
  0x000002a1ff912170 JavaThread "C1 CompilerThread0" daemon [_thread_blocked, id=11588, stack(0x000000d533f00000,0x000000d534000000)]
  0x000002a1de4de180 JavaThread "Common-Cleaner" daemon [_thread_blocked, id=19468, stack(0x000000d534000000,0x000000d534100000)]
  0x000002a1de6e5c30 JavaThread "Notification Thread" daemon [_thread_blocked, id=16956, stack(0x000000d534300000,0x000000d534400000)]
  0x000002a1de893220 JavaThread "QuantumRenderer-0" daemon [_thread_blocked, id=15900, stack(0x000000d534100000,0x000000d534200000)]
  0x000002a1dee5b730 JavaThread "InvokeLaterDispatcher" daemon [_thread_blocked, id=20496, stack(0x000000d534200000,0x000000d534300000)]
  0x000002a1dec956c0 JavaThread "JavaFX Application Thread" [_thread_in_native, id=21472, stack(0x000000d534500000,0x000000d534600000)]
  0x000002a1ded630a0 JavaThread "JavaFX-Launcher" [_thread_blocked, id=2556, stack(0x000000d534a00000,0x000000d534b00000)]
  0x000002a1dedba330 JavaThread "Thread-2" daemon [_thread_in_native, id=20232, stack(0x000000d534900000,0x000000d534a00000)]
  0x000002a1e4a13a10 JavaThread "Prism Font Disposer" daemon [_thread_blocked, id=21440, stack(0x000000d535200000,0x000000d535300000)]
  0x000002a1defa71d0 JavaThread "Cleaner-0" daemon [_thread_blocked, id=9032, stack(0x000000d535600000,0x000000d535700000)]
=>0x000002a1defa4ca0 JavaThread "Thread-3" [_thread_in_vm, id=19952, stack(0x000000d535800000,0x000000d535900000)]
  0x000002a1defa5c90 JavaThread "Java2D Disposer" daemon [_thread_blocked, id=17068, stack(0x000000d535a00000,0x000000d535b00000)]
  0x000002a1defa61e0 JavaThread "mysql-cj-abandoned-connection-cleanup" daemon [_thread_blocked, id=16968, stack(0x000000d535900000,0x000000d535a00000)]
  0x000002a1ff910010 JavaThread "C2 CompilerThread1" daemon [_thread_blocked, id=8144, stack(0x000000d535b00000,0x000000d535c00000)]
  0x000002a1ff9105a0 JavaThread "C2 CompilerThread2" daemon [_thread_blocked, id=4640, stack(0x000000d535c00000,0x000000d535d00000)]

Other Threads:
  0x000002a1ff8d1ed0 VMThread "VM Thread" [stack: 0x000000d533700000,0x000000d533800000] [id=12648]
  0x000002a1de77fa10 WatcherThread "VM Periodic Task Thread" [stack: 0x000000d534400000,0x000000d534500000] [id=16664]
  0x000002a1fbf89c20 WorkerThread "GC Thread#0" [stack: 0x000000d533200000,0x000000d533300000] [id=9612]
  0x000002a1def0cc60 WorkerThread "GC Thread#1" [stack: 0x000000d534b00000,0x000000d534c00000] [id=17812]
  0x000002a1def076a0 WorkerThread "GC Thread#2" [stack: 0x000000d534c00000,0x000000d534d00000] [id=19396]
  0x000002a1def50570 WorkerThread "GC Thread#3" [stack: 0x000000d534d00000,0x000000d534e00000] [id=18192]
  0x000002a1def4f760 WorkerThread "GC Thread#4" [stack: 0x000000d534e00000,0x000000d534f00000] [id=19488]
  0x000002a1def510b0 WorkerThread "GC Thread#5" [stack: 0x000000d534f00000,0x000000d535000000] [id=20772]
  0x000002a1def4fa30 WorkerThread "GC Thread#6" [stack: 0x000000d535000000,0x000000d535100000] [id=4604]
  0x000002a1def50de0 WorkerThread "GC Thread#7" [stack: 0x000000d535d00000,0x000000d535e00000] [id=19204]
  0x000002a1fbf9a770 ConcurrentGCThread "G1 Main Marker" [stack: 0x000000d533300000,0x000000d533400000] [id=19200]
  0x000002a1fbf9b340 WorkerThread "G1 Conc#0" [stack: 0x000000d533400000,0x000000d533500000] [id=13676]
  0x000002a1ff7844f0 ConcurrentGCThread "G1 Refine#0" [stack: 0x000000d533500000,0x000000d533600000] [id=5644]
  0x000002a1fbfecc60 ConcurrentGCThread "G1 Service" [stack: 0x000000d533600000,0x000000d533700000] [id=21288]

Threads with active compile tasks:

VM state: not at safepoint (normal execution)

VM Mutex/Monitor currently owned by a thread: None

Heap address: 0x0000000081e00000, size: 2018 MB, Compressed Oops mode: 32-bit

CDS archive(s) mapped at: [0x000002a199400000-0x000002a19a060000-0x000002a19a060000), size 12976128, SharedBaseAddress: 0x000002a199400000, ArchiveRelocationMode: 1.
Compressed class space mapped at: 0x000002a19a400000-0x000002a1da400000, reserved size: 1073741824
Narrow klass base: 0x000002a199400000, Narrow klass shift: 0, Narrow klass range: 0x100000000

GC Precious Log:
 CardTable entry size: 512
 Card Set container configuration: InlinePtr #cards 5 size 8 Array Of Cards #cards 12 size 40 Howl #buckets 4 coarsen threshold 1843 Howl Bitmap #cards 512 size 80 coarsen threshold 460 Card regions per heap region 1 cards per card region 2048
 CPUs: 8 total, 8 available
 Memory: 8071M
 Large Page Support: Disabled
 NUMA Support: Disabled
 Compressed Oops: Enabled (32-bit)
 Heap Region Size: 1M
 Heap Min Capacity: 8M
 Heap Initial Capacity: 128M
 Heap Max Capacity: 2018M
 Pre-touch: Disabled
 Parallel Workers: 8
 Concurrent Workers: 2
 Concurrent Refinement Workers: 8
 Periodic GC: Disabled

Heap:
 garbage-first heap   total 131072K, used 13806K [0x0000000081e00000, 0x0000000100000000)
  region size 1024K, 7 young (7168K), 5 survivors (5120K)
 Metaspace       used 19996K, committed 20352K, reserved 1114112K
  class space    used 2471K, committed 2624K, reserved 1048576K

Heap Regions: E=young(eden), S=young(survivor), O=old, HS=humongous(starts), HC=humongous(continues), CS=collection set, F=free, OA=open archive, CA=closed archive, TAMS=top-at-mark-start, PB=parsable bottom
|   0|0x0000000081e00000, 0x0000000081f00000, 0x0000000081f00000|100%| O|  |TAMS 0x0000000081e00000| PB 0x0000000081e00000| Untracked 
|   1|0x0000000081f00000, 0x0000000082000000, 0x0000000082000000|100%|HS|  |TAMS 0x0000000081f00000| PB 0x0000000081f00000| Complete 
|   2|0x0000000082000000, 0x0000000082100000, 0x0000000082100000|100%|HC|  |TAMS 0x0000000082000000| PB 0x0000000082000000| Complete 
|   3|0x0000000082100000, 0x0000000082100000, 0x0000000082200000|  0%| F|  |TAMS 0x0000000082100000| PB 0x0000000082100000| Untracked 
|   4|0x0000000082200000, 0x0000000082200000, 0x0000000082300000|  0%| F|  |TAMS 0x0000000082200000| PB 0x0000000082200000| Untracked 
|   5|0x0000000082300000, 0x0000000082400000, 0x0000000082400000|100%|HS|  |TAMS 0x0000000082300000| PB 0x0000000082300000| Complete 
|   6|0x0000000082400000, 0x0000000082500000, 0x0000000082500000|100%|HS|  |TAMS 0x0000000082400000| PB 0x0000000082400000| Complete 
|   7|0x0000000082500000, 0x0000000082600000, 0x0000000082600000|100%| O|  |TAMS 0x0000000082500000| PB 0x0000000082500000| Untracked 
|   8|0x0000000082600000, 0x0000000082700000, 0x0000000082700000|100%| O|  |TAMS 0x0000000082600000| PB 0x0000000082600000| Untracked 
|   9|0x0000000082700000, 0x000000008277b800, 0x0000000082800000| 48%| O|  |TAMS 0x0000000082700000| PB 0x0000000082700000| Untracked 
|  10|0x0000000082800000, 0x0000000082800000, 0x0000000082900000|  0%| F|  |TAMS 0x0000000082800000| PB 0x0000000082800000| Untracked 
|  11|0x0000000082900000, 0x0000000082900000, 0x0000000082a00000|  0%| F|  |TAMS 0x0000000082900000| PB 0x0000000082900000| Untracked 
|  12|0x0000000082a00000, 0x0000000082a00000, 0x0000000082b00000|  0%| F|  |TAMS 0x0000000082a00000| PB 0x0000000082a00000| Untracked 
|  13|0x0000000082b00000, 0x0000000082b00000, 0x0000000082c00000|  0%| F|  |TAMS 0x0000000082b00000| PB 0x0000000082b00000| Untracked 
|  14|0x0000000082c00000, 0x0000000082c00000, 0x0000000082d00000|  0%| F|  |TAMS 0x0000000082c00000| PB 0x0000000082c00000| Untracked 
|  15|0x0000000082d00000, 0x0000000082d00000, 0x0000000082e00000|  0%| F|  |TAMS 0x0000000082d00000| PB 0x0000000082d00000| Untracked 
|  16|0x0000000082e00000, 0x0000000082e00000, 0x0000000082f00000|  0%| F|  |TAMS 0x0000000082e00000| PB 0x0000000082e00000| Untracked 
|  17|0x0000000082f00000, 0x0000000082f00000, 0x0000000083000000|  0%| F|  |TAMS 0x0000000082f00000| PB 0x0000000082f00000| Untracked 
|  18|0x0000000083000000, 0x0000000083000000, 0x0000000083100000|  0%| F|  |TAMS 0x0000000083000000| PB 0x0000000083000000| Untracked 
|  19|0x0000000083100000, 0x0000000083100000, 0x0000000083200000|  0%| F|  |TAMS 0x0000000083100000| PB 0x0000000083100000| Untracked 
|  20|0x0000000083200000, 0x0000000083200000, 0x0000000083300000|  0%| F|  |TAMS 0x0000000083200000| PB 0x0000000083200000| Untracked 
|  21|0x0000000083300000, 0x0000000083300000, 0x0000000083400000|  0%| F|  |TAMS 0x0000000083300000| PB 0x0000000083300000| Untracked 
|  22|0x0000000083400000, 0x0000000083400000, 0x0000000083500000|  0%| F|  |TAMS 0x0000000083400000| PB 0x0000000083400000| Untracked 
|  23|0x0000000083500000, 0x0000000083500000, 0x0000000083600000|  0%| F|  |TAMS 0x0000000083500000| PB 0x0000000083500000| Untracked 
|  24|0x0000000083600000, 0x0000000083600000, 0x0000000083700000|  0%| F|  |TAMS 0x0000000083600000| PB 0x0000000083600000| Untracked 
|  25|0x0000000083700000, 0x0000000083700000, 0x0000000083800000|  0%| F|  |TAMS 0x0000000083700000| PB 0x0000000083700000| Untracked 
|  26|0x0000000083800000, 0x0000000083800000, 0x0000000083900000|  0%| F|  |TAMS 0x0000000083800000| PB 0x0000000083800000| Untracked 
|  27|0x0000000083900000, 0x0000000083900000, 0x0000000083a00000|  0%| F|  |TAMS 0x0000000083900000| PB 0x0000000083900000| Untracked 
|  28|0x0000000083a00000, 0x0000000083a00000, 0x0000000083b00000|  0%| F|  |TAMS 0x0000000083a00000| PB 0x0000000083a00000| Untracked 
|  29|0x0000000083b00000, 0x0000000083b00000, 0x0000000083c00000|  0%| F|  |TAMS 0x0000000083b00000| PB 0x0000000083b00000| Untracked 
|  30|0x0000000083c00000, 0x0000000083c00000, 0x0000000083d00000|  0%| F|  |TAMS 0x0000000083c00000| PB 0x0000000083c00000| Untracked 
|  31|0x0000000083d00000, 0x0000000083d00000, 0x0000000083e00000|  0%| F|  |TAMS 0x0000000083d00000| PB 0x0000000083d00000| Untracked 
|  32|0x0000000083e00000, 0x0000000083e00000, 0x0000000083f00000|  0%| F|  |TAMS 0x0000000083e00000| PB 0x0000000083e00000| Untracked 
|  33|0x0000000083f00000, 0x0000000083f00000, 0x0000000084000000|  0%| F|  |TAMS 0x0000000083f00000| PB 0x0000000083f00000| Untracked 
|  34|0x0000000084000000, 0x0000000084000000, 0x0000000084100000|  0%| F|  |TAMS 0x0000000084000000| PB 0x0000000084000000| Untracked 
|  35|0x0000000084100000, 0x0000000084100000, 0x0000000084200000|  0%| F|  |TAMS 0x0000000084100000| PB 0x0000000084100000| Untracked 
|  36|0x0000000084200000, 0x0000000084200000, 0x0000000084300000|  0%| F|  |TAMS 0x0000000084200000| PB 0x0000000084200000| Untracked 
|  37|0x0000000084300000, 0x0000000084300000, 0x0000000084400000|  0%| F|  |TAMS 0x0000000084300000| PB 0x0000000084300000| Untracked 
|  38|0x0000000084400000, 0x0000000084400000, 0x0000000084500000|  0%| F|  |TAMS 0x0000000084400000| PB 0x0000000084400000| Untracked 
|  39|0x0000000084500000, 0x0000000084500000, 0x0000000084600000|  0%| F|  |TAMS 0x0000000084500000| PB 0x0000000084500000| Untracked 
|  40|0x0000000084600000, 0x0000000084600000, 0x0000000084700000|  0%| F|  |TAMS 0x0000000084600000| PB 0x0000000084600000| Untracked 
|  41|0x0000000084700000, 0x0000000084700000, 0x0000000084800000|  0%| F|  |TAMS 0x0000000084700000| PB 0x0000000084700000| Untracked 
|  42|0x0000000084800000, 0x0000000084800000, 0x0000000084900000|  0%| F|  |TAMS 0x0000000084800000| PB 0x0000000084800000| Untracked 
|  43|0x0000000084900000, 0x0000000084900000, 0x0000000084a00000|  0%| F|  |TAMS 0x0000000084900000| PB 0x0000000084900000| Untracked 
|  44|0x0000000084a00000, 0x0000000084a00000, 0x0000000084b00000|  0%| F|  |TAMS 0x0000000084a00000| PB 0x0000000084a00000| Untracked 
|  45|0x0000000084b00000, 0x0000000084b00000, 0x0000000084c00000|  0%| F|  |TAMS 0x0000000084b00000| PB 0x0000000084b00000| Untracked 
|  46|0x0000000084c00000, 0x0000000084c00000, 0x0000000084d00000|  0%| F|  |TAMS 0x0000000084c00000| PB 0x0000000084c00000| Untracked 
|  47|0x0000000084d00000, 0x0000000084d00000, 0x0000000084e00000|  0%| F|  |TAMS 0x0000000084d00000| PB 0x0000000084d00000| Untracked 
|  48|0x0000000084e00000, 0x0000000084e00000, 0x0000000084f00000|  0%| F|  |TAMS 0x0000000084e00000| PB 0x0000000084e00000| Untracked 
|  49|0x0000000084f00000, 0x0000000084f00000, 0x0000000085000000|  0%| F|  |TAMS 0x0000000084f00000| PB 0x0000000084f00000| Untracked 
|  50|0x0000000085000000, 0x0000000085000000, 0x0000000085100000|  0%| F|  |TAMS 0x0000000085000000| PB 0x0000000085000000| Untracked 
|  51|0x0000000085100000, 0x0000000085100000, 0x0000000085200000|  0%| F|  |TAMS 0x0000000085100000| PB 0x0000000085100000| Untracked 
|  52|0x0000000085200000, 0x0000000085200000, 0x0000000085300000|  0%| F|  |TAMS 0x0000000085200000| PB 0x0000000085200000| Untracked 
|  53|0x0000000085300000, 0x0000000085300000, 0x0000000085400000|  0%| F|  |TAMS 0x0000000085300000| PB 0x0000000085300000| Untracked 
|  54|0x0000000085400000, 0x0000000085400000, 0x0000000085500000|  0%| F|  |TAMS 0x0000000085400000| PB 0x0000000085400000| Untracked 
|  55|0x0000000085500000, 0x0000000085500000, 0x0000000085600000|  0%| F|  |TAMS 0x0000000085500000| PB 0x0000000085500000| Untracked 
|  56|0x0000000085600000, 0x0000000085600000, 0x0000000085700000|  0%| F|  |TAMS 0x0000000085600000| PB 0x0000000085600000| Untracked 
|  57|0x0000000085700000, 0x0000000085700000, 0x0000000085800000|  0%| F|  |TAMS 0x0000000085700000| PB 0x0000000085700000| Untracked 
|  58|0x0000000085800000, 0x0000000085800000, 0x0000000085900000|  0%| F|  |TAMS 0x0000000085800000| PB 0x0000000085800000| Untracked 
|  59|0x0000000085900000, 0x0000000085900000, 0x0000000085a00000|  0%| F|  |TAMS 0x0000000085900000| PB 0x0000000085900000| Untracked 
|  60|0x0000000085a00000, 0x0000000085a00000, 0x0000000085b00000|  0%| F|  |TAMS 0x0000000085a00000| PB 0x0000000085a00000| Untracked 
|  61|0x0000000085b00000, 0x0000000085b00000, 0x0000000085c00000|  0%| F|  |TAMS 0x0000000085b00000| PB 0x0000000085b00000| Untracked 
|  62|0x0000000085c00000, 0x0000000085c00000, 0x0000000085d00000|  0%| F|  |TAMS 0x0000000085c00000| PB 0x0000000085c00000| Untracked 
|  63|0x0000000085d00000, 0x0000000085d00000, 0x0000000085e00000|  0%| F|  |TAMS 0x0000000085d00000| PB 0x0000000085d00000| Untracked 
|  64|0x0000000085e00000, 0x0000000085e00000, 0x0000000085f00000|  0%| F|  |TAMS 0x0000000085e00000| PB 0x0000000085e00000| Untracked 
|  65|0x0000000085f00000, 0x0000000085f00000, 0x0000000086000000|  0%| F|  |TAMS 0x0000000085f00000| PB 0x0000000085f00000| Untracked 
|  66|0x0000000086000000, 0x0000000086000000, 0x0000000086100000|  0%| F|  |TAMS 0x0000000086000000| PB 0x0000000086000000| Untracked 
|  67|0x0000000086100000, 0x0000000086100000, 0x0000000086200000|  0%| F|  |TAMS 0x0000000086100000| PB 0x0000000086100000| Untracked 
|  68|0x0000000086200000, 0x0000000086200000, 0x0000000086300000|  0%| F|  |TAMS 0x0000000086200000| PB 0x0000000086200000| Untracked 
|  69|0x0000000086300000, 0x0000000086300000, 0x0000000086400000|  0%| F|  |TAMS 0x0000000086300000| PB 0x0000000086300000| Untracked 
|  70|0x0000000086400000, 0x0000000086400000, 0x0000000086500000|  0%| F|  |TAMS 0x0000000086400000| PB 0x0000000086400000| Untracked 
|  71|0x0000000086500000, 0x0000000086500000, 0x0000000086600000|  0%| F|  |TAMS 0x0000000086500000| PB 0x0000000086500000| Untracked 
|  72|0x0000000086600000, 0x0000000086600000, 0x0000000086700000|  0%| F|  |TAMS 0x0000000086600000| PB 0x0000000086600000| Untracked 
|  73|0x0000000086700000, 0x0000000086700000, 0x0000000086800000|  0%| F|  |TAMS 0x0000000086700000| PB 0x0000000086700000| Untracked 
|  74|0x0000000086800000, 0x0000000086800000, 0x0000000086900000|  0%| F|  |TAMS 0x0000000086800000| PB 0x0000000086800000| Untracked 
|  75|0x0000000086900000, 0x0000000086900000, 0x0000000086a00000|  0%| F|  |TAMS 0x0000000086900000| PB 0x0000000086900000| Untracked 
|  76|0x0000000086a00000, 0x0000000086a00000, 0x0000000086b00000|  0%| F|  |TAMS 0x0000000086a00000| PB 0x0000000086a00000| Untracked 
|  77|0x0000000086b00000, 0x0000000086b00000, 0x0000000086c00000|  0%| F|  |TAMS 0x0000000086b00000| PB 0x0000000086b00000| Untracked 
|  78|0x0000000086c00000, 0x0000000086c00000, 0x0000000086d00000|  0%| F|  |TAMS 0x0000000086c00000| PB 0x0000000086c00000| Untracked 
|  79|0x0000000086d00000, 0x0000000086d00000, 0x0000000086e00000|  0%| F|  |TAMS 0x0000000086d00000| PB 0x0000000086d00000| Untracked 
|  80|0x0000000086e00000, 0x0000000086e00000, 0x0000000086f00000|  0%| F|  |TAMS 0x0000000086e00000| PB 0x0000000086e00000| Untracked 
|  81|0x0000000086f00000, 0x0000000086f00000, 0x0000000087000000|  0%| F|  |TAMS 0x0000000086f00000| PB 0x0000000086f00000| Untracked 
|  82|0x0000000087000000, 0x0000000087000000, 0x0000000087100000|  0%| F|  |TAMS 0x0000000087000000| PB 0x0000000087000000| Untracked 
|  83|0x0000000087100000, 0x0000000087100000, 0x0000000087200000|  0%| F|  |TAMS 0x0000000087100000| PB 0x0000000087100000| Untracked 
|  84|0x0000000087200000, 0x0000000087200000, 0x0000000087300000|  0%| F|  |TAMS 0x0000000087200000| PB 0x0000000087200000| Untracked 
|  85|0x0000000087300000, 0x0000000087300000, 0x0000000087400000|  0%| F|  |TAMS 0x0000000087300000| PB 0x0000000087300000| Untracked 
|  86|0x0000000087400000, 0x0000000087400000, 0x0000000087500000|  0%| F|  |TAMS 0x0000000087400000| PB 0x0000000087400000| Untracked 
|  87|0x0000000087500000, 0x0000000087600000, 0x0000000087600000|100%| S|CS|TAMS 0x0000000087500000| PB 0x0000000087500000| Complete 
|  88|0x0000000087600000, 0x0000000087700000, 0x0000000087700000|100%| S|CS|TAMS 0x0000000087600000| PB 0x0000000087600000| Complete 
|  89|0x0000000087700000, 0x0000000087800000, 0x0000000087800000|100%| S|CS|TAMS 0x0000000087700000| PB 0x0000000087700000| Complete 
|  90|0x0000000087800000, 0x0000000087900000, 0x0000000087900000|100%| S|CS|TAMS 0x0000000087800000| PB 0x0000000087800000| Complete 
|  91|0x0000000087900000, 0x0000000087a00000, 0x0000000087a00000|100%| S|CS|TAMS 0x0000000087900000| PB 0x0000000087900000| Complete 
|  92|0x0000000087a00000, 0x0000000087a00000, 0x0000000087b00000|  0%| F|  |TAMS 0x0000000087a00000| PB 0x0000000087a00000| Untracked 
|  93|0x0000000087b00000, 0x0000000087b00000, 0x0000000087c00000|  0%| F|  |TAMS 0x0000000087b00000| PB 0x0000000087b00000| Untracked 
|  94|0x0000000087c00000, 0x0000000087c00000, 0x0000000087d00000|  0%| F|  |TAMS 0x0000000087c00000| PB 0x0000000087c00000| Untracked 
|  95|0x0000000087d00000, 0x0000000087d00000, 0x0000000087e00000|  0%| F|  |TAMS 0x0000000087d00000| PB 0x0000000087d00000| Untracked 
|  96|0x0000000087e00000, 0x0000000087e00000, 0x0000000087f00000|  0%| F|  |TAMS 0x0000000087e00000| PB 0x0000000087e00000| Untracked 
|  97|0x0000000087f00000, 0x0000000087f00000, 0x0000000088000000|  0%| F|  |TAMS 0x0000000087f00000| PB 0x0000000087f00000| Untracked 
|  98|0x0000000088000000, 0x0000000088000000, 0x0000000088100000|  0%| F|  |TAMS 0x0000000088000000| PB 0x0000000088000000| Untracked 
|  99|0x0000000088100000, 0x0000000088100000, 0x0000000088200000|  0%| F|  |TAMS 0x0000000088100000| PB 0x0000000088100000| Untracked 
| 100|0x0000000088200000, 0x0000000088200000, 0x0000000088300000|  0%| F|  |TAMS 0x0000000088200000| PB 0x0000000088200000| Untracked 
| 101|0x0000000088300000, 0x0000000088300000, 0x0000000088400000|  0%| F|  |TAMS 0x0000000088300000| PB 0x0000000088300000| Untracked 
| 102|0x0000000088400000, 0x0000000088400000, 0x0000000088500000|  0%| F|  |TAMS 0x0000000088400000| PB 0x0000000088400000| Untracked 
| 103|0x0000000088500000, 0x0000000088500000, 0x0000000088600000|  0%| F|  |TAMS 0x0000000088500000| PB 0x0000000088500000| Untracked 
| 104|0x0000000088600000, 0x0000000088600000, 0x0000000088700000|  0%| F|  |TAMS 0x0000000088600000| PB 0x0000000088600000| Untracked 
| 105|0x0000000088700000, 0x0000000088700000, 0x0000000088800000|  0%| F|  |TAMS 0x0000000088700000| PB 0x0000000088700000| Untracked 
| 106|0x0000000088800000, 0x0000000088800000, 0x0000000088900000|  0%| F|  |TAMS 0x0000000088800000| PB 0x0000000088800000| Untracked 
| 107|0x0000000088900000, 0x0000000088900000, 0x0000000088a00000|  0%| F|  |TAMS 0x0000000088900000| PB 0x0000000088900000| Untracked 
| 108|0x0000000088a00000, 0x0000000088a00000, 0x0000000088b00000|  0%| F|  |TAMS 0x0000000088a00000| PB 0x0000000088a00000| Untracked 
| 109|0x0000000088b00000, 0x0000000088b00000, 0x0000000088c00000|  0%| F|  |TAMS 0x0000000088b00000| PB 0x0000000088b00000| Untracked 
| 110|0x0000000088c00000, 0x0000000088c00000, 0x0000000088d00000|  0%| F|  |TAMS 0x0000000088c00000| PB 0x0000000088c00000| Untracked 
| 111|0x0000000088d00000, 0x0000000088d00000, 0x0000000088e00000|  0%| F|  |TAMS 0x0000000088d00000| PB 0x0000000088d00000| Untracked 
| 112|0x0000000088e00000, 0x0000000088e00000, 0x0000000088f00000|  0%| F|  |TAMS 0x0000000088e00000| PB 0x0000000088e00000| Untracked 
| 113|0x0000000088f00000, 0x0000000088f00000, 0x0000000089000000|  0%| F|  |TAMS 0x0000000088f00000| PB 0x0000000088f00000| Untracked 
| 114|0x0000000089000000, 0x0000000089000000, 0x0000000089100000|  0%| F|  |TAMS 0x0000000089000000| PB 0x0000000089000000| Untracked 
| 115|0x0000000089100000, 0x0000000089100000, 0x0000000089200000|  0%| F|  |TAMS 0x0000000089100000| PB 0x0000000089100000| Untracked 
| 116|0x0000000089200000, 0x0000000089200000, 0x0000000089300000|  0%| F|  |TAMS 0x0000000089200000| PB 0x0000000089200000| Untracked 
| 117|0x0000000089300000, 0x0000000089300000, 0x0000000089400000|  0%| F|  |TAMS 0x0000000089300000| PB 0x0000000089300000| Untracked 
| 118|0x0000000089400000, 0x0000000089400000, 0x0000000089500000|  0%| F|  |TAMS 0x0000000089400000| PB 0x0000000089400000| Untracked 
| 119|0x0000000089500000, 0x0000000089500000, 0x0000000089600000|  0%| F|  |TAMS 0x0000000089500000| PB 0x0000000089500000| Untracked 
| 120|0x0000000089600000, 0x0000000089600000, 0x0000000089700000|  0%| F|  |TAMS 0x0000000089600000| PB 0x0000000089600000| Untracked 
| 121|0x0000000089700000, 0x0000000089700000, 0x0000000089800000|  0%| F|  |TAMS 0x0000000089700000| PB 0x0000000089700000| Untracked 
| 122|0x0000000089800000, 0x0000000089800000, 0x0000000089900000|  0%| F|  |TAMS 0x0000000089800000| PB 0x0000000089800000| Untracked 
| 123|0x0000000089900000, 0x0000000089900000, 0x0000000089a00000|  0%| F|  |TAMS 0x0000000089900000| PB 0x0000000089900000| Untracked 
| 124|0x0000000089a00000, 0x0000000089a00000, 0x0000000089b00000|  0%| F|  |TAMS 0x0000000089a00000| PB 0x0000000089a00000| Untracked 
| 125|0x0000000089b00000, 0x0000000089b00000, 0x0000000089c00000|  0%| F|  |TAMS 0x0000000089b00000| PB 0x0000000089b00000| Untracked 
| 126|0x0000000089c00000, 0x0000000089d00000, 0x0000000089d00000|100%| E|  |TAMS 0x0000000089c00000| PB 0x0000000089c00000| Complete 
| 127|0x0000000089d00000, 0x0000000089e00000, 0x0000000089e00000|100%| E|CS|TAMS 0x0000000089d00000| PB 0x0000000089d00000| Complete 

Card table byte_map: [0x000002a1fc720000,0x000002a1fcb20000] _byte_map_base: 0x000002a1fc311000

Marking Bits: (CMBitMap*) 0x000002a1fbf8a250
 Bits: [0x000002a1fcf20000, 0x000002a1feea8000)

Polling page: 0x000002a1fb6f0000

Metaspace:

Usage:
  Non-class:     17.11 MB used.
      Class:      2.41 MB used.
       Both:     19.53 MB used.

Virtual space:
  Non-class space:       64.00 MB reserved,      17.31 MB ( 27%) committed,  1 nodes.
      Class space:        1.00 GB reserved,       2.56 MB ( <1%) committed,  1 nodes.
             Both:        1.06 GB reserved,      19.88 MB (  2%) committed. 

Chunk freelists:
   Non-Class:  2.61 MB
       Class:  1.42 MB
        Both:  4.03 MB

MaxMetaspaceSize: unlimited
CompressedClassSpaceSize: 1.00 GB
Initial GC threshold: 21.00 MB
Current GC threshold: 21.00 MB
CDS: on
MetaspaceReclaimPolicy: balanced
 - commit_granule_bytes: 65536.
 - commit_granule_words: 8192.
 - virtual_space_node_default_size: 8388608.
 - enlarge_chunks_in_place: 1.
 - new_chunks_are_fully_committed: 0.
 - uncommit_free_chunks: 1.
 - use_allocation_guard: 0.


Internal statistics:

num_allocs_failed_limit: 0.
num_arena_births: 318.
num_arena_deaths: 0.
num_vsnodes_births: 2.
num_vsnodes_deaths: 0.
num_space_committed: 318.
num_space_uncommitted: 0.
num_chunks_returned_to_freelist: 0.
num_chunks_taken_from_freelist: 839.
num_chunk_merges: 0.
num_chunk_splits: 590.
num_chunks_enlarged: 452.
num_inconsistent_stats: 0.

CodeHeap 'non-profiled nmethods': size=120000Kb used=879Kb max_used=879Kb free=119121Kb
 bounds [0x000002a18fae0000, 0x000002a18fd50000, 0x000002a197010000]
CodeHeap 'profiled nmethods': size=120000Kb used=3762Kb max_used=3762Kb free=116237Kb
 bounds [0x000002a188010000, 0x000002a1883c0000, 0x000002a18f540000]
CodeHeap 'non-nmethods': size=5760Kb used=1974Kb max_used=2020Kb free=3785Kb
 bounds [0x000002a18f540000, 0x000002a18f7b0000, 0x000002a18fae0000]
 total_blobs=3081 nmethods=2166 adapters=826
 compilation: enabled
              stopped_count=0, restarted_count=0
 full_count=0

Compilation events (20 events):
Event: 5.921 Thread 0x000002a1ff912170 nmethod 2161 0x000002a1883b7990 code [0x000002a1883b7b20, 0x000002a1883b7d50]
Event: 5.921 Thread 0x000002a1ff912170 2162       3       java.util.regex.ASCII::getType (17 bytes)
Event: 5.922 Thread 0x000002a1ff912170 nmethod 2162 0x000002a1883b7e90 code [0x000002a1883b8020, 0x000002a1883b81c0]
Event: 5.922 Thread 0x000002a1ff912170 2167       3       java.util.regex.ASCII::isSpace (8 bytes)
Event: 5.922 Thread 0x000002a1ff912170 nmethod 2167 0x000002a1883b8290 code [0x000002a1883b8420, 0x000002a1883b86b0]
Event: 5.922 Thread 0x000002a1ff912170 2165       3       java.util.regex.CharPredicates$$Lambda$19/0x800000027::is (5 bytes)
Event: 5.923 Thread 0x000002a1ff912170 nmethod 2165 0x000002a1883b8810 code [0x000002a1883b89c0, 0x000002a1883b8dd0]
Event: 5.923 Thread 0x000002a1ff912170 2166       3       java.util.regex.CharPredicates::lambda$ASCII_SPACE$20 (20 bytes)
Event: 5.923 Thread 0x000002a1ff912170 nmethod 2166 0x000002a1883b8f10 code [0x000002a1883b90c0, 0x000002a1883b9448]
Event: 5.923 Thread 0x000002a1ff912170 2164       3       java.util.regex.Pattern$BmpCharProperty::match (55 bytes)
Event: 5.924 Thread 0x000002a1ff912170 nmethod 2164 0x000002a1883b9590 code [0x000002a1883b9760, 0x000002a1883b9c00]
Event: 5.924 Thread 0x000002a1ff912170 2149       3       sun.util.locale.LanguageTag::getVariants (24 bytes)
Event: 5.924 Thread 0x000002a1ff912170 nmethod 2149 0x000002a1883b9d90 code [0x000002a1883b9f40, 0x000002a1883ba210]
Event: 5.924 Thread 0x000002a1ff912170 2150       3       sun.util.locale.LanguageTag::getExtensions (24 bytes)
Event: 5.925 Thread 0x000002a1ff912170 nmethod 2150 0x000002a1883ba310 code [0x000002a1883ba4c0, 0x000002a1883ba790]
Event: 5.925 Thread 0x000002a1ff912170 2147       3       sun.util.locale.LocaleObjectCache::normalizeKey (2 bytes)
Event: 5.925 Thread 0x000002a1ff912170 nmethod 2147 0x000002a1883ba890 code [0x000002a1883baa20, 0x000002a1883bab30]
Event: 5.925 Thread 0x000002a1ff912170 2148       3       sun.util.locale.LanguageTag::isRegion (36 bytes)
Event: 5.927 Thread 0x000002a1ff912170 nmethod 2148 0x000002a1883bab90 code [0x000002a1883bae80, 0x000002a1883bc228]
Event: 5.928 Thread 0x000002a1ff912170 2157       1       java.util.concurrent.CopyOnWriteArrayList::getArray (5 bytes)

GC Heap History (4 events):
Event: 0.969 GC heap before
{Heap before GC invocations=0 (full 0):
 garbage-first heap   total 131072K, used 22528K [0x0000000081e00000, 0x0000000100000000)
  region size 1024K, 23 young (23552K), 0 survivors (0K)
 Metaspace       used 6174K, committed 6464K, reserved 1114112K
  class space    used 766K, committed 896K, reserved 1048576K
}
Event: 0.975 GC heap after
{Heap after GC invocations=1 (full 0):
 garbage-first heap   total 131072K, used 3429K [0x0000000081e00000, 0x0000000100000000)
  region size 1024K, 3 young (3072K), 3 survivors (3072K)
 Metaspace       used 6174K, committed 6464K, reserved 1114112K
  class space    used 766K, committed 896K, reserved 1048576K
}
Event: 5.844 GC heap before
{Heap before GC invocations=1 (full 0):
 garbage-first heap   total 131072K, used 42341K [0x0000000081e00000, 0x0000000100000000)
  region size 1024K, 36 young (36864K), 3 survivors (3072K)
 Metaspace       used 19758K, committed 20032K, reserved 1114112K
  class space    used 2447K, committed 2560K, reserved 1048576K
}
Event: 5.854 GC heap after
{Heap after GC invocations=2 (full 0):
 garbage-first heap   total 131072K, used 12782K [0x0000000081e00000, 0x0000000100000000)
  region size 1024K, 5 young (5120K), 5 survivors (5120K)
 Metaspace       used 19758K, committed 20032K, reserved 1114112K
  class space    used 2447K, committed 2560K, reserved 1048576K
}

Dll operation events (20 events):
Event: 0.487 Loaded shared library C:\Program Files\Java\javafx-sdk-20.0.2\bin\api-ms-win-crt-process-l1-1-0.dll
Event: 0.489 Loaded shared library C:\Program Files\Java\javafx-sdk-20.0.2\bin\api-ms-win-crt-runtime-l1-1-0.dll
Event: 0.491 Loaded shared library C:\Program Files\Java\javafx-sdk-20.0.2\bin\api-ms-win-crt-stdio-l1-1-0.dll
Event: 0.494 Loaded shared library C:\Program Files\Java\javafx-sdk-20.0.2\bin\api-ms-win-crt-string-l1-1-0.dll
Event: 0.496 Loaded shared library C:\Program Files\Java\javafx-sdk-20.0.2\bin\api-ms-win-crt-time-l1-1-0.dll
Event: 0.499 Loaded shared library C:\Program Files\Java\javafx-sdk-20.0.2\bin\api-ms-win-crt-utility-l1-1-0.dll
Event: 0.501 Loaded shared library C:\Program Files\Java\javafx-sdk-20.0.2\bin\ucrtbase.dll
Event: 0.503 Loaded shared library C:\Program Files\Java\javafx-sdk-20.0.2\bin\vcruntime140.dll
Event: 0.505 Loaded shared library C:\Program Files\Java\javafx-sdk-20.0.2\bin\vcruntime140_1.dll
Event: 0.507 Loaded shared library C:\Program Files\Java\javafx-sdk-20.0.2\bin\msvcp140.dll
Event: 0.510 Loaded shared library C:\Program Files\Java\javafx-sdk-20.0.2\bin\msvcp140_1.dll
Event: 0.512 Loaded shared library C:\Program Files\Java\javafx-sdk-20.0.2\bin\msvcp140_2.dll
Event: 0.570 Loaded shared library C:\Program Files\Java\javafx-sdk-20.0.2\bin\prism_d3d.dll
Event: 0.622 Loaded shared library C:\Program Files\Java\javafx-sdk-20.0.2\bin\glass.dll
Event: 0.787 Loaded shared library C:\Program Files\Java\jdk-20\bin\jimage.dll
Event: 1.005 Loaded shared library C:\Program Files\Java\javafx-sdk-20.0.2\bin\javafx_font.dll
Event: 3.425 Loaded shared library C:\Windows\System32\dpuareu_jni.dll
Event: 3.585 Loaded shared library C:\Program Files\Java\javafx-sdk-20.0.2\bin\javafx_iio.dll
Event: 5.151 Loaded shared library C:\Program Files\Java\jdk-20\bin\awt.dll
Event: 5.631 Loaded shared library C:\Program Files\Java\jdk-20\bin\extnet.dll

Deoptimization events (20 events):
Event: 5.918 Thread 0x000002a1defa4ca0 Uncommon trap: trap_request=0xffffff45 fr.pc=0x000002a18fbb305c relative=0x00000000000006fc
Event: 5.918 Thread 0x000002a1defa4ca0 Uncommon trap: reason=unstable_if action=reinterpret pc=0x000002a18fbb305c method=java.util.regex.Matcher.search(I)Z @ 30 c2
Event: 5.918 Thread 0x000002a1defa4ca0 DEOPT PACKING pc=0x000002a18fbb305c sp=0x000000d5358fdf60
Event: 5.918 Thread 0x000002a1defa4ca0 DEOPT UNPACKING pc=0x000002a18f5a9d22 sp=0x000000d5358fdf40 mode 2
Event: 5.918 Thread 0x000002a1defa4ca0 Uncommon trap: trap_request=0xffffffde fr.pc=0x000002a18fbaf380 relative=0x00000000000002c0
Event: 5.918 Thread 0x000002a1defa4ca0 Uncommon trap: reason=class_check action=maybe_recompile pc=0x000002a18fbaf380 method=java.util.regex.Pattern$BmpCharPropertyGreedy.match(Ljava/util/regex/Matcher;ILjava/lang/CharSequence;)Z @ 26 c2
Event: 5.918 Thread 0x000002a1defa4ca0 DEOPT PACKING pc=0x000002a18fbaf380 sp=0x000000d5358fdea0
Event: 5.918 Thread 0x000002a1defa4ca0 DEOPT UNPACKING pc=0x000002a18f5a9d22 sp=0x000000d5358fde38 mode 2
Event: 5.918 Thread 0x000002a1defa4ca0 Uncommon trap: trap_request=0xffffffde fr.pc=0x000002a18fbaf380 relative=0x00000000000002c0
Event: 5.918 Thread 0x000002a1defa4ca0 Uncommon trap: reason=class_check action=maybe_recompile pc=0x000002a18fbaf380 method=java.util.regex.Pattern$BmpCharPropertyGreedy.match(Ljava/util/regex/Matcher;ILjava/lang/CharSequence;)Z @ 26 c2
Event: 5.918 Thread 0x000002a1defa4ca0 DEOPT PACKING pc=0x000002a18fbaf380 sp=0x000000d5358fdea0
Event: 5.918 Thread 0x000002a1defa4ca0 DEOPT UNPACKING pc=0x000002a18f5a9d22 sp=0x000000d5358fde38 mode 2
Event: 5.919 Thread 0x000002a1defa4ca0 Uncommon trap: trap_request=0xffffffde fr.pc=0x000002a18fbaf380 relative=0x00000000000002c0
Event: 5.919 Thread 0x000002a1defa4ca0 Uncommon trap: reason=class_check action=maybe_recompile pc=0x000002a18fbaf380 method=java.util.regex.Pattern$BmpCharPropertyGreedy.match(Ljava/util/regex/Matcher;ILjava/lang/CharSequence;)Z @ 26 c2
Event: 5.919 Thread 0x000002a1defa4ca0 DEOPT PACKING pc=0x000002a18fbaf380 sp=0x000000d5358fdea0
Event: 5.919 Thread 0x000002a1defa4ca0 DEOPT UNPACKING pc=0x000002a18f5a9d22 sp=0x000000d5358fde38 mode 2
Event: 5.919 Thread 0x000002a1defa4ca0 Uncommon trap: trap_request=0xffffffde fr.pc=0x000002a18fbaf380 relative=0x00000000000002c0
Event: 5.919 Thread 0x000002a1defa4ca0 Uncommon trap: reason=class_check action=maybe_recompile pc=0x000002a18fbaf380 method=java.util.regex.Pattern$BmpCharPropertyGreedy.match(Ljava/util/regex/Matcher;ILjava/lang/CharSequence;)Z @ 26 c2
Event: 5.919 Thread 0x000002a1defa4ca0 DEOPT PACKING pc=0x000002a18fbaf380 sp=0x000000d5358fdea0
Event: 5.919 Thread 0x000002a1defa4ca0 DEOPT UNPACKING pc=0x000002a18f5a9d22 sp=0x000000d5358fde38 mode 2

Classes loaded (20 events):
Event: 5.809 Loading class sun/nio/cs/UTF_8$Encoder
Event: 5.809 Loading class sun/nio/cs/UTF_8$Encoder done
Event: 5.825 Loading class java/util/TimerTask
Event: 5.825 Loading class java/util/TimerTask done
Event: 5.910 Loading class java/time/format/DateTimeParseException
Event: 5.910 Loading class java/time/DateTimeException
Event: 5.910 Loading class java/time/DateTimeException done
Event: 5.911 Loading class java/time/format/DateTimeParseException done
Event: 5.916 Loading class java/security/InvalidKeyException
Event: 5.916 Loading class java/security/KeyException
Event: 5.916 Loading class java/security/KeyException done
Event: 5.916 Loading class java/security/InvalidKeyException done
Event: 5.916 Loading class java/security/spec/InvalidKeySpecException
Event: 5.916 Loading class java/security/spec/InvalidKeySpecException done
Event: 5.916 Loading class javax/crypto/NoSuchPaddingException
Event: 5.916 Loading class javax/crypto/NoSuchPaddingException done
Event: 5.916 Loading class javax/crypto/IllegalBlockSizeException
Event: 5.916 Loading class javax/crypto/IllegalBlockSizeException done
Event: 5.917 Loading class javax/net/ssl/SSLSocket
Event: 5.917 Loading class javax/net/ssl/SSLSocket done

Classes unloaded (0 events):
No events

Classes redefined (0 events):
No events

Internal exceptions (20 events):
Event: 1.290 Thread 0x000002a1dec956c0 Implicit null exception at 0x000002a18fb336a0 to 0x000002a18fb33930
Event: 1.291 Thread 0x000002a1dec956c0 Implicit null exception at 0x000002a18fafaea0 to 0x000002a18fafaf1d
Event: 1.393 Thread 0x000002a1dec956c0 Implicit null exception at 0x000002a18fb38c12 to 0x000002a18fb392c0
Event: 1.480 Thread 0x000002a1dec956c0 Exception <a 'java/lang/NoSuchMethodError'{0x0000000088f28630}: 'java.lang.Object java.lang.invoke.DirectMethodHandle$Holder.invokeInterface(java.lang.Object, java.lang.Object, java.lang.Object)'> (0x0000000088f28630) 
thrown [s\open\src\hotspot\share\interpreter\linkResolver.cpp, line 773]
Event: 1.481 Thread 0x000002a1dec956c0 Exception <a 'java/lang/IncompatibleClassChangeError'{0x0000000088f2bcd8}: Found class java.lang.Object, but interface was expected> (0x0000000088f2bcd8) 
thrown [s\open\src\hotspot\share\interpreter\linkResolver.cpp, line 840]
Event: 1.548 Thread 0x000002a1dec956c0 Exception <a 'java/lang/NoSuchMethodError'{0x0000000088e42dc8}: 'int java.lang.invoke.DirectMethodHandle$Holder.invokeSpecial(java.lang.Object, java.lang.Object, int)'> (0x0000000088e42dc8) 
thrown [s\open\src\hotspot\share\interpreter\linkResolver.cpp, line 773]
Event: 1.572 Thread 0x000002a1dec956c0 Exception <a 'java/lang/NoSuchMethodError'{0x0000000088ed8b30}: 'java.lang.Object java.lang.invoke.DirectMethodHandle$Holder.newInvokeSpecial(java.lang.Object, java.lang.Object, int)'> (0x0000000088ed8b30) 
thrown [s\open\src\hotspot\share\interpreter\linkResolver.cpp, line 773]
Event: 1.631 Thread 0x000002a1de893220 Exception <a 'java/lang/NoSuchMethodError'{0x0000000088d93b18}: 'int java.lang.invoke.DirectMethodHandle$Holder.invokeStaticInit(java.lang.Object, java.lang.Object)'> (0x0000000088d93b18) 
thrown [s\open\src\hotspot\share\interpreter\linkResolver.cpp, line 773]
Event: 1.663 Thread 0x000002a1de893220 Exception <a 'java/lang/NoSuchMethodError'{0x0000000088c337b0}: 'java.lang.Object java.lang.invoke.Invokers$Holder.invokeExact_MT(java.lang.Object, java.lang.Object, java.lang.Object, java.lang.Object, java.lang.Object)'> (0x0000000088c337b0) 
thrown [s\open\src\hotspot\share\interpreter\linkResolver.cpp, line 773]
Event: 3.097 Thread 0x000002a1dec956c0 Exception <a 'java/lang/NoSuchMethodError'{0x00000000889adee0}: 'long java.lang.invoke.DirectMethodHandle$Holder.invokeStatic(java.lang.Object, java.lang.Object, java.lang.Object)'> (0x00000000889adee0) 
thrown [s\open\src\hotspot\share\interpreter\linkResolver.cpp, line 773]
Event: 3.098 Thread 0x000002a1dec956c0 Exception <a 'java/lang/NoSuchMethodError'{0x00000000889b12b0}: 'long java.lang.invoke.DirectMethodHandle$Holder.invokeStaticInit(java.lang.Object, java.lang.Object, java.lang.Object)'> (0x00000000889b12b0) 
thrown [s\open\src\hotspot\share\interpreter\linkResolver.cpp, line 773]
Event: 3.101 Thread 0x000002a1dec956c0 Exception <a 'java/lang/NoSuchMethodError'{0x00000000889c9308}: 'java.lang.Object java.lang.invoke.DirectMethodHandle$Holder.newInvokeSpecial(java.lang.Object, java.lang.Object, long)'> (0x00000000889c9308) 
thrown [s\open\src\hotspot\share\interpreter\linkResolver.cpp, line 773]
Event: 3.101 Thread 0x000002a1dec956c0 Exception <a 'java/lang/NoSuchMethodError'{0x00000000889ccc00}: 'java.lang.Object java.lang.invoke.Invokers$Holder.linkToTargetMethod(java.lang.Object, long, java.lang.Object)'> (0x00000000889ccc00) 
thrown [s\open\src\hotspot\share\interpreter\linkResolver.cpp, line 773]
Event: 3.347 Thread 0x000002a1dec956c0 Exception <a 'java/lang/NoSuchMethodError'{0x0000000088872220}: 'void java.lang.invoke.DirectMethodHandle$Holder.invokeVirtual(java.lang.Object, java.lang.Object)'> (0x0000000088872220) 
thrown [s\open\src\hotspot\share\interpreter\linkResolver.cpp, line 773]
Event: 5.163 Thread 0x000002a1defa5740 Exception <a 'java/lang/ClassNotFoundException'{0x00000000883bf478}: sun/awt/resources/spi/awtProvider> (0x00000000883bf478) 
thrown [s\open\src\hotspot\share\classfile\systemDictionary.cpp, line 305]
Event: 5.166 Thread 0x000002a1defa5740 Exception <a 'java/io/FileNotFoundException'{0x00000000883c3678}> (0x00000000883c3678) 
thrown [s\open\src\hotspot\share\prims\jni.cpp, line 519]
Event: 5.166 Thread 0x000002a1defa5740 Exception <a 'java/io/FileNotFoundException'{0x00000000883c4938}> (0x00000000883c4938) 
thrown [s\open\src\hotspot\share\prims\jni.cpp, line 519]
Event: 5.469 Thread 0x000002a1defa4ca0 Exception <a 'java/lang/NoSuchMethodError'{0x00000000881bed88}: 'java.lang.Object java.lang.invoke.DirectMethodHandle$Holder.invokeInterface(java.lang.Object, java.lang.Object)'> (0x00000000881bed88) 
thrown [s\open\src\hotspot\share\interpreter\linkResolver.cpp, line 773]
Event: 5.503 Thread 0x000002a1defa4ca0 Exception <a 'java/lang/NoSuchMethodError'{0x000000008803ad38}: 'java.lang.Object java.lang.invoke.DirectMethodHandle$Holder.invokeVirtual(java.lang.Object, java.lang.Object, java.lang.Object)'> (0x000000008803ad38) 
thrown [s\open\src\hotspot\share\interpreter\linkResolver.cpp, line 773]
Event: 5.926 Thread 0x000002a1defa4ca0 Exception <a 'java/lang/NoSuchMethodError'{0x0000000089cef450}: 'void java.lang.invoke.DirectMethodHandle$Holder.invokeInterface(java.lang.Object, java.lang.Object)'> (0x0000000089cef450) 
thrown [s\open\src\hotspot\share\interpreter\linkResolver.cpp, line 773]

VM Operations (20 events):
Event: 4.338 Executing VM operation: Cleanup
Event: 4.339 Executing VM operation: Cleanup done
Event: 5.350 Executing VM operation: HandshakeAllThreads
Event: 5.351 Executing VM operation: HandshakeAllThreads done
Event: 5.439 Executing VM operation: HandshakeAllThreads
Event: 5.439 Executing VM operation: HandshakeAllThreads done
Event: 5.439 Executing VM operation: Cleanup
Event: 5.439 Executing VM operation: Cleanup done
Event: 5.440 Executing VM operation: HandshakeAllThreads
Event: 5.440 Executing VM operation: HandshakeAllThreads done
Event: 5.470 Executing VM operation: HandshakeAllThreads
Event: 5.470 Executing VM operation: HandshakeAllThreads done
Event: 5.496 Executing VM operation: HandshakeAllThreads
Event: 5.496 Executing VM operation: HandshakeAllThreads done
Event: 5.613 Executing VM operation: HandshakeAllThreads
Event: 5.613 Executing VM operation: HandshakeAllThreads done
Event: 5.721 Executing VM operation: HandshakeAllThreads
Event: 5.721 Executing VM operation: HandshakeAllThreads done
Event: 5.844 Executing VM operation: G1CollectForAllocation
Event: 5.854 Executing VM operation: G1CollectForAllocation done

Events (20 events):
Event: 0.492 Thread 0x000002a1ff913220 Thread exited: 0x000002a1ff913220
Event: 0.501 Thread 0x000002a1ff911be0 Thread exited: 0x000002a1ff911be0
Event: 0.560 Thread 0x000002a1de893220 Thread added: 0x000002a1de893220
Event: 0.626 Thread 0x000002a1dee5b730 Thread added: 0x000002a1dee5b730
Event: 0.632 Thread 0x000002a1dec956c0 Thread added: 0x000002a1dec956c0
Event: 0.736 Thread 0x000002a1ded630a0 Thread added: 0x000002a1ded630a0
Event: 0.743 Thread 0x000002a1dedba330 Thread added: 0x000002a1dedba330
Event: 1.071 Thread 0x000002a1ff912700 Thread added: 0x000002a1ff912700
Event: 1.083 Thread 0x000002a1ff911be0 Thread added: 0x000002a1ff911be0
Event: 1.412 Thread 0x000002a1ff911be0 Thread exited: 0x000002a1ff911be0
Event: 1.468 Thread 0x000002a1e4a13a10 Thread added: 0x000002a1e4a13a10
Event: 1.716 Thread 0x000002a1defa71d0 Thread added: 0x000002a1defa71d0
Event: 2.156 Thread 0x000002a1ff912700 Thread exited: 0x000002a1ff912700
Event: 3.618 Thread 0x000002a1defa4ca0 Thread added: 0x000002a1defa4ca0
Event: 3.724 Thread 0x000002a1defa5740 Thread added: 0x000002a1defa5740
Event: 5.347 Thread 0x000002a1defa5c90 Thread added: 0x000002a1defa5c90
Event: 5.381 Thread 0x000002a1defa5740 Thread exited: 0x000002a1defa5740
Event: 5.434 Thread 0x000002a1defa61e0 Thread added: 0x000002a1defa61e0
Event: 5.485 Thread 0x000002a1ff910010 Thread added: 0x000002a1ff910010
Event: 5.735 Thread 0x000002a1ff9105a0 Thread added: 0x000002a1ff9105a0


Dynamic libraries:
0x00007ff6a04d0000 - 0x00007ff6a04e0000 	C:\Program Files\Java\jdk-20\bin\java.exe
0x00007fff9ecf0000 - 0x00007fff9ef07000 	C:\WINDOWS\SYSTEM32\ntdll.dll
0x00007fff9d0f0000 - 0x00007fff9d1b4000 	C:\WINDOWS\System32\KERNEL32.DLL
0x00007fff9c250000 - 0x00007fff9c5f7000 	C:\WINDOWS\System32\KERNELBASE.dll
0x00007fff9c890000 - 0x00007fff9c9a1000 	C:\WINDOWS\System32\ucrtbase.dll
0x00007fff73560000 - 0x00007fff7357b000 	C:\Program Files\Java\jdk-20\bin\VCRUNTIME140.dll
0x00007fff605d0000 - 0x00007fff605e9000 	C:\Program Files\Java\jdk-20\bin\jli.dll
0x00007fff9ccf0000 - 0x00007fff9cda0000 	C:\WINDOWS\System32\ADVAPI32.dll
0x00007fff9cc10000 - 0x00007fff9ccb7000 	C:\WINDOWS\System32\msvcrt.dll
0x00007fff9cda0000 - 0x00007fff9ce46000 	C:\WINDOWS\System32\sechost.dll
0x00007fff9eb90000 - 0x00007fff9eca7000 	C:\WINDOWS\System32\RPCRT4.dll
0x00007fff9dd20000 - 0x00007fff9dece000 	C:\WINDOWS\System32\USER32.dll
0x00007fff9c9b0000 - 0x00007fff9c9d6000 	C:\WINDOWS\System32\win32u.dll
0x00007fff91e60000 - 0x00007fff920f3000 	C:\WINDOWS\WinSxS\amd64_microsoft.windows.common-controls_6595b64144ccf1df_6.0.22621.2506_none_270c5ae97388e100\COMCTL32.dll
0x00007fff9d220000 - 0x00007fff9d249000 	C:\WINDOWS\System32\GDI32.dll
0x00007fff9c770000 - 0x00007fff9c889000 	C:\WINDOWS\System32\gdi32full.dll
0x00007fff9c070000 - 0x00007fff9c10a000 	C:\WINDOWS\System32\msvcp_win.dll
0x00007fff971e0000 - 0x00007fff971ea000 	C:\WINDOWS\SYSTEM32\VERSION.dll
0x00007fff9dff0000 - 0x00007fff9e021000 	C:\WINDOWS\System32\IMM32.DLL
0x00007fff92520000 - 0x00007fff9252c000 	C:\Program Files\Java\jdk-20\bin\vcruntime140_1.dll
0x00007fff5d3e0000 - 0x00007fff5d46e000 	C:\Program Files\Java\jdk-20\bin\msvcp140.dll
0x00007fff529c0000 - 0x00007fff53658000 	C:\Program Files\Java\jdk-20\bin\server\jvm.dll
0x00007fff96270000 - 0x00007fff962a4000 	C:\WINDOWS\SYSTEM32\WINMM.dll
0x00007fff8c150000 - 0x00007fff8c159000 	C:\WINDOWS\SYSTEM32\WSOCK32.dll
0x00007fff9cfe0000 - 0x00007fff9d051000 	C:\WINDOWS\System32\WS2_32.dll
0x00007fff9b100000 - 0x00007fff9b118000 	C:\WINDOWS\SYSTEM32\kernel.appcore.dll
0x00007fff82700000 - 0x00007fff8270a000 	C:\Program Files\Java\jdk-20\bin\jimage.dll
0x00007fff99b20000 - 0x00007fff99d53000 	C:\WINDOWS\SYSTEM32\DBGHELP.DLL
0x00007fff9d360000 - 0x00007fff9d6e9000 	C:\WINDOWS\System32\combase.dll
0x00007fff9d250000 - 0x00007fff9d327000 	C:\WINDOWS\System32\OLEAUT32.dll
0x00007fff946c0000 - 0x00007fff946f2000 	C:\WINDOWS\SYSTEM32\dbgcore.DLL
0x00007fff9c110000 - 0x00007fff9c18a000 	C:\WINDOWS\System32\bcryptPrimitives.dll
0x00007fff60420000 - 0x00007fff60446000 	C:\Program Files\Java\jdk-20\bin\java.dll
0x00007fff60340000 - 0x00007fff60417000 	C:\Program Files\Java\jdk-20\bin\jsvml.dll
0x00007fff9e040000 - 0x00007fff9e899000 	C:\WINDOWS\System32\SHELL32.dll
0x00007fff99fa0000 - 0x00007fff9a894000 	C:\WINDOWS\SYSTEM32\windows.storage.dll
0x00007fff99e60000 - 0x00007fff99f9e000 	C:\WINDOWS\SYSTEM32\wintypes.dll
0x00007fff9cee0000 - 0x00007fff9cfd3000 	C:\WINDOWS\System32\SHCORE.dll
0x00007fff9d1c0000 - 0x00007fff9d21e000 	C:\WINDOWS\System32\shlwapi.dll
0x00007fff9bfa0000 - 0x00007fff9bfc6000 	C:\WINDOWS\SYSTEM32\profapi.dll
0x00007fff6a3a0000 - 0x00007fff6a3b3000 	C:\Program Files\Java\jdk-20\bin\net.dll
0x00007fff95970000 - 0x00007fff95aa7000 	C:\WINDOWS\SYSTEM32\WINHTTP.dll
0x00007fff9b5e0000 - 0x00007fff9b649000 	C:\WINDOWS\system32\mswsock.dll
0x00007fff60320000 - 0x00007fff60336000 	C:\Program Files\Java\jdk-20\bin\nio.dll
0x00007fff60300000 - 0x00007fff60318000 	C:\Program Files\Java\jdk-20\bin\zip.dll
0x000002a199120000 - 0x000002a199123000 	C:\Program Files\Java\javafx-sdk-20.0.2\bin\api-ms-win-core-console-l1-1-0.dll
0x000002a199130000 - 0x000002a199133000 	C:\Program Files\Java\javafx-sdk-20.0.2\bin\api-ms-win-core-console-l1-2-0.dll
0x000002a199140000 - 0x000002a199143000 	C:\Program Files\Java\javafx-sdk-20.0.2\bin\api-ms-win-core-datetime-l1-1-0.dll
0x000002a199150000 - 0x000002a199153000 	C:\Program Files\Java\javafx-sdk-20.0.2\bin\api-ms-win-core-debug-l1-1-0.dll
0x000002a199160000 - 0x000002a199163000 	C:\Program Files\Java\javafx-sdk-20.0.2\bin\api-ms-win-core-errorhandling-l1-1-0.dll
0x000002a199170000 - 0x000002a199174000 	C:\Program Files\Java\javafx-sdk-20.0.2\bin\api-ms-win-core-file-l1-1-0.dll
0x000002a199180000 - 0x000002a199183000 	C:\Program Files\Java\javafx-sdk-20.0.2\bin\api-ms-win-core-file-l1-2-0.dll
0x000002a199190000 - 0x000002a199193000 	C:\Program Files\Java\javafx-sdk-20.0.2\bin\api-ms-win-core-file-l2-1-0.dll
0x000002a1991a0000 - 0x000002a1991a3000 	C:\Program Files\Java\javafx-sdk-20.0.2\bin\api-ms-win-core-handle-l1-1-0.dll
0x000002a1991b0000 - 0x000002a1991b3000 	C:\Program Files\Java\javafx-sdk-20.0.2\bin\api-ms-win-core-heap-l1-1-0.dll
0x000002a1991c0000 - 0x000002a1991c3000 	C:\Program Files\Java\javafx-sdk-20.0.2\bin\api-ms-win-core-interlocked-l1-1-0.dll
0x000002a1991d0000 - 0x000002a1991d3000 	C:\Program Files\Java\javafx-sdk-20.0.2\bin\api-ms-win-core-libraryloader-l1-1-0.dll
0x000002a1991e0000 - 0x000002a1991e3000 	C:\Program Files\Java\javafx-sdk-20.0.2\bin\api-ms-win-core-localization-l1-2-0.dll
0x000002a1991f0000 - 0x000002a1991f3000 	C:\Program Files\Java\javafx-sdk-20.0.2\bin\api-ms-win-core-memory-l1-1-0.dll
0x000002a199200000 - 0x000002a199203000 	C:\Program Files\Java\javafx-sdk-20.0.2\bin\api-ms-win-core-namedpipe-l1-1-0.dll
0x000002a199210000 - 0x000002a199213000 	C:\Program Files\Java\javafx-sdk-20.0.2\bin\api-ms-win-core-processenvironment-l1-1-0.dll
0x000002a199220000 - 0x000002a199223000 	C:\Program Files\Java\javafx-sdk-20.0.2\bin\api-ms-win-core-processthreads-l1-1-0.dll
0x000002a199230000 - 0x000002a199233000 	C:\Program Files\Java\javafx-sdk-20.0.2\bin\api-ms-win-core-processthreads-l1-1-1.dll
0x000002a199240000 - 0x000002a199243000 	C:\Program Files\Java\javafx-sdk-20.0.2\bin\api-ms-win-core-profile-l1-1-0.dll
0x000002a199250000 - 0x000002a199253000 	C:\Program Files\Java\javafx-sdk-20.0.2\bin\api-ms-win-core-rtlsupport-l1-1-0.dll
0x000002a199260000 - 0x000002a199263000 	C:\Program Files\Java\javafx-sdk-20.0.2\bin\api-ms-win-core-string-l1-1-0.dll
0x000002a199270000 - 0x000002a199273000 	C:\Program Files\Java\javafx-sdk-20.0.2\bin\api-ms-win-core-synch-l1-1-0.dll
0x000002a199280000 - 0x000002a199283000 	C:\Program Files\Java\javafx-sdk-20.0.2\bin\api-ms-win-core-synch-l1-2-0.dll
0x000002a199290000 - 0x000002a199293000 	C:\Program Files\Java\javafx-sdk-20.0.2\bin\api-ms-win-core-sysinfo-l1-1-0.dll
0x000002a1992a0000 - 0x000002a1992a3000 	C:\Program Files\Java\javafx-sdk-20.0.2\bin\api-ms-win-core-timezone-l1-1-0.dll
0x000002a1992b0000 - 0x000002a1992b3000 	C:\Program Files\Java\javafx-sdk-20.0.2\bin\api-ms-win-core-util-l1-1-0.dll
0x000002a1992c0000 - 0x000002a1992c3000 	C:\Program Files\Java\javafx-sdk-20.0.2\bin\api-ms-win-crt-conio-l1-1-0.dll
0x000002a1992d0000 - 0x000002a1992d4000 	C:\Program Files\Java\javafx-sdk-20.0.2\bin\api-ms-win-crt-convert-l1-1-0.dll
0x000002a1992e0000 - 0x000002a1992e3000 	C:\Program Files\Java\javafx-sdk-20.0.2\bin\api-ms-win-crt-environment-l1-1-0.dll
0x000002a1992f0000 - 0x000002a1992f3000 	C:\Program Files\Java\javafx-sdk-20.0.2\bin\api-ms-win-crt-filesystem-l1-1-0.dll
0x000002a199300000 - 0x000002a199303000 	C:\Program Files\Java\javafx-sdk-20.0.2\bin\api-ms-win-crt-heap-l1-1-0.dll
0x000002a199310000 - 0x000002a199313000 	C:\Program Files\Java\javafx-sdk-20.0.2\bin\api-ms-win-crt-locale-l1-1-0.dll
0x000002a199320000 - 0x000002a199325000 	C:\Program Files\Java\javafx-sdk-20.0.2\bin\api-ms-win-crt-math-l1-1-0.dll
0x000002a199330000 - 0x000002a199335000 	C:\Program Files\Java\javafx-sdk-20.0.2\bin\api-ms-win-crt-multibyte-l1-1-0.dll
0x000002a199340000 - 0x000002a199350000 	C:\Program Files\Java\javafx-sdk-20.0.2\bin\api-ms-win-crt-private-l1-1-0.dll
0x000002a199350000 - 0x000002a199353000 	C:\Program Files\Java\javafx-sdk-20.0.2\bin\api-ms-win-crt-process-l1-1-0.dll
0x000002a199360000 - 0x000002a199364000 	C:\Program Files\Java\javafx-sdk-20.0.2\bin\api-ms-win-crt-runtime-l1-1-0.dll
0x000002a199370000 - 0x000002a199374000 	C:\Program Files\Java\javafx-sdk-20.0.2\bin\api-ms-win-crt-stdio-l1-1-0.dll
0x000002a199380000 - 0x000002a199384000 	C:\Program Files\Java\javafx-sdk-20.0.2\bin\api-ms-win-crt-string-l1-1-0.dll
0x000002a199390000 - 0x000002a199393000 	C:\Program Files\Java\javafx-sdk-20.0.2\bin\api-ms-win-crt-time-l1-1-0.dll
0x000002a1993a0000 - 0x000002a1993a3000 	C:\Program Files\Java\javafx-sdk-20.0.2\bin\api-ms-win-crt-utility-l1-1-0.dll
0x00007fff56ec0000 - 0x00007fff56fbc000 	C:\Program Files\Java\javafx-sdk-20.0.2\bin\ucrtbase.dll
0x00007fff794c0000 - 0x00007fff794db000 	C:\Program Files\Java\javafx-sdk-20.0.2\bin\vcruntime140.dll
0x00007fff93860000 - 0x00007fff9386c000 	C:\Program Files\Java\javafx-sdk-20.0.2\bin\vcruntime140_1.dll
0x00007fff55e10000 - 0x00007fff55e9e000 	C:\Program Files\Java\javafx-sdk-20.0.2\bin\msvcp140.dll
0x00007fff794b0000 - 0x00007fff794b9000 	C:\Program Files\Java\javafx-sdk-20.0.2\bin\msvcp140_1.dll
0x00007fff5cd50000 - 0x00007fff5cd80000 	C:\Program Files\Java\javafx-sdk-20.0.2\bin\msvcp140_2.dll
0x00007fff5ca10000 - 0x00007fff5ca3f000 	C:\Program Files\Java\javafx-sdk-20.0.2\bin\prism_d3d.dll
0x00007fff54fd0000 - 0x00007fff55179000 	C:\WINDOWS\system32\d3d9.dll
0x00007fff994a0000 - 0x00007fff994cb000 	C:\WINDOWS\SYSTEM32\dwmapi.dll
0x00007fff99080000 - 0x00007fff990b6000 	C:\WINDOWS\SYSTEM32\dxcore.dll
0x00007fff98da0000 - 0x00007fff98e4b000 	C:\WINDOWS\system32\uxtheme.dll
0x00007fff57190000 - 0x00007fff572f5000 	C:\WINDOWS\System32\DriverStore\FileRepository\igdlh64.inf_amd64_dccdb071926b5316\igdumdim64.dll
0x00007fff9e9f0000 - 0x00007fff9eb90000 	C:\WINDOWS\System32\ole32.dll
0x00007fff2c140000 - 0x00007fff2fd94000 	C:\WINDOWS\System32\DriverStore\FileRepository\igdlh64.inf_amd64_dccdb071926b5316\igd9dxva64.dll
0x00007fff9d8a0000 - 0x00007fff9dd14000 	C:\WINDOWS\System32\SETUPAPI.dll
0x00007fff9bd60000 - 0x00007fff9bdae000 	C:\WINDOWS\SYSTEM32\cfgmgr32.dll
0x00007fff7cf70000 - 0x00007fff7d331000 	C:\WINDOWS\System32\DriverStore\FileRepository\igdlh64.inf_amd64_dccdb071926b5316\igdgmm64.dll
0x00007fff80370000 - 0x00007fff803ba000 	C:\WINDOWS\SYSTEM32\directxdatabasehelper.dll
0x00007fff56920000 - 0x00007fff56962000 	C:\Program Files\Java\javafx-sdk-20.0.2\bin\glass.dll
0x00007fff9e8a0000 - 0x00007fff9e999000 	C:\WINDOWS\System32\COMDLG32.dll
0x00007fff9d750000 - 0x00007fff9d89f000 	C:\WINDOWS\System32\MSCTF.dll
0x00007fff791d0000 - 0x00007fff791f7000 	C:\WINDOWS\System32\DriverStore\FileRepository\igdlh64.inf_amd64_dccdb071926b5316\igdinfo64.dll
0x00007fff9b830000 - 0x00007fff9b84b000 	C:\WINDOWS\SYSTEM32\CRYPTSP.dll
0x00007fff9b0c0000 - 0x00007fff9b0f5000 	C:\WINDOWS\system32\rsaenh.dll
0x00007fff9b850000 - 0x00007fff9b85c000 	C:\WINDOWS\SYSTEM32\CRYPTBASE.dll
0x00007fff9ba20000 - 0x00007fff9ba48000 	C:\WINDOWS\SYSTEM32\bcrypt.dll
0x00007fff79b20000 - 0x00007fff7cd26000 	C:\WINDOWS\System32\DriverStore\FileRepository\igdlh64.inf_amd64_dccdb071926b5316\igc64.dll
0x00007fff5fd70000 - 0x00007fff5fd84000 	C:\Program Files\Java\javafx-sdk-20.0.2\bin\javafx_font.dll
0x00007fff96710000 - 0x00007fff96983000 	C:\WINDOWS\SYSTEM32\dwrite.dll
0x00007fff9df40000 - 0x00007fff9dff0000 	C:\WINDOWS\System32\clbcatq.dll
0x00007fff98b80000 - 0x00007fff98d30000 	C:\WINDOWS\SYSTEM32\WindowsCodecs.dll
0x00007fff8e450000 - 0x00007fff8e4ae000 	C:\WINDOWS\system32\dataexchange.dll
0x00007fff82b70000 - 0x00007fff82df5000 	C:\WINDOWS\system32\twinapi.appcore.dll
0x00007fff548a0000 - 0x00007fff548d2000 	C:\Program Files\Common Files\Microsoft Shared\Ink\rtscom.dll
0x00007fff80d70000 - 0x00007fff80eba000 	C:\WINDOWS\SYSTEM32\textinputframework.dll
0x00007fff97a30000 - 0x00007fff97b63000 	C:\WINDOWS\SYSTEM32\CoreMessaging.dll
0x00007fff7e7e0000 - 0x00007fff7eb4c000 	C:\WINDOWS\SYSTEM32\CoreUIComponents.dll
0x00007fff5bac0000 - 0x00007fff5bae6000 	C:\Windows\System32\dpuareu_jni.dll
0x00007fff54f50000 - 0x00007fff54fc4000 	C:\WINDOWS\SYSTEM32\dpfj.dll
0x00007fff56e90000 - 0x00007fff56ebb000 	C:\WINDOWS\SYSTEM32\dpfpdd.dll
0x00007fff94010000 - 0x00007fff940a0000 	C:\WINDOWS\SYSTEM32\DPFPApi.DLL
0x00007fff9c600000 - 0x00007fff9c766000 	C:\WINDOWS\System32\CRYPT32.dll

dbghelp: loaded successfully - version: 4.0.5 - missing functions: none
symbol engine: initialized successfully - sym options: 0x614 - pdb path: .;C:\Program Files\Java\jdk-20\bin;C:\WINDOWS\SYSTEM32;C:\WINDOWS\WinSxS\amd64_microsoft.windows.common-controls_6595b64144ccf1df_6.0.22621.2506_none_270c5ae97388e100;C:\Program Files\Java\jdk-20\bin\server;C:\Program Files\Java\javafx-sdk-20.0.2\bin;C:\WINDOWS\System32\DriverStore\FileRepository\igdlh64.inf_amd64_dccdb071926b5316;C:\Program Files\Common Files\Microsoft Shared\Ink

VM Arguments:
jvm_args: -Dfile.encoding=UTF-8 --module-path=C:\Program Files\Java\javafx-sdk-20.0.2\lib --add-modules=javafx.controls,javafx.fxml --module-path=C:\Program Files\Java\javafx-sdk-20.0.2\lib\javafx-swt.jar;C:\Program Files\Java\javafx-sdk-20.0.2\lib\javafx.base.jar;C:\Program Files\Java\javafx-sdk-20.0.2\lib\javafx.controls.jar;C:\Program Files\Java\javafx-sdk-20.0.2\lib\javafx.fxml.jar;C:\Program Files\Java\javafx-sdk-20.0.2\lib\javafx.graphics.jar;C:\Program Files\Java\javafx-sdk-20.0.2\lib\javafx.media.jar;C:\Program Files\Java\javafx-sdk-20.0.2\lib\javafx.swing.jar;C:\Program Files\Java\javafx-sdk-20.0.2\lib\javafx.web.jar 
java_command: Main
java_class_path (initial): C:\Program Files\Java\javafx-sdk-20.0.2\lib\javafx-swt.jar;C:\Program Files\Java\javafx-sdk-20.0.2\lib\javafx.base.jar;C:\Program Files\Java\javafx-sdk-20.0.2\lib\javafx.controls.jar;C:\Program Files\Java\javafx-sdk-20.0.2\lib\javafx.fxml.jar;C:\Program Files\Java\javafx-sdk-20.0.2\lib\javafx.graphics.jar;C:\Program Files\Java\javafx-sdk-20.0.2\lib\javafx.media.jar;C:\Program Files\Java\javafx-sdk-20.0.2\lib\javafx.swing.jar;C:\Program Files\Java\javafx-sdk-20.0.2\lib\javafx.web.jar;C:\Program Files\DigitalPersona\U.are.U SDK\Windows\Lib\Java\dpuareu.jar;C:\Program Files\Java\mysql-connector-j-8.1.0\mysql-connector-j-8.1.0.jar;C:\Programming\NetBeansProjects\attendance-system\build\classes
Launcher Type: SUN_STANDARD

[Global flags]
     intx CICompilerCount                          = 4                                         {product} {ergonomic}
     uint ConcGCThreads                            = 2                                         {product} {ergonomic}
     uint G1ConcRefinementThreads                  = 8                                         {product} {ergonomic}
   size_t G1HeapRegionSize                         = 1048576                                   {product} {ergonomic}
    uintx GCDrainStackTargetSize                   = 64                                        {product} {ergonomic}
   size_t InitialHeapSize                          = 134217728                                 {product} {ergonomic}
   size_t MarkStackSize                            = 4194304                                   {product} {ergonomic}
   size_t MaxHeapSize                              = 2116026368                                {product} {ergonomic}
   size_t MaxNewSize                               = 1268776960                                {product} {ergonomic}
   size_t MinHeapDeltaBytes                        = 1048576                                   {product} {ergonomic}
   size_t MinHeapSize                              = 8388608                                   {product} {ergonomic}
    uintx NonNMethodCodeHeapSize                   = 5839372                                {pd product} {ergonomic}
    uintx NonProfiledCodeHeapSize                  = 122909434                              {pd product} {ergonomic}
    uintx ProfiledCodeHeapSize                     = 122909434                              {pd product} {ergonomic}
    uintx ReservedCodeCacheSize                    = 251658240                              {pd product} {ergonomic}
     bool SegmentedCodeCache                       = true                                      {product} {ergonomic}
   size_t SoftMaxHeapSize                          = 2116026368                             {manageable} {ergonomic}
     bool UseCompressedClassPointers               = true                           {product lp64_product} {ergonomic}
     bool UseCompressedOops                        = true                           {product lp64_product} {ergonomic}
     bool UseG1GC                                  = true                                      {product} {ergonomic}
     bool UseLargePagesIndividualAllocation        = false                                  {pd product} {ergonomic}

Logging:
Log output configuration:
 #0: stdout all=warning uptime,level,tags foldmultilines=false
 #1: stderr all=off uptime,level,tags foldmultilines=false

Environment Variables:
JAVA_HOME=C:\Program Files\Java\jdk-20
CLASSPATH=C:\Program Files\Java\mysql-connector-j-8.1.0\mysql-connector-j-8.1.0.jar
PATH=C:\Program Files\Common Files\Oracle\Java\javapath;C:\Program Files (x86)\Common Files\Oracle\Java\javapath;C:\WINDOWS\system32;C:\WINDOWS;C:\WINDOWS\System32\Wbem;C:\WINDOWS\System32\WindowsPowerShell\v1.0\;C:\WINDOWS\System32\OpenSSH\;C:\Program Files\Git\cmd;C:\Program Files\dotnet\;C:\Users\danodoms\AppData\Local\Microsoft\WindowsApps;C:\Users\danodoms\AppData\Local\Programs\Microsoft VS Code\bin;
USERNAME=admin
OS=Windows_NT
PROCESSOR_IDENTIFIER=Intel64 Family 6 Model 142 Stepping 10, GenuineIntel
TMP=C:\Users\danodoms\AppData\Local\Temp
TEMP=C:\Users\danodoms\AppData\Local\Temp




---------------  S Y S T E M  ---------------

OS:
 Windows 11 , 64 bit Build 22621 (10.0.22621.2506)
OS uptime: 1 days 5:47 hours

CPU: total 8 (initial active 8) (4 cores per cpu, 2 threads per core) family 6 model 142 stepping 10 microcode 0xf4, cx8, cmov, fxsr, ht, mmx, 3dnowpref, sse, sse2, sse3, ssse3, sse4.1, sse4.2, popcnt, lzcnt, tsc, tscinvbit, avx, avx2, aes, erms, clmul, bmi1, bmi2, rtm, adx, fma, vzeroupper, clflush, clflushopt, rdtscp, f16c

Memory: 4k page, system-wide physical 8071M (787M free)
TotalPageFile size 18823M (AvailPageFile size 4557M)
current process WorkingSet (physical memory assigned to process): 188M, peak: 190M
current process commit charge ("private bytes"): 301M, peak: 304M

vm_info: Java HotSpot(TM) 64-Bit Server VM (20.0.2+9-78) for windows-amd64 JRE (20.0.2+9-78), built on 2023-06-14T10:08:48Z by "mach5one" with MS VC++ 17.1 (VS2022)

END.
