#
# A fatal error has been detected by the Java Runtime Environment:
#
#  EXCEPTION_ACCESS_VIOLATION (0xc0000005) at pc=0x00007fff83dda330, pid=3396, tid=19092
#
# JRE version: Java(TM) SE Runtime Environment (20.0.2+9) (build 20.0.2+9-78)
# Java VM: Java HotSpot(TM) 64-Bit Server VM (20.0.2+9-78, mixed mode, sharing, tiered, compressed oops, compressed class ptrs, g1 gc, windows-amd64)
# Problematic frame:
# V  [jvm.dll+0xa330]
#
# No core dump will be written. Minidumps are not enabled by default on client versions of Windows
#
# If you would like to submit a bug report, please visit:
#   https://bugreport.java.com/bugreport/crash.jsp
#

---------------  S U M M A R Y ------------

Command Line: -Dfile.encoding=UTF-8 --module-path=C:\Program Files\Java\javafx-sdk-20.0.2\lib --add-modules=javafx.controls,javafx.fxml --module-path=C:\Program Files\Java\javafx-sdk-20.0.2\lib\javafx-swt.jar;C:\Program Files\Java\javafx-sdk-20.0.2\lib\javafx.base.jar;C:\Program Files\Java\javafx-sdk-20.0.2\lib\javafx.controls.jar;C:\Program Files\Java\javafx-sdk-20.0.2\lib\javafx.fxml.jar;C:\Program Files\Java\javafx-sdk-20.0.2\lib\javafx.graphics.jar;C:\Program Files\Java\javafx-sdk-20.0.2\lib\javafx.media.jar;C:\Program Files\Java\javafx-sdk-20.0.2\lib\javafx.swing.jar;C:\Program Files\Java\javafx-sdk-20.0.2\lib\javafx.web.jar Main

Host: Intel(R) Core(TM) i5-8350U CPU @ 1.70GHz, 8 cores, 7G,  Windows 11 , 64 bit Build 22621 (10.0.22621.2506)
Time: Sat Nov  4 08:46:11 2023 Malay Peninsula Standard Time elapsed time: 6.327048 seconds (0d 0h 0m 6s)

---------------  T H R E A D  ---------------

Current thread (0x000001e5f6709050):  JavaThread "Thread-3" [_thread_in_vm, id=19092, stack(0x00000001c4b00000,0x00000001c4c00000)]

Stack: [0x00000001c4b00000,0x00000001c4c00000],  sp=0x00000001c4bfeda8,  free space=1019k
Native frames: (J=compiled Java code, j=interpreted, Vv=VM code, C=native code)
V  [jvm.dll+0xa330]

Java frames: (J=compiled Java code, j=interpreted, Vv=VM code)
j  com.digitalpersona.uareu.jni.Dpfj.DpfjIdentify([BII[[BIILcom/digitalpersona/uareu/jni/Dpfj$IntReference;[Lcom/digitalpersona/uareu/Engine$Candidate;)I+0
j  com.digitalpersona.uareu.jni.Dpfj.identify(Lcom/digitalpersona/uareu/Fmd;I[Lcom/digitalpersona/uareu/Fmd;II)[Lcom/digitalpersona/uareu/Engine$Candidate;+148
j  com.digitalpersona.uareu.dpfj.EngineImpl.Identify(Lcom/digitalpersona/uareu/Fmd;I[Lcom/digitalpersona/uareu/Fmd;II)[Lcom/digitalpersona/uareu/Engine$Candidate;+11
j  Fingerprint.IdentificationThread.compareFmdToDatabaseFmds(Lcom/digitalpersona/uareu/Fmd;[Lcom/digitalpersona/uareu/Fmd;)Z+15
j  Fingerprint.IdentificationThread.fmdIsAlreadyEnrolled(Lcom/digitalpersona/uareu/Fmd;)Z+8
j  Fingerprint.EnrollmentThread.GetFmd(Lcom/digitalpersona/uareu/Fmd$Format;)Lcom/digitalpersona/uareu/Engine$PreEnrollmentFmd;+143
j  com.digitalpersona.uareu.dpfj.EngineImpl.CreateEnrollmentFmd(Lcom/digitalpersona/uareu/Fmd$Format;Lcom/digitalpersona/uareu/Engine$EnrollmentCallback;)Lcom/digitalpersona/uareu/Fmd;+82
j  Fingerprint.EnrollmentThread.startEnrollment(Ljavafx/scene/image/ImageView;)V+50
j  Fingerprint.EnrollmentThread.run()V+5
v  ~StubRoutines::call_stub 0x000001e5e3db100d

siginfo: EXCEPTION_ACCESS_VIOLATION (0xc0000005), reading address 0x0000000000000000


Registers:
RAX=0x0000000000000000, RBX=0x000001e5f6709050, RCX=0x0000000000000000, RDX=0x0000000000000000
RSP=0x00000001c4bfeda8, RBP=0x00000001c4bfef50, RSI=0x000001e5f6709330, RDI=0x0000000000000000
R8 =0x00000001c4bfefa8, R9 =0x0000000001010001, R10=0x00007fff849166d0, R11=0x0000000000000101
R12=0x0000000000000000, R13=0x000001e5f207bd68, R14=0x00000001c4bfefb0, R15=0x0000000000000000
RIP=0x00007fff83dda330, EFLAGS=0x0000000000010246


Register to memory mapping:

RIP=0x00007fff83dda330 jvm.dll
RAX=0x0 is NULL
RBX=0x000001e5f6709050 is a thread
RCX=0x0 is NULL
RDX=0x0 is NULL
RSP=0x00000001c4bfeda8 is pointing into the stack for thread: 0x000001e5f6709050
RBP=0x00000001c4bfef50 is pointing into the stack for thread: 0x000001e5f6709050
RSI=0x000001e5f6709330 points into unknown readable memory: 0x00007fff849166d0 | d0 66 91 84 ff 7f 00 00
RDI=0x0 is NULL
R8 =0x00000001c4bfefa8 is pointing into the stack for thread: 0x000001e5f6709050
R9 =0x0000000001010001 is an unknown value
R10=0x00007fff849166d0 jvm.dll
R11=0x0000000000000101 is an unknown value
R12=0x0 is NULL
R13={method} {0x000001e5f207bd70} 'DpfjIdentify' '([BII[[BIILcom/digitalpersona/uareu/jni/Dpfj$IntReference;[Lcom/digitalpersona/uareu/Engine$Candidate;)I' in 'com/digitalpersona/uareu/jni/Dpfj'
R14=0x00000001c4bfefb0 is pointing into the stack for thread: 0x000001e5f6709050
R15=0x0 is NULL


Top of Stack: (sp=0x00000001c4bfeda8)
0x00000001c4bfeda8:   00007fff8420b549 000001e50000000a
0x00000001c4bfedb8:   0000001b955b55b4 000001e5f207bd68
0x00000001c4bfedc8:   000001e5f6709050 00000001c4bfefa8
0x00000001c4bfedd8:   00007fffcf7e208a 000001e5f207bd68
0x00000001c4bfede8:   000001e5f6709330 000001e5f6709050
0x00000001c4bfedf8:   00000001c4bfefb0 0000000000000000
0x00000001c4bfee08:   000001e5f1be3188 000001e5800bd890
0x00000001c4bfee18:   000001e5f207bd68 00000001c4bfef50
0x00000001c4bfee28:   00007fff841ab7f5 000001e5e3e1d287
0x00000001c4bfee38:   0000001b955b55b4 00000126f6709050
0x00000001c4bfee48:   000001e5f25877d8 000001e5f207bd68
0x00000001c4bfee58:   000001e5f6709050 000001e5f6709050
0x00000001c4bfee68:   00000001c4bfefb0 000001e5f207bd68
0x00000001c4bfee78:   0000000000000000 000001e5f1be3188
0x00000001c4bfee88:   000001e5800bd890 000001e5f207bd68
0x00000001c4bfee98:   000001e5e3dd1ff3 000001e5f6709050
0x00000001c4bfeea8:   00007fff841a9251 00000001c4bfefa8
0x00000001c4bfeeb8:   000001e501010001 000001e500000000
0x00000001c4bfeec8:   0000000000000000 000001e5ffffffff
0x00000001c4bfeed8:   000001e5000053e2 00000001c4bfef78
0x00000001c4bfeee8:   00000001c4bfef70 00000001c4bfef88
0x00000001c4bfeef8:   000001e5e3ddd4bc 000001e5e3dd1c96
0x00000001c4bfef08:   00000001c4bfef08 000001e5f207bd68
0x00000001c4bfef18:   00000001c4bfefb0 000001e5f20824c0
0x00000001c4bfef28:   0000000000000000 0000000087a2a478
0x00000001c4bfef38:   000001e5f207bd68 0000000000000000
0x00000001c4bfef48:   00000001c4bfef70 00000001c4bff000
0x00000001c4bfef58:   000001e5e3dcdf9e 0000000000000000
0x00000001c4bfef68:   000001e5e3dcf895 0000000089960b58
0x00000001c4bfef78:   0000000089961b58 00000000000053e2
0x00000001c4bfef88:   00000000ffffffff 0000000000000000
0x00000001c4bfef98:   0000000000000000 0000000001010001 

Instructions: (pc=0x00007fff83dda330)
0x00007fff83dda230:   ec 0d b3 00 48 83 c4 20 5b 48 ff e0 48 8d 05 ed
0x00007fff83dda240:   00 00 00 48 8b cb 48 89 05 d3 0d b3 00 48 83 c4
0x00007fff83dda250:   20 5b 48 ff e0 48 8d 05 d4 00 00 00 48 8b cb 48
0x00007fff83dda260:   89 05 ba 0d b3 00 48 83 c4 20 5b 48 ff e0 48 8b
0x00007fff83dda270:   0d cb 76 b9 00 8b 51 10 83 ea 01 0f 84 91 00 00
0x00007fff83dda280:   00 83 ea 01 74 73 83 ea 01 74 55 83 fa 01 74 37
0x00007fff83dda290:   4c 8d 0d e9 08 8a 00 41 b8 e2 00 00 00 48 8d 15
0x00007fff83dda2a0:   14 09 8a 00 b9 00 00 00 e0 e8 42 68 27 00 e8 5d
0x00007fff83dda2b0:   19 6b 00 33 c0 48 8b cb 48 89 05 61 0d b3 00 48
0x00007fff83dda2c0:   83 c4 20 5b 48 ff e0 48 8d 05 72 00 00 00 48 8b
0x00007fff83dda2d0:   cb 48 89 05 48 0d b3 00 48 83 c4 20 5b 48 ff e0
0x00007fff83dda2e0:   48 8d 05 49 00 00 00 48 8b cb 48 89 05 2f 0d b3
0x00007fff83dda2f0:   00 48 83 c4 20 5b 48 ff e0 48 8d 05 30 00 00 00
0x00007fff83dda300:   48 8b cb 48 89 05 16 0d b3 00 48 83 c4 20 5b 48
0x00007fff83dda310:   ff e0 48 8d 05 17 00 00 00 48 8b cb 48 89 05 fd
0x00007fff83dda320:   0c b3 00 48 83 c4 20 5b 48 ff e0 cc cc cc cc cc
0x00007fff83dda330:   48 8b 01 c3 cc cc cc cc cc cc cc cc cc cc cc cc
0x00007fff83dda340:   48 89 5c 24 08 57 48 83 ec 20 48 8b 39 48 8b d9
0x00007fff83dda350:   48 85 3d a1 90 be 00 75 0e 48 8b c7 48 8b 5c 24
0x00007fff83dda360:   30 48 83 c4 20 5f c3 48 8b cf e8 c1 0e 87 00 48
0x00007fff83dda370:   8b d0 48 85 c0 74 20 48 8b c7 f0 48 0f b1 13 74
0x00007fff83dda380:   16 48 85 05 70 90 be 00 74 0d 48 8b c8 f0 48 0f
0x00007fff83dda390:   b1 13 48 3b c1 75 ea 48 8b 5c 24 30 48 8b c2 48
0x00007fff83dda3a0:   83 c4 20 5f c3 cc cc cc cc cc cc cc cc cc cc cc
0x00007fff83dda3b0:   8b 44 24 30 45 03 c9 44 2b 4c 24 28 83 c0 0b 44
0x00007fff83dda3c0:   03 ca 45 03 c8 41 03 c1 c3 cc cc cc cc cc cc cc
0x00007fff83dda3d0:   48 8b 41 08 0f b7 48 2a 0f b7 40 28 83 c0 48 03
0x00007fff83dda3e0:   c1 c3 cc cc cc cc cc cc cc cc cc cc cc cc cc cc
0x00007fff83dda3f0:   48 89 5c 24 08 57 48 83 ec 20 0f b6 05 3f 98 be
0x00007fff83dda400:   00 48 8b fa 48 8b d9 84 c0 74 4f 48 85 15 e6 8f
0x00007fff83dda410:   be 00 74 38 48 8b ca e8 24 11 87 00 48 8b d0 48
0x00007fff83dda420:   85 db 74 25 48 85 c0 74 20 48 8b c7 f0 48 0f b1 


Stack slot to memory mapping:
stack at sp + 0 slots: 0x00007fff8420b549 jvm.dll
stack at sp + 1 slots: 0x000001e50000000a is an unknown value
stack at sp + 2 slots: 0x0000001b955b55b4 is an unknown value
stack at sp + 3 slots: {method} {0x000001e5f207bd70} 'DpfjIdentify' '([BII[[BIILcom/digitalpersona/uareu/jni/Dpfj$IntReference;[Lcom/digitalpersona/uareu/Engine$Candidate;)I' in 'com/digitalpersona/uareu/jni/Dpfj'
stack at sp + 4 slots: 0x000001e5f6709050 is a thread
stack at sp + 5 slots: 0x00000001c4bfefa8 is pointing into the stack for thread: 0x000001e5f6709050
stack at sp + 6 slots: 0x00007fffcf7e208a dpuareu_jni.dll
stack at sp + 7 slots: {method} {0x000001e5f207bd70} 'DpfjIdentify' '([BII[[BIILcom/digitalpersona/uareu/jni/Dpfj$IntReference;[Lcom/digitalpersona/uareu/Engine$Candidate;)I' in 'com/digitalpersona/uareu/jni/Dpfj'


---------------  P R O C E S S  ---------------

Threads class SMR info:
_java_thread_list=0x000001e5f641eb60, length=22, elements={
0x000001e5d47a7a80, 0x000001e5f1198180, 0x000001e5f1199020, 0x000001e5f119a380,
0x000001e5f119e040, 0x000001e5f11a03a0, 0x000001e5f11a0e10, 0x000001e5f11b4d60,
0x000001e5f11b5810, 0x000001e5f5500ee0, 0x000001e5f573b860, 0x000001e5f5bd9170,
0x000001e5f5538120, 0x000001e5f5987480, 0x000001e5f560e120, 0x000001e5f647c9d0,
0x000001e5f6728850, 0x000001e5f670b030, 0x000001e5f6709050, 0x000001e5f670aae0,
0x000001e5f670b580, 0x000001e5f5438280
}

Java Threads: ( => current thread )
  0x000001e5d47a7a80 JavaThread "main" [_thread_blocked, id=18300, stack(0x00000001c2400000,0x00000001c2500000)]
  0x000001e5f1198180 JavaThread "Reference Handler" daemon [_thread_blocked, id=9604, stack(0x00000001c2b00000,0x00000001c2c00000)]
  0x000001e5f1199020 JavaThread "Finalizer" daemon [_thread_blocked, id=18648, stack(0x00000001c2c00000,0x00000001c2d00000)]
  0x000001e5f119a380 JavaThread "Signal Dispatcher" daemon [_thread_blocked, id=1040, stack(0x00000001c2d00000,0x00000001c2e00000)]
  0x000001e5f119e040 JavaThread "Attach Listener" daemon [_thread_blocked, id=16028, stack(0x00000001c2e00000,0x00000001c2f00000)]
  0x000001e5f11a03a0 JavaThread "Service Thread" daemon [_thread_blocked, id=18312, stack(0x00000001c2f00000,0x00000001c3000000)]
  0x000001e5f11a0e10 JavaThread "Monitor Deflation Thread" daemon [_thread_blocked, id=17740, stack(0x00000001c3000000,0x00000001c3100000)]
  0x000001e5f11b4d60 JavaThread "C2 CompilerThread0" daemon [_thread_blocked, id=14904, stack(0x00000001c3100000,0x00000001c3200000)]
  0x000001e5f11b5810 JavaThread "C1 CompilerThread0" daemon [_thread_blocked, id=2336, stack(0x00000001c3200000,0x00000001c3300000)]
  0x000001e5f5500ee0 JavaThread "Common-Cleaner" daemon [_thread_blocked, id=9700, stack(0x00000001c3300000,0x00000001c3400000)]
  0x000001e5f573b860 JavaThread "Notification Thread" daemon [_thread_blocked, id=14568, stack(0x00000001c3600000,0x00000001c3700000)]
  0x000001e5f5bd9170 JavaThread "QuantumRenderer-0" daemon [_thread_blocked, id=16716, stack(0x00000001c3800000,0x00000001c3900000)]
  0x000001e5f5538120 JavaThread "InvokeLaterDispatcher" daemon [_thread_blocked, id=7096, stack(0x00000001c3900000,0x00000001c3a00000)]
  0x000001e5f5987480 JavaThread "JavaFX Application Thread" [_thread_in_native, id=7724, stack(0x00000001c3a00000,0x00000001c3b00000)]
  0x000001e5f560e120 JavaThread "JavaFX-Launcher" [_thread_blocked, id=18880, stack(0x00000001c3500000,0x00000001c3600000)]
  0x000001e5f647c9d0 JavaThread "Thread-2" daemon [_thread_in_native, id=15796, stack(0x00000001c3e00000,0x00000001c3f00000)]
  0x000001e5f6728850 JavaThread "Prism Font Disposer" daemon [_thread_blocked, id=16940, stack(0x00000001c4800000,0x00000001c4900000)]
  0x000001e5f670b030 JavaThread "Cleaner-0" daemon [_thread_blocked, id=18116, stack(0x00000001c4a00000,0x00000001c4b00000)]
=>0x000001e5f6709050 JavaThread "Thread-3" [_thread_in_vm, id=19092, stack(0x00000001c4b00000,0x00000001c4c00000)]
  0x000001e5f670aae0 JavaThread "Java2D Disposer" daemon [_thread_blocked, id=8524, stack(0x00000001c4d00000,0x00000001c4e00000)]
  0x000001e5f670b580 JavaThread "mysql-cj-abandoned-connection-cleanup" daemon [_thread_blocked, id=17008, stack(0x00000001c4c00000,0x00000001c4d00000)]
  0x000001e5f5438280 JavaThread "C2 CompilerThread1" daemon [_thread_blocked, id=14928, stack(0x00000001c4e00000,0x00000001c4f00000)]

Other Threads:
  0x000001e5f1178750 VMThread "VM Thread" [stack: 0x00000001c2a00000,0x00000001c2b00000] [id=7716]
  0x000001e5f56730c0 WatcherThread "VM Periodic Task Thread" [stack: 0x00000001c3700000,0x00000001c3800000] [id=8644]
  0x000001e5d480aaa0 WorkerThread "GC Thread#0" [stack: 0x00000001c2500000,0x00000001c2600000] [id=17956]
  0x000001e5f606e000 WorkerThread "GC Thread#1" [stack: 0x00000001c3400000,0x00000001c3500000] [id=13672]
  0x000001e5f6068570 WorkerThread "GC Thread#2" [stack: 0x00000001c3f00000,0x00000001c4000000] [id=14144]
  0x000001e5f6387350 WorkerThread "GC Thread#3" [stack: 0x00000001c4000000,0x00000001c4100000] [id=17840]
  0x000001e5f63889d0 WorkerThread "GC Thread#4" [stack: 0x00000001c4100000,0x00000001c4200000] [id=17528]
  0x000001e5f6387620 WorkerThread "GC Thread#5" [stack: 0x00000001c4200000,0x00000001c4300000] [id=8368]
  0x000001e5f6387080 WorkerThread "GC Thread#6" [stack: 0x00000001c4300000,0x00000001c4400000] [id=15872]
  0x000001e5f6388700 WorkerThread "GC Thread#7" [stack: 0x00000001c4f00000,0x00000001c5000000] [id=12784]
  0x000001e5d481b580 ConcurrentGCThread "G1 Main Marker" [stack: 0x00000001c2600000,0x00000001c2700000] [id=3136]
  0x000001e5d481c060 WorkerThread "G1 Conc#0" [stack: 0x00000001c2700000,0x00000001c2800000] [id=5736]
  0x000001e5d486ec40 ConcurrentGCThread "G1 Refine#0" [stack: 0x00000001c2800000,0x00000001c2900000] [id=8544]
  0x000001e5f102a0d0 ConcurrentGCThread "G1 Service" [stack: 0x00000001c2900000,0x00000001c2a00000] [id=18360]

Threads with active compile tasks:

VM state: not at safepoint (normal execution)

VM Mutex/Monitor currently owned by a thread: None

Heap address: 0x0000000081e00000, size: 2018 MB, Compressed Oops mode: 32-bit

CDS archive(s) mapped at: [0x000001e580000000-0x000001e580c60000-0x000001e580c60000), size 12976128, SharedBaseAddress: 0x000001e580000000, ArchiveRelocationMode: 1.
Compressed class space mapped at: 0x000001e581000000-0x000001e5c1000000, reserved size: 1073741824
Narrow klass base: 0x000001e580000000, Narrow klass shift: 0, Narrow klass range: 0x100000000

GC Precious Log:
 CardTable entry size: 512
 Card Set container configuration: InlinePtr #cards 5 size 8 Array Of Cards #cards 12 size 40 Howl #buckets 4 coarsen threshold 1843 Howl Bitmap #cards 512 size 80 coarsen threshold 460 Card regions per heap region 1 cards per card region 2048
 CPUs: 8 total, 8 available
 Memory: 8071M
 Large Page Support: Disabled
 NUMA Support: Disabled
 Compressed Oops: Enabled (32-bit)
 Heap Region Size: 1M
 Heap Min Capacity: 8M
 Heap Initial Capacity: 128M
 Heap Max Capacity: 2018M
 Pre-touch: Disabled
 Parallel Workers: 8
 Concurrent Workers: 2
 Concurrent Refinement Workers: 8
 Periodic GC: Disabled

Heap:
 garbage-first heap   total 131072K, used 16525K [0x0000000081e00000, 0x0000000100000000)
  region size 1024K, 10 young (10240K), 5 survivors (5120K)
 Metaspace       used 20099K, committed 20416K, reserved 1114112K
  class space    used 2478K, committed 2624K, reserved 1048576K

Heap Regions: E=young(eden), S=young(survivor), O=old, HS=humongous(starts), HC=humongous(continues), CS=collection set, F=free, OA=open archive, CA=closed archive, TAMS=top-at-mark-start, PB=parsable bottom
|   0|0x0000000081e00000, 0x0000000081f00000, 0x0000000081f00000|100%| O|  |TAMS 0x0000000081e00000| PB 0x0000000081e00000| Untracked 
|   1|0x0000000081f00000, 0x0000000082000000, 0x0000000082000000|100%|HS|  |TAMS 0x0000000081f00000| PB 0x0000000081f00000| Complete 
|   2|0x0000000082000000, 0x0000000082100000, 0x0000000082100000|100%|HC|  |TAMS 0x0000000082000000| PB 0x0000000082000000| Complete 
|   3|0x0000000082100000, 0x0000000082100000, 0x0000000082200000|  0%| F|  |TAMS 0x0000000082100000| PB 0x0000000082100000| Untracked 
|   4|0x0000000082200000, 0x0000000082200000, 0x0000000082300000|  0%| F|  |TAMS 0x0000000082200000| PB 0x0000000082200000| Untracked 
|   5|0x0000000082300000, 0x0000000082400000, 0x0000000082400000|100%|HS|  |TAMS 0x0000000082300000| PB 0x0000000082300000| Complete 
|   6|0x0000000082400000, 0x0000000082500000, 0x0000000082500000|100%|HS|  |TAMS 0x0000000082400000| PB 0x0000000082400000| Complete 
|   7|0x0000000082500000, 0x0000000082600000, 0x0000000082600000|100%| O|  |TAMS 0x0000000082500000| PB 0x0000000082500000| Untracked 
|   8|0x0000000082600000, 0x0000000082700000, 0x0000000082700000|100%| O|  |TAMS 0x0000000082600000| PB 0x0000000082600000| Untracked 
|   9|0x0000000082700000, 0x0000000082781600, 0x0000000082800000| 50%| O|  |TAMS 0x0000000082700000| PB 0x0000000082700000| Untracked 
|  10|0x0000000082800000, 0x0000000082800000, 0x0000000082900000|  0%| F|  |TAMS 0x0000000082800000| PB 0x0000000082800000| Untracked 
|  11|0x0000000082900000, 0x0000000082900000, 0x0000000082a00000|  0%| F|  |TAMS 0x0000000082900000| PB 0x0000000082900000| Untracked 
|  12|0x0000000082a00000, 0x0000000082a00000, 0x0000000082b00000|  0%| F|  |TAMS 0x0000000082a00000| PB 0x0000000082a00000| Untracked 
|  13|0x0000000082b00000, 0x0000000082b00000, 0x0000000082c00000|  0%| F|  |TAMS 0x0000000082b00000| PB 0x0000000082b00000| Untracked 
|  14|0x0000000082c00000, 0x0000000082c00000, 0x0000000082d00000|  0%| F|  |TAMS 0x0000000082c00000| PB 0x0000000082c00000| Untracked 
|  15|0x0000000082d00000, 0x0000000082d00000, 0x0000000082e00000|  0%| F|  |TAMS 0x0000000082d00000| PB 0x0000000082d00000| Untracked 
|  16|0x0000000082e00000, 0x0000000082e00000, 0x0000000082f00000|  0%| F|  |TAMS 0x0000000082e00000| PB 0x0000000082e00000| Untracked 
|  17|0x0000000082f00000, 0x0000000082f00000, 0x0000000083000000|  0%| F|  |TAMS 0x0000000082f00000| PB 0x0000000082f00000| Untracked 
|  18|0x0000000083000000, 0x0000000083000000, 0x0000000083100000|  0%| F|  |TAMS 0x0000000083000000| PB 0x0000000083000000| Untracked 
|  19|0x0000000083100000, 0x0000000083100000, 0x0000000083200000|  0%| F|  |TAMS 0x0000000083100000| PB 0x0000000083100000| Untracked 
|  20|0x0000000083200000, 0x0000000083200000, 0x0000000083300000|  0%| F|  |TAMS 0x0000000083200000| PB 0x0000000083200000| Untracked 
|  21|0x0000000083300000, 0x0000000083300000, 0x0000000083400000|  0%| F|  |TAMS 0x0000000083300000| PB 0x0000000083300000| Untracked 
|  22|0x0000000083400000, 0x0000000083400000, 0x0000000083500000|  0%| F|  |TAMS 0x0000000083400000| PB 0x0000000083400000| Untracked 
|  23|0x0000000083500000, 0x0000000083500000, 0x0000000083600000|  0%| F|  |TAMS 0x0000000083500000| PB 0x0000000083500000| Untracked 
|  24|0x0000000083600000, 0x0000000083600000, 0x0000000083700000|  0%| F|  |TAMS 0x0000000083600000| PB 0x0000000083600000| Untracked 
|  25|0x0000000083700000, 0x0000000083700000, 0x0000000083800000|  0%| F|  |TAMS 0x0000000083700000| PB 0x0000000083700000| Untracked 
|  26|0x0000000083800000, 0x0000000083800000, 0x0000000083900000|  0%| F|  |TAMS 0x0000000083800000| PB 0x0000000083800000| Untracked 
|  27|0x0000000083900000, 0x0000000083900000, 0x0000000083a00000|  0%| F|  |TAMS 0x0000000083900000| PB 0x0000000083900000| Untracked 
|  28|0x0000000083a00000, 0x0000000083a00000, 0x0000000083b00000|  0%| F|  |TAMS 0x0000000083a00000| PB 0x0000000083a00000| Untracked 
|  29|0x0000000083b00000, 0x0000000083b00000, 0x0000000083c00000|  0%| F|  |TAMS 0x0000000083b00000| PB 0x0000000083b00000| Untracked 
|  30|0x0000000083c00000, 0x0000000083c00000, 0x0000000083d00000|  0%| F|  |TAMS 0x0000000083c00000| PB 0x0000000083c00000| Untracked 
|  31|0x0000000083d00000, 0x0000000083d00000, 0x0000000083e00000|  0%| F|  |TAMS 0x0000000083d00000| PB 0x0000000083d00000| Untracked 
|  32|0x0000000083e00000, 0x0000000083e00000, 0x0000000083f00000|  0%| F|  |TAMS 0x0000000083e00000| PB 0x0000000083e00000| Untracked 
|  33|0x0000000083f00000, 0x0000000083f00000, 0x0000000084000000|  0%| F|  |TAMS 0x0000000083f00000| PB 0x0000000083f00000| Untracked 
|  34|0x0000000084000000, 0x0000000084000000, 0x0000000084100000|  0%| F|  |TAMS 0x0000000084000000| PB 0x0000000084000000| Untracked 
|  35|0x0000000084100000, 0x0000000084100000, 0x0000000084200000|  0%| F|  |TAMS 0x0000000084100000| PB 0x0000000084100000| Untracked 
|  36|0x0000000084200000, 0x0000000084200000, 0x0000000084300000|  0%| F|  |TAMS 0x0000000084200000| PB 0x0000000084200000| Untracked 
|  37|0x0000000084300000, 0x0000000084300000, 0x0000000084400000|  0%| F|  |TAMS 0x0000000084300000| PB 0x0000000084300000| Untracked 
|  38|0x0000000084400000, 0x0000000084400000, 0x0000000084500000|  0%| F|  |TAMS 0x0000000084400000| PB 0x0000000084400000| Untracked 
|  39|0x0000000084500000, 0x0000000084500000, 0x0000000084600000|  0%| F|  |TAMS 0x0000000084500000| PB 0x0000000084500000| Untracked 
|  40|0x0000000084600000, 0x0000000084600000, 0x0000000084700000|  0%| F|  |TAMS 0x0000000084600000| PB 0x0000000084600000| Untracked 
|  41|0x0000000084700000, 0x0000000084700000, 0x0000000084800000|  0%| F|  |TAMS 0x0000000084700000| PB 0x0000000084700000| Untracked 
|  42|0x0000000084800000, 0x0000000084800000, 0x0000000084900000|  0%| F|  |TAMS 0x0000000084800000| PB 0x0000000084800000| Untracked 
|  43|0x0000000084900000, 0x0000000084900000, 0x0000000084a00000|  0%| F|  |TAMS 0x0000000084900000| PB 0x0000000084900000| Untracked 
|  44|0x0000000084a00000, 0x0000000084a00000, 0x0000000084b00000|  0%| F|  |TAMS 0x0000000084a00000| PB 0x0000000084a00000| Untracked 
|  45|0x0000000084b00000, 0x0000000084b00000, 0x0000000084c00000|  0%| F|  |TAMS 0x0000000084b00000| PB 0x0000000084b00000| Untracked 
|  46|0x0000000084c00000, 0x0000000084c00000, 0x0000000084d00000|  0%| F|  |TAMS 0x0000000084c00000| PB 0x0000000084c00000| Untracked 
|  47|0x0000000084d00000, 0x0000000084d00000, 0x0000000084e00000|  0%| F|  |TAMS 0x0000000084d00000| PB 0x0000000084d00000| Untracked 
|  48|0x0000000084e00000, 0x0000000084e00000, 0x0000000084f00000|  0%| F|  |TAMS 0x0000000084e00000| PB 0x0000000084e00000| Untracked 
|  49|0x0000000084f00000, 0x0000000084f00000, 0x0000000085000000|  0%| F|  |TAMS 0x0000000084f00000| PB 0x0000000084f00000| Untracked 
|  50|0x0000000085000000, 0x0000000085000000, 0x0000000085100000|  0%| F|  |TAMS 0x0000000085000000| PB 0x0000000085000000| Untracked 
|  51|0x0000000085100000, 0x0000000085100000, 0x0000000085200000|  0%| F|  |TAMS 0x0000000085100000| PB 0x0000000085100000| Untracked 
|  52|0x0000000085200000, 0x0000000085200000, 0x0000000085300000|  0%| F|  |TAMS 0x0000000085200000| PB 0x0000000085200000| Untracked 
|  53|0x0000000085300000, 0x0000000085300000, 0x0000000085400000|  0%| F|  |TAMS 0x0000000085300000| PB 0x0000000085300000| Untracked 
|  54|0x0000000085400000, 0x0000000085400000, 0x0000000085500000|  0%| F|  |TAMS 0x0000000085400000| PB 0x0000000085400000| Untracked 
|  55|0x0000000085500000, 0x0000000085500000, 0x0000000085600000|  0%| F|  |TAMS 0x0000000085500000| PB 0x0000000085500000| Untracked 
|  56|0x0000000085600000, 0x0000000085600000, 0x0000000085700000|  0%| F|  |TAMS 0x0000000085600000| PB 0x0000000085600000| Untracked 
|  57|0x0000000085700000, 0x0000000085700000, 0x0000000085800000|  0%| F|  |TAMS 0x0000000085700000| PB 0x0000000085700000| Untracked 
|  58|0x0000000085800000, 0x0000000085800000, 0x0000000085900000|  0%| F|  |TAMS 0x0000000085800000| PB 0x0000000085800000| Untracked 
|  59|0x0000000085900000, 0x0000000085900000, 0x0000000085a00000|  0%| F|  |TAMS 0x0000000085900000| PB 0x0000000085900000| Untracked 
|  60|0x0000000085a00000, 0x0000000085a00000, 0x0000000085b00000|  0%| F|  |TAMS 0x0000000085a00000| PB 0x0000000085a00000| Untracked 
|  61|0x0000000085b00000, 0x0000000085b00000, 0x0000000085c00000|  0%| F|  |TAMS 0x0000000085b00000| PB 0x0000000085b00000| Untracked 
|  62|0x0000000085c00000, 0x0000000085c00000, 0x0000000085d00000|  0%| F|  |TAMS 0x0000000085c00000| PB 0x0000000085c00000| Untracked 
|  63|0x0000000085d00000, 0x0000000085d00000, 0x0000000085e00000|  0%| F|  |TAMS 0x0000000085d00000| PB 0x0000000085d00000| Untracked 
|  64|0x0000000085e00000, 0x0000000085e00000, 0x0000000085f00000|  0%| F|  |TAMS 0x0000000085e00000| PB 0x0000000085e00000| Untracked 
|  65|0x0000000085f00000, 0x0000000085f00000, 0x0000000086000000|  0%| F|  |TAMS 0x0000000085f00000| PB 0x0000000085f00000| Untracked 
|  66|0x0000000086000000, 0x0000000086000000, 0x0000000086100000|  0%| F|  |TAMS 0x0000000086000000| PB 0x0000000086000000| Untracked 
|  67|0x0000000086100000, 0x0000000086100000, 0x0000000086200000|  0%| F|  |TAMS 0x0000000086100000| PB 0x0000000086100000| Untracked 
|  68|0x0000000086200000, 0x0000000086200000, 0x0000000086300000|  0%| F|  |TAMS 0x0000000086200000| PB 0x0000000086200000| Untracked 
|  69|0x0000000086300000, 0x0000000086300000, 0x0000000086400000|  0%| F|  |TAMS 0x0000000086300000| PB 0x0000000086300000| Untracked 
|  70|0x0000000086400000, 0x0000000086400000, 0x0000000086500000|  0%| F|  |TAMS 0x0000000086400000| PB 0x0000000086400000| Untracked 
|  71|0x0000000086500000, 0x0000000086500000, 0x0000000086600000|  0%| F|  |TAMS 0x0000000086500000| PB 0x0000000086500000| Untracked 
|  72|0x0000000086600000, 0x0000000086600000, 0x0000000086700000|  0%| F|  |TAMS 0x0000000086600000| PB 0x0000000086600000| Untracked 
|  73|0x0000000086700000, 0x0000000086700000, 0x0000000086800000|  0%| F|  |TAMS 0x0000000086700000| PB 0x0000000086700000| Untracked 
|  74|0x0000000086800000, 0x0000000086800000, 0x0000000086900000|  0%| F|  |TAMS 0x0000000086800000| PB 0x0000000086800000| Untracked 
|  75|0x0000000086900000, 0x0000000086900000, 0x0000000086a00000|  0%| F|  |TAMS 0x0000000086900000| PB 0x0000000086900000| Untracked 
|  76|0x0000000086a00000, 0x0000000086a00000, 0x0000000086b00000|  0%| F|  |TAMS 0x0000000086a00000| PB 0x0000000086a00000| Untracked 
|  77|0x0000000086b00000, 0x0000000086b00000, 0x0000000086c00000|  0%| F|  |TAMS 0x0000000086b00000| PB 0x0000000086b00000| Untracked 
|  78|0x0000000086c00000, 0x0000000086c00000, 0x0000000086d00000|  0%| F|  |TAMS 0x0000000086c00000| PB 0x0000000086c00000| Untracked 
|  79|0x0000000086d00000, 0x0000000086d00000, 0x0000000086e00000|  0%| F|  |TAMS 0x0000000086d00000| PB 0x0000000086d00000| Untracked 
|  80|0x0000000086e00000, 0x0000000086e00000, 0x0000000086f00000|  0%| F|  |TAMS 0x0000000086e00000| PB 0x0000000086e00000| Untracked 
|  81|0x0000000086f00000, 0x0000000086f00000, 0x0000000087000000|  0%| F|  |TAMS 0x0000000086f00000| PB 0x0000000086f00000| Untracked 
|  82|0x0000000087000000, 0x0000000087000000, 0x0000000087100000|  0%| F|  |TAMS 0x0000000087000000| PB 0x0000000087000000| Untracked 
|  83|0x0000000087100000, 0x0000000087100000, 0x0000000087200000|  0%| F|  |TAMS 0x0000000087100000| PB 0x0000000087100000| Untracked 
|  84|0x0000000087200000, 0x0000000087200000, 0x0000000087300000|  0%| F|  |TAMS 0x0000000087200000| PB 0x0000000087200000| Untracked 
|  85|0x0000000087300000, 0x0000000087300000, 0x0000000087400000|  0%| F|  |TAMS 0x0000000087300000| PB 0x0000000087300000| Untracked 
|  86|0x0000000087400000, 0x0000000087400000, 0x0000000087500000|  0%| F|  |TAMS 0x0000000087400000| PB 0x0000000087400000| Untracked 
|  87|0x0000000087500000, 0x0000000087500000, 0x0000000087600000|  0%| F|  |TAMS 0x0000000087500000| PB 0x0000000087500000| Untracked 
|  88|0x0000000087600000, 0x0000000087600000, 0x0000000087700000|  0%| F|  |TAMS 0x0000000087600000| PB 0x0000000087600000| Untracked 
|  89|0x0000000087700000, 0x00000000877a2158, 0x0000000087800000| 63%| S|CS|TAMS 0x0000000087700000| PB 0x0000000087700000| Complete 
|  90|0x0000000087800000, 0x0000000087900000, 0x0000000087900000|100%| S|CS|TAMS 0x0000000087800000| PB 0x0000000087800000| Complete 
|  91|0x0000000087900000, 0x0000000087a00000, 0x0000000087a00000|100%| S|CS|TAMS 0x0000000087900000| PB 0x0000000087900000| Complete 
|  92|0x0000000087a00000, 0x0000000087b00000, 0x0000000087b00000|100%| S|CS|TAMS 0x0000000087a00000| PB 0x0000000087a00000| Complete 
|  93|0x0000000087b00000, 0x0000000087c00000, 0x0000000087c00000|100%| S|CS|TAMS 0x0000000087b00000| PB 0x0000000087b00000| Complete 
|  94|0x0000000087c00000, 0x0000000087c00000, 0x0000000087d00000|  0%| F|  |TAMS 0x0000000087c00000| PB 0x0000000087c00000| Untracked 
|  95|0x0000000087d00000, 0x0000000087d00000, 0x0000000087e00000|  0%| F|  |TAMS 0x0000000087d00000| PB 0x0000000087d00000| Untracked 
|  96|0x0000000087e00000, 0x0000000087e00000, 0x0000000087f00000|  0%| F|  |TAMS 0x0000000087e00000| PB 0x0000000087e00000| Untracked 
|  97|0x0000000087f00000, 0x0000000087f00000, 0x0000000088000000|  0%| F|  |TAMS 0x0000000087f00000| PB 0x0000000087f00000| Untracked 
|  98|0x0000000088000000, 0x0000000088000000, 0x0000000088100000|  0%| F|  |TAMS 0x0000000088000000| PB 0x0000000088000000| Untracked 
|  99|0x0000000088100000, 0x0000000088100000, 0x0000000088200000|  0%| F|  |TAMS 0x0000000088100000| PB 0x0000000088100000| Untracked 
| 100|0x0000000088200000, 0x0000000088200000, 0x0000000088300000|  0%| F|  |TAMS 0x0000000088200000| PB 0x0000000088200000| Untracked 
| 101|0x0000000088300000, 0x0000000088300000, 0x0000000088400000|  0%| F|  |TAMS 0x0000000088300000| PB 0x0000000088300000| Untracked 
| 102|0x0000000088400000, 0x0000000088400000, 0x0000000088500000|  0%| F|  |TAMS 0x0000000088400000| PB 0x0000000088400000| Untracked 
| 103|0x0000000088500000, 0x0000000088500000, 0x0000000088600000|  0%| F|  |TAMS 0x0000000088500000| PB 0x0000000088500000| Untracked 
| 104|0x0000000088600000, 0x0000000088600000, 0x0000000088700000|  0%| F|  |TAMS 0x0000000088600000| PB 0x0000000088600000| Untracked 
| 105|0x0000000088700000, 0x0000000088700000, 0x0000000088800000|  0%| F|  |TAMS 0x0000000088700000| PB 0x0000000088700000| Untracked 
| 106|0x0000000088800000, 0x0000000088800000, 0x0000000088900000|  0%| F|  |TAMS 0x0000000088800000| PB 0x0000000088800000| Untracked 
| 107|0x0000000088900000, 0x0000000088900000, 0x0000000088a00000|  0%| F|  |TAMS 0x0000000088900000| PB 0x0000000088900000| Untracked 
| 108|0x0000000088a00000, 0x0000000088a00000, 0x0000000088b00000|  0%| F|  |TAMS 0x0000000088a00000| PB 0x0000000088a00000| Untracked 
| 109|0x0000000088b00000, 0x0000000088b00000, 0x0000000088c00000|  0%| F|  |TAMS 0x0000000088b00000| PB 0x0000000088b00000| Untracked 
| 110|0x0000000088c00000, 0x0000000088c00000, 0x0000000088d00000|  0%| F|  |TAMS 0x0000000088c00000| PB 0x0000000088c00000| Untracked 
| 111|0x0000000088d00000, 0x0000000088d00000, 0x0000000088e00000|  0%| F|  |TAMS 0x0000000088d00000| PB 0x0000000088d00000| Untracked 
| 112|0x0000000088e00000, 0x0000000088e00000, 0x0000000088f00000|  0%| F|  |TAMS 0x0000000088e00000| PB 0x0000000088e00000| Untracked 
| 113|0x0000000088f00000, 0x0000000088f00000, 0x0000000089000000|  0%| F|  |TAMS 0x0000000088f00000| PB 0x0000000088f00000| Untracked 
| 114|0x0000000089000000, 0x0000000089000000, 0x0000000089100000|  0%| F|  |TAMS 0x0000000089000000| PB 0x0000000089000000| Untracked 
| 115|0x0000000089100000, 0x0000000089100000, 0x0000000089200000|  0%| F|  |TAMS 0x0000000089100000| PB 0x0000000089100000| Untracked 
| 116|0x0000000089200000, 0x0000000089200000, 0x0000000089300000|  0%| F|  |TAMS 0x0000000089200000| PB 0x0000000089200000| Untracked 
| 117|0x0000000089300000, 0x0000000089300000, 0x0000000089400000|  0%| F|  |TAMS 0x0000000089300000| PB 0x0000000089300000| Untracked 
| 118|0x0000000089400000, 0x0000000089400000, 0x0000000089500000|  0%| F|  |TAMS 0x0000000089400000| PB 0x0000000089400000| Untracked 
| 119|0x0000000089500000, 0x0000000089500000, 0x0000000089600000|  0%| F|  |TAMS 0x0000000089500000| PB 0x0000000089500000| Untracked 
| 120|0x0000000089600000, 0x0000000089600000, 0x0000000089700000|  0%| F|  |TAMS 0x0000000089600000| PB 0x0000000089600000| Untracked 
| 121|0x0000000089700000, 0x0000000089700000, 0x0000000089800000|  0%| F|  |TAMS 0x0000000089700000| PB 0x0000000089700000| Untracked 
| 122|0x0000000089800000, 0x0000000089800000, 0x0000000089900000|  0%| F|  |TAMS 0x0000000089800000| PB 0x0000000089800000| Untracked 
| 123|0x0000000089900000, 0x0000000089971fa0, 0x0000000089a00000| 44%| E|  |TAMS 0x0000000089900000| PB 0x0000000089900000| Complete 
| 124|0x0000000089a00000, 0x0000000089b00000, 0x0000000089b00000|100%| E|CS|TAMS 0x0000000089a00000| PB 0x0000000089a00000| Complete 
| 125|0x0000000089b00000, 0x0000000089c00000, 0x0000000089c00000|100%| E|CS|TAMS 0x0000000089b00000| PB 0x0000000089b00000| Complete 
| 126|0x0000000089c00000, 0x0000000089d00000, 0x0000000089d00000|100%| E|CS|TAMS 0x0000000089c00000| PB 0x0000000089c00000| Complete 
| 127|0x0000000089d00000, 0x0000000089e00000, 0x0000000089e00000|100%| E|CS|TAMS 0x0000000089d00000| PB 0x0000000089d00000| Complete 

Card table byte_map: [0x000001e5ebfb0000,0x000001e5ec3b0000] _byte_map_base: 0x000001e5ebba1000

Marking Bits: (CMBitMap*) 0x000001e5d480afe0
 Bits: [0x000001e5ec7b0000, 0x000001e5ee738000)

Polling page: 0x000001e5d26d0000

Metaspace:

Usage:
  Non-class:     17.21 MB used.
      Class:      2.42 MB used.
       Both:     19.63 MB used.

Virtual space:
  Non-class space:       64.00 MB reserved,      17.38 MB ( 27%) committed,  1 nodes.
      Class space:        1.00 GB reserved,       2.56 MB ( <1%) committed,  1 nodes.
             Both:        1.06 GB reserved,      19.94 MB (  2%) committed. 

Chunk freelists:
   Non-Class:  2.47 MB
       Class:  1.41 MB
        Both:  3.88 MB

MaxMetaspaceSize: unlimited
CompressedClassSpaceSize: 1.00 GB
Initial GC threshold: 21.00 MB
Current GC threshold: 21.00 MB
CDS: on
MetaspaceReclaimPolicy: balanced
 - commit_granule_bytes: 65536.
 - commit_granule_words: 8192.
 - virtual_space_node_default_size: 8388608.
 - enlarge_chunks_in_place: 1.
 - new_chunks_are_fully_committed: 0.
 - uncommit_free_chunks: 1.
 - use_allocation_guard: 0.


Internal statistics:

num_allocs_failed_limit: 0.
num_arena_births: 326.
num_arena_deaths: 0.
num_vsnodes_births: 2.
num_vsnodes_deaths: 0.
num_space_committed: 319.
num_space_uncommitted: 0.
num_chunks_returned_to_freelist: 0.
num_chunks_taken_from_freelist: 866.
num_chunk_merges: 0.
num_chunk_splits: 602.
num_chunks_enlarged: 453.
num_inconsistent_stats: 0.

CodeHeap 'non-profiled nmethods': size=120000Kb used=869Kb max_used=869Kb free=119130Kb
 bounds [0x000001e5e4350000, 0x000001e5e45c0000, 0x000001e5eb880000]
CodeHeap 'profiled nmethods': size=120000Kb used=3939Kb max_used=3939Kb free=116060Kb
 bounds [0x000001e5dc880000, 0x000001e5dcc60000, 0x000001e5e3db0000]
CodeHeap 'non-nmethods': size=5760Kb used=1978Kb max_used=2004Kb free=3781Kb
 bounds [0x000001e5e3db0000, 0x000001e5e4020000, 0x000001e5e4350000]
 total_blobs=3206 nmethods=2290 adapters=826
 compilation: enabled
              stopped_count=0, restarted_count=0
 full_count=0

Compilation events (20 events):
Event: 6.303 Thread 0x000001e5f11b5810 nmethod 2276 0x000001e5dcc53d10 code [0x000001e5dcc53f40, 0x000001e5dcc54a20]
Event: 6.303 Thread 0x000001e5f11b4d60 nmethod 2282 0x000001e5e4424490 code [0x000001e5e4424600, 0x000001e5e4424690]
Event: 6.304 Thread 0x000001e5f11b4d60 2284       4       java.util.regex.Pattern$BmpCharPropertyGreedy::match (89 bytes)
Event: 6.305 Thread 0x000001e5f11b5810 2281       3       sun.util.locale.LanguageTag::getVariants (24 bytes)
Event: 6.305 Thread 0x000001e5f11b5810 nmethod 2281 0x000001e5dcc54e10 code [0x000001e5dcc54fc0, 0x000001e5dcc55290]
Event: 6.306 Thread 0x000001e5f11b5810 2287       3       java.util.regex.Matcher::search (154 bytes)
Event: 6.307 Thread 0x000001e5f11b5810 nmethod 2287 0x000001e5dcc55390 code [0x000001e5dcc55580, 0x000001e5dcc55b30]
Event: 6.307 Thread 0x000001e5f11b5810 2288       3       java.util.regex.Pattern$BmpCharProperty::match (55 bytes)
Event: 6.308 Thread 0x000001e5f11b5810 nmethod 2288 0x000001e5dcc55d90 code [0x000001e5dcc55f60, 0x000001e5dcc56400]
Event: 6.308 Thread 0x000001e5f11b5810 2289       3       java.util.regex.CharPredicates$$Lambda$19/0x800000027::is (5 bytes)
Event: 6.308 Thread 0x000001e5f11b5810 nmethod 2289 0x000001e5dcc56590 code [0x000001e5dcc56740, 0x000001e5dcc56b50]
Event: 6.309 Thread 0x000001e5f11b5810 2285       3       java.util.regex.ASCII::isType (15 bytes)
Event: 6.310 Thread 0x000001e5f11b5810 nmethod 2285 0x000001e5dcc56c90 code [0x000001e5dcc56e20, 0x000001e5dcc57050]
Event: 6.310 Thread 0x000001e5f11b5810 2286       3       java.util.regex.ASCII::getType (17 bytes)
Event: 6.311 Thread 0x000001e5f11b5810 nmethod 2286 0x000001e5dcc57190 code [0x000001e5dcc57320, 0x000001e5dcc574c0]
Event: 6.312 Thread 0x000001e5f11b5810 2290       3       java.util.regex.CharPredicates::lambda$ASCII_SPACE$20 (20 bytes)
Event: 6.312 Thread 0x000001e5f11b5810 nmethod 2290 0x000001e5dcc57590 code [0x000001e5dcc57740, 0x000001e5dcc57ac8]
Event: 6.313 Thread 0x000001e5f11b5810 2291       3       java.util.regex.ASCII::isSpace (8 bytes)
Event: 6.314 Thread 0x000001e5f11b5810 nmethod 2291 0x000001e5dcc57c10 code [0x000001e5dcc57da0, 0x000001e5dcc58030]
Event: 6.318 Thread 0x000001e5f11b5810 2293       3       jdk.internal.loader.NativeLibraries::find (70 bytes)

GC Heap History (4 events):
Event: 1.386 GC heap before
{Heap before GC invocations=0 (full 0):
 garbage-first heap   total 131072K, used 22528K [0x0000000081e00000, 0x0000000100000000)
  region size 1024K, 23 young (23552K), 0 survivors (0K)
 Metaspace       used 6188K, committed 6464K, reserved 1114112K
  class space    used 766K, committed 896K, reserved 1048576K
}
Event: 1.400 GC heap after
{Heap after GC invocations=1 (full 0):
 garbage-first heap   total 131072K, used 3332K [0x0000000081e00000, 0x0000000100000000)
  region size 1024K, 3 young (3072K), 3 survivors (3072K)
 Metaspace       used 6188K, committed 6464K, reserved 1114112K
  class space    used 766K, committed 896K, reserved 1048576K
}
Event: 6.092 GC heap before
{Heap before GC invocations=1 (full 0):
 garbage-first heap   total 131072K, used 41220K [0x0000000081e00000, 0x0000000100000000)
  region size 1024K, 34 young (34816K), 3 survivors (3072K)
 Metaspace       used 18940K, committed 19264K, reserved 1114112K
  class space    used 2344K, committed 2496K, reserved 1048576K
}
Event: 6.100 GC heap after
{Heap after GC invocations=2 (full 0):
 garbage-first heap   total 131072K, used 12429K [0x0000000081e00000, 0x0000000100000000)
  region size 1024K, 5 young (5120K), 5 survivors (5120K)
 Metaspace       used 18940K, committed 19264K, reserved 1114112K
  class space    used 2344K, committed 2496K, reserved 1048576K
}

Dll operation events (20 events):
Event: 0.690 Loaded shared library C:\Program Files\Java\javafx-sdk-20.0.2\bin\api-ms-win-crt-process-l1-1-0.dll
Event: 0.692 Loaded shared library C:\Program Files\Java\javafx-sdk-20.0.2\bin\api-ms-win-crt-runtime-l1-1-0.dll
Event: 0.694 Loaded shared library C:\Program Files\Java\javafx-sdk-20.0.2\bin\api-ms-win-crt-stdio-l1-1-0.dll
Event: 0.696 Loaded shared library C:\Program Files\Java\javafx-sdk-20.0.2\bin\api-ms-win-crt-string-l1-1-0.dll
Event: 0.698 Loaded shared library C:\Program Files\Java\javafx-sdk-20.0.2\bin\api-ms-win-crt-time-l1-1-0.dll
Event: 0.700 Loaded shared library C:\Program Files\Java\javafx-sdk-20.0.2\bin\api-ms-win-crt-utility-l1-1-0.dll
Event: 0.701 Loaded shared library C:\Program Files\Java\javafx-sdk-20.0.2\bin\ucrtbase.dll
Event: 0.703 Loaded shared library C:\Program Files\Java\javafx-sdk-20.0.2\bin\vcruntime140.dll
Event: 0.705 Loaded shared library C:\Program Files\Java\javafx-sdk-20.0.2\bin\vcruntime140_1.dll
Event: 0.706 Loaded shared library C:\Program Files\Java\javafx-sdk-20.0.2\bin\msvcp140.dll
Event: 0.708 Loaded shared library C:\Program Files\Java\javafx-sdk-20.0.2\bin\msvcp140_1.dll
Event: 0.710 Loaded shared library C:\Program Files\Java\javafx-sdk-20.0.2\bin\msvcp140_2.dll
Event: 0.762 Loaded shared library C:\Program Files\Java\javafx-sdk-20.0.2\bin\prism_d3d.dll
Event: 0.814 Loaded shared library C:\Program Files\Java\javafx-sdk-20.0.2\bin\glass.dll
Event: 0.972 Loaded shared library C:\Program Files\Java\jdk-20\bin\jimage.dll
Event: 1.477 Loaded shared library C:\Program Files\Java\javafx-sdk-20.0.2\bin\javafx_font.dll
Event: 2.337 Loaded shared library C:\Windows\System32\dpuareu_jni.dll
Event: 3.375 Loaded shared library C:\Program Files\Java\javafx-sdk-20.0.2\bin\javafx_iio.dll
Event: 5.705 Loaded shared library C:\Program Files\Java\jdk-20\bin\awt.dll
Event: 6.040 Loaded shared library C:\Program Files\Java\jdk-20\bin\extnet.dll

Deoptimization events (20 events):
Event: 6.300 Thread 0x000001e5f6709050 Uncommon trap: trap_request=0xffffff45 fr.pc=0x000001e5e442365c relative=0x00000000000006fc
Event: 6.300 Thread 0x000001e5f6709050 Uncommon trap: reason=unstable_if action=reinterpret pc=0x000001e5e442365c method=java.util.regex.Matcher.search(I)Z @ 30 c2
Event: 6.300 Thread 0x000001e5f6709050 DEOPT PACKING pc=0x000001e5e442365c sp=0x00000001c4bfe080
Event: 6.300 Thread 0x000001e5f6709050 DEOPT UNPACKING pc=0x000001e5e3e19d22 sp=0x00000001c4bfe060 mode 2
Event: 6.300 Thread 0x000001e5f6709050 Uncommon trap: trap_request=0xffffffde fr.pc=0x000001e5e4421180 relative=0x00000000000002c0
Event: 6.301 Thread 0x000001e5f6709050 Uncommon trap: reason=class_check action=maybe_recompile pc=0x000001e5e4421180 method=java.util.regex.Pattern$BmpCharPropertyGreedy.match(Ljava/util/regex/Matcher;ILjava/lang/CharSequence;)Z @ 26 c2
Event: 6.301 Thread 0x000001e5f6709050 DEOPT PACKING pc=0x000001e5e4421180 sp=0x00000001c4bfdfc0
Event: 6.301 Thread 0x000001e5f6709050 DEOPT UNPACKING pc=0x000001e5e3e19d22 sp=0x00000001c4bfdf58 mode 2
Event: 6.301 Thread 0x000001e5f6709050 Uncommon trap: trap_request=0xffffffde fr.pc=0x000001e5e4421180 relative=0x00000000000002c0
Event: 6.301 Thread 0x000001e5f6709050 Uncommon trap: reason=class_check action=maybe_recompile pc=0x000001e5e4421180 method=java.util.regex.Pattern$BmpCharPropertyGreedy.match(Ljava/util/regex/Matcher;ILjava/lang/CharSequence;)Z @ 26 c2
Event: 6.302 Thread 0x000001e5f6709050 DEOPT PACKING pc=0x000001e5e4421180 sp=0x00000001c4bfdfc0
Event: 6.302 Thread 0x000001e5f6709050 DEOPT UNPACKING pc=0x000001e5e3e19d22 sp=0x00000001c4bfdf58 mode 2
Event: 6.302 Thread 0x000001e5f6709050 Uncommon trap: trap_request=0xffffffde fr.pc=0x000001e5e4421180 relative=0x00000000000002c0
Event: 6.302 Thread 0x000001e5f6709050 Uncommon trap: reason=class_check action=maybe_recompile pc=0x000001e5e4421180 method=java.util.regex.Pattern$BmpCharPropertyGreedy.match(Ljava/util/regex/Matcher;ILjava/lang/CharSequence;)Z @ 26 c2
Event: 6.302 Thread 0x000001e5f6709050 DEOPT PACKING pc=0x000001e5e4421180 sp=0x00000001c4bfdfc0
Event: 6.302 Thread 0x000001e5f6709050 DEOPT UNPACKING pc=0x000001e5e3e19d22 sp=0x00000001c4bfdf58 mode 2
Event: 6.302 Thread 0x000001e5f6709050 Uncommon trap: trap_request=0xffffffde fr.pc=0x000001e5e4421180 relative=0x00000000000002c0
Event: 6.303 Thread 0x000001e5f6709050 Uncommon trap: reason=class_check action=maybe_recompile pc=0x000001e5e4421180 method=java.util.regex.Pattern$BmpCharPropertyGreedy.match(Ljava/util/regex/Matcher;ILjava/lang/CharSequence;)Z @ 26 c2
Event: 6.303 Thread 0x000001e5f6709050 DEOPT PACKING pc=0x000001e5e4421180 sp=0x00000001c4bfdfc0
Event: 6.303 Thread 0x000001e5f6709050 DEOPT UNPACKING pc=0x000001e5e3e19d22 sp=0x00000001c4bfdf58 mode 2

Classes loaded (20 events):
Event: 6.196 Loading class sun/nio/cs/UTF_8$Encoder
Event: 6.196 Loading class sun/nio/cs/UTF_8$Encoder done
Event: 6.212 Loading class java/util/TimerTask
Event: 6.212 Loading class java/util/TimerTask done
Event: 6.292 Loading class java/time/format/DateTimeParseException
Event: 6.292 Loading class java/time/DateTimeException
Event: 6.292 Loading class java/time/DateTimeException done
Event: 6.292 Loading class java/time/format/DateTimeParseException done
Event: 6.297 Loading class java/security/InvalidKeyException
Event: 6.297 Loading class java/security/KeyException
Event: 6.297 Loading class java/security/KeyException done
Event: 6.297 Loading class java/security/InvalidKeyException done
Event: 6.297 Loading class javax/net/ssl/SSLSocket
Event: 6.298 Loading class javax/net/ssl/SSLSocket done
Event: 6.298 Loading class java/security/spec/InvalidKeySpecException
Event: 6.298 Loading class java/security/spec/InvalidKeySpecException done
Event: 6.298 Loading class javax/crypto/NoSuchPaddingException
Event: 6.298 Loading class javax/crypto/NoSuchPaddingException done
Event: 6.298 Loading class javax/crypto/IllegalBlockSizeException
Event: 6.298 Loading class javax/crypto/IllegalBlockSizeException done

Classes unloaded (0 events):
No events

Classes redefined (0 events):
No events

Internal exceptions (20 events):
Event: 1.801 Thread 0x000001e5f5987480 Implicit null exception at 0x000001e5e43a6e20 to 0x000001e5e43a70b0
Event: 1.802 Thread 0x000001e5f5987480 Implicit null exception at 0x000001e5e4376720 to 0x000001e5e437679d
Event: 1.874 Thread 0x000001e5f5987480 Implicit null exception at 0x000001e5e43a77f2 to 0x000001e5e43a7b7c
Event: 1.945 Thread 0x000001e5f5987480 Exception <a 'java/lang/NoSuchMethodError'{0x0000000088f0c6f0}: 'java.lang.Object java.lang.invoke.DirectMethodHandle$Holder.invokeInterface(java.lang.Object, java.lang.Object, java.lang.Object)'> (0x0000000088f0c6f0) 
thrown [s\open\src\hotspot\share\interpreter\linkResolver.cpp, line 773]
Event: 1.946 Thread 0x000001e5f5987480 Exception <a 'java/lang/IncompatibleClassChangeError'{0x0000000088f0fd98}: Found class java.lang.Object, but interface was expected> (0x0000000088f0fd98) 
thrown [s\open\src\hotspot\share\interpreter\linkResolver.cpp, line 840]
Event: 2.032 Thread 0x000001e5f5987480 Exception <a 'java/lang/NoSuchMethodError'{0x0000000088e3adb8}: 'int java.lang.invoke.DirectMethodHandle$Holder.invokeSpecial(java.lang.Object, java.lang.Object, int)'> (0x0000000088e3adb8) 
thrown [s\open\src\hotspot\share\interpreter\linkResolver.cpp, line 773]
Event: 2.067 Thread 0x000001e5f5987480 Exception <a 'java/lang/NoSuchMethodError'{0x0000000088ebc900}: 'java.lang.Object java.lang.invoke.DirectMethodHandle$Holder.newInvokeSpecial(java.lang.Object, java.lang.Object, int)'> (0x0000000088ebc900) 
thrown [s\open\src\hotspot\share\interpreter\linkResolver.cpp, line 773]
Event: 2.208 Thread 0x000001e5f5987480 Exception <a 'java/lang/NoSuchMethodError'{0x0000000088d4c220}: 'void java.lang.invoke.DirectMethodHandle$Holder.invokeVirtual(java.lang.Object, java.lang.Object)'> (0x0000000088d4c220) 
thrown [s\open\src\hotspot\share\interpreter\linkResolver.cpp, line 773]
Event: 2.388 Thread 0x000001e5f5bd9170 Exception <a 'java/lang/NoSuchMethodError'{0x0000000088b20770}: 'int java.lang.invoke.DirectMethodHandle$Holder.invokeStaticInit(java.lang.Object, java.lang.Object)'> (0x0000000088b20770) 
thrown [s\open\src\hotspot\share\interpreter\linkResolver.cpp, line 773]
Event: 2.429 Thread 0x000001e5f5bd9170 Exception <a 'java/lang/NoSuchMethodError'{0x0000000088a03c30}: 'java.lang.Object java.lang.invoke.Invokers$Holder.invokeExact_MT(java.lang.Object, java.lang.Object, java.lang.Object, java.lang.Object, java.lang.Object)'> (0x0000000088a03c30) 
thrown [s\open\src\hotspot\share\interpreter\linkResolver.cpp, line 773]
Event: 3.309 Thread 0x000001e5f5987480 Exception <a 'java/lang/NoSuchMethodError'{0x00000000887ab888}: 'long java.lang.invoke.DirectMethodHandle$Holder.invokeStatic(java.lang.Object, java.lang.Object, java.lang.Object)'> (0x00000000887ab888) 
thrown [s\open\src\hotspot\share\interpreter\linkResolver.cpp, line 773]
Event: 3.310 Thread 0x000001e5f5987480 Exception <a 'java/lang/NoSuchMethodError'{0x00000000887aec58}: 'long java.lang.invoke.DirectMethodHandle$Holder.invokeStaticInit(java.lang.Object, java.lang.Object, java.lang.Object)'> (0x00000000887aec58) 
thrown [s\open\src\hotspot\share\interpreter\linkResolver.cpp, line 773]
Event: 3.325 Thread 0x000001e5f5987480 Exception <a 'java/lang/NoSuchMethodError'{0x00000000887c6cb0}: 'java.lang.Object java.lang.invoke.DirectMethodHandle$Holder.newInvokeSpecial(java.lang.Object, java.lang.Object, long)'> (0x00000000887c6cb0) 
thrown [s\open\src\hotspot\share\interpreter\linkResolver.cpp, line 773]
Event: 3.327 Thread 0x000001e5f5987480 Exception <a 'java/lang/NoSuchMethodError'{0x00000000887ca5a8}: 'java.lang.Object java.lang.invoke.Invokers$Holder.linkToTargetMethod(java.lang.Object, long, java.lang.Object)'> (0x00000000887ca5a8) 
thrown [s\open\src\hotspot\share\interpreter\linkResolver.cpp, line 773]
Event: 5.717 Thread 0x000001e5f6709af0 Exception <a 'java/lang/ClassNotFoundException'{0x000000008825be78}: sun/awt/resources/spi/awtProvider> (0x000000008825be78) 
thrown [s\open\src\hotspot\share\classfile\systemDictionary.cpp, line 305]
Event: 5.720 Thread 0x000001e5f6709af0 Exception <a 'java/io/FileNotFoundException'{0x00000000882a4860}> (0x00000000882a4860) 
thrown [s\open\src\hotspot\share\prims\jni.cpp, line 519]
Event: 5.720 Thread 0x000001e5f6709af0 Exception <a 'java/io/FileNotFoundException'{0x00000000882a5b20}> (0x00000000882a5b20) 
thrown [s\open\src\hotspot\share\prims\jni.cpp, line 519]
Event: 5.902 Thread 0x000001e5f6709050 Exception <a 'java/lang/NoSuchMethodError'{0x0000000088037198}: 'java.lang.Object java.lang.invoke.DirectMethodHandle$Holder.invokeInterface(java.lang.Object, java.lang.Object)'> (0x0000000088037198) 
thrown [s\open\src\hotspot\share\interpreter\linkResolver.cpp, line 773]
Event: 5.926 Thread 0x000001e5f6709050 Exception <a 'java/lang/NoSuchMethodError'{0x00000000880afb28}: 'java.lang.Object java.lang.invoke.DirectMethodHandle$Holder.invokeVirtual(java.lang.Object, java.lang.Object, java.lang.Object)'> (0x00000000880afb28) 
thrown [s\open\src\hotspot\share\interpreter\linkResolver.cpp, line 773]
Event: 6.315 Thread 0x000001e5f6709050 Exception <a 'java/lang/NoSuchMethodError'{0x000000008995ab98}: 'void java.lang.invoke.DirectMethodHandle$Holder.invokeInterface(java.lang.Object, java.lang.Object)'> (0x000000008995ab98) 
thrown [s\open\src\hotspot\share\interpreter\linkResolver.cpp, line 773]

VM Operations (20 events):
Event: 3.198 Executing VM operation: Cleanup
Event: 3.198 Executing VM operation: Cleanup done
Event: 5.198 Executing VM operation: Cleanup
Event: 5.198 Executing VM operation: Cleanup done
Event: 5.765 Executing VM operation: HandshakeAllThreads
Event: 5.765 Executing VM operation: HandshakeAllThreads done
Event: 5.876 Executing VM operation: HandshakeAllThreads
Event: 5.876 Executing VM operation: HandshakeAllThreads done
Event: 5.877 Executing VM operation: HandshakeAllThreads
Event: 5.877 Executing VM operation: HandshakeAllThreads done
Event: 5.903 Executing VM operation: HandshakeAllThreads
Event: 5.903 Executing VM operation: HandshakeAllThreads done
Event: 5.920 Executing VM operation: HandshakeAllThreads
Event: 5.921 Executing VM operation: HandshakeAllThreads done
Event: 6.022 Executing VM operation: HandshakeAllThreads
Event: 6.022 Executing VM operation: HandshakeAllThreads done
Event: 6.092 Executing VM operation: G1CollectForAllocation
Event: 6.100 Executing VM operation: G1CollectForAllocation done
Event: 6.126 Executing VM operation: HandshakeAllThreads
Event: 6.127 Executing VM operation: HandshakeAllThreads done

Events (20 events):
Event: 0.334 Thread 0x000001e5f55bd800 Thread added: 0x000001e5f55bd800
Event: 0.340 Thread 0x000001e5f560e120 Thread added: 0x000001e5f560e120
Event: 0.449 Thread 0x000001e5f573b860 Thread added: 0x000001e5f573b860
Event: 0.753 Thread 0x000001e5f5bd9170 Thread added: 0x000001e5f5bd9170
Event: 0.818 Thread 0x000001e5f5538120 Thread added: 0x000001e5f5538120
Event: 0.824 Thread 0x000001e5f5987480 Thread added: 0x000001e5f5987480
Event: 0.906 Thread 0x000001e5f560e120 Thread exited: 0x000001e5f560e120
Event: 0.911 Thread 0x000001e5f560e120 Thread added: 0x000001e5f560e120
Event: 0.919 Thread 0x000001e5f647c9d0 Thread added: 0x000001e5f647c9d0
Event: 1.209 Thread 0x000001e5f55bd800 Thread exited: 0x000001e5f55bd800
Event: 1.598 Thread 0x000001e5f63b84d0 Thread added: 0x000001e5f63b84d0
Event: 1.934 Thread 0x000001e5f6728850 Thread added: 0x000001e5f6728850
Event: 2.140 Thread 0x000001e5f63b84d0 Thread exited: 0x000001e5f63b84d0
Event: 2.526 Thread 0x000001e5f670b030 Thread added: 0x000001e5f670b030
Event: 3.411 Thread 0x000001e5f6709050 Thread added: 0x000001e5f6709050
Event: 3.430 Thread 0x000001e5f6709af0 Thread added: 0x000001e5f6709af0
Event: 5.762 Thread 0x000001e5f670aae0 Thread added: 0x000001e5f670aae0
Event: 5.799 Thread 0x000001e5f6709af0 Thread exited: 0x000001e5f6709af0
Event: 5.868 Thread 0x000001e5f670b580 Thread added: 0x000001e5f670b580
Event: 5.913 Thread 0x000001e5f5438280 Thread added: 0x000001e5f5438280


Dynamic libraries:
0x00007ff6a1220000 - 0x00007ff6a1230000 	C:\Program Files\Java\jdk-20\bin\java.exe
0x00007ffff6b10000 - 0x00007ffff6d27000 	C:\WINDOWS\SYSTEM32\ntdll.dll
0x00007ffff49f0000 - 0x00007ffff4ab4000 	C:\WINDOWS\System32\KERNEL32.DLL
0x00007ffff4220000 - 0x00007ffff45c7000 	C:\WINDOWS\System32\KERNELBASE.dll
0x00007ffff4060000 - 0x00007ffff4171000 	C:\WINDOWS\System32\ucrtbase.dll
0x00007fffe25a0000 - 0x00007fffe25b9000 	C:\Program Files\Java\jdk-20\bin\jli.dll
0x00007ffff5fb0000 - 0x00007ffff6060000 	C:\WINDOWS\System32\ADVAPI32.dll
0x00007ffff6270000 - 0x00007ffff6317000 	C:\WINDOWS\System32\msvcrt.dll
0x00007fffe45d0000 - 0x00007fffe45eb000 	C:\Program Files\Java\jdk-20\bin\VCRUNTIME140.dll
0x00007ffff61c0000 - 0x00007ffff6266000 	C:\WINDOWS\System32\sechost.dll
0x00007ffff6750000 - 0x00007ffff6867000 	C:\WINDOWS\System32\RPCRT4.dll
0x00007ffff6570000 - 0x00007ffff671e000 	C:\WINDOWS\System32\USER32.dll
0x00007ffff3fb0000 - 0x00007ffff3fd6000 	C:\WINDOWS\System32\win32u.dll
0x00007ffff6720000 - 0x00007ffff6749000 	C:\WINDOWS\System32\GDI32.dll
0x00007ffff3e90000 - 0x00007ffff3fa9000 	C:\WINDOWS\System32\gdi32full.dll
0x00007ffff3050000 - 0x00007ffff32e3000 	C:\WINDOWS\WinSxS\amd64_microsoft.windows.common-controls_6595b64144ccf1df_6.0.22621.2506_none_270c5ae97388e100\COMCTL32.dll
0x00007ffff4180000 - 0x00007ffff421a000 	C:\WINDOWS\System32\msvcp_win.dll
0x00007fffedd00000 - 0x00007fffedd0a000 	C:\WINDOWS\SYSTEM32\VERSION.dll
0x00007ffff5af0000 - 0x00007ffff5b21000 	C:\WINDOWS\System32\IMM32.DLL
0x00007fffe4a80000 - 0x00007fffe4a8c000 	C:\Program Files\Java\jdk-20\bin\vcruntime140_1.dll
0x00007fffcf880000 - 0x00007fffcf90e000 	C:\Program Files\Java\jdk-20\bin\msvcp140.dll
0x00007fff83dd0000 - 0x00007fff84a68000 	C:\Program Files\Java\jdk-20\bin\server\jvm.dll
0x00007fffec240000 - 0x00007fffec274000 	C:\WINDOWS\SYSTEM32\WINMM.dll
0x00007fffdd960000 - 0x00007fffdd969000 	C:\WINDOWS\SYSTEM32\WSOCK32.dll
0x00007ffff64f0000 - 0x00007ffff6561000 	C:\WINDOWS\System32\WS2_32.dll
0x00007ffff25d0000 - 0x00007ffff25e8000 	C:\WINDOWS\SYSTEM32\kernel.appcore.dll
0x00007fffe4910000 - 0x00007fffe491a000 	C:\Program Files\Java\jdk-20\bin\jimage.dll
0x00007ffff3710000 - 0x00007ffff3943000 	C:\WINDOWS\SYSTEM32\DBGHELP.DLL
0x00007ffff5380000 - 0x00007ffff5709000 	C:\WINDOWS\System32\combase.dll
0x00007ffff6410000 - 0x00007ffff64e7000 	C:\WINDOWS\System32\OLEAUT32.dll
0x00007ffff35d0000 - 0x00007ffff3602000 	C:\WINDOWS\SYSTEM32\dbgcore.DLL
0x00007ffff3fe0000 - 0x00007ffff405a000 	C:\WINDOWS\System32\bcryptPrimitives.dll
0x00007fffe45a0000 - 0x00007fffe45c6000 	C:\Program Files\Java\jdk-20\bin\java.dll
0x00007fffc6dc0000 - 0x00007fffc6e97000 	C:\Program Files\Java\jdk-20\bin\jsvml.dll
0x00007ffff4b20000 - 0x00007ffff5379000 	C:\WINDOWS\System32\SHELL32.dll
0x00007ffff1500000 - 0x00007ffff1df4000 	C:\WINDOWS\SYSTEM32\windows.storage.dll
0x00007ffff13a0000 - 0x00007ffff14de000 	C:\WINDOWS\SYSTEM32\wintypes.dll
0x00007ffff69d0000 - 0x00007ffff6ac3000 	C:\WINDOWS\System32\SHCORE.dll
0x00007ffff4ac0000 - 0x00007ffff4b1e000 	C:\WINDOWS\System32\shlwapi.dll
0x00007ffff3dc0000 - 0x00007ffff3de6000 	C:\WINDOWS\SYSTEM32\profapi.dll
0x00007fffe25c0000 - 0x00007fffe25d3000 	C:\Program Files\Java\jdk-20\bin\net.dll
0x00007fffec8b0000 - 0x00007fffec9e7000 	C:\WINDOWS\SYSTEM32\WINHTTP.dll
0x00007ffff2bf0000 - 0x00007ffff2c59000 	C:\WINDOWS\system32\mswsock.dll
0x00007fffd1440000 - 0x00007fffd1456000 	C:\Program Files\Java\jdk-20\bin\nio.dll
0x00007fffd1420000 - 0x00007fffd1438000 	C:\Program Files\Java\jdk-20\bin\zip.dll
0x000001e5d27a0000 - 0x000001e5d27a3000 	C:\Program Files\Java\javafx-sdk-20.0.2\bin\api-ms-win-core-console-l1-1-0.dll
0x000001e5d27b0000 - 0x000001e5d27b3000 	C:\Program Files\Java\javafx-sdk-20.0.2\bin\api-ms-win-core-console-l1-2-0.dll
0x000001e5d46b0000 - 0x000001e5d46b3000 	C:\Program Files\Java\javafx-sdk-20.0.2\bin\api-ms-win-core-datetime-l1-1-0.dll
0x000001e5d46c0000 - 0x000001e5d46c3000 	C:\Program Files\Java\javafx-sdk-20.0.2\bin\api-ms-win-core-debug-l1-1-0.dll
0x000001e5d46d0000 - 0x000001e5d46d3000 	C:\Program Files\Java\javafx-sdk-20.0.2\bin\api-ms-win-core-errorhandling-l1-1-0.dll
0x000001e5d46e0000 - 0x000001e5d46e4000 	C:\Program Files\Java\javafx-sdk-20.0.2\bin\api-ms-win-core-file-l1-1-0.dll
0x000001e5d46f0000 - 0x000001e5d46f3000 	C:\Program Files\Java\javafx-sdk-20.0.2\bin\api-ms-win-core-file-l1-2-0.dll
0x000001e5d4700000 - 0x000001e5d4703000 	C:\Program Files\Java\javafx-sdk-20.0.2\bin\api-ms-win-core-file-l2-1-0.dll
0x000001e5d4710000 - 0x000001e5d4713000 	C:\Program Files\Java\javafx-sdk-20.0.2\bin\api-ms-win-core-handle-l1-1-0.dll
0x000001e5d4720000 - 0x000001e5d4723000 	C:\Program Files\Java\javafx-sdk-20.0.2\bin\api-ms-win-core-heap-l1-1-0.dll
0x000001e5d4730000 - 0x000001e5d4733000 	C:\Program Files\Java\javafx-sdk-20.0.2\bin\api-ms-win-core-interlocked-l1-1-0.dll
0x000001e5d4740000 - 0x000001e5d4743000 	C:\Program Files\Java\javafx-sdk-20.0.2\bin\api-ms-win-core-libraryloader-l1-1-0.dll
0x000001e5d4750000 - 0x000001e5d4753000 	C:\Program Files\Java\javafx-sdk-20.0.2\bin\api-ms-win-core-localization-l1-2-0.dll
0x000001e5d4760000 - 0x000001e5d4763000 	C:\Program Files\Java\javafx-sdk-20.0.2\bin\api-ms-win-core-memory-l1-1-0.dll
0x000001e5f12c0000 - 0x000001e5f12c3000 	C:\Program Files\Java\javafx-sdk-20.0.2\bin\api-ms-win-core-namedpipe-l1-1-0.dll
0x000001e5f12d0000 - 0x000001e5f12d3000 	C:\Program Files\Java\javafx-sdk-20.0.2\bin\api-ms-win-core-processenvironment-l1-1-0.dll
0x000001e5f12e0000 - 0x000001e5f12e3000 	C:\Program Files\Java\javafx-sdk-20.0.2\bin\api-ms-win-core-processthreads-l1-1-0.dll
0x000001e5f12f0000 - 0x000001e5f12f3000 	C:\Program Files\Java\javafx-sdk-20.0.2\bin\api-ms-win-core-processthreads-l1-1-1.dll
0x000001e5f1300000 - 0x000001e5f1303000 	C:\Program Files\Java\javafx-sdk-20.0.2\bin\api-ms-win-core-profile-l1-1-0.dll
0x000001e5f1310000 - 0x000001e5f1313000 	C:\Program Files\Java\javafx-sdk-20.0.2\bin\api-ms-win-core-rtlsupport-l1-1-0.dll
0x000001e5f1320000 - 0x000001e5f1323000 	C:\Program Files\Java\javafx-sdk-20.0.2\bin\api-ms-win-core-string-l1-1-0.dll
0x000001e5f1330000 - 0x000001e5f1333000 	C:\Program Files\Java\javafx-sdk-20.0.2\bin\api-ms-win-core-synch-l1-1-0.dll
0x000001e5f1340000 - 0x000001e5f1343000 	C:\Program Files\Java\javafx-sdk-20.0.2\bin\api-ms-win-core-synch-l1-2-0.dll
0x000001e5f1350000 - 0x000001e5f1353000 	C:\Program Files\Java\javafx-sdk-20.0.2\bin\api-ms-win-core-sysinfo-l1-1-0.dll
0x000001e5f1360000 - 0x000001e5f1363000 	C:\Program Files\Java\javafx-sdk-20.0.2\bin\api-ms-win-core-timezone-l1-1-0.dll
0x000001e5f1370000 - 0x000001e5f1373000 	C:\Program Files\Java\javafx-sdk-20.0.2\bin\api-ms-win-core-util-l1-1-0.dll
0x000001e5f1380000 - 0x000001e5f1383000 	C:\Program Files\Java\javafx-sdk-20.0.2\bin\api-ms-win-crt-conio-l1-1-0.dll
0x000001e5f1390000 - 0x000001e5f1394000 	C:\Program Files\Java\javafx-sdk-20.0.2\bin\api-ms-win-crt-convert-l1-1-0.dll
0x000001e5f13a0000 - 0x000001e5f13a3000 	C:\Program Files\Java\javafx-sdk-20.0.2\bin\api-ms-win-crt-environment-l1-1-0.dll
0x000001e5f13b0000 - 0x000001e5f13b3000 	C:\Program Files\Java\javafx-sdk-20.0.2\bin\api-ms-win-crt-filesystem-l1-1-0.dll
0x000001e5f13c0000 - 0x000001e5f13c3000 	C:\Program Files\Java\javafx-sdk-20.0.2\bin\api-ms-win-crt-heap-l1-1-0.dll
0x000001e5f13d0000 - 0x000001e5f13d3000 	C:\Program Files\Java\javafx-sdk-20.0.2\bin\api-ms-win-crt-locale-l1-1-0.dll
0x000001e5f13e0000 - 0x000001e5f13e5000 	C:\Program Files\Java\javafx-sdk-20.0.2\bin\api-ms-win-crt-math-l1-1-0.dll
0x000001e5f13f0000 - 0x000001e5f13f5000 	C:\Program Files\Java\javafx-sdk-20.0.2\bin\api-ms-win-crt-multibyte-l1-1-0.dll
0x000001e5f6fd0000 - 0x000001e5f6fe0000 	C:\Program Files\Java\javafx-sdk-20.0.2\bin\api-ms-win-crt-private-l1-1-0.dll
0x000001e5f6fe0000 - 0x000001e5f6fe3000 	C:\Program Files\Java\javafx-sdk-20.0.2\bin\api-ms-win-crt-process-l1-1-0.dll
0x000001e5f6ff0000 - 0x000001e5f6ff4000 	C:\Program Files\Java\javafx-sdk-20.0.2\bin\api-ms-win-crt-runtime-l1-1-0.dll
0x000001e5f7000000 - 0x000001e5f7004000 	C:\Program Files\Java\javafx-sdk-20.0.2\bin\api-ms-win-crt-stdio-l1-1-0.dll
0x000001e5f7010000 - 0x000001e5f7014000 	C:\Program Files\Java\javafx-sdk-20.0.2\bin\api-ms-win-crt-string-l1-1-0.dll
0x000001e5f7020000 - 0x000001e5f7023000 	C:\Program Files\Java\javafx-sdk-20.0.2\bin\api-ms-win-crt-time-l1-1-0.dll
0x000001e5f7030000 - 0x000001e5f7033000 	C:\Program Files\Java\javafx-sdk-20.0.2\bin\api-ms-win-crt-utility-l1-1-0.dll
0x00007fffc8c40000 - 0x00007fffc8d3c000 	C:\Program Files\Java\javafx-sdk-20.0.2\bin\ucrtbase.dll
0x00007fffd13b0000 - 0x00007fffd13cb000 	C:\Program Files\Java\javafx-sdk-20.0.2\bin\vcruntime140.dll
0x00007fffedf60000 - 0x00007fffedf6c000 	C:\Program Files\Java\javafx-sdk-20.0.2\bin\vcruntime140_1.dll
0x00007fffc8bb0000 - 0x00007fffc8c3e000 	C:\Program Files\Java\javafx-sdk-20.0.2\bin\msvcp140.dll
0x00007fffec670000 - 0x00007fffec679000 	C:\Program Files\Java\javafx-sdk-20.0.2\bin\msvcp140_1.dll
0x00007fffd0ec0000 - 0x00007fffd0ef0000 	C:\Program Files\Java\javafx-sdk-20.0.2\bin\msvcp140_2.dll
0x00007fffcfae0000 - 0x00007fffcfb0f000 	C:\Program Files\Java\javafx-sdk-20.0.2\bin\prism_d3d.dll
0x00007fffc8860000 - 0x00007fffc8a09000 	C:\WINDOWS\system32\d3d9.dll
0x00007ffff0c90000 - 0x00007ffff0cbb000 	C:\WINDOWS\SYSTEM32\dwmapi.dll
0x00007ffff0680000 - 0x00007ffff06b6000 	C:\WINDOWS\SYSTEM32\dxcore.dll
0x00007ffff05a0000 - 0x00007ffff064b000 	C:\WINDOWS\system32\uxtheme.dll
0x00007fffc8180000 - 0x00007fffc82e5000 	C:\WINDOWS\System32\DriverStore\FileRepository\igdlh64.inf_amd64_dccdb071926b5316\igdumdim64.dll
0x00007ffff5710000 - 0x00007ffff58b0000 	C:\WINDOWS\System32\ole32.dll
0x00007fff7b8f0000 - 0x00007fff7f544000 	C:\WINDOWS\System32\DriverStore\FileRepository\igdlh64.inf_amd64_dccdb071926b5316\igd9dxva64.dll
0x00007ffff5b30000 - 0x00007ffff5fa4000 	C:\WINDOWS\System32\SETUPAPI.dll
0x00007ffff3a90000 - 0x00007ffff3ade000 	C:\WINDOWS\SYSTEM32\cfgmgr32.dll
0x00007fffe2100000 - 0x00007fffe24c1000 	C:\WINDOWS\System32\DriverStore\FileRepository\igdlh64.inf_amd64_dccdb071926b5316\igdgmm64.dll
0x00007fffeb0e0000 - 0x00007fffeb12a000 	C:\WINDOWS\SYSTEM32\directxdatabasehelper.dll
0x00007fffc8b60000 - 0x00007fffc8ba2000 	C:\Program Files\Java\javafx-sdk-20.0.2\bin\glass.dll
0x00007ffff48f0000 - 0x00007ffff49e9000 	C:\WINDOWS\System32\COMDLG32.dll
0x00007ffff6870000 - 0x00007ffff69bf000 	C:\WINDOWS\System32\MSCTF.dll
0x00007fff9ae40000 - 0x00007fff9ae67000 	C:\WINDOWS\System32\DriverStore\FileRepository\igdlh64.inf_amd64_dccdb071926b5316\igdinfo64.dll
0x00007ffff3a40000 - 0x00007ffff3a5b000 	C:\WINDOWS\SYSTEM32\CRYPTSP.dll
0x00007ffff2590000 - 0x00007ffff25c5000 	C:\WINDOWS\system32\rsaenh.dll
0x00007ffff2e90000 - 0x00007ffff2e9c000 	C:\WINDOWS\SYSTEM32\CRYPTBASE.dll
0x00007ffff36e0000 - 0x00007ffff3708000 	C:\WINDOWS\SYSTEM32\bcrypt.dll
0x00007fffddd50000 - 0x00007fffe0f56000 	C:\WINDOWS\System32\DriverStore\FileRepository\igdlh64.inf_amd64_dccdb071926b5316\igc64.dll
0x00007fffd1390000 - 0x00007fffd13a4000 	C:\Program Files\Java\javafx-sdk-20.0.2\bin\javafx_font.dll
0x00007fffee8e0000 - 0x00007fffeeb53000 	C:\WINDOWS\SYSTEM32\dwrite.dll
0x00007ffff6060000 - 0x00007ffff6110000 	C:\WINDOWS\System32\clbcatq.dll
0x00007fffee5e0000 - 0x00007fffee790000 	C:\WINDOWS\SYSTEM32\WindowsCodecs.dll
0x00007fffc4fa0000 - 0x00007fffc4ffe000 	C:\WINDOWS\system32\dataexchange.dll
0x00007fffe4680000 - 0x00007fffe4905000 	C:\WINDOWS\system32\twinapi.appcore.dll
0x00007fffceeb0000 - 0x00007fffceee2000 	C:\Program Files\Common Files\Microsoft Shared\Ink\rtscom.dll
0x00007fffe50d0000 - 0x00007fffe521a000 	C:\WINDOWS\SYSTEM32\textinputframework.dll
0x00007fffef8b0000 - 0x00007fffef9e3000 	C:\WINDOWS\SYSTEM32\CoreMessaging.dll
0x00007fffe9910000 - 0x00007fffe9c7c000 	C:\WINDOWS\SYSTEM32\CoreUIComponents.dll
0x00007fffcf7e0000 - 0x00007fffcf806000 	C:\Windows\System32\dpuareu_jni.dll
0x00007fffc8ae0000 - 0x00007fffc8b54000 	C:\WINDOWS\SYSTEM32\dpfj.dll
0x00007fffcf150000 - 0x00007fffcf17b000 	C:\WINDOWS\SYSTEM32\dpfpdd.dll
0x00007fffea350000 - 0x00007fffea3e0000 	C:\WINDOWS\SYSTEM32\DPFPApi.DLL
0x00007ffff4700000 - 0x00007ffff4866000 	C:\WINDOWS\System32\CRYPT32.dll

dbghelp: loaded successfully - version: 4.0.5 - missing functions: none
symbol engine: initialized successfully - sym options: 0x614 - pdb path: .;C:\Program Files\Java\jdk-20\bin;C:\WINDOWS\SYSTEM32;C:\WINDOWS\WinSxS\amd64_microsoft.windows.common-controls_6595b64144ccf1df_6.0.22621.2506_none_270c5ae97388e100;C:\Program Files\Java\jdk-20\bin\server;C:\Program Files\Java\javafx-sdk-20.0.2\bin;C:\WINDOWS\System32\DriverStore\FileRepository\igdlh64.inf_amd64_dccdb071926b5316;C:\Program Files\Common Files\Microsoft Shared\Ink

VM Arguments:
jvm_args: -Dfile.encoding=UTF-8 --module-path=C:\Program Files\Java\javafx-sdk-20.0.2\lib --add-modules=javafx.controls,javafx.fxml --module-path=C:\Program Files\Java\javafx-sdk-20.0.2\lib\javafx-swt.jar;C:\Program Files\Java\javafx-sdk-20.0.2\lib\javafx.base.jar;C:\Program Files\Java\javafx-sdk-20.0.2\lib\javafx.controls.jar;C:\Program Files\Java\javafx-sdk-20.0.2\lib\javafx.fxml.jar;C:\Program Files\Java\javafx-sdk-20.0.2\lib\javafx.graphics.jar;C:\Program Files\Java\javafx-sdk-20.0.2\lib\javafx.media.jar;C:\Program Files\Java\javafx-sdk-20.0.2\lib\javafx.swing.jar;C:\Program Files\Java\javafx-sdk-20.0.2\lib\javafx.web.jar 
java_command: Main
java_class_path (initial): C:\Program Files\Java\javafx-sdk-20.0.2\lib\javafx-swt.jar;C:\Program Files\Java\javafx-sdk-20.0.2\lib\javafx.base.jar;C:\Program Files\Java\javafx-sdk-20.0.2\lib\javafx.controls.jar;C:\Program Files\Java\javafx-sdk-20.0.2\lib\javafx.fxml.jar;C:\Program Files\Java\javafx-sdk-20.0.2\lib\javafx.graphics.jar;C:\Program Files\Java\javafx-sdk-20.0.2\lib\javafx.media.jar;C:\Program Files\Java\javafx-sdk-20.0.2\lib\javafx.swing.jar;C:\Program Files\Java\javafx-sdk-20.0.2\lib\javafx.web.jar;C:\Program Files\DigitalPersona\U.are.U SDK\Windows\Lib\Java\dpuareu.jar;C:\Program Files\Java\mysql-connector-j-8.1.0\mysql-connector-j-8.1.0.jar;C:\Programming\NetBeansProjects\attendance-system\build\classes
Launcher Type: SUN_STANDARD

[Global flags]
     intx CICompilerCount                          = 4                                         {product} {ergonomic}
     uint ConcGCThreads                            = 2                                         {product} {ergonomic}
     uint G1ConcRefinementThreads                  = 8                                         {product} {ergonomic}
   size_t G1HeapRegionSize                         = 1048576                                   {product} {ergonomic}
    uintx GCDrainStackTargetSize                   = 64                                        {product} {ergonomic}
   size_t InitialHeapSize                          = 134217728                                 {product} {ergonomic}
   size_t MarkStackSize                            = 4194304                                   {product} {ergonomic}
   size_t MaxHeapSize                              = 2116026368                                {product} {ergonomic}
   size_t MaxNewSize                               = 1268776960                                {product} {ergonomic}
   size_t MinHeapDeltaBytes                        = 1048576                                   {product} {ergonomic}
   size_t MinHeapSize                              = 8388608                                   {product} {ergonomic}
    uintx NonNMethodCodeHeapSize                   = 5839372                                {pd product} {ergonomic}
    uintx NonProfiledCodeHeapSize                  = 122909434                              {pd product} {ergonomic}
    uintx ProfiledCodeHeapSize                     = 122909434                              {pd product} {ergonomic}
    uintx ReservedCodeCacheSize                    = 251658240                              {pd product} {ergonomic}
     bool SegmentedCodeCache                       = true                                      {product} {ergonomic}
   size_t SoftMaxHeapSize                          = 2116026368                             {manageable} {ergonomic}
     bool UseCompressedClassPointers               = true                           {product lp64_product} {ergonomic}
     bool UseCompressedOops                        = true                           {product lp64_product} {ergonomic}
     bool UseG1GC                                  = true                                      {product} {ergonomic}
     bool UseLargePagesIndividualAllocation        = false                                  {pd product} {ergonomic}

Logging:
Log output configuration:
 #0: stdout all=warning uptime,level,tags foldmultilines=false
 #1: stderr all=off uptime,level,tags foldmultilines=false

Environment Variables:
JAVA_HOME=C:\Program Files\Java\jdk-20
CLASSPATH=C:\Program Files\Java\mysql-connector-j-8.1.0\mysql-connector-j-8.1.0.jar
PATH=C:\Program Files\Common Files\Oracle\Java\javapath;C:\Program Files (x86)\Common Files\Oracle\Java\javapath;C:\WINDOWS\system32;C:\WINDOWS;C:\WINDOWS\System32\Wbem;C:\WINDOWS\System32\WindowsPowerShell\v1.0\;C:\WINDOWS\System32\OpenSSH\;C:\Program Files\Git\cmd;C:\Program Files\dotnet\;C:\Users\danodoms\AppData\Local\Microsoft\WindowsApps;C:\Users\danodoms\AppData\Local\Programs\Microsoft VS Code\bin;
USERNAME=admin
OS=Windows_NT
PROCESSOR_IDENTIFIER=Intel64 Family 6 Model 142 Stepping 10, GenuineIntel
TMP=C:\Users\danodoms\AppData\Local\Temp
TEMP=C:\Users\danodoms\AppData\Local\Temp




---------------  S Y S T E M  ---------------

OS:
 Windows 11 , 64 bit Build 22621 (10.0.22621.2506)
OS uptime: 0 days 17:49 hours

CPU: total 8 (initial active 8) (4 cores per cpu, 2 threads per core) family 6 model 142 stepping 10 microcode 0xf4, cx8, cmov, fxsr, ht, mmx, 3dnowpref, sse, sse2, sse3, ssse3, sse4.1, sse4.2, popcnt, lzcnt, tsc, tscinvbit, avx, avx2, aes, erms, clmul, bmi1, bmi2, rtm, adx, fma, vzeroupper, clflush, clflushopt, rdtscp, f16c

Memory: 4k page, system-wide physical 8071M (961M free)
TotalPageFile size 18823M (AvailPageFile size 9105M)
current process WorkingSet (physical memory assigned to process): 183M, peak: 183M
current process commit charge ("private bytes"): 298M, peak: 298M

vm_info: Java HotSpot(TM) 64-Bit Server VM (20.0.2+9-78) for windows-amd64 JRE (20.0.2+9-78), built on 2023-06-14T10:08:48Z by "mach5one" with MS VC++ 17.1 (VS2022)

END.
