#
# A fatal error has been detected by the Java Runtime Environment:
#
#  EXCEPTION_ACCESS_VIOLATION (0xc0000005) at pc=0x00007fffb20ca330, pid=13096, tid=3996
#
# JRE version: Java(TM) SE Runtime Environment (20.0.2+9) (build 20.0.2+9-78)
# Java VM: Java HotSpot(TM) 64-Bit Server VM (20.0.2+9-78, mixed mode, sharing, tiered, compressed oops, compressed class ptrs, g1 gc, windows-amd64)
# Problematic frame:
# V  [jvm.dll+0xa330]
#
# No core dump will be written. Minidumps are not enabled by default on client versions of Windows
#
# If you would like to submit a bug report, please visit:
#   https://bugreport.java.com/bugreport/crash.jsp
#

---------------  S U M M A R Y ------------

Command Line: -Dfile.encoding=UTF-8 --module-path=C:\Program Files\Java\javafx-sdk-20.0.2\lib --add-modules=javafx.controls,javafx.fxml --module-path=C:\Program Files\Java\javafx-sdk-20.0.2\lib\javafx-swt.jar;C:\Program Files\Java\javafx-sdk-20.0.2\lib\javafx.base.jar;C:\Program Files\Java\javafx-sdk-20.0.2\lib\javafx.controls.jar;C:\Program Files\Java\javafx-sdk-20.0.2\lib\javafx.fxml.jar;C:\Program Files\Java\javafx-sdk-20.0.2\lib\javafx.graphics.jar;C:\Program Files\Java\javafx-sdk-20.0.2\lib\javafx.media.jar;C:\Program Files\Java\javafx-sdk-20.0.2\lib\javafx.swing.jar;C:\Program Files\Java\javafx-sdk-20.0.2\lib\javafx.web.jar Main

Host: Intel(R) Core(TM) i5-8350U CPU @ 1.70GHz, 8 cores, 7G,  Windows 11 , 64 bit Build 22621 (10.0.22621.2506)
Time: Fri Nov  3 16:13:28 2023 Malay Peninsula Standard Time elapsed time: 42.732547 seconds (0d 0h 0m 42s)

---------------  T H R E A D  ---------------

Current thread (0x000001f36f76a080):  JavaThread "Thread-3" [_thread_in_vm, id=3996, stack(0x0000009e18a00000,0x0000009e18b00000)]

Stack: [0x0000009e18a00000,0x0000009e18b00000],  sp=0x0000009e18aff248,  free space=1020k
Native frames: (J=compiled Java code, j=interpreted, Vv=VM code, C=native code)
V  [jvm.dll+0xa330]

Java frames: (J=compiled Java code, j=interpreted, Vv=VM code)
j  com.digitalpersona.uareu.jni.Dpfj.DpfjIdentify([BII[[BIILcom/digitalpersona/uareu/jni/Dpfj$IntReference;[Lcom/digitalpersona/uareu/Engine$Candidate;)I+0
j  com.digitalpersona.uareu.jni.Dpfj.identify(Lcom/digitalpersona/uareu/Fmd;I[Lcom/digitalpersona/uareu/Fmd;II)[Lcom/digitalpersona/uareu/Engine$Candidate;+148
j  com.digitalpersona.uareu.dpfj.EngineImpl.Identify(Lcom/digitalpersona/uareu/Fmd;I[Lcom/digitalpersona/uareu/Fmd;II)[Lcom/digitalpersona/uareu/Engine$Candidate;+11
j  Fingerprint.IdentificationThread.startIdentification(Lcom/digitalpersona/uareu/Reader;Ljavafx/scene/image/ImageView;)V+104
j  Fingerprint.IdentificationThread.run()V+9
v  ~StubRoutines::call_stub 0x000001f35d3a100d

siginfo: EXCEPTION_ACCESS_VIOLATION (0xc0000005), reading address 0x0000000000000000


Registers:
RAX=0x0000000000000000, RBX=0x000001f36f76a080, RCX=0x0000000000000000, RDX=0x0000000000000000
RSP=0x0000009e18aff248, RBP=0x0000009e18aff3f8, RSI=0x000001f36f76a360, RDI=0x0000000000000000
R8 =0x0000009e18aff450, R9 =0x0000000001010001, R10=0x00007fffb2c066d0, R11=0x0000000000000101
R12=0x0000000000000000, R13=0x000001f36b377dd0, R14=0x0000009e18aff458, R15=0x0000000000000000
RIP=0x00007fffb20ca330, EFLAGS=0x0000000000010246


Register to memory mapping:

RIP=0x00007fffb20ca330 jvm.dll
RAX=0x0 is NULL
RBX=0x000001f36f76a080 is a thread
RCX=0x0 is NULL
RDX=0x0 is NULL
RSP=0x0000009e18aff248 is pointing into the stack for thread: 0x000001f36f76a080
RBP=0x0000009e18aff3f8 is pointing into the stack for thread: 0x000001f36f76a080
RSI=0x000001f36f76a360 points into unknown readable memory: 0x00007fffb2c066d0 | d0 66 c0 b2 ff 7f 00 00
RDI=0x0 is NULL
R8 =0x0000009e18aff450 is pointing into the stack for thread: 0x000001f36f76a080
R9 =0x0000000001010001 is an unknown value
R10=0x00007fffb2c066d0 jvm.dll
R11=0x0000000000000101 is an unknown value
R12=0x0 is NULL
R13={method} {0x000001f36b377dd8} 'DpfjIdentify' '([BII[[BIILcom/digitalpersona/uareu/jni/Dpfj$IntReference;[Lcom/digitalpersona/uareu/Engine$Candidate;)I' in 'com/digitalpersona/uareu/jni/Dpfj'
R14=0x0000009e18aff458 is pointing into the stack for thread: 0x000001f36f76a080
R15=0x0 is NULL


Top of Stack: (sp=0x0000009e18aff248)
0x0000009e18aff248:   00007fffb24fb549 000001f36f76a080
0x0000009e18aff258:   0000009e18aff358 0000000000000000
0x0000009e18aff268:   00007fffb2498ff7 0000009e18aff450
0x0000009e18aff278:   00007fffcfb0208a 000001f36b377dd0
0x0000009e18aff288:   000001f36f76a360 000001f300904db0
0x0000009e18aff298:   000001f36f76a080 000000000028364a
0x0000009e18aff2a8:   00007fffb270e81f 000001f300904db0
0x0000009e18aff2b8:   00000000000000bd 0000009e18aff338
0x0000009e18aff2c8:   0000000089793930 000001f36f76a080
0x0000009e18aff2d8:   00007fffb270e614 0000016818aff360
0x0000009e18aff2e8:   0000000000000000 0000009e18aff2e0
0x0000009e18aff2f8:   0000000000000001 000001f36f76a080
0x0000009e18aff308:   0000009e18aff458 000001f36b377dd0
0x0000009e18aff318:   0000000000000000 000001f36afe3220
0x0000009e18aff328:   0000000000000000 000001f36b377dd0
0x0000009e18aff338:   000001f35d3c1ff3 0000000089793930
0x0000009e18aff348:   000001f36f76a080 0000009e18aff450
0x0000009e18aff358:   000001f301010001 00007fff00000000
0x0000009e18aff368:   0000000000000000 000001f3ffffffff
0x0000009e18aff378:   00000000000053e2 0000009e18aff420
0x0000009e18aff388:   0000009e18aff418 0000000000000001
0x0000009e18aff398:   00007fffb2483ccf 000001f36f76a080
0x0000009e18aff3a8:   000001f300000001 0000009e18aff3b0
0x0000009e18aff3b8:   0000000000000000 0000009e18aff458
0x0000009e18aff3c8:   000001f36b37a5a0 0000000000000000
0x0000009e18aff3d8:   00000000878b0468 000001f36b377dd0
0x0000009e18aff3e8:   0000000000000000 0000009e18aff418
0x0000009e18aff3f8:   0000009e18aff4a8 000001f35d3bdf9e
0x0000009e18aff408:   0000000000000000 000001f35d3bf895
0x0000009e18aff418:   0000000089793930 0000000089793960
0x0000009e18aff428:   00000000000053e2 00000000ffffffff
0x0000009e18aff438:   0000000000000000 0000000000000000 

Instructions: (pc=0x00007fffb20ca330)
0x00007fffb20ca230:   ec 0d b3 00 48 83 c4 20 5b 48 ff e0 48 8d 05 ed
0x00007fffb20ca240:   00 00 00 48 8b cb 48 89 05 d3 0d b3 00 48 83 c4
0x00007fffb20ca250:   20 5b 48 ff e0 48 8d 05 d4 00 00 00 48 8b cb 48
0x00007fffb20ca260:   89 05 ba 0d b3 00 48 83 c4 20 5b 48 ff e0 48 8b
0x00007fffb20ca270:   0d cb 76 b9 00 8b 51 10 83 ea 01 0f 84 91 00 00
0x00007fffb20ca280:   00 83 ea 01 74 73 83 ea 01 74 55 83 fa 01 74 37
0x00007fffb20ca290:   4c 8d 0d e9 08 8a 00 41 b8 e2 00 00 00 48 8d 15
0x00007fffb20ca2a0:   14 09 8a 00 b9 00 00 00 e0 e8 42 68 27 00 e8 5d
0x00007fffb20ca2b0:   19 6b 00 33 c0 48 8b cb 48 89 05 61 0d b3 00 48
0x00007fffb20ca2c0:   83 c4 20 5b 48 ff e0 48 8d 05 72 00 00 00 48 8b
0x00007fffb20ca2d0:   cb 48 89 05 48 0d b3 00 48 83 c4 20 5b 48 ff e0
0x00007fffb20ca2e0:   48 8d 05 49 00 00 00 48 8b cb 48 89 05 2f 0d b3
0x00007fffb20ca2f0:   00 48 83 c4 20 5b 48 ff e0 48 8d 05 30 00 00 00
0x00007fffb20ca300:   48 8b cb 48 89 05 16 0d b3 00 48 83 c4 20 5b 48
0x00007fffb20ca310:   ff e0 48 8d 05 17 00 00 00 48 8b cb 48 89 05 fd
0x00007fffb20ca320:   0c b3 00 48 83 c4 20 5b 48 ff e0 cc cc cc cc cc
0x00007fffb20ca330:   48 8b 01 c3 cc cc cc cc cc cc cc cc cc cc cc cc
0x00007fffb20ca340:   48 89 5c 24 08 57 48 83 ec 20 48 8b 39 48 8b d9
0x00007fffb20ca350:   48 85 3d a1 90 be 00 75 0e 48 8b c7 48 8b 5c 24
0x00007fffb20ca360:   30 48 83 c4 20 5f c3 48 8b cf e8 c1 0e 87 00 48
0x00007fffb20ca370:   8b d0 48 85 c0 74 20 48 8b c7 f0 48 0f b1 13 74
0x00007fffb20ca380:   16 48 85 05 70 90 be 00 74 0d 48 8b c8 f0 48 0f
0x00007fffb20ca390:   b1 13 48 3b c1 75 ea 48 8b 5c 24 30 48 8b c2 48
0x00007fffb20ca3a0:   83 c4 20 5f c3 cc cc cc cc cc cc cc cc cc cc cc
0x00007fffb20ca3b0:   8b 44 24 30 45 03 c9 44 2b 4c 24 28 83 c0 0b 44
0x00007fffb20ca3c0:   03 ca 45 03 c8 41 03 c1 c3 cc cc cc cc cc cc cc
0x00007fffb20ca3d0:   48 8b 41 08 0f b7 48 2a 0f b7 40 28 83 c0 48 03
0x00007fffb20ca3e0:   c1 c3 cc cc cc cc cc cc cc cc cc cc cc cc cc cc
0x00007fffb20ca3f0:   48 89 5c 24 08 57 48 83 ec 20 0f b6 05 3f 98 be
0x00007fffb20ca400:   00 48 8b fa 48 8b d9 84 c0 74 4f 48 85 15 e6 8f
0x00007fffb20ca410:   be 00 74 38 48 8b ca e8 24 11 87 00 48 8b d0 48
0x00007fffb20ca420:   85 db 74 25 48 85 c0 74 20 48 8b c7 f0 48 0f b1 


Stack slot to memory mapping:
stack at sp + 0 slots: 0x00007fffb24fb549 jvm.dll
stack at sp + 1 slots: 0x000001f36f76a080 is a thread
stack at sp + 2 slots: 0x0000009e18aff358 is pointing into the stack for thread: 0x000001f36f76a080
stack at sp + 3 slots: 0x0 is NULL
stack at sp + 4 slots: 0x00007fffb2498ff7 jvm.dll
stack at sp + 5 slots: 0x0000009e18aff450 is pointing into the stack for thread: 0x000001f36f76a080
stack at sp + 6 slots: 0x00007fffcfb0208a dpuareu_jni.dll
stack at sp + 7 slots: {method} {0x000001f36b377dd8} 'DpfjIdentify' '([BII[[BIILcom/digitalpersona/uareu/jni/Dpfj$IntReference;[Lcom/digitalpersona/uareu/Engine$Candidate;)I' in 'com/digitalpersona/uareu/jni/Dpfj'


---------------  P R O C E S S  ---------------

Threads class SMR info:
_java_thread_list=0x000001f36f68de40, length=21, elements={
0x000001f34dd97810, 0x000001f36a783fc0, 0x000001f36a784ba0, 0x000001f36a786200,
0x000001f36a786d40, 0x000001f36a78a6a0, 0x000001f36a78f130, 0x000001f36a793900,
0x000001f36a7943b0, 0x000001f36e9df6c0, 0x000001f36e9dd6e0, 0x000001f36e9ddc30,
0x000001f36e9de180, 0x000001f36e9df170, 0x000001f36e9de6d0, 0x000001f36e9dfc10,
0x000001f36e9e0160, 0x000001f36f769b30, 0x000001f36f76a080, 0x000001f36f76a5d0,
0x000001f36f7695e0
}

Java Threads: ( => current thread )
  0x000001f34dd97810 JavaThread "main" [_thread_blocked, id=15688, stack(0x0000009e16300000,0x0000009e16400000)]
  0x000001f36a783fc0 JavaThread "Reference Handler" daemon [_thread_blocked, id=5248, stack(0x0000009e16a00000,0x0000009e16b00000)]
  0x000001f36a784ba0 JavaThread "Finalizer" daemon [_thread_blocked, id=14152, stack(0x0000009e16b00000,0x0000009e16c00000)]
  0x000001f36a786200 JavaThread "Signal Dispatcher" daemon [_thread_blocked, id=13076, stack(0x0000009e16c00000,0x0000009e16d00000)]
  0x000001f36a786d40 JavaThread "Attach Listener" daemon [_thread_blocked, id=16196, stack(0x0000009e16d00000,0x0000009e16e00000)]
  0x000001f36a78a6a0 JavaThread "Service Thread" daemon [_thread_blocked, id=13976, stack(0x0000009e16e00000,0x0000009e16f00000)]
  0x000001f36a78f130 JavaThread "Monitor Deflation Thread" daemon [_thread_blocked, id=10756, stack(0x0000009e16f00000,0x0000009e17000000)]
  0x000001f36a793900 JavaThread "C2 CompilerThread0" daemon [_thread_blocked, id=15620, stack(0x0000009e17000000,0x0000009e17100000)]
  0x000001f36a7943b0 JavaThread "C1 CompilerThread0" daemon [_thread_blocked, id=3936, stack(0x0000009e17100000,0x0000009e17200000)]
  0x000001f36e9df6c0 JavaThread "Common-Cleaner" daemon [_thread_blocked, id=3416, stack(0x0000009e17200000,0x0000009e17300000)]
  0x000001f36e9dd6e0 JavaThread "Notification Thread" daemon [_thread_blocked, id=12132, stack(0x0000009e17500000,0x0000009e17600000)]
  0x000001f36e9ddc30 JavaThread "QuantumRenderer-0" daemon [_thread_blocked, id=16068, stack(0x0000009e17700000,0x0000009e17800000)]
  0x000001f36e9de180 JavaThread "InvokeLaterDispatcher" daemon [_thread_blocked, id=2716, stack(0x0000009e17800000,0x0000009e17900000)]
  0x000001f36e9df170 JavaThread "JavaFX Application Thread" [_thread_in_native, id=14944, stack(0x0000009e17900000,0x0000009e17a00000)]
  0x000001f36e9de6d0 JavaThread "JavaFX-Launcher" [_thread_blocked, id=3548, stack(0x0000009e17e00000,0x0000009e17f00000)]
  0x000001f36e9dfc10 JavaThread "Thread-2" daemon [_thread_in_native, id=9172, stack(0x0000009e17d00000,0x0000009e17e00000)]
  0x000001f36e9e0160 JavaThread "Prism Font Disposer" daemon [_thread_blocked, id=3892, stack(0x0000009e18800000,0x0000009e18900000)]
  0x000001f36f769b30 JavaThread "Cleaner-0" daemon [_thread_blocked, id=15184, stack(0x0000009e18900000,0x0000009e18a00000)]
=>0x000001f36f76a080 JavaThread "Thread-3" [_thread_in_vm, id=3996, stack(0x0000009e18a00000,0x0000009e18b00000)]
  0x000001f36f76a5d0 JavaThread "Java2D Disposer" daemon [_thread_blocked, id=15828, stack(0x0000009e18c00000,0x0000009e18d00000)]
  0x000001f36f7695e0 JavaThread "mysql-cj-abandoned-connection-cleanup" daemon [_thread_blocked, id=13728, stack(0x0000009e18b00000,0x0000009e18c00000)]

Other Threads:
  0x000001f36a763810 VMThread "VM Thread" [stack: 0x0000009e16900000,0x0000009e16a00000] [id=1000]
  0x000001f36ee33ac0 WatcherThread "VM Periodic Task Thread" [stack: 0x0000009e17600000,0x0000009e17700000] [id=14280]
  0x000001f34ddf8900 WorkerThread "GC Thread#0" [stack: 0x0000009e16400000,0x0000009e16500000] [id=15240]
  0x000001f36f69bc30 WorkerThread "GC Thread#1" [stack: 0x0000009e17f00000,0x0000009e18000000] [id=2164]
  0x000001f36f5f7580 WorkerThread "GC Thread#2" [stack: 0x0000009e18000000,0x0000009e18100000] [id=1200]
  0x000001f36f6b64a0 WorkerThread "GC Thread#3" [stack: 0x0000009e18100000,0x0000009e18200000] [id=9816]
  0x000001f36f6b80c0 WorkerThread "GC Thread#4" [stack: 0x0000009e18200000,0x0000009e18300000] [id=14652]
  0x000001f36f6b6770 WorkerThread "GC Thread#5" [stack: 0x0000009e18300000,0x0000009e18400000] [id=6820]
  0x000001f36f6b6fe0 WorkerThread "GC Thread#6" [stack: 0x0000009e18400000,0x0000009e18500000] [id=9372]
  0x000001f36f6b7850 WorkerThread "GC Thread#7" [stack: 0x0000009e18f00000,0x0000009e19000000] [id=14952]
  0x000001f34de0a600 ConcurrentGCThread "G1 Main Marker" [stack: 0x0000009e16500000,0x0000009e16600000] [id=10772]
  0x000001f34de0b7d0 WorkerThread "G1 Conc#0" [stack: 0x0000009e16600000,0x0000009e16700000] [id=14700]
  0x000001f36a610540 ConcurrentGCThread "G1 Refine#0" [stack: 0x0000009e16700000,0x0000009e16800000] [id=3664]
  0x000001f36a611ca0 ConcurrentGCThread "G1 Service" [stack: 0x0000009e16800000,0x0000009e16900000] [id=16136]

Threads with active compile tasks:

VM state: not at safepoint (normal execution)

VM Mutex/Monitor currently owned by a thread: None

Heap address: 0x0000000081e00000, size: 2018 MB, Compressed Oops mode: 32-bit

CDS archive(s) mapped at: [0x000001f300000000-0x000001f300c60000-0x000001f300c60000), size 12976128, SharedBaseAddress: 0x000001f300000000, ArchiveRelocationMode: 1.
Compressed class space mapped at: 0x000001f301000000-0x000001f341000000, reserved size: 1073741824
Narrow klass base: 0x000001f300000000, Narrow klass shift: 0, Narrow klass range: 0x100000000

GC Precious Log:
 CardTable entry size: 512
 Card Set container configuration: InlinePtr #cards 5 size 8 Array Of Cards #cards 12 size 40 Howl #buckets 4 coarsen threshold 1843 Howl Bitmap #cards 512 size 80 coarsen threshold 460 Card regions per heap region 1 cards per card region 2048
 CPUs: 8 total, 8 available
 Memory: 8071M
 Large Page Support: Disabled
 NUMA Support: Disabled
 Compressed Oops: Enabled (32-bit)
 Heap Region Size: 1M
 Heap Min Capacity: 8M
 Heap Initial Capacity: 128M
 Heap Max Capacity: 2018M
 Pre-touch: Disabled
 Parallel Workers: 8
 Concurrent Workers: 2
 Concurrent Refinement Workers: 8
 Periodic GC: Disabled

Heap:
 garbage-first heap   total 131072K, used 31739K [0x0000000081e00000, 0x0000000100000000)
  region size 1024K, 12 young (12288K), 5 survivors (5120K)
 Metaspace       used 20202K, committed 20544K, reserved 1114112K
  class space    used 2479K, committed 2624K, reserved 1048576K

Heap Regions: E=young(eden), S=young(survivor), O=old, HS=humongous(starts), HC=humongous(continues), CS=collection set, F=free, OA=open archive, CA=closed archive, TAMS=top-at-mark-start, PB=parsable bottom
|   0|0x0000000081e00000, 0x0000000081f00000, 0x0000000081f00000|100%| O|  |TAMS 0x0000000081e00000| PB 0x0000000081e00000| Untracked 
|   1|0x0000000081f00000, 0x0000000082000000, 0x0000000082000000|100%|HS|  |TAMS 0x0000000081f00000| PB 0x0000000081f00000| Complete 
|   2|0x0000000082000000, 0x0000000082100000, 0x0000000082100000|100%|HC|  |TAMS 0x0000000082000000| PB 0x0000000082000000| Complete 
|   3|0x0000000082100000, 0x0000000082200000, 0x0000000082200000|100%|HS|  |TAMS 0x0000000082100000| PB 0x0000000082100000| Complete 
|   4|0x0000000082200000, 0x0000000082300000, 0x0000000082300000|100%|HS|  |TAMS 0x0000000082200000| PB 0x0000000082200000| Complete 
|   5|0x0000000082300000, 0x0000000082400000, 0x0000000082400000|100%|HS|  |TAMS 0x0000000082300000| PB 0x0000000082300000| Complete 
|   6|0x0000000082400000, 0x0000000082500000, 0x0000000082500000|100%|HS|  |TAMS 0x0000000082400000| PB 0x0000000082400000| Complete 
|   7|0x0000000082500000, 0x0000000082600000, 0x0000000082600000|100%| O|  |TAMS 0x0000000082500000| PB 0x0000000082500000| Untracked 
|   8|0x0000000082600000, 0x0000000082700000, 0x0000000082700000|100%| O|  |TAMS 0x0000000082600000| PB 0x0000000082600000| Untracked 
|   9|0x0000000082700000, 0x00000000827fec00, 0x0000000082800000| 99%| O|  |TAMS 0x0000000082700000| PB 0x0000000082700000| Untracked 
|  10|0x0000000082800000, 0x0000000082900000, 0x0000000082900000|100%|HS|  |TAMS 0x0000000082800000| PB 0x0000000082800000| Complete 
|  11|0x0000000082900000, 0x0000000082a00000, 0x0000000082a00000|100%|HS|  |TAMS 0x0000000082900000| PB 0x0000000082900000| Complete 
|  12|0x0000000082a00000, 0x0000000082b00000, 0x0000000082b00000|100%|HS|  |TAMS 0x0000000082a00000| PB 0x0000000082a00000| Complete 
|  13|0x0000000082b00000, 0x0000000082c00000, 0x0000000082c00000|100%|HS|  |TAMS 0x0000000082b00000| PB 0x0000000082b00000| Complete 
|  14|0x0000000082c00000, 0x0000000082d00000, 0x0000000082d00000|100%|HS|  |TAMS 0x0000000082c00000| PB 0x0000000082c00000| Complete 
|  15|0x0000000082d00000, 0x0000000082e00000, 0x0000000082e00000|100%|HS|  |TAMS 0x0000000082d00000| PB 0x0000000082d00000| Complete 
|  16|0x0000000082e00000, 0x0000000082f00000, 0x0000000082f00000|100%|HS|  |TAMS 0x0000000082e00000| PB 0x0000000082e00000| Complete 
|  17|0x0000000082f00000, 0x0000000083000000, 0x0000000083000000|100%|HS|  |TAMS 0x0000000082f00000| PB 0x0000000082f00000| Complete 
|  18|0x0000000083000000, 0x0000000083100000, 0x0000000083100000|100%|HS|  |TAMS 0x0000000083000000| PB 0x0000000083000000| Complete 
|  19|0x0000000083100000, 0x0000000083200000, 0x0000000083200000|100%|HS|  |TAMS 0x0000000083100000| PB 0x0000000083100000| Complete 
|  20|0x0000000083200000, 0x0000000083200000, 0x0000000083300000|  0%| F|  |TAMS 0x0000000083200000| PB 0x0000000083200000| Untracked 
|  21|0x0000000083300000, 0x0000000083300000, 0x0000000083400000|  0%| F|  |TAMS 0x0000000083300000| PB 0x0000000083300000| Untracked 
|  22|0x0000000083400000, 0x0000000083400000, 0x0000000083500000|  0%| F|  |TAMS 0x0000000083400000| PB 0x0000000083400000| Untracked 
|  23|0x0000000083500000, 0x0000000083500000, 0x0000000083600000|  0%| F|  |TAMS 0x0000000083500000| PB 0x0000000083500000| Untracked 
|  24|0x0000000083600000, 0x0000000083600000, 0x0000000083700000|  0%| F|  |TAMS 0x0000000083600000| PB 0x0000000083600000| Untracked 
|  25|0x0000000083700000, 0x0000000083700000, 0x0000000083800000|  0%| F|  |TAMS 0x0000000083700000| PB 0x0000000083700000| Untracked 
|  26|0x0000000083800000, 0x0000000083800000, 0x0000000083900000|  0%| F|  |TAMS 0x0000000083800000| PB 0x0000000083800000| Untracked 
|  27|0x0000000083900000, 0x0000000083900000, 0x0000000083a00000|  0%| F|  |TAMS 0x0000000083900000| PB 0x0000000083900000| Untracked 
|  28|0x0000000083a00000, 0x0000000083a00000, 0x0000000083b00000|  0%| F|  |TAMS 0x0000000083a00000| PB 0x0000000083a00000| Untracked 
|  29|0x0000000083b00000, 0x0000000083b00000, 0x0000000083c00000|  0%| F|  |TAMS 0x0000000083b00000| PB 0x0000000083b00000| Untracked 
|  30|0x0000000083c00000, 0x0000000083c00000, 0x0000000083d00000|  0%| F|  |TAMS 0x0000000083c00000| PB 0x0000000083c00000| Untracked 
|  31|0x0000000083d00000, 0x0000000083d00000, 0x0000000083e00000|  0%| F|  |TAMS 0x0000000083d00000| PB 0x0000000083d00000| Untracked 
|  32|0x0000000083e00000, 0x0000000083e00000, 0x0000000083f00000|  0%| F|  |TAMS 0x0000000083e00000| PB 0x0000000083e00000| Untracked 
|  33|0x0000000083f00000, 0x0000000083f00000, 0x0000000084000000|  0%| F|  |TAMS 0x0000000083f00000| PB 0x0000000083f00000| Untracked 
|  34|0x0000000084000000, 0x0000000084000000, 0x0000000084100000|  0%| F|  |TAMS 0x0000000084000000| PB 0x0000000084000000| Untracked 
|  35|0x0000000084100000, 0x0000000084100000, 0x0000000084200000|  0%| F|  |TAMS 0x0000000084100000| PB 0x0000000084100000| Untracked 
|  36|0x0000000084200000, 0x0000000084200000, 0x0000000084300000|  0%| F|  |TAMS 0x0000000084200000| PB 0x0000000084200000| Untracked 
|  37|0x0000000084300000, 0x0000000084300000, 0x0000000084400000|  0%| F|  |TAMS 0x0000000084300000| PB 0x0000000084300000| Untracked 
|  38|0x0000000084400000, 0x0000000084400000, 0x0000000084500000|  0%| F|  |TAMS 0x0000000084400000| PB 0x0000000084400000| Untracked 
|  39|0x0000000084500000, 0x0000000084500000, 0x0000000084600000|  0%| F|  |TAMS 0x0000000084500000| PB 0x0000000084500000| Untracked 
|  40|0x0000000084600000, 0x0000000084600000, 0x0000000084700000|  0%| F|  |TAMS 0x0000000084600000| PB 0x0000000084600000| Untracked 
|  41|0x0000000084700000, 0x0000000084700000, 0x0000000084800000|  0%| F|  |TAMS 0x0000000084700000| PB 0x0000000084700000| Untracked 
|  42|0x0000000084800000, 0x0000000084800000, 0x0000000084900000|  0%| F|  |TAMS 0x0000000084800000| PB 0x0000000084800000| Untracked 
|  43|0x0000000084900000, 0x0000000084900000, 0x0000000084a00000|  0%| F|  |TAMS 0x0000000084900000| PB 0x0000000084900000| Untracked 
|  44|0x0000000084a00000, 0x0000000084a00000, 0x0000000084b00000|  0%| F|  |TAMS 0x0000000084a00000| PB 0x0000000084a00000| Untracked 
|  45|0x0000000084b00000, 0x0000000084b00000, 0x0000000084c00000|  0%| F|  |TAMS 0x0000000084b00000| PB 0x0000000084b00000| Untracked 
|  46|0x0000000084c00000, 0x0000000084c00000, 0x0000000084d00000|  0%| F|  |TAMS 0x0000000084c00000| PB 0x0000000084c00000| Untracked 
|  47|0x0000000084d00000, 0x0000000084d00000, 0x0000000084e00000|  0%| F|  |TAMS 0x0000000084d00000| PB 0x0000000084d00000| Untracked 
|  48|0x0000000084e00000, 0x0000000084e00000, 0x0000000084f00000|  0%| F|  |TAMS 0x0000000084e00000| PB 0x0000000084e00000| Untracked 
|  49|0x0000000084f00000, 0x0000000084f00000, 0x0000000085000000|  0%| F|  |TAMS 0x0000000084f00000| PB 0x0000000084f00000| Untracked 
|  50|0x0000000085000000, 0x0000000085000000, 0x0000000085100000|  0%| F|  |TAMS 0x0000000085000000| PB 0x0000000085000000| Untracked 
|  51|0x0000000085100000, 0x0000000085100000, 0x0000000085200000|  0%| F|  |TAMS 0x0000000085100000| PB 0x0000000085100000| Untracked 
|  52|0x0000000085200000, 0x0000000085200000, 0x0000000085300000|  0%| F|  |TAMS 0x0000000085200000| PB 0x0000000085200000| Untracked 
|  53|0x0000000085300000, 0x0000000085300000, 0x0000000085400000|  0%| F|  |TAMS 0x0000000085300000| PB 0x0000000085300000| Untracked 
|  54|0x0000000085400000, 0x0000000085400000, 0x0000000085500000|  0%| F|  |TAMS 0x0000000085400000| PB 0x0000000085400000| Untracked 
|  55|0x0000000085500000, 0x0000000085500000, 0x0000000085600000|  0%| F|  |TAMS 0x0000000085500000| PB 0x0000000085500000| Untracked 
|  56|0x0000000085600000, 0x0000000085600000, 0x0000000085700000|  0%| F|  |TAMS 0x0000000085600000| PB 0x0000000085600000| Untracked 
|  57|0x0000000085700000, 0x0000000085700000, 0x0000000085800000|  0%| F|  |TAMS 0x0000000085700000| PB 0x0000000085700000| Untracked 
|  58|0x0000000085800000, 0x0000000085800000, 0x0000000085900000|  0%| F|  |TAMS 0x0000000085800000| PB 0x0000000085800000| Untracked 
|  59|0x0000000085900000, 0x0000000085900000, 0x0000000085a00000|  0%| F|  |TAMS 0x0000000085900000| PB 0x0000000085900000| Untracked 
|  60|0x0000000085a00000, 0x0000000085a00000, 0x0000000085b00000|  0%| F|  |TAMS 0x0000000085a00000| PB 0x0000000085a00000| Untracked 
|  61|0x0000000085b00000, 0x0000000085b00000, 0x0000000085c00000|  0%| F|  |TAMS 0x0000000085b00000| PB 0x0000000085b00000| Untracked 
|  62|0x0000000085c00000, 0x0000000085c00000, 0x0000000085d00000|  0%| F|  |TAMS 0x0000000085c00000| PB 0x0000000085c00000| Untracked 
|  63|0x0000000085d00000, 0x0000000085d00000, 0x0000000085e00000|  0%| F|  |TAMS 0x0000000085d00000| PB 0x0000000085d00000| Untracked 
|  64|0x0000000085e00000, 0x0000000085e00000, 0x0000000085f00000|  0%| F|  |TAMS 0x0000000085e00000| PB 0x0000000085e00000| Untracked 
|  65|0x0000000085f00000, 0x0000000085f00000, 0x0000000086000000|  0%| F|  |TAMS 0x0000000085f00000| PB 0x0000000085f00000| Untracked 
|  66|0x0000000086000000, 0x0000000086000000, 0x0000000086100000|  0%| F|  |TAMS 0x0000000086000000| PB 0x0000000086000000| Untracked 
|  67|0x0000000086100000, 0x0000000086100000, 0x0000000086200000|  0%| F|  |TAMS 0x0000000086100000| PB 0x0000000086100000| Untracked 
|  68|0x0000000086200000, 0x0000000086200000, 0x0000000086300000|  0%| F|  |TAMS 0x0000000086200000| PB 0x0000000086200000| Untracked 
|  69|0x0000000086300000, 0x0000000086300000, 0x0000000086400000|  0%| F|  |TAMS 0x0000000086300000| PB 0x0000000086300000| Untracked 
|  70|0x0000000086400000, 0x0000000086400000, 0x0000000086500000|  0%| F|  |TAMS 0x0000000086400000| PB 0x0000000086400000| Untracked 
|  71|0x0000000086500000, 0x0000000086500000, 0x0000000086600000|  0%| F|  |TAMS 0x0000000086500000| PB 0x0000000086500000| Untracked 
|  72|0x0000000086600000, 0x0000000086600000, 0x0000000086700000|  0%| F|  |TAMS 0x0000000086600000| PB 0x0000000086600000| Untracked 
|  73|0x0000000086700000, 0x0000000086700000, 0x0000000086800000|  0%| F|  |TAMS 0x0000000086700000| PB 0x0000000086700000| Untracked 
|  74|0x0000000086800000, 0x0000000086800000, 0x0000000086900000|  0%| F|  |TAMS 0x0000000086800000| PB 0x0000000086800000| Untracked 
|  75|0x0000000086900000, 0x0000000086900000, 0x0000000086a00000|  0%| F|  |TAMS 0x0000000086900000| PB 0x0000000086900000| Untracked 
|  76|0x0000000086a00000, 0x0000000086a00000, 0x0000000086b00000|  0%| F|  |TAMS 0x0000000086a00000| PB 0x0000000086a00000| Untracked 
|  77|0x0000000086b00000, 0x0000000086b00000, 0x0000000086c00000|  0%| F|  |TAMS 0x0000000086b00000| PB 0x0000000086b00000| Untracked 
|  78|0x0000000086c00000, 0x0000000086c00000, 0x0000000086d00000|  0%| F|  |TAMS 0x0000000086c00000| PB 0x0000000086c00000| Untracked 
|  79|0x0000000086d00000, 0x0000000086d00000, 0x0000000086e00000|  0%| F|  |TAMS 0x0000000086d00000| PB 0x0000000086d00000| Untracked 
|  80|0x0000000086e00000, 0x0000000086e00000, 0x0000000086f00000|  0%| F|  |TAMS 0x0000000086e00000| PB 0x0000000086e00000| Untracked 
|  81|0x0000000086f00000, 0x0000000086f00000, 0x0000000087000000|  0%| F|  |TAMS 0x0000000086f00000| PB 0x0000000086f00000| Untracked 
|  82|0x0000000087000000, 0x0000000087000000, 0x0000000087100000|  0%| F|  |TAMS 0x0000000087000000| PB 0x0000000087000000| Untracked 
|  83|0x0000000087100000, 0x0000000087100000, 0x0000000087200000|  0%| F|  |TAMS 0x0000000087100000| PB 0x0000000087100000| Untracked 
|  84|0x0000000087200000, 0x0000000087200000, 0x0000000087300000|  0%| F|  |TAMS 0x0000000087200000| PB 0x0000000087200000| Untracked 
|  85|0x0000000087300000, 0x0000000087300000, 0x0000000087400000|  0%| F|  |TAMS 0x0000000087300000| PB 0x0000000087300000| Untracked 
|  86|0x0000000087400000, 0x0000000087400000, 0x0000000087500000|  0%| F|  |TAMS 0x0000000087400000| PB 0x0000000087400000| Untracked 
|  87|0x0000000087500000, 0x0000000087600000, 0x0000000087600000|100%| S|CS|TAMS 0x0000000087500000| PB 0x0000000087500000| Complete 
|  88|0x0000000087600000, 0x0000000087700000, 0x0000000087700000|100%| S|CS|TAMS 0x0000000087600000| PB 0x0000000087600000| Complete 
|  89|0x0000000087700000, 0x0000000087800000, 0x0000000087800000|100%| S|CS|TAMS 0x0000000087700000| PB 0x0000000087700000| Complete 
|  90|0x0000000087800000, 0x0000000087900000, 0x0000000087900000|100%| S|CS|TAMS 0x0000000087800000| PB 0x0000000087800000| Complete 
|  91|0x0000000087900000, 0x0000000087a00000, 0x0000000087a00000|100%| S|CS|TAMS 0x0000000087900000| PB 0x0000000087900000| Complete 
|  92|0x0000000087a00000, 0x0000000087a00000, 0x0000000087b00000|  0%| F|  |TAMS 0x0000000087a00000| PB 0x0000000087a00000| Untracked 
|  93|0x0000000087b00000, 0x0000000087b00000, 0x0000000087c00000|  0%| F|  |TAMS 0x0000000087b00000| PB 0x0000000087b00000| Untracked 
|  94|0x0000000087c00000, 0x0000000087c00000, 0x0000000087d00000|  0%| F|  |TAMS 0x0000000087c00000| PB 0x0000000087c00000| Untracked 
|  95|0x0000000087d00000, 0x0000000087d00000, 0x0000000087e00000|  0%| F|  |TAMS 0x0000000087d00000| PB 0x0000000087d00000| Untracked 
|  96|0x0000000087e00000, 0x0000000087e00000, 0x0000000087f00000|  0%| F|  |TAMS 0x0000000087e00000| PB 0x0000000087e00000| Untracked 
|  97|0x0000000087f00000, 0x0000000087f00000, 0x0000000088000000|  0%| F|  |TAMS 0x0000000087f00000| PB 0x0000000087f00000| Untracked 
|  98|0x0000000088000000, 0x0000000088000000, 0x0000000088100000|  0%| F|  |TAMS 0x0000000088000000| PB 0x0000000088000000| Untracked 
|  99|0x0000000088100000, 0x0000000088100000, 0x0000000088200000|  0%| F|  |TAMS 0x0000000088100000| PB 0x0000000088100000| Untracked 
| 100|0x0000000088200000, 0x0000000088200000, 0x0000000088300000|  0%| F|  |TAMS 0x0000000088200000| PB 0x0000000088200000| Untracked 
| 101|0x0000000088300000, 0x0000000088300000, 0x0000000088400000|  0%| F|  |TAMS 0x0000000088300000| PB 0x0000000088300000| Untracked 
| 102|0x0000000088400000, 0x0000000088400000, 0x0000000088500000|  0%| F|  |TAMS 0x0000000088400000| PB 0x0000000088400000| Untracked 
| 103|0x0000000088500000, 0x0000000088500000, 0x0000000088600000|  0%| F|  |TAMS 0x0000000088500000| PB 0x0000000088500000| Untracked 
| 104|0x0000000088600000, 0x0000000088600000, 0x0000000088700000|  0%| F|  |TAMS 0x0000000088600000| PB 0x0000000088600000| Untracked 
| 105|0x0000000088700000, 0x0000000088700000, 0x0000000088800000|  0%| F|  |TAMS 0x0000000088700000| PB 0x0000000088700000| Untracked 
| 106|0x0000000088800000, 0x0000000088800000, 0x0000000088900000|  0%| F|  |TAMS 0x0000000088800000| PB 0x0000000088800000| Untracked 
| 107|0x0000000088900000, 0x0000000088900000, 0x0000000088a00000|  0%| F|  |TAMS 0x0000000088900000| PB 0x0000000088900000| Untracked 
| 108|0x0000000088a00000, 0x0000000088a00000, 0x0000000088b00000|  0%| F|  |TAMS 0x0000000088a00000| PB 0x0000000088a00000| Untracked 
| 109|0x0000000088b00000, 0x0000000088b00000, 0x0000000088c00000|  0%| F|  |TAMS 0x0000000088b00000| PB 0x0000000088b00000| Untracked 
| 110|0x0000000088c00000, 0x0000000088c00000, 0x0000000088d00000|  0%| F|  |TAMS 0x0000000088c00000| PB 0x0000000088c00000| Untracked 
| 111|0x0000000088d00000, 0x0000000088d00000, 0x0000000088e00000|  0%| F|  |TAMS 0x0000000088d00000| PB 0x0000000088d00000| Untracked 
| 112|0x0000000088e00000, 0x0000000088e00000, 0x0000000088f00000|  0%| F|  |TAMS 0x0000000088e00000| PB 0x0000000088e00000| Untracked 
| 113|0x0000000088f00000, 0x0000000088f00000, 0x0000000089000000|  0%| F|  |TAMS 0x0000000088f00000| PB 0x0000000088f00000| Untracked 
| 114|0x0000000089000000, 0x0000000089000000, 0x0000000089100000|  0%| F|  |TAMS 0x0000000089000000| PB 0x0000000089000000| Untracked 
| 115|0x0000000089100000, 0x0000000089100000, 0x0000000089200000|  0%| F|  |TAMS 0x0000000089100000| PB 0x0000000089100000| Untracked 
| 116|0x0000000089200000, 0x0000000089200000, 0x0000000089300000|  0%| F|  |TAMS 0x0000000089200000| PB 0x0000000089200000| Untracked 
| 117|0x0000000089300000, 0x0000000089300000, 0x0000000089400000|  0%| F|  |TAMS 0x0000000089300000| PB 0x0000000089300000| Untracked 
| 118|0x0000000089400000, 0x0000000089400000, 0x0000000089500000|  0%| F|  |TAMS 0x0000000089400000| PB 0x0000000089400000| Untracked 
| 119|0x0000000089500000, 0x0000000089500000, 0x0000000089600000|  0%| F|  |TAMS 0x0000000089500000| PB 0x0000000089500000| Untracked 
| 120|0x0000000089600000, 0x0000000089600000, 0x0000000089700000|  0%| F|  |TAMS 0x0000000089600000| PB 0x0000000089600000| Untracked 
| 121|0x0000000089700000, 0x00000000897b1418, 0x0000000089800000| 69%| E|  |TAMS 0x0000000089700000| PB 0x0000000089700000| Complete 
| 122|0x0000000089800000, 0x0000000089900000, 0x0000000089900000|100%| E|CS|TAMS 0x0000000089800000| PB 0x0000000089800000| Complete 
| 123|0x0000000089900000, 0x0000000089a00000, 0x0000000089a00000|100%| E|CS|TAMS 0x0000000089900000| PB 0x0000000089900000| Complete 
| 124|0x0000000089a00000, 0x0000000089b00000, 0x0000000089b00000|100%| E|CS|TAMS 0x0000000089a00000| PB 0x0000000089a00000| Complete 
| 125|0x0000000089b00000, 0x0000000089c00000, 0x0000000089c00000|100%| E|CS|TAMS 0x0000000089b00000| PB 0x0000000089b00000| Complete 
| 126|0x0000000089c00000, 0x0000000089d00000, 0x0000000089d00000|100%| E|CS|TAMS 0x0000000089c00000| PB 0x0000000089c00000| Complete 
| 127|0x0000000089d00000, 0x0000000089e00000, 0x0000000089e00000|100%| E|CS|TAMS 0x0000000089d00000| PB 0x0000000089d00000| Complete 

Card table byte_map: [0x000001f3655a0000,0x000001f3659a0000] _byte_map_base: 0x000001f365191000

Marking Bits: (CMBitMap*) 0x000001f34ddf8f30
 Bits: [0x000001f365da0000, 0x000001f367d28000)

Polling page: 0x000001f34d560000

Metaspace:

Usage:
  Non-class:     17.31 MB used.
      Class:      2.42 MB used.
       Both:     19.73 MB used.

Virtual space:
  Non-class space:       64.00 MB reserved,      17.50 MB ( 27%) committed,  1 nodes.
      Class space:        1.00 GB reserved,       2.56 MB ( <1%) committed,  1 nodes.
             Both:        1.06 GB reserved,      20.06 MB (  2%) committed. 

Chunk freelists:
   Non-Class:  2.48 MB
       Class:  1.42 MB
        Both:  3.91 MB

MaxMetaspaceSize: unlimited
CompressedClassSpaceSize: 1.00 GB
Initial GC threshold: 21.00 MB
Current GC threshold: 21.00 MB
CDS: on
MetaspaceReclaimPolicy: balanced
 - commit_granule_bytes: 65536.
 - commit_granule_words: 8192.
 - virtual_space_node_default_size: 8388608.
 - enlarge_chunks_in_place: 1.
 - new_chunks_are_fully_committed: 0.
 - uncommit_free_chunks: 1.
 - use_allocation_guard: 0.


Internal statistics:

num_allocs_failed_limit: 0.
num_arena_births: 324.
num_arena_deaths: 0.
num_vsnodes_births: 2.
num_vsnodes_deaths: 0.
num_space_committed: 321.
num_space_uncommitted: 0.
num_chunks_returned_to_freelist: 0.
num_chunks_taken_from_freelist: 849.
num_chunk_merges: 0.
num_chunk_splits: 598.
num_chunks_enlarged: 458.
num_inconsistent_stats: 0.

CodeHeap 'non-profiled nmethods': size=120000Kb used=983Kb max_used=983Kb free=119017Kb
 bounds [0x000001f35d940000, 0x000001f35dbb0000, 0x000001f364e70000]
CodeHeap 'profiled nmethods': size=120000Kb used=4223Kb max_used=4223Kb free=115776Kb
 bounds [0x000001f355e70000, 0x000001f356290000, 0x000001f35d3a0000]
CodeHeap 'non-nmethods': size=5760Kb used=1982Kb max_used=2023Kb free=3777Kb
 bounds [0x000001f35d3a0000, 0x000001f35d610000, 0x000001f35d940000]
 total_blobs=3376 nmethods=2460 adapters=826
 compilation: enabled
              stopped_count=0, restarted_count=0
 full_count=0

Compilation events (20 events):
Event: 41.700 Thread 0x000001f36a793900 2452       4       com.sun.javafx.geom.RectBounds::getBoundsType (4 bytes)
Event: 41.700 Thread 0x000001f36a793900 nmethod 2452 0x000001f35da35210 code [0x000001f35da35380, 0x000001f35da35410]
Event: 42.690 Thread 0x000001f36a7943b0 2453       3       java.nio.CharBuffer::position (8 bytes)
Event: 42.690 Thread 0x000001f36a7943b0 nmethod 2453 0x000001f35628d910 code [0x000001f35628daa0, 0x000001f35628dbe8]
Event: 42.707 Thread 0x000001f36a793900 2454       4       java.util.HashMap$ValueIterator::next (8 bytes)
Event: 42.708 Thread 0x000001f36a7943b0 2455       3       java.nio.MappedByteBuffer::limit (8 bytes)
Event: 42.708 Thread 0x000001f36a7943b0 nmethod 2455 0x000001f35628dc90 code [0x000001f35628de20, 0x000001f35628dfd0]
Event: 42.709 Thread 0x000001f36a7943b0 2456       3       sun.nio.ch.Util::isBufferTooLarge (15 bytes)
Event: 42.709 Thread 0x000001f36a7943b0 nmethod 2456 0x000001f35628e090 code [0x000001f35628e220, 0x000001f35628e378]
Event: 42.709 Thread 0x000001f36a7943b0 2457       3       sun.nio.ch.NioSocketImpl::ensureOpenAndConnected (36 bytes)
Event: 42.709 Thread 0x000001f36a7943b0 nmethod 2457 0x000001f35628e410 code [0x000001f35628e5c0, 0x000001f35628e900]
Event: 42.709 Thread 0x000001f36a7943b0 2460       3       com.mysql.cj.util.LazyString::toString (17 bytes)
Event: 42.710 Thread 0x000001f36a7943b0 nmethod 2460 0x000001f35628ea90 code [0x000001f35628ec20, 0x000001f35628edc0]
Event: 42.710 Thread 0x000001f36a7943b0 2458       3       com.mysql.cj.protocol.a.MultiPacketReader::readHeader (5 bytes)
Event: 42.710 Thread 0x000001f36a7943b0 nmethod 2458 0x000001f35628ee90 code [0x000001f35628f040, 0x000001f35628f370]
Event: 42.710 Thread 0x000001f36a7943b0 2459       3       com.mysql.cj.protocol.a.MultiPacketReader::readHeader (13 bytes)
Event: 42.710 Thread 0x000001f36a7943b0 nmethod 2459 0x000001f35628f490 code [0x000001f35628f620, 0x000001f35628f8e0]
Event: 42.711 Thread 0x000001f36a7943b0 2461       3       java.util.Optional::get (22 bytes)
Event: 42.711 Thread 0x000001f36a7943b0 nmethod 2461 0x000001f35628fa10 code [0x000001f35628fba0, 0x000001f35628fdc8]
Event: 42.712 Thread 0x000001f36a793900 nmethod 2454 0x000001f35da35510 code [0x000001f35da35680, 0x000001f35da35a98]

GC Heap History (4 events):
Event: 0.557 GC heap before
{Heap before GC invocations=0 (full 0):
 garbage-first heap   total 131072K, used 22528K [0x0000000081e00000, 0x0000000100000000)
  region size 1024K, 23 young (23552K), 0 survivors (0K)
 Metaspace       used 6185K, committed 6464K, reserved 1114112K
  class space    used 765K, committed 896K, reserved 1048576K
}
Event: 0.560 GC heap after
{Heap after GC invocations=1 (full 0):
 garbage-first heap   total 131072K, used 3307K [0x0000000081e00000, 0x0000000100000000)
  region size 1024K, 3 young (3072K), 3 survivors (3072K)
 Metaspace       used 6185K, committed 6464K, reserved 1114112K
  class space    used 765K, committed 896K, reserved 1048576K
}
Event: 5.458 GC heap before
{Heap before GC invocations=1 (full 0):
 garbage-first heap   total 131072K, used 42219K [0x0000000081e00000, 0x0000000100000000)
  region size 1024K, 36 young (36864K), 3 survivors (3072K)
 Metaspace       used 19543K, committed 19840K, reserved 1114112K
  class space    used 2422K, committed 2560K, reserved 1048576K
}
Event: 5.464 GC heap after
{Heap after GC invocations=2 (full 0):
 garbage-first heap   total 131072K, used 13307K [0x0000000081e00000, 0x0000000100000000)
  region size 1024K, 5 young (5120K), 5 survivors (5120K)
 Metaspace       used 19543K, committed 19840K, reserved 1114112K
  class space    used 2422K, committed 2560K, reserved 1048576K
}

Dll operation events (20 events):
Event: 0.304 Loaded shared library C:\Program Files\Java\javafx-sdk-20.0.2\bin\api-ms-win-crt-process-l1-1-0.dll
Event: 0.305 Loaded shared library C:\Program Files\Java\javafx-sdk-20.0.2\bin\api-ms-win-crt-runtime-l1-1-0.dll
Event: 0.306 Loaded shared library C:\Program Files\Java\javafx-sdk-20.0.2\bin\api-ms-win-crt-stdio-l1-1-0.dll
Event: 0.308 Loaded shared library C:\Program Files\Java\javafx-sdk-20.0.2\bin\api-ms-win-crt-string-l1-1-0.dll
Event: 0.309 Loaded shared library C:\Program Files\Java\javafx-sdk-20.0.2\bin\api-ms-win-crt-time-l1-1-0.dll
Event: 0.310 Loaded shared library C:\Program Files\Java\javafx-sdk-20.0.2\bin\api-ms-win-crt-utility-l1-1-0.dll
Event: 0.311 Loaded shared library C:\Program Files\Java\javafx-sdk-20.0.2\bin\ucrtbase.dll
Event: 0.312 Loaded shared library C:\Program Files\Java\javafx-sdk-20.0.2\bin\vcruntime140.dll
Event: 0.313 Loaded shared library C:\Program Files\Java\javafx-sdk-20.0.2\bin\vcruntime140_1.dll
Event: 0.314 Loaded shared library C:\Program Files\Java\javafx-sdk-20.0.2\bin\msvcp140.dll
Event: 0.315 Loaded shared library C:\Program Files\Java\javafx-sdk-20.0.2\bin\msvcp140_1.dll
Event: 0.316 Loaded shared library C:\Program Files\Java\javafx-sdk-20.0.2\bin\msvcp140_2.dll
Event: 0.346 Loaded shared library C:\Program Files\Java\javafx-sdk-20.0.2\bin\prism_d3d.dll
Event: 0.374 Loaded shared library C:\Program Files\Java\javafx-sdk-20.0.2\bin\glass.dll
Event: 0.461 Loaded shared library C:\Program Files\Java\jdk-20\bin\jimage.dll
Event: 0.577 Loaded shared library C:\Program Files\Java\javafx-sdk-20.0.2\bin\javafx_font.dll
Event: 3.041 Loaded shared library C:\Windows\System32\dpuareu_jni.dll
Event: 3.058 Loaded shared library C:\Program Files\Java\javafx-sdk-20.0.2\bin\javafx_iio.dll
Event: 5.191 Loaded shared library C:\Program Files\Java\jdk-20\bin\awt.dll
Event: 5.366 Loaded shared library C:\Program Files\Java\jdk-20\bin\extnet.dll

Deoptimization events (20 events):
Event: 7.375 Thread 0x000001f36e9ddc30 Uncommon trap: trap_request=0xffffff45 fr.pc=0x000001f35d9db878 relative=0x0000000000000078
Event: 7.375 Thread 0x000001f36e9ddc30 Uncommon trap: reason=unstable_if action=reinterpret pc=0x000001f35d9db878 method=java.lang.ref.ReferenceQueue.poll()Ljava/lang/ref/Reference; @ 4 c2
Event: 7.375 Thread 0x000001f36e9ddc30 DEOPT PACKING pc=0x000001f35d9db878 sp=0x0000009e177ff0f0
Event: 7.375 Thread 0x000001f36e9ddc30 DEOPT UNPACKING pc=0x000001f35d409d22 sp=0x0000009e177ff080 mode 2
Event: 7.383 Thread 0x000001f36f76a080 Uncommon trap: trap_request=0xffffffc6 fr.pc=0x000001f35da200e0 relative=0x0000000000000420
Event: 7.383 Thread 0x000001f36f76a080 Uncommon trap: reason=bimorphic_or_optimized_type_check action=maybe_recompile pc=0x000001f35da200e0 method=java.util.regex.Pattern$BmpCharPropertyGreedy.match(Ljava/util/regex/Matcher;ILjava/lang/CharSequence;)Z @ 26 c2
Event: 7.383 Thread 0x000001f36f76a080 DEOPT PACKING pc=0x000001f35da200e0 sp=0x0000009e18aff000
Event: 7.383 Thread 0x000001f36f76a080 DEOPT UNPACKING pc=0x000001f35d409d22 sp=0x0000009e18afefa8 mode 2
Event: 10.559 Thread 0x000001f36f76a080 Uncommon trap: trap_request=0xffffffc6 fr.pc=0x000001f35da200e0 relative=0x0000000000000420
Event: 10.559 Thread 0x000001f36f76a080 Uncommon trap: reason=bimorphic_or_optimized_type_check action=maybe_recompile pc=0x000001f35da200e0 method=java.util.regex.Pattern$BmpCharPropertyGreedy.match(Ljava/util/regex/Matcher;ILjava/lang/CharSequence;)Z @ 26 c2
Event: 10.559 Thread 0x000001f36f76a080 DEOPT PACKING pc=0x000001f35da200e0 sp=0x0000009e18aff000
Event: 10.559 Thread 0x000001f36f76a080 DEOPT UNPACKING pc=0x000001f35d409d22 sp=0x0000009e18afefa8 mode 2
Event: 13.513 Thread 0x000001f36f76a080 Uncommon trap: trap_request=0xffffffc6 fr.pc=0x000001f35da200e0 relative=0x0000000000000420
Event: 13.513 Thread 0x000001f36f76a080 Uncommon trap: reason=bimorphic_or_optimized_type_check action=maybe_recompile pc=0x000001f35da200e0 method=java.util.regex.Pattern$BmpCharPropertyGreedy.match(Ljava/util/regex/Matcher;ILjava/lang/CharSequence;)Z @ 26 c2
Event: 13.513 Thread 0x000001f36f76a080 DEOPT PACKING pc=0x000001f35da200e0 sp=0x0000009e18aff000
Event: 13.513 Thread 0x000001f36f76a080 DEOPT UNPACKING pc=0x000001f35d409d22 sp=0x0000009e18afefa8 mode 2
Event: 15.954 Thread 0x000001f36f76a080 Uncommon trap: trap_request=0xffffffc6 fr.pc=0x000001f35da200e0 relative=0x0000000000000420
Event: 15.954 Thread 0x000001f36f76a080 Uncommon trap: reason=bimorphic_or_optimized_type_check action=maybe_recompile pc=0x000001f35da200e0 method=java.util.regex.Pattern$BmpCharPropertyGreedy.match(Ljava/util/regex/Matcher;ILjava/lang/CharSequence;)Z @ 26 c2
Event: 15.954 Thread 0x000001f36f76a080 DEOPT PACKING pc=0x000001f35da200e0 sp=0x0000009e18aff000
Event: 15.954 Thread 0x000001f36f76a080 DEOPT UNPACKING pc=0x000001f35d409d22 sp=0x0000009e18afefa8 mode 2

Classes loaded (20 events):
Event: 5.466 Loading class sun/nio/cs/UTF_8$Encoder
Event: 5.466 Loading class sun/nio/cs/UTF_8$Encoder done
Event: 5.477 Loading class java/util/TimerTask
Event: 5.477 Loading class java/util/TimerTask done
Event: 5.511 Loading class java/time/format/DateTimeParseException
Event: 5.511 Loading class java/time/DateTimeException
Event: 5.511 Loading class java/time/DateTimeException done
Event: 5.511 Loading class java/time/format/DateTimeParseException done
Event: 5.514 Loading class java/security/InvalidKeyException
Event: 5.514 Loading class java/security/KeyException
Event: 5.514 Loading class java/security/KeyException done
Event: 5.514 Loading class java/security/InvalidKeyException done
Event: 5.514 Loading class javax/net/ssl/SSLSocket
Event: 5.514 Loading class javax/net/ssl/SSLSocket done
Event: 5.514 Loading class java/security/spec/InvalidKeySpecException
Event: 5.514 Loading class java/security/spec/InvalidKeySpecException done
Event: 5.514 Loading class javax/crypto/NoSuchPaddingException
Event: 5.514 Loading class javax/crypto/NoSuchPaddingException done
Event: 5.514 Loading class javax/crypto/IllegalBlockSizeException
Event: 5.514 Loading class javax/crypto/IllegalBlockSizeException done

Classes unloaded (0 events):
No events

Classes redefined (0 events):
No events

Internal exceptions (20 events):
Event: 0.686 Thread 0x000001f36e9df170 Exception <a 'java/lang/NoSuchMethodError'{0x0000000089641d40}: 'int java.lang.invoke.DirectMethodHandle$Holder.invokeSpecial(java.lang.Object, java.lang.Object, java.lang.Object)'> (0x0000000089641d40) 
thrown [s\open\src\hotspot\share\interpreter\linkResolver.cpp, line 773]
Event: 0.730 Thread 0x000001f36e9df170 Implicit null exception at 0x000001f35d996fa0 to 0x000001f35d997228
Event: 0.780 Thread 0x000001f36e9df170 Implicit null exception at 0x000001f35d9946f2 to 0x000001f35d994a7c
Event: 0.820 Thread 0x000001f36e9df170 Exception <a 'java/lang/NoSuchMethodError'{0x0000000088f36310}: 'java.lang.Object java.lang.invoke.DirectMethodHandle$Holder.invokeInterface(java.lang.Object, java.lang.Object, java.lang.Object)'> (0x0000000088f36310) 
thrown [s\open\src\hotspot\share\interpreter\linkResolver.cpp, line 773]
Event: 0.820 Thread 0x000001f36e9df170 Exception <a 'java/lang/IncompatibleClassChangeError'{0x0000000088f399b8}: Found class java.lang.Object, but interface was expected> (0x0000000088f399b8) 
thrown [s\open\src\hotspot\share\interpreter\linkResolver.cpp, line 840]
Event: 0.854 Thread 0x000001f36e9df170 Exception <a 'java/lang/NoSuchMethodError'{0x0000000088e641c8}: 'int java.lang.invoke.DirectMethodHandle$Holder.invokeSpecial(java.lang.Object, java.lang.Object, int)'> (0x0000000088e641c8) 
thrown [s\open\src\hotspot\share\interpreter\linkResolver.cpp, line 773]
Event: 0.867 Thread 0x000001f36e9df170 Exception <a 'java/lang/NoSuchMethodError'{0x0000000088ee5fc8}: 'java.lang.Object java.lang.invoke.DirectMethodHandle$Holder.newInvokeSpecial(java.lang.Object, java.lang.Object, int)'> (0x0000000088ee5fc8) 
thrown [s\open\src\hotspot\share\interpreter\linkResolver.cpp, line 773]
Event: 0.905 Thread 0x000001f36e9ddc30 Exception <a 'java/lang/NoSuchMethodError'{0x0000000088d918a8}: 'int java.lang.invoke.DirectMethodHandle$Holder.invokeStaticInit(java.lang.Object, java.lang.Object)'> (0x0000000088d918a8) 
thrown [s\open\src\hotspot\share\interpreter\linkResolver.cpp, line 773]
Event: 0.922 Thread 0x000001f36e9ddc30 Exception <a 'java/lang/NoSuchMethodError'{0x0000000088c731a8}: 'java.lang.Object java.lang.invoke.Invokers$Holder.invokeExact_MT(java.lang.Object, java.lang.Object, java.lang.Object, java.lang.Object, java.lang.Object)'> (0x0000000088c731a8) 
thrown [s\open\src\hotspot\share\interpreter\linkResolver.cpp, line 773]
Event: 2.766 Thread 0x000001f36e9df170 Exception <a 'java/lang/NoSuchMethodError'{0x00000000889dc848}: 'long java.lang.invoke.DirectMethodHandle$Holder.invokeStatic(java.lang.Object, java.lang.Object, java.lang.Object)'> (0x00000000889dc848) 
thrown [s\open\src\hotspot\share\interpreter\linkResolver.cpp, line 773]
Event: 2.767 Thread 0x000001f36e9df170 Exception <a 'java/lang/NoSuchMethodError'{0x00000000889dfc18}: 'long java.lang.invoke.DirectMethodHandle$Holder.invokeStaticInit(java.lang.Object, java.lang.Object, java.lang.Object)'> (0x00000000889dfc18) 
thrown [s\open\src\hotspot\share\interpreter\linkResolver.cpp, line 773]
Event: 2.770 Thread 0x000001f36e9df170 Exception <a 'java/lang/NoSuchMethodError'{0x00000000889f7c70}: 'java.lang.Object java.lang.invoke.DirectMethodHandle$Holder.newInvokeSpecial(java.lang.Object, java.lang.Object, long)'> (0x00000000889f7c70) 
thrown [s\open\src\hotspot\share\interpreter\linkResolver.cpp, line 773]
Event: 2.771 Thread 0x000001f36e9df170 Exception <a 'java/lang/NoSuchMethodError'{0x00000000889fb568}: 'java.lang.Object java.lang.invoke.Invokers$Holder.linkToTargetMethod(java.lang.Object, long, java.lang.Object)'> (0x00000000889fb568) 
thrown [s\open\src\hotspot\share\interpreter\linkResolver.cpp, line 773]
Event: 2.999 Thread 0x000001f36e9df170 Exception <a 'java/lang/NoSuchMethodError'{0x00000000888a0f18}: 'void java.lang.invoke.DirectMethodHandle$Holder.invokeVirtual(java.lang.Object, java.lang.Object)'> (0x00000000888a0f18) 
thrown [s\open\src\hotspot\share\interpreter\linkResolver.cpp, line 773]
Event: 5.196 Thread 0x000001f36f76b070 Exception <a 'java/lang/ClassNotFoundException'{0x000000008825d768}: sun/awt/resources/spi/awtProvider> (0x000000008825d768) 
thrown [s\open\src\hotspot\share\classfile\systemDictionary.cpp, line 305]
Event: 5.198 Thread 0x000001f36f76b070 Exception <a 'java/io/FileNotFoundException'{0x0000000088261968}> (0x0000000088261968) 
thrown [s\open\src\hotspot\share\prims\jni.cpp, line 519]
Event: 5.198 Thread 0x000001f36f76b070 Exception <a 'java/io/FileNotFoundException'{0x0000000088262c28}> (0x0000000088262c28) 
thrown [s\open\src\hotspot\share\prims\jni.cpp, line 519]
Event: 5.277 Thread 0x000001f36f76a080 Exception <a 'java/lang/NoSuchMethodError'{0x0000000088045d38}: 'java.lang.Object java.lang.invoke.DirectMethodHandle$Holder.invokeInterface(java.lang.Object, java.lang.Object)'> (0x0000000088045d38) 
thrown [s\open\src\hotspot\share\interpreter\linkResolver.cpp, line 773]
Event: 5.294 Thread 0x000001f36f76a080 Exception <a 'java/lang/NoSuchMethodError'{0x00000000880be0e8}: 'java.lang.Object java.lang.invoke.DirectMethodHandle$Holder.invokeVirtual(java.lang.Object, java.lang.Object, java.lang.Object)'> (0x00000000880be0e8) 
thrown [s\open\src\hotspot\share\interpreter\linkResolver.cpp, line 773]
Event: 5.519 Thread 0x000001f36f76a080 Exception <a 'java/lang/NoSuchMethodError'{0x0000000089b70da0}: 'void java.lang.invoke.DirectMethodHandle$Holder.invokeInterface(java.lang.Object, java.lang.Object)'> (0x0000000089b70da0) 
thrown [s\open\src\hotspot\share\interpreter\linkResolver.cpp, line 773]

VM Operations (20 events):
Event: 5.458 Executing VM operation: G1CollectForAllocation
Event: 5.465 Executing VM operation: G1CollectForAllocation done
Event: 6.465 Executing VM operation: Cleanup
Event: 6.465 Executing VM operation: Cleanup done
Event: 7.466 Executing VM operation: Cleanup
Event: 7.466 Executing VM operation: Cleanup done
Event: 11.467 Executing VM operation: Cleanup
Event: 11.467 Executing VM operation: Cleanup done
Event: 14.469 Executing VM operation: Cleanup
Event: 14.469 Executing VM operation: Cleanup done
Event: 16.470 Executing VM operation: Cleanup
Event: 16.470 Executing VM operation: Cleanup done
Event: 18.470 Executing VM operation: Cleanup
Event: 18.470 Executing VM operation: Cleanup done
Event: 19.471 Executing VM operation: Cleanup
Event: 19.471 Executing VM operation: Cleanup done
Event: 41.572 Executing VM operation: Cleanup
Event: 41.572 Executing VM operation: Cleanup done
Event: 42.574 Executing VM operation: Cleanup
Event: 42.574 Executing VM operation: Cleanup done

Events (20 events):
Event: 3.082 Thread 0x000001f36f76b070 Thread added: 0x000001f36f76b070
Event: 5.216 Thread 0x000001f36f76a5d0 Thread added: 0x000001f36f76a5d0
Event: 5.235 Thread 0x000001f36f76b070 Thread exited: 0x000001f36f76b070
Event: 5.259 Thread 0x000001f36f7695e0 Thread added: 0x000001f36f7695e0
Event: 5.283 Thread 0x000001f36eb8be90 Thread added: 0x000001f36eb8be90
Event: 5.285 Thread 0x000001f36eba44b0 Thread added: 0x000001f36eba44b0
Event: 5.521 Thread 0x000001f36f76c5b0 Thread added: 0x000001f36f76c5b0
Event: 6.477 Thread 0x000001f36eba44b0 Thread exited: 0x000001f36eba44b0
Event: 7.367 Thread 0x000001f36eb8be90 Thread exited: 0x000001f36eb8be90
Event: 7.367 Thread 0x000001f36f76c5b0 Thread exited: 0x000001f36f76c5b0
Event: 7.389 Thread 0x000001f36f76ab20 Thread added: 0x000001f36f76ab20
Event: 10.543 Thread 0x000001f36f76ab20 Thread exited: 0x000001f36f76ab20
Event: 10.565 Thread 0x000001f36f76ab20 Thread added: 0x000001f36f76ab20
Event: 13.498 Thread 0x000001f36f76ab20 Thread exited: 0x000001f36f76ab20
Event: 13.519 Thread 0x000001f36f76cb00 Thread added: 0x000001f36f76cb00
Event: 15.938 Thread 0x000001f36f76cb00 Thread exited: 0x000001f36f76cb00
Event: 15.960 Thread 0x000001f36f76ab20 Thread added: 0x000001f36f76ab20
Event: 17.500 Thread 0x000001f36f76ab20 Thread exited: 0x000001f36f76ab20
Event: 17.521 Thread 0x000001f36f76ab20 Thread added: 0x000001f36f76ab20
Event: 42.691 Thread 0x000001f36f76ab20 Thread exited: 0x000001f36f76ab20


Dynamic libraries:
0x00007ff6e8810000 - 0x00007ff6e8820000 	C:\Program Files\Java\jdk-20\bin\java.exe
0x00007ffff6b10000 - 0x00007ffff6d27000 	C:\WINDOWS\SYSTEM32\ntdll.dll
0x00007ffff49f0000 - 0x00007ffff4ab4000 	C:\WINDOWS\System32\KERNEL32.DLL
0x00007ffff4220000 - 0x00007ffff45c7000 	C:\WINDOWS\System32\KERNELBASE.dll
0x00007ffff4060000 - 0x00007ffff4171000 	C:\WINDOWS\System32\ucrtbase.dll
0x00007fffd0870000 - 0x00007fffd088b000 	C:\Program Files\Java\jdk-20\bin\VCRUNTIME140.dll
0x00007fffd0de0000 - 0x00007fffd0df9000 	C:\Program Files\Java\jdk-20\bin\jli.dll
0x00007ffff5fb0000 - 0x00007ffff6060000 	C:\WINDOWS\System32\ADVAPI32.dll
0x00007ffff6270000 - 0x00007ffff6317000 	C:\WINDOWS\System32\msvcrt.dll
0x00007ffff61c0000 - 0x00007ffff6266000 	C:\WINDOWS\System32\sechost.dll
0x00007ffff6750000 - 0x00007ffff6867000 	C:\WINDOWS\System32\RPCRT4.dll
0x00007ffff6570000 - 0x00007ffff671e000 	C:\WINDOWS\System32\USER32.dll
0x00007ffff3fb0000 - 0x00007ffff3fd6000 	C:\WINDOWS\System32\win32u.dll
0x00007ffff6720000 - 0x00007ffff6749000 	C:\WINDOWS\System32\GDI32.dll
0x00007ffff3e90000 - 0x00007ffff3fa9000 	C:\WINDOWS\System32\gdi32full.dll
0x00007ffff3050000 - 0x00007ffff32e3000 	C:\WINDOWS\WinSxS\amd64_microsoft.windows.common-controls_6595b64144ccf1df_6.0.22621.2506_none_270c5ae97388e100\COMCTL32.dll
0x00007ffff4180000 - 0x00007ffff421a000 	C:\WINDOWS\System32\msvcp_win.dll
0x00007fffedd00000 - 0x00007fffedd0a000 	C:\WINDOWS\SYSTEM32\VERSION.dll
0x00007ffff5af0000 - 0x00007ffff5b21000 	C:\WINDOWS\System32\IMM32.DLL
0x00007fffe4910000 - 0x00007fffe491c000 	C:\Program Files\Java\jdk-20\bin\vcruntime140_1.dll
0x00007fffcf880000 - 0x00007fffcf90e000 	C:\Program Files\Java\jdk-20\bin\msvcp140.dll
0x00007fffb20c0000 - 0x00007fffb2d58000 	C:\Program Files\Java\jdk-20\bin\server\jvm.dll
0x00007fffec240000 - 0x00007fffec274000 	C:\WINDOWS\SYSTEM32\WINMM.dll
0x00007fffdd960000 - 0x00007fffdd969000 	C:\WINDOWS\SYSTEM32\WSOCK32.dll
0x00007ffff64f0000 - 0x00007ffff6561000 	C:\WINDOWS\System32\WS2_32.dll
0x00007ffff25d0000 - 0x00007ffff25e8000 	C:\WINDOWS\SYSTEM32\kernel.appcore.dll
0x00007fffe3320000 - 0x00007fffe332a000 	C:\Program Files\Java\jdk-20\bin\jimage.dll
0x00007ffff3710000 - 0x00007ffff3943000 	C:\WINDOWS\SYSTEM32\DBGHELP.DLL
0x00007ffff5380000 - 0x00007ffff5709000 	C:\WINDOWS\System32\combase.dll
0x00007ffff6410000 - 0x00007ffff64e7000 	C:\WINDOWS\System32\OLEAUT32.dll
0x00007ffff35d0000 - 0x00007ffff3602000 	C:\WINDOWS\SYSTEM32\dbgcore.DLL
0x00007ffff3fe0000 - 0x00007ffff405a000 	C:\WINDOWS\System32\bcryptPrimitives.dll
0x00007fffcf7e0000 - 0x00007fffcf806000 	C:\Program Files\Java\jdk-20\bin\java.dll
0x00007fffb1fe0000 - 0x00007fffb20b7000 	C:\Program Files\Java\jdk-20\bin\jsvml.dll
0x00007ffff4b20000 - 0x00007ffff5379000 	C:\WINDOWS\System32\SHELL32.dll
0x00007ffff1500000 - 0x00007ffff1df4000 	C:\WINDOWS\SYSTEM32\windows.storage.dll
0x00007ffff13a0000 - 0x00007ffff14de000 	C:\WINDOWS\SYSTEM32\wintypes.dll
0x00007ffff69d0000 - 0x00007ffff6ac3000 	C:\WINDOWS\System32\SHCORE.dll
0x00007ffff4ac0000 - 0x00007ffff4b1e000 	C:\WINDOWS\System32\shlwapi.dll
0x00007ffff3dc0000 - 0x00007ffff3de6000 	C:\WINDOWS\SYSTEM32\profapi.dll
0x00007fffcfea0000 - 0x00007fffcfeb3000 	C:\Program Files\Java\jdk-20\bin\net.dll
0x00007fffec8b0000 - 0x00007fffec9e7000 	C:\WINDOWS\SYSTEM32\WINHTTP.dll
0x00007ffff2bf0000 - 0x00007ffff2c59000 	C:\WINDOWS\system32\mswsock.dll
0x00007fffcf860000 - 0x00007fffcf876000 	C:\Program Files\Java\jdk-20\bin\nio.dll
0x00007fffcec00000 - 0x00007fffcec18000 	C:\Program Files\Java\jdk-20\bin\zip.dll
0x000001f36a7d0000 - 0x000001f36a7d3000 	C:\Program Files\Java\javafx-sdk-20.0.2\bin\api-ms-win-core-console-l1-1-0.dll
0x000001f36a7e0000 - 0x000001f36a7e3000 	C:\Program Files\Java\javafx-sdk-20.0.2\bin\api-ms-win-core-console-l1-2-0.dll
0x000001f36a7f0000 - 0x000001f36a7f3000 	C:\Program Files\Java\javafx-sdk-20.0.2\bin\api-ms-win-core-datetime-l1-1-0.dll
0x000001f3704d0000 - 0x000001f3704d3000 	C:\Program Files\Java\javafx-sdk-20.0.2\bin\api-ms-win-core-debug-l1-1-0.dll
0x000001f3704e0000 - 0x000001f3704e3000 	C:\Program Files\Java\javafx-sdk-20.0.2\bin\api-ms-win-core-errorhandling-l1-1-0.dll
0x000001f3704f0000 - 0x000001f3704f4000 	C:\Program Files\Java\javafx-sdk-20.0.2\bin\api-ms-win-core-file-l1-1-0.dll
0x000001f370500000 - 0x000001f370503000 	C:\Program Files\Java\javafx-sdk-20.0.2\bin\api-ms-win-core-file-l1-2-0.dll
0x000001f370510000 - 0x000001f370513000 	C:\Program Files\Java\javafx-sdk-20.0.2\bin\api-ms-win-core-file-l2-1-0.dll
0x000001f370520000 - 0x000001f370523000 	C:\Program Files\Java\javafx-sdk-20.0.2\bin\api-ms-win-core-handle-l1-1-0.dll
0x000001f370530000 - 0x000001f370533000 	C:\Program Files\Java\javafx-sdk-20.0.2\bin\api-ms-win-core-heap-l1-1-0.dll
0x000001f370540000 - 0x000001f370543000 	C:\Program Files\Java\javafx-sdk-20.0.2\bin\api-ms-win-core-interlocked-l1-1-0.dll
0x000001f370550000 - 0x000001f370553000 	C:\Program Files\Java\javafx-sdk-20.0.2\bin\api-ms-win-core-libraryloader-l1-1-0.dll
0x000001f370560000 - 0x000001f370563000 	C:\Program Files\Java\javafx-sdk-20.0.2\bin\api-ms-win-core-localization-l1-2-0.dll
0x000001f370570000 - 0x000001f370573000 	C:\Program Files\Java\javafx-sdk-20.0.2\bin\api-ms-win-core-memory-l1-1-0.dll
0x000001f370580000 - 0x000001f370583000 	C:\Program Files\Java\javafx-sdk-20.0.2\bin\api-ms-win-core-namedpipe-l1-1-0.dll
0x000001f370590000 - 0x000001f370593000 	C:\Program Files\Java\javafx-sdk-20.0.2\bin\api-ms-win-core-processenvironment-l1-1-0.dll
0x000001f3705a0000 - 0x000001f3705a3000 	C:\Program Files\Java\javafx-sdk-20.0.2\bin\api-ms-win-core-processthreads-l1-1-0.dll
0x000001f3705b0000 - 0x000001f3705b3000 	C:\Program Files\Java\javafx-sdk-20.0.2\bin\api-ms-win-core-processthreads-l1-1-1.dll
0x000001f3705c0000 - 0x000001f3705c3000 	C:\Program Files\Java\javafx-sdk-20.0.2\bin\api-ms-win-core-profile-l1-1-0.dll
0x000001f3705d0000 - 0x000001f3705d3000 	C:\Program Files\Java\javafx-sdk-20.0.2\bin\api-ms-win-core-rtlsupport-l1-1-0.dll
0x000001f3705e0000 - 0x000001f3705e3000 	C:\Program Files\Java\javafx-sdk-20.0.2\bin\api-ms-win-core-string-l1-1-0.dll
0x000001f3705f0000 - 0x000001f3705f3000 	C:\Program Files\Java\javafx-sdk-20.0.2\bin\api-ms-win-core-synch-l1-1-0.dll
0x000001f370600000 - 0x000001f370603000 	C:\Program Files\Java\javafx-sdk-20.0.2\bin\api-ms-win-core-synch-l1-2-0.dll
0x000001f370610000 - 0x000001f370613000 	C:\Program Files\Java\javafx-sdk-20.0.2\bin\api-ms-win-core-sysinfo-l1-1-0.dll
0x000001f370620000 - 0x000001f370623000 	C:\Program Files\Java\javafx-sdk-20.0.2\bin\api-ms-win-core-timezone-l1-1-0.dll
0x000001f370630000 - 0x000001f370633000 	C:\Program Files\Java\javafx-sdk-20.0.2\bin\api-ms-win-core-util-l1-1-0.dll
0x000001f370640000 - 0x000001f370643000 	C:\Program Files\Java\javafx-sdk-20.0.2\bin\api-ms-win-crt-conio-l1-1-0.dll
0x000001f370650000 - 0x000001f370654000 	C:\Program Files\Java\javafx-sdk-20.0.2\bin\api-ms-win-crt-convert-l1-1-0.dll
0x000001f370660000 - 0x000001f370663000 	C:\Program Files\Java\javafx-sdk-20.0.2\bin\api-ms-win-crt-environment-l1-1-0.dll
0x000001f370670000 - 0x000001f370673000 	C:\Program Files\Java\javafx-sdk-20.0.2\bin\api-ms-win-crt-filesystem-l1-1-0.dll
0x000001f370680000 - 0x000001f370683000 	C:\Program Files\Java\javafx-sdk-20.0.2\bin\api-ms-win-crt-heap-l1-1-0.dll
0x000001f370690000 - 0x000001f370693000 	C:\Program Files\Java\javafx-sdk-20.0.2\bin\api-ms-win-crt-locale-l1-1-0.dll
0x000001f3706a0000 - 0x000001f3706a5000 	C:\Program Files\Java\javafx-sdk-20.0.2\bin\api-ms-win-crt-math-l1-1-0.dll
0x000001f3706b0000 - 0x000001f3706b5000 	C:\Program Files\Java\javafx-sdk-20.0.2\bin\api-ms-win-crt-multibyte-l1-1-0.dll
0x000001f3706c0000 - 0x000001f3706d0000 	C:\Program Files\Java\javafx-sdk-20.0.2\bin\api-ms-win-crt-private-l1-1-0.dll
0x000001f3706d0000 - 0x000001f3706d3000 	C:\Program Files\Java\javafx-sdk-20.0.2\bin\api-ms-win-crt-process-l1-1-0.dll
0x000001f3706e0000 - 0x000001f3706e4000 	C:\Program Files\Java\javafx-sdk-20.0.2\bin\api-ms-win-crt-runtime-l1-1-0.dll
0x000001f3706f0000 - 0x000001f3706f4000 	C:\Program Files\Java\javafx-sdk-20.0.2\bin\api-ms-win-crt-stdio-l1-1-0.dll
0x000001f370700000 - 0x000001f370704000 	C:\Program Files\Java\javafx-sdk-20.0.2\bin\api-ms-win-crt-string-l1-1-0.dll
0x000001f370710000 - 0x000001f370713000 	C:\Program Files\Java\javafx-sdk-20.0.2\bin\api-ms-win-crt-time-l1-1-0.dll
0x000001f370720000 - 0x000001f370723000 	C:\Program Files\Java\javafx-sdk-20.0.2\bin\api-ms-win-crt-utility-l1-1-0.dll
0x00007fffcd0a0000 - 0x00007fffcd19c000 	C:\Program Files\Java\javafx-sdk-20.0.2\bin\ucrtbase.dll
0x00007fffe5870000 - 0x00007fffe588b000 	C:\Program Files\Java\javafx-sdk-20.0.2\bin\vcruntime140.dll
0x00007fffe5860000 - 0x00007fffe586c000 	C:\Program Files\Java\javafx-sdk-20.0.2\bin\vcruntime140_1.dll
0x00007fffe4560000 - 0x00007fffe45ee000 	C:\Program Files\Java\javafx-sdk-20.0.2\bin\msvcp140.dll
0x00007fffe4aa0000 - 0x00007fffe4aa9000 	C:\Program Files\Java\javafx-sdk-20.0.2\bin\msvcp140_1.dll
0x00007fffe25b0000 - 0x00007fffe25e0000 	C:\Program Files\Java\javafx-sdk-20.0.2\bin\msvcp140_2.dll
0x00007fffcfc20000 - 0x00007fffcfc4f000 	C:\Program Files\Java\javafx-sdk-20.0.2\bin\prism_d3d.dll
0x00007fffc6bf0000 - 0x00007fffc6d99000 	C:\WINDOWS\system32\d3d9.dll
0x00007ffff0c90000 - 0x00007ffff0cbb000 	C:\WINDOWS\SYSTEM32\dwmapi.dll
0x00007ffff0680000 - 0x00007ffff06b6000 	C:\WINDOWS\SYSTEM32\dxcore.dll
0x00007ffff05a0000 - 0x00007ffff064b000 	C:\WINDOWS\system32\uxtheme.dll
0x00007fffc6a80000 - 0x00007fffc6be5000 	C:\WINDOWS\System32\DriverStore\FileRepository\igdlh64.inf_amd64_dccdb071926b5316\igdumdim64.dll
0x00007ffff5710000 - 0x00007ffff58b0000 	C:\WINDOWS\System32\ole32.dll
0x00007fff8bfd0000 - 0x00007fff8fc24000 	C:\WINDOWS\System32\DriverStore\FileRepository\igdlh64.inf_amd64_dccdb071926b5316\igd9dxva64.dll
0x00007ffff5b30000 - 0x00007ffff5fa4000 	C:\WINDOWS\System32\SETUPAPI.dll
0x00007ffff3a90000 - 0x00007ffff3ade000 	C:\WINDOWS\SYSTEM32\cfgmgr32.dll
0x00007fffe2100000 - 0x00007fffe24c1000 	C:\WINDOWS\System32\DriverStore\FileRepository\igdlh64.inf_amd64_dccdb071926b5316\igdgmm64.dll
0x00007fffeb0e0000 - 0x00007fffeb12a000 	C:\WINDOWS\SYSTEM32\directxdatabasehelper.dll
0x00007fffcfbd0000 - 0x00007fffcfc12000 	C:\Program Files\Java\javafx-sdk-20.0.2\bin\glass.dll
0x00007ffff48f0000 - 0x00007ffff49e9000 	C:\WINDOWS\System32\COMDLG32.dll
0x00007ffff6870000 - 0x00007ffff69bf000 	C:\WINDOWS\System32\MSCTF.dll
0x00007fff9ae40000 - 0x00007fff9ae67000 	C:\WINDOWS\System32\DriverStore\FileRepository\igdlh64.inf_amd64_dccdb071926b5316\igdinfo64.dll
0x00007ffff3a40000 - 0x00007ffff3a5b000 	C:\WINDOWS\SYSTEM32\CRYPTSP.dll
0x00007ffff2590000 - 0x00007ffff25c5000 	C:\WINDOWS\system32\rsaenh.dll
0x00007ffff2e90000 - 0x00007ffff2e9c000 	C:\WINDOWS\SYSTEM32\CRYPTBASE.dll
0x00007ffff36e0000 - 0x00007ffff3708000 	C:\WINDOWS\SYSTEM32\bcrypt.dll
0x00007fffddd50000 - 0x00007fffe0f56000 	C:\WINDOWS\System32\DriverStore\FileRepository\igdlh64.inf_amd64_dccdb071926b5316\igc64.dll
0x00007fffe4a80000 - 0x00007fffe4a94000 	C:\Program Files\Java\javafx-sdk-20.0.2\bin\javafx_font.dll
0x00007fffee8e0000 - 0x00007fffeeb53000 	C:\WINDOWS\SYSTEM32\dwrite.dll
0x00007ffff6060000 - 0x00007ffff6110000 	C:\WINDOWS\System32\clbcatq.dll
0x00007fffee5e0000 - 0x00007fffee790000 	C:\WINDOWS\SYSTEM32\WindowsCodecs.dll
0x00007fffc4fa0000 - 0x00007fffc4ffe000 	C:\WINDOWS\system32\dataexchange.dll
0x00007fffe4680000 - 0x00007fffe4905000 	C:\WINDOWS\system32\twinapi.appcore.dll
0x00007fffcf400000 - 0x00007fffcf432000 	C:\Program Files\Common Files\Microsoft Shared\Ink\rtscom.dll
0x00007fffe50d0000 - 0x00007fffe521a000 	C:\WINDOWS\SYSTEM32\textinputframework.dll
0x00007fffef8b0000 - 0x00007fffef9e3000 	C:\WINDOWS\SYSTEM32\CoreMessaging.dll
0x00007fffe9910000 - 0x00007fffe9c7c000 	C:\WINDOWS\SYSTEM32\CoreUIComponents.dll
0x00007fffcfb00000 - 0x00007fffcfb26000 	C:\Windows\System32\dpuareu_jni.dll
0x00007fffc6e20000 - 0x00007fffc6e94000 	C:\WINDOWS\SYSTEM32\dpfj.dll
0x00007fffcf150000 - 0x00007fffcf17b000 	C:\WINDOWS\SYSTEM32\dpfpdd.dll
0x00007fffea350000 - 0x00007fffea3e0000 	C:\WINDOWS\SYSTEM32\DPFPApi.DLL
0x00007ffff4700000 - 0x00007ffff4866000 	C:\WINDOWS\System32\CRYPT32.dll

dbghelp: loaded successfully - version: 4.0.5 - missing functions: none
symbol engine: initialized successfully - sym options: 0x614 - pdb path: .;C:\Program Files\Java\jdk-20\bin;C:\WINDOWS\SYSTEM32;C:\WINDOWS\WinSxS\amd64_microsoft.windows.common-controls_6595b64144ccf1df_6.0.22621.2506_none_270c5ae97388e100;C:\Program Files\Java\jdk-20\bin\server;C:\Program Files\Java\javafx-sdk-20.0.2\bin;C:\WINDOWS\System32\DriverStore\FileRepository\igdlh64.inf_amd64_dccdb071926b5316;C:\Program Files\Common Files\Microsoft Shared\Ink

VM Arguments:
jvm_args: -Dfile.encoding=UTF-8 --module-path=C:\Program Files\Java\javafx-sdk-20.0.2\lib --add-modules=javafx.controls,javafx.fxml --module-path=C:\Program Files\Java\javafx-sdk-20.0.2\lib\javafx-swt.jar;C:\Program Files\Java\javafx-sdk-20.0.2\lib\javafx.base.jar;C:\Program Files\Java\javafx-sdk-20.0.2\lib\javafx.controls.jar;C:\Program Files\Java\javafx-sdk-20.0.2\lib\javafx.fxml.jar;C:\Program Files\Java\javafx-sdk-20.0.2\lib\javafx.graphics.jar;C:\Program Files\Java\javafx-sdk-20.0.2\lib\javafx.media.jar;C:\Program Files\Java\javafx-sdk-20.0.2\lib\javafx.swing.jar;C:\Program Files\Java\javafx-sdk-20.0.2\lib\javafx.web.jar 
java_command: Main
java_class_path (initial): C:\Program Files\Java\javafx-sdk-20.0.2\lib\javafx-swt.jar;C:\Program Files\Java\javafx-sdk-20.0.2\lib\javafx.base.jar;C:\Program Files\Java\javafx-sdk-20.0.2\lib\javafx.controls.jar;C:\Program Files\Java\javafx-sdk-20.0.2\lib\javafx.fxml.jar;C:\Program Files\Java\javafx-sdk-20.0.2\lib\javafx.graphics.jar;C:\Program Files\Java\javafx-sdk-20.0.2\lib\javafx.media.jar;C:\Program Files\Java\javafx-sdk-20.0.2\lib\javafx.swing.jar;C:\Program Files\Java\javafx-sdk-20.0.2\lib\javafx.web.jar;C:\Program Files\DigitalPersona\U.are.U SDK\Windows\Lib\Java\dpuareu.jar;C:\Program Files\Java\mysql-connector-j-8.1.0\mysql-connector-j-8.1.0.jar;C:\Programming\NetBeansProjects\attendance-system\build\classes
Launcher Type: SUN_STANDARD

[Global flags]
     intx CICompilerCount                          = 4                                         {product} {ergonomic}
     uint ConcGCThreads                            = 2                                         {product} {ergonomic}
     uint G1ConcRefinementThreads                  = 8                                         {product} {ergonomic}
   size_t G1HeapRegionSize                         = 1048576                                   {product} {ergonomic}
    uintx GCDrainStackTargetSize                   = 64                                        {product} {ergonomic}
   size_t InitialHeapSize                          = 134217728                                 {product} {ergonomic}
   size_t MarkStackSize                            = 4194304                                   {product} {ergonomic}
   size_t MaxHeapSize                              = 2116026368                                {product} {ergonomic}
   size_t MaxNewSize                               = 1268776960                                {product} {ergonomic}
   size_t MinHeapDeltaBytes                        = 1048576                                   {product} {ergonomic}
   size_t MinHeapSize                              = 8388608                                   {product} {ergonomic}
    uintx NonNMethodCodeHeapSize                   = 5839372                                {pd product} {ergonomic}
    uintx NonProfiledCodeHeapSize                  = 122909434                              {pd product} {ergonomic}
    uintx ProfiledCodeHeapSize                     = 122909434                              {pd product} {ergonomic}
    uintx ReservedCodeCacheSize                    = 251658240                              {pd product} {ergonomic}
     bool SegmentedCodeCache                       = true                                      {product} {ergonomic}
   size_t SoftMaxHeapSize                          = 2116026368                             {manageable} {ergonomic}
     bool UseCompressedClassPointers               = true                           {product lp64_product} {ergonomic}
     bool UseCompressedOops                        = true                           {product lp64_product} {ergonomic}
     bool UseG1GC                                  = true                                      {product} {ergonomic}
     bool UseLargePagesIndividualAllocation        = false                                  {pd product} {ergonomic}

Logging:
Log output configuration:
 #0: stdout all=warning uptime,level,tags foldmultilines=false
 #1: stderr all=off uptime,level,tags foldmultilines=false

Environment Variables:
JAVA_HOME=C:\Program Files\Java\jdk-20
CLASSPATH=C:\Program Files\Java\mysql-connector-j-8.1.0\mysql-connector-j-8.1.0.jar
PATH=C:\Program Files\Common Files\Oracle\Java\javapath;C:\Program Files (x86)\Common Files\Oracle\Java\javapath;C:\WINDOWS\system32;C:\WINDOWS;C:\WINDOWS\System32\Wbem;C:\WINDOWS\System32\WindowsPowerShell\v1.0\;C:\WINDOWS\System32\OpenSSH\;C:\Program Files\Git\cmd;C:\Program Files\dotnet\;C:\Users\danodoms\AppData\Local\Microsoft\WindowsApps;C:\Users\danodoms\AppData\Local\Programs\Microsoft VS Code\bin;
USERNAME=admin
OS=Windows_NT
PROCESSOR_IDENTIFIER=Intel64 Family 6 Model 142 Stepping 10, GenuineIntel
TMP=C:\Users\danodoms\AppData\Local\Temp
TEMP=C:\Users\danodoms\AppData\Local\Temp




---------------  S Y S T E M  ---------------

OS:
 Windows 11 , 64 bit Build 22621 (10.0.22621.2506)
OS uptime: 0 days 1:16 hours

CPU: total 8 (initial active 8) (4 cores per cpu, 2 threads per core) family 6 model 142 stepping 10 microcode 0xf4, cx8, cmov, fxsr, ht, mmx, 3dnowpref, sse, sse2, sse3, ssse3, sse4.1, sse4.2, popcnt, lzcnt, tsc, tscinvbit, avx, avx2, aes, erms, clmul, bmi1, bmi2, rtm, adx, fma, vzeroupper, clflush, clflushopt, rdtscp, f16c

Memory: 4k page, system-wide physical 8071M (1820M free)
TotalPageFile size 18823M (AvailPageFile size 11210M)
current process WorkingSet (physical memory assigned to process): 189M, peak: 194M
current process commit charge ("private bytes"): 297M, peak: 308M

vm_info: Java HotSpot(TM) 64-Bit Server VM (20.0.2+9-78) for windows-amd64 JRE (20.0.2+9-78), built on 2023-06-14T10:08:48Z by "mach5one" with MS VC++ 17.1 (VS2022)

END.
