#
# A fatal error has been detected by the Java Runtime Environment:
#
#  EXCEPTION_ACCESS_VIOLATION (0xc0000005) at pc=0x00007fff83dda330, pid=14596, tid=8168
#
# JRE version: Java(TM) SE Runtime Environment (20.0.2+9) (build 20.0.2+9-78)
# Java VM: Java HotSpot(TM) 64-Bit Server VM (20.0.2+9-78, mixed mode, sharing, tiered, compressed oops, compressed class ptrs, g1 gc, windows-amd64)
# Problematic frame:
# V  [jvm.dll+0xa330]
#
# No core dump will be written. Minidumps are not enabled by default on client versions of Windows
#
# If you would like to submit a bug report, please visit:
#   https://bugreport.java.com/bugreport/crash.jsp
#

---------------  S U M M A R Y ------------

Command Line: -Dfile.encoding=UTF-8 --module-path=C:\Program Files\Java\javafx-sdk-20.0.2\lib --add-modules=javafx.controls,javafx.fxml --module-path=C:\Program Files\Java\javafx-sdk-20.0.2\lib\javafx-swt.jar;C:\Program Files\Java\javafx-sdk-20.0.2\lib\javafx.base.jar;C:\Program Files\Java\javafx-sdk-20.0.2\lib\javafx.controls.jar;C:\Program Files\Java\javafx-sdk-20.0.2\lib\javafx.fxml.jar;C:\Program Files\Java\javafx-sdk-20.0.2\lib\javafx.graphics.jar;C:\Program Files\Java\javafx-sdk-20.0.2\lib\javafx.media.jar;C:\Program Files\Java\javafx-sdk-20.0.2\lib\javafx.swing.jar;C:\Program Files\Java\javafx-sdk-20.0.2\lib\javafx.web.jar Main

Host: Intel(R) Core(TM) i5-8350U CPU @ 1.70GHz, 8 cores, 7G,  Windows 11 , 64 bit Build 22621 (10.0.22621.2506)
Time: Sat Nov  4 08:49:20 2023 Malay Peninsula Standard Time elapsed time: 6.182962 seconds (0d 0h 0m 6s)

---------------  T H R E A D  ---------------

Current thread (0x000001c261775620):  JavaThread "Thread-3" [_thread_in_vm, id=8168, stack(0x0000004d37100000,0x0000004d37200000)]

Stack: [0x0000004d37100000,0x0000004d37200000],  sp=0x0000004d371ff0a8,  free space=1020k
Native frames: (J=compiled Java code, j=interpreted, Vv=VM code, C=native code)
V  [jvm.dll+0xa330]

Java frames: (J=compiled Java code, j=interpreted, Vv=VM code)
j  com.digitalpersona.uareu.jni.Dpfj.DpfjIdentify([BII[[BIILcom/digitalpersona/uareu/jni/Dpfj$IntReference;[Lcom/digitalpersona/uareu/Engine$Candidate;)I+0
j  com.digitalpersona.uareu.jni.Dpfj.identify(Lcom/digitalpersona/uareu/Fmd;I[Lcom/digitalpersona/uareu/Fmd;II)[Lcom/digitalpersona/uareu/Engine$Candidate;+148
j  com.digitalpersona.uareu.dpfj.EngineImpl.Identify(Lcom/digitalpersona/uareu/Fmd;I[Lcom/digitalpersona/uareu/Fmd;II)[Lcom/digitalpersona/uareu/Engine$Candidate;+11
j  Fingerprint.IdentificationThread.compareFmdToDatabaseFmds(Lcom/digitalpersona/uareu/Fmd;[Lcom/digitalpersona/uareu/Fmd;)Z+15
j  Fingerprint.IdentificationThread.startIdentification(Ljavafx/scene/image/ImageView;)V+25
j  Fingerprint.IdentificationThread.run()V+5
v  ~StubRoutines::call_stub 0x000001c20f54100d

siginfo: EXCEPTION_ACCESS_VIOLATION (0xc0000005), reading address 0x0000000000000000


Registers:
RAX=0x0000000000000000, RBX=0x000001c261775620, RCX=0x0000000000000000, RDX=0x0000000000000000
RSP=0x0000004d371ff0a8, RBP=0x0000004d371ff258, RSI=0x000001c261775900, RDI=0x0000000000000000
R8 =0x0000004d371ff2b0, R9 =0x0000000001010001, R10=0x00007fff849166d0, R11=0x0000000000000101
R12=0x0000000000000000, R13=0x000001c25cc74c90, R14=0x0000004d371ff2b8, R15=0x0000000000000000
RIP=0x00007fff83dda330, EFLAGS=0x0000000000010246


Register to memory mapping:

RIP=0x00007fff83dda330 jvm.dll
RAX=0x0 is NULL
RBX=0x000001c261775620 is a thread
RCX=0x0 is NULL
RDX=0x0 is NULL
RSP=0x0000004d371ff0a8 is pointing into the stack for thread: 0x000001c261775620
RBP=0x0000004d371ff258 is pointing into the stack for thread: 0x000001c261775620
RSI=0x000001c261775900 points into unknown readable memory: 0x00007fff849166d0 | d0 66 91 84 ff 7f 00 00
RDI=0x0 is NULL
R8 =0x0000004d371ff2b0 is pointing into the stack for thread: 0x000001c261775620
R9 =0x0000000001010001 is an unknown value
R10=0x00007fff849166d0 jvm.dll
R11=0x0000000000000101 is an unknown value
R12=0x0 is NULL
R13={method} {0x000001c25cc74c98} 'DpfjIdentify' '([BII[[BIILcom/digitalpersona/uareu/jni/Dpfj$IntReference;[Lcom/digitalpersona/uareu/Engine$Candidate;)I' in 'com/digitalpersona/uareu/jni/Dpfj'
R14=0x0000004d371ff2b8 is pointing into the stack for thread: 0x000001c261775620
R15=0x0 is NULL


Top of Stack: (sp=0x0000004d371ff0a8)
0x0000004d371ff0a8:   00007fff8420b549 000001c20000000a
0x0000004d371ff0b8:   0000001b955b55b4 000001c25cc74c90
0x0000004d371ff0c8:   000001c261775620 0000004d371ff2b0
0x0000004d371ff0d8:   00007fffcf7e208a 000001c25cc74c90
0x0000004d371ff0e8:   000001c261775900 000001c261775620
0x0000004d371ff0f8:   0000004d371ff2b8 0000000000000000
0x0000004d371ff108:   000001c25c7e3360 000001c21b0bd890
0x0000004d371ff118:   000001c25cc74c90 0000004d371ff258
0x0000004d371ff128:   00007fff841ab7f5 000001c20f5ad275
0x0000004d371ff138:   0000001b955b55b4 000001b661775620
0x0000004d371ff148:   000001c25d1668c0 000001c25cc74c90
0x0000004d371ff158:   000001c261775620 000001c261775620
0x0000004d371ff168:   0000004d371ff2b8 000001c25cc74c90
0x0000004d371ff178:   0000000000000000 000001c25c7e3360
0x0000004d371ff188:   000001c21b0bd890 000001c25cc74c90
0x0000004d371ff198:   000001c20f561ff3 000001c261775620
0x0000004d371ff1a8:   00007fff841a9251 0000004d371ff2b0
0x0000004d371ff1b8:   00007fff01010001 000001c200000000
0x0000004d371ff1c8:   0000000000000000 000001c2ffffffff
0x0000004d371ff1d8:   000001c2000053e2 0000004d371ff280
0x0000004d371ff1e8:   0000004d371ff278 000001c261775620
0x0000004d371ff1f8:   00007fff841a9251 0000004d371ff2b0
0x0000004d371ff208:   000001c20f561c96 0000004d371ff210
0x0000004d371ff218:   000001c25cc74c90 0000004d371ff2b8
0x0000004d371ff228:   000001c25cc76d70 0000000000000000
0x0000004d371ff238:   0000000087890800 000001c25cc74c90
0x0000004d371ff248:   0000000000000000 0000004d371ff278
0x0000004d371ff258:   0000004d371ff308 000001c20f55df9e
0x0000004d371ff268:   0000000000000000 000001c20f55f895
0x0000004d371ff278:   0000000089b5a910 0000000089b5b910
0x0000004d371ff288:   00000000000053e2 00000000ffffffff
0x0000004d371ff298:   0000000000000000 0000000000000000 

Instructions: (pc=0x00007fff83dda330)
0x00007fff83dda230:   ec 0d b3 00 48 83 c4 20 5b 48 ff e0 48 8d 05 ed
0x00007fff83dda240:   00 00 00 48 8b cb 48 89 05 d3 0d b3 00 48 83 c4
0x00007fff83dda250:   20 5b 48 ff e0 48 8d 05 d4 00 00 00 48 8b cb 48
0x00007fff83dda260:   89 05 ba 0d b3 00 48 83 c4 20 5b 48 ff e0 48 8b
0x00007fff83dda270:   0d cb 76 b9 00 8b 51 10 83 ea 01 0f 84 91 00 00
0x00007fff83dda280:   00 83 ea 01 74 73 83 ea 01 74 55 83 fa 01 74 37
0x00007fff83dda290:   4c 8d 0d e9 08 8a 00 41 b8 e2 00 00 00 48 8d 15
0x00007fff83dda2a0:   14 09 8a 00 b9 00 00 00 e0 e8 42 68 27 00 e8 5d
0x00007fff83dda2b0:   19 6b 00 33 c0 48 8b cb 48 89 05 61 0d b3 00 48
0x00007fff83dda2c0:   83 c4 20 5b 48 ff e0 48 8d 05 72 00 00 00 48 8b
0x00007fff83dda2d0:   cb 48 89 05 48 0d b3 00 48 83 c4 20 5b 48 ff e0
0x00007fff83dda2e0:   48 8d 05 49 00 00 00 48 8b cb 48 89 05 2f 0d b3
0x00007fff83dda2f0:   00 48 83 c4 20 5b 48 ff e0 48 8d 05 30 00 00 00
0x00007fff83dda300:   48 8b cb 48 89 05 16 0d b3 00 48 83 c4 20 5b 48
0x00007fff83dda310:   ff e0 48 8d 05 17 00 00 00 48 8b cb 48 89 05 fd
0x00007fff83dda320:   0c b3 00 48 83 c4 20 5b 48 ff e0 cc cc cc cc cc
0x00007fff83dda330:   48 8b 01 c3 cc cc cc cc cc cc cc cc cc cc cc cc
0x00007fff83dda340:   48 89 5c 24 08 57 48 83 ec 20 48 8b 39 48 8b d9
0x00007fff83dda350:   48 85 3d a1 90 be 00 75 0e 48 8b c7 48 8b 5c 24
0x00007fff83dda360:   30 48 83 c4 20 5f c3 48 8b cf e8 c1 0e 87 00 48
0x00007fff83dda370:   8b d0 48 85 c0 74 20 48 8b c7 f0 48 0f b1 13 74
0x00007fff83dda380:   16 48 85 05 70 90 be 00 74 0d 48 8b c8 f0 48 0f
0x00007fff83dda390:   b1 13 48 3b c1 75 ea 48 8b 5c 24 30 48 8b c2 48
0x00007fff83dda3a0:   83 c4 20 5f c3 cc cc cc cc cc cc cc cc cc cc cc
0x00007fff83dda3b0:   8b 44 24 30 45 03 c9 44 2b 4c 24 28 83 c0 0b 44
0x00007fff83dda3c0:   03 ca 45 03 c8 41 03 c1 c3 cc cc cc cc cc cc cc
0x00007fff83dda3d0:   48 8b 41 08 0f b7 48 2a 0f b7 40 28 83 c0 48 03
0x00007fff83dda3e0:   c1 c3 cc cc cc cc cc cc cc cc cc cc cc cc cc cc
0x00007fff83dda3f0:   48 89 5c 24 08 57 48 83 ec 20 0f b6 05 3f 98 be
0x00007fff83dda400:   00 48 8b fa 48 8b d9 84 c0 74 4f 48 85 15 e6 8f
0x00007fff83dda410:   be 00 74 38 48 8b ca e8 24 11 87 00 48 8b d0 48
0x00007fff83dda420:   85 db 74 25 48 85 c0 74 20 48 8b c7 f0 48 0f b1 


Stack slot to memory mapping:
stack at sp + 0 slots: 0x00007fff8420b549 jvm.dll
stack at sp + 1 slots: 0x000001c20000000a points into unknown readable memory: 00 00 6d 73 00 00
stack at sp + 2 slots: 0x0000001b955b55b4 is an unknown value
stack at sp + 3 slots: {method} {0x000001c25cc74c98} 'DpfjIdentify' '([BII[[BIILcom/digitalpersona/uareu/jni/Dpfj$IntReference;[Lcom/digitalpersona/uareu/Engine$Candidate;)I' in 'com/digitalpersona/uareu/jni/Dpfj'
stack at sp + 4 slots: 0x000001c261775620 is a thread
stack at sp + 5 slots: 0x0000004d371ff2b0 is pointing into the stack for thread: 0x000001c261775620
stack at sp + 6 slots: 0x00007fffcf7e208a dpuareu_jni.dll
stack at sp + 7 slots: {method} {0x000001c25cc74c98} 'DpfjIdentify' '([BII[[BIILcom/digitalpersona/uareu/jni/Dpfj$IntReference;[Lcom/digitalpersona/uareu/Engine$Candidate;)I' in 'com/digitalpersona/uareu/jni/Dpfj'


---------------  P R O C E S S  ---------------

Threads class SMR info:
_java_thread_list=0x000001c2604c38a0, length=23, elements={
0x000001c27d3a69a0, 0x000001c27eae0830, 0x000001c27eae14d0, 0x000001c27eae23d0,
0x000001c27eae5f90, 0x000001c27eae76d0, 0x000001c27eae9090, 0x000001c27eaee8f0,
0x000001c26012bf30, 0x000001c2601e89a0, 0x000001c2604d6a40, 0x000001c260293440,
0x000001c26098e770, 0x000001c260515800, 0x000001c260aa1250, 0x000001c2609ebc90,
0x000001c260ffb5a0, 0x000001c261776610, 0x000001c261775620, 0x000001c2617770b0,
0x000001c261774630, 0x000001c2614ec1a0, 0x000001c26136d770
}

Java Threads: ( => current thread )
  0x000001c27d3a69a0 JavaThread "main" [_thread_blocked, id=17768, stack(0x0000004d35100000,0x0000004d35200000)]
  0x000001c27eae0830 JavaThread "Reference Handler" daemon [_thread_blocked, id=15188, stack(0x0000004d35800000,0x0000004d35900000)]
  0x000001c27eae14d0 JavaThread "Finalizer" daemon [_thread_blocked, id=16576, stack(0x0000004d35900000,0x0000004d35a00000)]
  0x000001c27eae23d0 JavaThread "Signal Dispatcher" daemon [_thread_blocked, id=12620, stack(0x0000004d35a00000,0x0000004d35b00000)]
  0x000001c27eae5f90 JavaThread "Attach Listener" daemon [_thread_blocked, id=5436, stack(0x0000004d35b00000,0x0000004d35c00000)]
  0x000001c27eae76d0 JavaThread "Service Thread" daemon [_thread_blocked, id=3512, stack(0x0000004d35c00000,0x0000004d35d00000)]
  0x000001c27eae9090 JavaThread "Monitor Deflation Thread" daemon [_thread_blocked, id=1184, stack(0x0000004d35d00000,0x0000004d35e00000)]
  0x000001c27eaee8f0 JavaThread "C2 CompilerThread0" daemon [_thread_blocked, id=18824, stack(0x0000004d35e00000,0x0000004d35f00000)]
  0x000001c26012bf30 JavaThread "C1 CompilerThread0" daemon [_thread_blocked, id=18164, stack(0x0000004d35f00000,0x0000004d36000000)]
  0x000001c2601e89a0 JavaThread "Common-Cleaner" daemon [_thread_blocked, id=2608, stack(0x0000004d36000000,0x0000004d36100000)]
  0x000001c2604d6a40 JavaThread "Notification Thread" daemon [_thread_blocked, id=8116, stack(0x0000004d36300000,0x0000004d36400000)]
  0x000001c260293440 JavaThread "QuantumRenderer-0" daemon [_thread_blocked, id=5664, stack(0x0000004d36200000,0x0000004d36300000)]
  0x000001c26098e770 JavaThread "InvokeLaterDispatcher" daemon [_thread_blocked, id=13080, stack(0x0000004d36500000,0x0000004d36600000)]
  0x000001c260515800 JavaThread "JavaFX Application Thread" [_thread_in_native, id=16108, stack(0x0000004d36600000,0x0000004d36700000)]
  0x000001c260aa1250 JavaThread "JavaFX-Launcher" [_thread_blocked, id=5808, stack(0x0000004d36b00000,0x0000004d36c00000)]
  0x000001c2609ebc90 JavaThread "Thread-2" daemon [_thread_in_native, id=17588, stack(0x0000004d36a00000,0x0000004d36b00000)]
  0x000001c260ffb5a0 JavaThread "Prism Font Disposer" daemon [_thread_blocked, id=10764, stack(0x0000004d37500000,0x0000004d37600000)]
  0x000001c261776610 JavaThread "Cleaner-0" daemon [_thread_blocked, id=18928, stack(0x0000004d36100000,0x0000004d36200000)]
=>0x000001c261775620 JavaThread "Thread-3" [_thread_in_vm, id=8168, stack(0x0000004d37100000,0x0000004d37200000)]
  0x000001c2617770b0 JavaThread "Java2D Disposer" daemon [_thread_blocked, id=16748, stack(0x0000004d37900000,0x0000004d37a00000)]
  0x000001c261774630 JavaThread "mysql-cj-abandoned-connection-cleanup" daemon [_thread_blocked, id=3200, stack(0x0000004d37800000,0x0000004d37900000)]
  0x000001c2614ec1a0 JavaThread "C2 CompilerThread1" daemon [_thread_blocked, id=17048, stack(0x0000004d37a00000,0x0000004d37b00000)]
  0x000001c26136d770 JavaThread "C2 CompilerThread2" daemon [_thread_blocked, id=17412, stack(0x0000004d37b00000,0x0000004d37c00000)]

Other Threads:
  0x000001c27eac27b0 VMThread "VM Thread" [stack: 0x0000004d35700000,0x0000004d35800000] [id=15768]
  0x000001c260438890 WatcherThread "VM Periodic Task Thread" [stack: 0x0000004d36400000,0x0000004d36500000] [id=15208]
  0x000001c27d407a10 WorkerThread "GC Thread#0" [stack: 0x0000004d35200000,0x0000004d35300000] [id=9176]
  0x000001c260b6ea90 WorkerThread "GC Thread#1" [stack: 0x0000004d36c00000,0x0000004d36d00000] [id=19344]
  0x000001c260aa9c60 WorkerThread "GC Thread#2" [stack: 0x0000004d36d00000,0x0000004d36e00000] [id=16440]
  0x000001c260df4eb0 WorkerThread "GC Thread#3" [stack: 0x0000004d36e00000,0x0000004d36f00000] [id=3672]
  0x000001c260df6530 WorkerThread "GC Thread#4" [stack: 0x0000004d36f00000,0x0000004d37000000] [id=15752]
  0x000001c260df6260 WorkerThread "GC Thread#5" [stack: 0x0000004d37000000,0x0000004d37100000] [id=3632]
  0x000001c260df5cc0 WorkerThread "GC Thread#6" [stack: 0x0000004d37c00000,0x0000004d37d00000] [id=9484]
  0x000001c260df4be0 WorkerThread "GC Thread#7" [stack: 0x0000004d37d00000,0x0000004d37e00000] [id=15056]
  0x000001c27d4577b0 ConcurrentGCThread "G1 Main Marker" [stack: 0x0000004d35300000,0x0000004d35400000] [id=19132]
  0x000001c27d4581e0 WorkerThread "G1 Conc#0" [stack: 0x0000004d35400000,0x0000004d35500000] [id=13144]
  0x000001c27e96b180 ConcurrentGCThread "G1 Refine#0" [stack: 0x0000004d35500000,0x0000004d35600000] [id=3548]
  0x000001c27e96ea50 ConcurrentGCThread "G1 Service" [stack: 0x0000004d35600000,0x0000004d35700000] [id=16964]

Threads with active compile tasks:

VM state: not at safepoint (normal execution)

VM Mutex/Monitor currently owned by a thread: None

Heap address: 0x0000000081e00000, size: 2018 MB, Compressed Oops mode: 32-bit

CDS archive(s) mapped at: [0x000001c21b000000-0x000001c21bc60000-0x000001c21bc60000), size 12976128, SharedBaseAddress: 0x000001c21b000000, ArchiveRelocationMode: 1.
Compressed class space mapped at: 0x000001c21c000000-0x000001c25c000000, reserved size: 1073741824
Narrow klass base: 0x000001c21b000000, Narrow klass shift: 0, Narrow klass range: 0x100000000

GC Precious Log:
 CardTable entry size: 512
 Card Set container configuration: InlinePtr #cards 5 size 8 Array Of Cards #cards 12 size 40 Howl #buckets 4 coarsen threshold 1843 Howl Bitmap #cards 512 size 80 coarsen threshold 460 Card regions per heap region 1 cards per card region 2048
 CPUs: 8 total, 8 available
 Memory: 8071M
 Large Page Support: Disabled
 NUMA Support: Disabled
 Compressed Oops: Enabled (32-bit)
 Heap Region Size: 1M
 Heap Min Capacity: 8M
 Heap Initial Capacity: 128M
 Heap Max Capacity: 2018M
 Pre-touch: Disabled
 Parallel Workers: 8
 Concurrent Workers: 2
 Concurrent Refinement Workers: 8
 Periodic GC: Disabled

Heap:
 garbage-first heap   total 131072K, used 14607K [0x0000000081e00000, 0x0000000100000000)
  region size 1024K, 8 young (8192K), 5 survivors (5120K)
 Metaspace       used 20010K, committed 20352K, reserved 1114112K
  class space    used 2472K, committed 2624K, reserved 1048576K

Heap Regions: E=young(eden), S=young(survivor), O=old, HS=humongous(starts), HC=humongous(continues), CS=collection set, F=free, OA=open archive, CA=closed archive, TAMS=top-at-mark-start, PB=parsable bottom
|   0|0x0000000081e00000, 0x0000000081f00000, 0x0000000081f00000|100%| O|  |TAMS 0x0000000081e00000| PB 0x0000000081e00000| Untracked 
|   1|0x0000000081f00000, 0x0000000082000000, 0x0000000082000000|100%|HS|  |TAMS 0x0000000081f00000| PB 0x0000000081f00000| Complete 
|   2|0x0000000082000000, 0x0000000082100000, 0x0000000082100000|100%|HC|  |TAMS 0x0000000082000000| PB 0x0000000082000000| Complete 
|   3|0x0000000082100000, 0x0000000082100000, 0x0000000082200000|  0%| F|  |TAMS 0x0000000082100000| PB 0x0000000082100000| Untracked 
|   4|0x0000000082200000, 0x0000000082200000, 0x0000000082300000|  0%| F|  |TAMS 0x0000000082200000| PB 0x0000000082200000| Untracked 
|   5|0x0000000082300000, 0x0000000082400000, 0x0000000082400000|100%|HS|  |TAMS 0x0000000082300000| PB 0x0000000082300000| Complete 
|   6|0x0000000082400000, 0x0000000082500000, 0x0000000082500000|100%|HS|  |TAMS 0x0000000082400000| PB 0x0000000082400000| Complete 
|   7|0x0000000082500000, 0x0000000082600000, 0x0000000082600000|100%| O|  |TAMS 0x0000000082500000| PB 0x0000000082500000| Untracked 
|   8|0x0000000082600000, 0x0000000082700000, 0x0000000082700000|100%| O|  |TAMS 0x0000000082600000| PB 0x0000000082600000| Untracked 
|   9|0x0000000082700000, 0x0000000082743e00, 0x0000000082800000| 26%| O|  |TAMS 0x0000000082700000| PB 0x0000000082700000| Untracked 
|  10|0x0000000082800000, 0x0000000082800000, 0x0000000082900000|  0%| F|  |TAMS 0x0000000082800000| PB 0x0000000082800000| Untracked 
|  11|0x0000000082900000, 0x0000000082900000, 0x0000000082a00000|  0%| F|  |TAMS 0x0000000082900000| PB 0x0000000082900000| Untracked 
|  12|0x0000000082a00000, 0x0000000082a00000, 0x0000000082b00000|  0%| F|  |TAMS 0x0000000082a00000| PB 0x0000000082a00000| Untracked 
|  13|0x0000000082b00000, 0x0000000082b00000, 0x0000000082c00000|  0%| F|  |TAMS 0x0000000082b00000| PB 0x0000000082b00000| Untracked 
|  14|0x0000000082c00000, 0x0000000082c00000, 0x0000000082d00000|  0%| F|  |TAMS 0x0000000082c00000| PB 0x0000000082c00000| Untracked 
|  15|0x0000000082d00000, 0x0000000082d00000, 0x0000000082e00000|  0%| F|  |TAMS 0x0000000082d00000| PB 0x0000000082d00000| Untracked 
|  16|0x0000000082e00000, 0x0000000082e00000, 0x0000000082f00000|  0%| F|  |TAMS 0x0000000082e00000| PB 0x0000000082e00000| Untracked 
|  17|0x0000000082f00000, 0x0000000082f00000, 0x0000000083000000|  0%| F|  |TAMS 0x0000000082f00000| PB 0x0000000082f00000| Untracked 
|  18|0x0000000083000000, 0x0000000083000000, 0x0000000083100000|  0%| F|  |TAMS 0x0000000083000000| PB 0x0000000083000000| Untracked 
|  19|0x0000000083100000, 0x0000000083100000, 0x0000000083200000|  0%| F|  |TAMS 0x0000000083100000| PB 0x0000000083100000| Untracked 
|  20|0x0000000083200000, 0x0000000083200000, 0x0000000083300000|  0%| F|  |TAMS 0x0000000083200000| PB 0x0000000083200000| Untracked 
|  21|0x0000000083300000, 0x0000000083300000, 0x0000000083400000|  0%| F|  |TAMS 0x0000000083300000| PB 0x0000000083300000| Untracked 
|  22|0x0000000083400000, 0x0000000083400000, 0x0000000083500000|  0%| F|  |TAMS 0x0000000083400000| PB 0x0000000083400000| Untracked 
|  23|0x0000000083500000, 0x0000000083500000, 0x0000000083600000|  0%| F|  |TAMS 0x0000000083500000| PB 0x0000000083500000| Untracked 
|  24|0x0000000083600000, 0x0000000083600000, 0x0000000083700000|  0%| F|  |TAMS 0x0000000083600000| PB 0x0000000083600000| Untracked 
|  25|0x0000000083700000, 0x0000000083700000, 0x0000000083800000|  0%| F|  |TAMS 0x0000000083700000| PB 0x0000000083700000| Untracked 
|  26|0x0000000083800000, 0x0000000083800000, 0x0000000083900000|  0%| F|  |TAMS 0x0000000083800000| PB 0x0000000083800000| Untracked 
|  27|0x0000000083900000, 0x0000000083900000, 0x0000000083a00000|  0%| F|  |TAMS 0x0000000083900000| PB 0x0000000083900000| Untracked 
|  28|0x0000000083a00000, 0x0000000083a00000, 0x0000000083b00000|  0%| F|  |TAMS 0x0000000083a00000| PB 0x0000000083a00000| Untracked 
|  29|0x0000000083b00000, 0x0000000083b00000, 0x0000000083c00000|  0%| F|  |TAMS 0x0000000083b00000| PB 0x0000000083b00000| Untracked 
|  30|0x0000000083c00000, 0x0000000083c00000, 0x0000000083d00000|  0%| F|  |TAMS 0x0000000083c00000| PB 0x0000000083c00000| Untracked 
|  31|0x0000000083d00000, 0x0000000083d00000, 0x0000000083e00000|  0%| F|  |TAMS 0x0000000083d00000| PB 0x0000000083d00000| Untracked 
|  32|0x0000000083e00000, 0x0000000083e00000, 0x0000000083f00000|  0%| F|  |TAMS 0x0000000083e00000| PB 0x0000000083e00000| Untracked 
|  33|0x0000000083f00000, 0x0000000083f00000, 0x0000000084000000|  0%| F|  |TAMS 0x0000000083f00000| PB 0x0000000083f00000| Untracked 
|  34|0x0000000084000000, 0x0000000084000000, 0x0000000084100000|  0%| F|  |TAMS 0x0000000084000000| PB 0x0000000084000000| Untracked 
|  35|0x0000000084100000, 0x0000000084100000, 0x0000000084200000|  0%| F|  |TAMS 0x0000000084100000| PB 0x0000000084100000| Untracked 
|  36|0x0000000084200000, 0x0000000084200000, 0x0000000084300000|  0%| F|  |TAMS 0x0000000084200000| PB 0x0000000084200000| Untracked 
|  37|0x0000000084300000, 0x0000000084300000, 0x0000000084400000|  0%| F|  |TAMS 0x0000000084300000| PB 0x0000000084300000| Untracked 
|  38|0x0000000084400000, 0x0000000084400000, 0x0000000084500000|  0%| F|  |TAMS 0x0000000084400000| PB 0x0000000084400000| Untracked 
|  39|0x0000000084500000, 0x0000000084500000, 0x0000000084600000|  0%| F|  |TAMS 0x0000000084500000| PB 0x0000000084500000| Untracked 
|  40|0x0000000084600000, 0x0000000084600000, 0x0000000084700000|  0%| F|  |TAMS 0x0000000084600000| PB 0x0000000084600000| Untracked 
|  41|0x0000000084700000, 0x0000000084700000, 0x0000000084800000|  0%| F|  |TAMS 0x0000000084700000| PB 0x0000000084700000| Untracked 
|  42|0x0000000084800000, 0x0000000084800000, 0x0000000084900000|  0%| F|  |TAMS 0x0000000084800000| PB 0x0000000084800000| Untracked 
|  43|0x0000000084900000, 0x0000000084900000, 0x0000000084a00000|  0%| F|  |TAMS 0x0000000084900000| PB 0x0000000084900000| Untracked 
|  44|0x0000000084a00000, 0x0000000084a00000, 0x0000000084b00000|  0%| F|  |TAMS 0x0000000084a00000| PB 0x0000000084a00000| Untracked 
|  45|0x0000000084b00000, 0x0000000084b00000, 0x0000000084c00000|  0%| F|  |TAMS 0x0000000084b00000| PB 0x0000000084b00000| Untracked 
|  46|0x0000000084c00000, 0x0000000084c00000, 0x0000000084d00000|  0%| F|  |TAMS 0x0000000084c00000| PB 0x0000000084c00000| Untracked 
|  47|0x0000000084d00000, 0x0000000084d00000, 0x0000000084e00000|  0%| F|  |TAMS 0x0000000084d00000| PB 0x0000000084d00000| Untracked 
|  48|0x0000000084e00000, 0x0000000084e00000, 0x0000000084f00000|  0%| F|  |TAMS 0x0000000084e00000| PB 0x0000000084e00000| Untracked 
|  49|0x0000000084f00000, 0x0000000084f00000, 0x0000000085000000|  0%| F|  |TAMS 0x0000000084f00000| PB 0x0000000084f00000| Untracked 
|  50|0x0000000085000000, 0x0000000085000000, 0x0000000085100000|  0%| F|  |TAMS 0x0000000085000000| PB 0x0000000085000000| Untracked 
|  51|0x0000000085100000, 0x0000000085100000, 0x0000000085200000|  0%| F|  |TAMS 0x0000000085100000| PB 0x0000000085100000| Untracked 
|  52|0x0000000085200000, 0x0000000085200000, 0x0000000085300000|  0%| F|  |TAMS 0x0000000085200000| PB 0x0000000085200000| Untracked 
|  53|0x0000000085300000, 0x0000000085300000, 0x0000000085400000|  0%| F|  |TAMS 0x0000000085300000| PB 0x0000000085300000| Untracked 
|  54|0x0000000085400000, 0x0000000085400000, 0x0000000085500000|  0%| F|  |TAMS 0x0000000085400000| PB 0x0000000085400000| Untracked 
|  55|0x0000000085500000, 0x0000000085500000, 0x0000000085600000|  0%| F|  |TAMS 0x0000000085500000| PB 0x0000000085500000| Untracked 
|  56|0x0000000085600000, 0x0000000085600000, 0x0000000085700000|  0%| F|  |TAMS 0x0000000085600000| PB 0x0000000085600000| Untracked 
|  57|0x0000000085700000, 0x0000000085700000, 0x0000000085800000|  0%| F|  |TAMS 0x0000000085700000| PB 0x0000000085700000| Untracked 
|  58|0x0000000085800000, 0x0000000085800000, 0x0000000085900000|  0%| F|  |TAMS 0x0000000085800000| PB 0x0000000085800000| Untracked 
|  59|0x0000000085900000, 0x0000000085900000, 0x0000000085a00000|  0%| F|  |TAMS 0x0000000085900000| PB 0x0000000085900000| Untracked 
|  60|0x0000000085a00000, 0x0000000085a00000, 0x0000000085b00000|  0%| F|  |TAMS 0x0000000085a00000| PB 0x0000000085a00000| Untracked 
|  61|0x0000000085b00000, 0x0000000085b00000, 0x0000000085c00000|  0%| F|  |TAMS 0x0000000085b00000| PB 0x0000000085b00000| Untracked 
|  62|0x0000000085c00000, 0x0000000085c00000, 0x0000000085d00000|  0%| F|  |TAMS 0x0000000085c00000| PB 0x0000000085c00000| Untracked 
|  63|0x0000000085d00000, 0x0000000085d00000, 0x0000000085e00000|  0%| F|  |TAMS 0x0000000085d00000| PB 0x0000000085d00000| Untracked 
|  64|0x0000000085e00000, 0x0000000085e00000, 0x0000000085f00000|  0%| F|  |TAMS 0x0000000085e00000| PB 0x0000000085e00000| Untracked 
|  65|0x0000000085f00000, 0x0000000085f00000, 0x0000000086000000|  0%| F|  |TAMS 0x0000000085f00000| PB 0x0000000085f00000| Untracked 
|  66|0x0000000086000000, 0x0000000086000000, 0x0000000086100000|  0%| F|  |TAMS 0x0000000086000000| PB 0x0000000086000000| Untracked 
|  67|0x0000000086100000, 0x0000000086100000, 0x0000000086200000|  0%| F|  |TAMS 0x0000000086100000| PB 0x0000000086100000| Untracked 
|  68|0x0000000086200000, 0x0000000086200000, 0x0000000086300000|  0%| F|  |TAMS 0x0000000086200000| PB 0x0000000086200000| Untracked 
|  69|0x0000000086300000, 0x0000000086300000, 0x0000000086400000|  0%| F|  |TAMS 0x0000000086300000| PB 0x0000000086300000| Untracked 
|  70|0x0000000086400000, 0x0000000086400000, 0x0000000086500000|  0%| F|  |TAMS 0x0000000086400000| PB 0x0000000086400000| Untracked 
|  71|0x0000000086500000, 0x0000000086500000, 0x0000000086600000|  0%| F|  |TAMS 0x0000000086500000| PB 0x0000000086500000| Untracked 
|  72|0x0000000086600000, 0x0000000086600000, 0x0000000086700000|  0%| F|  |TAMS 0x0000000086600000| PB 0x0000000086600000| Untracked 
|  73|0x0000000086700000, 0x0000000086700000, 0x0000000086800000|  0%| F|  |TAMS 0x0000000086700000| PB 0x0000000086700000| Untracked 
|  74|0x0000000086800000, 0x0000000086800000, 0x0000000086900000|  0%| F|  |TAMS 0x0000000086800000| PB 0x0000000086800000| Untracked 
|  75|0x0000000086900000, 0x0000000086900000, 0x0000000086a00000|  0%| F|  |TAMS 0x0000000086900000| PB 0x0000000086900000| Untracked 
|  76|0x0000000086a00000, 0x0000000086a00000, 0x0000000086b00000|  0%| F|  |TAMS 0x0000000086a00000| PB 0x0000000086a00000| Untracked 
|  77|0x0000000086b00000, 0x0000000086b00000, 0x0000000086c00000|  0%| F|  |TAMS 0x0000000086b00000| PB 0x0000000086b00000| Untracked 
|  78|0x0000000086c00000, 0x0000000086c00000, 0x0000000086d00000|  0%| F|  |TAMS 0x0000000086c00000| PB 0x0000000086c00000| Untracked 
|  79|0x0000000086d00000, 0x0000000086d00000, 0x0000000086e00000|  0%| F|  |TAMS 0x0000000086d00000| PB 0x0000000086d00000| Untracked 
|  80|0x0000000086e00000, 0x0000000086e00000, 0x0000000086f00000|  0%| F|  |TAMS 0x0000000086e00000| PB 0x0000000086e00000| Untracked 
|  81|0x0000000086f00000, 0x0000000086f00000, 0x0000000087000000|  0%| F|  |TAMS 0x0000000086f00000| PB 0x0000000086f00000| Untracked 
|  82|0x0000000087000000, 0x0000000087000000, 0x0000000087100000|  0%| F|  |TAMS 0x0000000087000000| PB 0x0000000087000000| Untracked 
|  83|0x0000000087100000, 0x0000000087100000, 0x0000000087200000|  0%| F|  |TAMS 0x0000000087100000| PB 0x0000000087100000| Untracked 
|  84|0x0000000087200000, 0x0000000087200000, 0x0000000087300000|  0%| F|  |TAMS 0x0000000087200000| PB 0x0000000087200000| Untracked 
|  85|0x0000000087300000, 0x0000000087300000, 0x0000000087400000|  0%| F|  |TAMS 0x0000000087300000| PB 0x0000000087300000| Untracked 
|  86|0x0000000087400000, 0x0000000087400000, 0x0000000087500000|  0%| F|  |TAMS 0x0000000087400000| PB 0x0000000087400000| Untracked 
|  87|0x0000000087500000, 0x0000000087600000, 0x0000000087600000|100%| S|CS|TAMS 0x0000000087500000| PB 0x0000000087500000| Complete 
|  88|0x0000000087600000, 0x0000000087700000, 0x0000000087700000|100%| S|CS|TAMS 0x0000000087600000| PB 0x0000000087600000| Complete 
|  89|0x0000000087700000, 0x0000000087800000, 0x0000000087800000|100%| S|CS|TAMS 0x0000000087700000| PB 0x0000000087700000| Complete 
|  90|0x0000000087800000, 0x0000000087900000, 0x0000000087900000|100%| S|CS|TAMS 0x0000000087800000| PB 0x0000000087800000| Complete 
|  91|0x0000000087900000, 0x0000000087a00000, 0x0000000087a00000|100%| S|CS|TAMS 0x0000000087900000| PB 0x0000000087900000| Complete 
|  92|0x0000000087a00000, 0x0000000087a00000, 0x0000000087b00000|  0%| F|  |TAMS 0x0000000087a00000| PB 0x0000000087a00000| Untracked 
|  93|0x0000000087b00000, 0x0000000087b00000, 0x0000000087c00000|  0%| F|  |TAMS 0x0000000087b00000| PB 0x0000000087b00000| Untracked 
|  94|0x0000000087c00000, 0x0000000087c00000, 0x0000000087d00000|  0%| F|  |TAMS 0x0000000087c00000| PB 0x0000000087c00000| Untracked 
|  95|0x0000000087d00000, 0x0000000087d00000, 0x0000000087e00000|  0%| F|  |TAMS 0x0000000087d00000| PB 0x0000000087d00000| Untracked 
|  96|0x0000000087e00000, 0x0000000087e00000, 0x0000000087f00000|  0%| F|  |TAMS 0x0000000087e00000| PB 0x0000000087e00000| Untracked 
|  97|0x0000000087f00000, 0x0000000087f00000, 0x0000000088000000|  0%| F|  |TAMS 0x0000000087f00000| PB 0x0000000087f00000| Untracked 
|  98|0x0000000088000000, 0x0000000088000000, 0x0000000088100000|  0%| F|  |TAMS 0x0000000088000000| PB 0x0000000088000000| Untracked 
|  99|0x0000000088100000, 0x0000000088100000, 0x0000000088200000|  0%| F|  |TAMS 0x0000000088100000| PB 0x0000000088100000| Untracked 
| 100|0x0000000088200000, 0x0000000088200000, 0x0000000088300000|  0%| F|  |TAMS 0x0000000088200000| PB 0x0000000088200000| Untracked 
| 101|0x0000000088300000, 0x0000000088300000, 0x0000000088400000|  0%| F|  |TAMS 0x0000000088300000| PB 0x0000000088300000| Untracked 
| 102|0x0000000088400000, 0x0000000088400000, 0x0000000088500000|  0%| F|  |TAMS 0x0000000088400000| PB 0x0000000088400000| Untracked 
| 103|0x0000000088500000, 0x0000000088500000, 0x0000000088600000|  0%| F|  |TAMS 0x0000000088500000| PB 0x0000000088500000| Untracked 
| 104|0x0000000088600000, 0x0000000088600000, 0x0000000088700000|  0%| F|  |TAMS 0x0000000088600000| PB 0x0000000088600000| Untracked 
| 105|0x0000000088700000, 0x0000000088700000, 0x0000000088800000|  0%| F|  |TAMS 0x0000000088700000| PB 0x0000000088700000| Untracked 
| 106|0x0000000088800000, 0x0000000088800000, 0x0000000088900000|  0%| F|  |TAMS 0x0000000088800000| PB 0x0000000088800000| Untracked 
| 107|0x0000000088900000, 0x0000000088900000, 0x0000000088a00000|  0%| F|  |TAMS 0x0000000088900000| PB 0x0000000088900000| Untracked 
| 108|0x0000000088a00000, 0x0000000088a00000, 0x0000000088b00000|  0%| F|  |TAMS 0x0000000088a00000| PB 0x0000000088a00000| Untracked 
| 109|0x0000000088b00000, 0x0000000088b00000, 0x0000000088c00000|  0%| F|  |TAMS 0x0000000088b00000| PB 0x0000000088b00000| Untracked 
| 110|0x0000000088c00000, 0x0000000088c00000, 0x0000000088d00000|  0%| F|  |TAMS 0x0000000088c00000| PB 0x0000000088c00000| Untracked 
| 111|0x0000000088d00000, 0x0000000088d00000, 0x0000000088e00000|  0%| F|  |TAMS 0x0000000088d00000| PB 0x0000000088d00000| Untracked 
| 112|0x0000000088e00000, 0x0000000088e00000, 0x0000000088f00000|  0%| F|  |TAMS 0x0000000088e00000| PB 0x0000000088e00000| Untracked 
| 113|0x0000000088f00000, 0x0000000088f00000, 0x0000000089000000|  0%| F|  |TAMS 0x0000000088f00000| PB 0x0000000088f00000| Untracked 
| 114|0x0000000089000000, 0x0000000089000000, 0x0000000089100000|  0%| F|  |TAMS 0x0000000089000000| PB 0x0000000089000000| Untracked 
| 115|0x0000000089100000, 0x0000000089100000, 0x0000000089200000|  0%| F|  |TAMS 0x0000000089100000| PB 0x0000000089100000| Untracked 
| 116|0x0000000089200000, 0x0000000089200000, 0x0000000089300000|  0%| F|  |TAMS 0x0000000089200000| PB 0x0000000089200000| Untracked 
| 117|0x0000000089300000, 0x0000000089300000, 0x0000000089400000|  0%| F|  |TAMS 0x0000000089300000| PB 0x0000000089300000| Untracked 
| 118|0x0000000089400000, 0x0000000089400000, 0x0000000089500000|  0%| F|  |TAMS 0x0000000089400000| PB 0x0000000089400000| Untracked 
| 119|0x0000000089500000, 0x0000000089500000, 0x0000000089600000|  0%| F|  |TAMS 0x0000000089500000| PB 0x0000000089500000| Untracked 
| 120|0x0000000089600000, 0x0000000089600000, 0x0000000089700000|  0%| F|  |TAMS 0x0000000089600000| PB 0x0000000089600000| Untracked 
| 121|0x0000000089700000, 0x0000000089700000, 0x0000000089800000|  0%| F|  |TAMS 0x0000000089700000| PB 0x0000000089700000| Untracked 
| 122|0x0000000089800000, 0x0000000089800000, 0x0000000089900000|  0%| F|  |TAMS 0x0000000089800000| PB 0x0000000089800000| Untracked 
| 123|0x0000000089900000, 0x0000000089900000, 0x0000000089a00000|  0%| F|  |TAMS 0x0000000089900000| PB 0x0000000089900000| Untracked 
| 124|0x0000000089a00000, 0x0000000089a00000, 0x0000000089b00000|  0%| F|  |TAMS 0x0000000089a00000| PB 0x0000000089a00000| Untracked 
| 125|0x0000000089b00000, 0x0000000089b5dea0, 0x0000000089c00000| 36%| E|  |TAMS 0x0000000089b00000| PB 0x0000000089b00000| Complete 
| 126|0x0000000089c00000, 0x0000000089d00000, 0x0000000089d00000|100%| E|CS|TAMS 0x0000000089c00000| PB 0x0000000089c00000| Complete 
| 127|0x0000000089d00000, 0x0000000089e00000, 0x0000000089e00000|100%| E|CS|TAMS 0x0000000089d00000| PB 0x0000000089d00000| Complete 

Card table byte_map: [0x000001c27dba0000,0x000001c27dfa0000] _byte_map_base: 0x000001c27d791000

Marking Bits: (CMBitMap*) 0x000001c27d408040
 Bits: [0x000001c217010000, 0x000001c218f98000)

Polling page: 0x000001c27cb70000

Metaspace:

Usage:
  Non-class:     17.13 MB used.
      Class:      2.41 MB used.
       Both:     19.54 MB used.

Virtual space:
  Non-class space:       64.00 MB reserved,      17.31 MB ( 27%) committed,  1 nodes.
      Class space:        1.00 GB reserved,       2.56 MB ( <1%) committed,  1 nodes.
             Both:        1.06 GB reserved,      19.88 MB (  2%) committed. 

Chunk freelists:
   Non-Class:  2.59 MB
       Class:  1.42 MB
        Both:  4.01 MB

MaxMetaspaceSize: unlimited
CompressedClassSpaceSize: 1.00 GB
Initial GC threshold: 21.00 MB
Current GC threshold: 21.00 MB
CDS: on
MetaspaceReclaimPolicy: balanced
 - commit_granule_bytes: 65536.
 - commit_granule_words: 8192.
 - virtual_space_node_default_size: 8388608.
 - enlarge_chunks_in_place: 1.
 - new_chunks_are_fully_committed: 0.
 - uncommit_free_chunks: 1.
 - use_allocation_guard: 0.


Internal statistics:

num_allocs_failed_limit: 0.
num_arena_births: 324.
num_arena_deaths: 0.
num_vsnodes_births: 2.
num_vsnodes_deaths: 0.
num_space_committed: 318.
num_space_uncommitted: 0.
num_chunks_returned_to_freelist: 0.
num_chunks_taken_from_freelist: 849.
num_chunk_merges: 0.
num_chunk_splits: 595.
num_chunks_enlarged: 451.
num_inconsistent_stats: 0.

CodeHeap 'non-profiled nmethods': size=120000Kb used=893Kb max_used=893Kb free=119107Kb
 bounds [0x000001c20fae0000, 0x000001c20fd50000, 0x000001c217010000]
CodeHeap 'profiled nmethods': size=120000Kb used=3797Kb max_used=3797Kb free=116203Kb
 bounds [0x000001c208010000, 0x000001c2083d0000, 0x000001c20f540000]
CodeHeap 'non-nmethods': size=5760Kb used=1976Kb max_used=2016Kb free=3783Kb
 bounds [0x000001c20f540000, 0x000001c20f7b0000, 0x000001c20fae0000]
 total_blobs=3136 nmethods=2221 adapters=826
 compilation: enabled
              stopped_count=0, restarted_count=0
 full_count=0

Compilation events (20 events):
Event: 6.167 Thread 0x000001c26012bf30 2211       3       sun.util.locale.LanguageTag::getExtensions (24 bytes)
Event: 6.168 Thread 0x000001c26136d770 nmethod 2212 0x000001c20fbbc110 code [0x000001c20fbbc280, 0x000001c20fbbc310]
Event: 6.168 Thread 0x000001c26012bf30 nmethod 2211 0x000001c2083c0310 code [0x000001c2083c04c0, 0x000001c2083c0790]
Event: 6.169 Thread 0x000001c26012bf30 2204       3       sun.util.locale.LanguageTag::isRegion (36 bytes)
Event: 6.169 Thread 0x000001c2614ec1a0 2214       4       java.util.regex.Pattern$BmpCharPropertyGreedy::match (89 bytes)
Event: 6.170 Thread 0x000001c26012bf30 nmethod 2204 0x000001c2083c0890 code [0x000001c2083c0b80, 0x000001c2083c1f28]
Event: 6.170 Thread 0x000001c26012bf30 2217       3       java.util.regex.Matcher::search (154 bytes)
Event: 6.171 Thread 0x000001c26012bf30 nmethod 2217 0x000001c2083c2610 code [0x000001c2083c2800, 0x000001c2083c2db0]
Event: 6.171 Thread 0x000001c26012bf30 2218       3       java.util.regex.Pattern$BmpCharProperty::match (55 bytes)
Event: 6.171 Thread 0x000001c26012bf30 nmethod 2218 0x000001c2083c3010 code [0x000001c2083c31e0, 0x000001c2083c3680]
Event: 6.171 Thread 0x000001c26012bf30 2219       3       java.util.regex.CharPredicates$$Lambda$19/0x800000027::is (5 bytes)
Event: 6.172 Thread 0x000001c26012bf30 nmethod 2219 0x000001c2083c3810 code [0x000001c2083c39c0, 0x000001c2083c3dd0]
Event: 6.172 Thread 0x000001c26012bf30 2215       3       java.util.regex.ASCII::isType (15 bytes)
Event: 6.172 Thread 0x000001c26012bf30 nmethod 2215 0x000001c2083c3f10 code [0x000001c2083c40a0, 0x000001c2083c42d0]
Event: 6.172 Thread 0x000001c26012bf30 2216       3       java.util.regex.ASCII::getType (17 bytes)
Event: 6.172 Thread 0x000001c26012bf30 nmethod 2216 0x000001c2083c4410 code [0x000001c2083c45a0, 0x000001c2083c4740]
Event: 6.172 Thread 0x000001c26012bf30 2220       3       java.util.regex.CharPredicates::lambda$ASCII_SPACE$20 (20 bytes)
Event: 6.173 Thread 0x000001c26012bf30 nmethod 2220 0x000001c2083c4810 code [0x000001c2083c49c0, 0x000001c2083c4d48]
Event: 6.173 Thread 0x000001c26012bf30 2221       3       java.util.regex.ASCII::isSpace (8 bytes)
Event: 6.174 Thread 0x000001c26012bf30 nmethod 2221 0x000001c2083c4e90 code [0x000001c2083c5020, 0x000001c2083c52b0]

GC Heap History (4 events):
Event: 1.118 GC heap before
{Heap before GC invocations=0 (full 0):
 garbage-first heap   total 131072K, used 22528K [0x0000000081e00000, 0x0000000100000000)
  region size 1024K, 23 young (23552K), 0 survivors (0K)
 Metaspace       used 6020K, committed 6272K, reserved 1114112K
  class space    used 742K, committed 832K, reserved 1048576K
}
Event: 1.123 GC heap after
{Heap after GC invocations=1 (full 0):
 garbage-first heap   total 131072K, used 3189K [0x0000000081e00000, 0x0000000100000000)
  region size 1024K, 3 young (3072K), 3 survivors (3072K)
 Metaspace       used 6020K, committed 6272K, reserved 1114112K
  class space    used 742K, committed 832K, reserved 1048576K
}
Event: 6.068 GC heap before
{Heap before GC invocations=1 (full 0):
 garbage-first heap   total 131072K, used 42101K [0x0000000081e00000, 0x0000000100000000)
  region size 1024K, 36 young (36864K), 3 survivors (3072K)
 Metaspace       used 19466K, committed 19776K, reserved 1114112K
  class space    used 2414K, committed 2560K, reserved 1048576K
}
Event: 6.077 GC heap after
{Heap after GC invocations=2 (full 0):
 garbage-first heap   total 131072K, used 12559K [0x0000000081e00000, 0x0000000100000000)
  region size 1024K, 5 young (5120K), 5 survivors (5120K)
 Metaspace       used 19466K, committed 19776K, reserved 1114112K
  class space    used 2414K, committed 2560K, reserved 1048576K
}

Dll operation events (20 events):
Event: 0.453 Loaded shared library C:\Program Files\Java\javafx-sdk-20.0.2\bin\api-ms-win-crt-process-l1-1-0.dll
Event: 0.455 Loaded shared library C:\Program Files\Java\javafx-sdk-20.0.2\bin\api-ms-win-crt-runtime-l1-1-0.dll
Event: 0.458 Loaded shared library C:\Program Files\Java\javafx-sdk-20.0.2\bin\api-ms-win-crt-stdio-l1-1-0.dll
Event: 0.461 Loaded shared library C:\Program Files\Java\javafx-sdk-20.0.2\bin\api-ms-win-crt-string-l1-1-0.dll
Event: 0.463 Loaded shared library C:\Program Files\Java\javafx-sdk-20.0.2\bin\api-ms-win-crt-time-l1-1-0.dll
Event: 0.465 Loaded shared library C:\Program Files\Java\javafx-sdk-20.0.2\bin\api-ms-win-crt-utility-l1-1-0.dll
Event: 0.468 Loaded shared library C:\Program Files\Java\javafx-sdk-20.0.2\bin\ucrtbase.dll
Event: 0.471 Loaded shared library C:\Program Files\Java\javafx-sdk-20.0.2\bin\vcruntime140.dll
Event: 0.473 Loaded shared library C:\Program Files\Java\javafx-sdk-20.0.2\bin\vcruntime140_1.dll
Event: 0.476 Loaded shared library C:\Program Files\Java\javafx-sdk-20.0.2\bin\msvcp140.dll
Event: 0.478 Loaded shared library C:\Program Files\Java\javafx-sdk-20.0.2\bin\msvcp140_1.dll
Event: 0.481 Loaded shared library C:\Program Files\Java\javafx-sdk-20.0.2\bin\msvcp140_2.dll
Event: 0.606 Loaded shared library C:\Program Files\Java\javafx-sdk-20.0.2\bin\prism_d3d.dll
Event: 0.724 Loaded shared library C:\Program Files\Java\javafx-sdk-20.0.2\bin\glass.dll
Event: 0.955 Loaded shared library C:\Program Files\Java\jdk-20\bin\jimage.dll
Event: 1.161 Loaded shared library C:\Program Files\Java\javafx-sdk-20.0.2\bin\javafx_font.dll
Event: 1.898 Loaded shared library C:\Windows\System32\dpuareu_jni.dll
Event: 3.916 Loaded shared library C:\Program Files\Java\javafx-sdk-20.0.2\bin\javafx_iio.dll
Event: 5.614 Loaded shared library C:\Program Files\Java\jdk-20\bin\awt.dll
Event: 5.921 Loaded shared library C:\Program Files\Java\jdk-20\bin\extnet.dll

Deoptimization events (20 events):
Event: 6.167 Thread 0x000001c261775620 Uncommon trap: trap_request=0xffffff45 fr.pc=0x000001c20fbbb8dc relative=0x00000000000006fc
Event: 6.167 Thread 0x000001c261775620 Uncommon trap: reason=unstable_if action=reinterpret pc=0x000001c20fbbb8dc method=java.util.regex.Matcher.search(I)Z @ 30 c2
Event: 6.167 Thread 0x000001c261775620 DEOPT PACKING pc=0x000001c20fbbb8dc sp=0x0000004d371fe380
Event: 6.167 Thread 0x000001c261775620 DEOPT UNPACKING pc=0x000001c20f5a9d22 sp=0x0000004d371fe360 mode 2
Event: 6.167 Thread 0x000001c261775620 Uncommon trap: trap_request=0xffffffde fr.pc=0x000001c20fbb9d54 relative=0x0000000000000314
Event: 6.168 Thread 0x000001c261775620 Uncommon trap: reason=class_check action=maybe_recompile pc=0x000001c20fbb9d54 method=java.util.regex.Pattern$BmpCharPropertyGreedy.match(Ljava/util/regex/Matcher;ILjava/lang/CharSequence;)Z @ 26 c2
Event: 6.168 Thread 0x000001c261775620 DEOPT PACKING pc=0x000001c20fbb9d54 sp=0x0000004d371fe2c0
Event: 6.168 Thread 0x000001c261775620 DEOPT UNPACKING pc=0x000001c20f5a9d22 sp=0x0000004d371fe258 mode 2
Event: 6.168 Thread 0x000001c261775620 Uncommon trap: trap_request=0xffffffde fr.pc=0x000001c20fbb9d54 relative=0x0000000000000314
Event: 6.168 Thread 0x000001c261775620 Uncommon trap: reason=class_check action=maybe_recompile pc=0x000001c20fbb9d54 method=java.util.regex.Pattern$BmpCharPropertyGreedy.match(Ljava/util/regex/Matcher;ILjava/lang/CharSequence;)Z @ 26 c2
Event: 6.168 Thread 0x000001c261775620 DEOPT PACKING pc=0x000001c20fbb9d54 sp=0x0000004d371fe2c0
Event: 6.168 Thread 0x000001c261775620 DEOPT UNPACKING pc=0x000001c20f5a9d22 sp=0x0000004d371fe258 mode 2
Event: 6.168 Thread 0x000001c261775620 Uncommon trap: trap_request=0xffffffde fr.pc=0x000001c20fbb9d54 relative=0x0000000000000314
Event: 6.168 Thread 0x000001c261775620 Uncommon trap: reason=class_check action=maybe_recompile pc=0x000001c20fbb9d54 method=java.util.regex.Pattern$BmpCharPropertyGreedy.match(Ljava/util/regex/Matcher;ILjava/lang/CharSequence;)Z @ 26 c2
Event: 6.169 Thread 0x000001c261775620 DEOPT PACKING pc=0x000001c20fbb9d54 sp=0x0000004d371fe2c0
Event: 6.169 Thread 0x000001c261775620 DEOPT UNPACKING pc=0x000001c20f5a9d22 sp=0x0000004d371fe258 mode 2
Event: 6.169 Thread 0x000001c261775620 Uncommon trap: trap_request=0xffffffde fr.pc=0x000001c20fbb9d54 relative=0x0000000000000314
Event: 6.169 Thread 0x000001c261775620 Uncommon trap: reason=class_check action=maybe_recompile pc=0x000001c20fbb9d54 method=java.util.regex.Pattern$BmpCharPropertyGreedy.match(Ljava/util/regex/Matcher;ILjava/lang/CharSequence;)Z @ 26 c2
Event: 6.169 Thread 0x000001c261775620 DEOPT PACKING pc=0x000001c20fbb9d54 sp=0x0000004d371fe2c0
Event: 6.169 Thread 0x000001c261775620 DEOPT UNPACKING pc=0x000001c20f5a9d22 sp=0x0000004d371fe258 mode 2

Classes loaded (20 events):
Event: 6.087 Loading class sun/nio/cs/UTF_8$Encoder
Event: 6.087 Loading class sun/nio/cs/UTF_8$Encoder done
Event: 6.100 Loading class java/util/TimerTask
Event: 6.100 Loading class java/util/TimerTask done
Event: 6.161 Loading class java/time/format/DateTimeParseException
Event: 6.161 Loading class java/time/DateTimeException
Event: 6.161 Loading class java/time/DateTimeException done
Event: 6.161 Loading class java/time/format/DateTimeParseException done
Event: 6.165 Loading class java/security/InvalidKeyException
Event: 6.165 Loading class java/security/KeyException
Event: 6.165 Loading class java/security/KeyException done
Event: 6.165 Loading class java/security/InvalidKeyException done
Event: 6.165 Loading class javax/net/ssl/SSLSocket
Event: 6.166 Loading class javax/net/ssl/SSLSocket done
Event: 6.166 Loading class java/security/spec/InvalidKeySpecException
Event: 6.166 Loading class java/security/spec/InvalidKeySpecException done
Event: 6.166 Loading class javax/crypto/NoSuchPaddingException
Event: 6.166 Loading class javax/crypto/NoSuchPaddingException done
Event: 6.166 Loading class javax/crypto/IllegalBlockSizeException
Event: 6.166 Loading class javax/crypto/IllegalBlockSizeException done

Classes unloaded (0 events):
No events

Classes redefined (0 events):
No events

Internal exceptions (20 events):
Event: 1.425 Thread 0x000001c260515800 Implicit null exception at 0x000001c20fb3daa0 to 0x000001c20fb3dd30
Event: 1.425 Thread 0x000001c260515800 Implicit null exception at 0x000001c20fafc920 to 0x000001c20fafc99d
Event: 1.510 Thread 0x000001c260515800 Implicit null exception at 0x000001c20fb3aaf2 to 0x000001c20fb3ae7c
Event: 1.569 Thread 0x000001c260515800 Exception <a 'java/lang/NoSuchMethodError'{0x0000000088f8e918}: 'java.lang.Object java.lang.invoke.DirectMethodHandle$Holder.invokeInterface(java.lang.Object, java.lang.Object, java.lang.Object)'> (0x0000000088f8e918) 
thrown [s\open\src\hotspot\share\interpreter\linkResolver.cpp, line 773]
Event: 1.570 Thread 0x000001c260515800 Exception <a 'java/lang/IncompatibleClassChangeError'{0x0000000088f91fc0}: Found class java.lang.Object, but interface was expected> (0x0000000088f91fc0) 
thrown [s\open\src\hotspot\share\interpreter\linkResolver.cpp, line 840]
Event: 1.619 Thread 0x000001c260515800 Exception <a 'java/lang/NoSuchMethodError'{0x0000000088ebd508}: 'int java.lang.invoke.DirectMethodHandle$Holder.invokeSpecial(java.lang.Object, java.lang.Object, int)'> (0x0000000088ebd508) 
thrown [s\open\src\hotspot\share\interpreter\linkResolver.cpp, line 773]
Event: 1.640 Thread 0x000001c260515800 Exception <a 'java/lang/NoSuchMethodError'{0x0000000088d3f6b0}: 'java.lang.Object java.lang.invoke.DirectMethodHandle$Holder.newInvokeSpecial(java.lang.Object, java.lang.Object, int)'> (0x0000000088d3f6b0) 
thrown [s\open\src\hotspot\share\interpreter\linkResolver.cpp, line 773]
Event: 1.750 Thread 0x000001c260515800 Exception <a 'java/lang/NoSuchMethodError'{0x0000000088dceea0}: 'void java.lang.invoke.DirectMethodHandle$Holder.invokeVirtual(java.lang.Object, java.lang.Object)'> (0x0000000088dceea0) 
thrown [s\open\src\hotspot\share\interpreter\linkResolver.cpp, line 773]
Event: 1.981 Thread 0x000001c260293440 Exception <a 'java/lang/NoSuchMethodError'{0x0000000088b90fb0}: 'int java.lang.invoke.DirectMethodHandle$Holder.invokeStaticInit(java.lang.Object, java.lang.Object)'> (0x0000000088b90fb0) 
thrown [s\open\src\hotspot\share\interpreter\linkResolver.cpp, line 773]
Event: 2.036 Thread 0x000001c260293440 Exception <a 'java/lang/NoSuchMethodError'{0x0000000088a2d518}: 'java.lang.Object java.lang.invoke.Invokers$Holder.invokeExact_MT(java.lang.Object, java.lang.Object, java.lang.Object, java.lang.Object, java.lang.Object)'> (0x0000000088a2d518) 
thrown [s\open\src\hotspot\share\interpreter\linkResolver.cpp, line 773]
Event: 3.701 Thread 0x000001c260515800 Exception <a 'java/lang/NoSuchMethodError'{0x00000000887c7388}: 'long java.lang.invoke.DirectMethodHandle$Holder.invokeStatic(java.lang.Object, java.lang.Object, java.lang.Object)'> (0x00000000887c7388) 
thrown [s\open\src\hotspot\share\interpreter\linkResolver.cpp, line 773]
Event: 3.702 Thread 0x000001c260515800 Exception <a 'java/lang/NoSuchMethodError'{0x00000000887ca758}: 'long java.lang.invoke.DirectMethodHandle$Holder.invokeStaticInit(java.lang.Object, java.lang.Object, java.lang.Object)'> (0x00000000887ca758) 
thrown [s\open\src\hotspot\share\interpreter\linkResolver.cpp, line 773]
Event: 3.710 Thread 0x000001c260515800 Exception <a 'java/lang/NoSuchMethodError'{0x00000000887e2a08}: 'java.lang.Object java.lang.invoke.DirectMethodHandle$Holder.newInvokeSpecial(java.lang.Object, java.lang.Object, long)'> (0x00000000887e2a08) 
thrown [s\open\src\hotspot\share\interpreter\linkResolver.cpp, line 773]
Event: 3.711 Thread 0x000001c260515800 Exception <a 'java/lang/NoSuchMethodError'{0x00000000887e6300}: 'java.lang.Object java.lang.invoke.Invokers$Holder.linkToTargetMethod(java.lang.Object, long, java.lang.Object)'> (0x00000000887e6300) 
thrown [s\open\src\hotspot\share\interpreter\linkResolver.cpp, line 773]
Event: 5.626 Thread 0x000001c261776b60 Exception <a 'java/lang/ClassNotFoundException'{0x0000000088233598}: sun/awt/resources/spi/awtProvider> (0x0000000088233598) 
thrown [s\open\src\hotspot\share\classfile\systemDictionary.cpp, line 305]
Event: 5.629 Thread 0x000001c261776b60 Exception <a 'java/io/FileNotFoundException'{0x0000000088237798}> (0x0000000088237798) 
thrown [s\open\src\hotspot\share\prims\jni.cpp, line 519]
Event: 5.629 Thread 0x000001c261776b60 Exception <a 'java/io/FileNotFoundException'{0x0000000088238a58}> (0x0000000088238a58) 
thrown [s\open\src\hotspot\share\prims\jni.cpp, line 519]
Event: 5.795 Thread 0x000001c261775620 Exception <a 'java/lang/NoSuchMethodError'{0x000000008805a4d8}: 'java.lang.Object java.lang.invoke.DirectMethodHandle$Holder.invokeInterface(java.lang.Object, java.lang.Object)'> (0x000000008805a4d8) 
thrown [s\open\src\hotspot\share\interpreter\linkResolver.cpp, line 773]
Event: 5.822 Thread 0x000001c261775620 Exception <a 'java/lang/NoSuchMethodError'{0x00000000880d2c58}: 'java.lang.Object java.lang.invoke.DirectMethodHandle$Holder.invokeVirtual(java.lang.Object, java.lang.Object, java.lang.Object)'> (0x00000000880d2c58) 
thrown [s\open\src\hotspot\share\interpreter\linkResolver.cpp, line 773]
Event: 6.174 Thread 0x000001c261775620 Exception <a 'java/lang/NoSuchMethodError'{0x0000000089b54950}: 'void java.lang.invoke.DirectMethodHandle$Holder.invokeInterface(java.lang.Object, java.lang.Object)'> (0x0000000089b54950) 
thrown [s\open\src\hotspot\share\interpreter\linkResolver.cpp, line 773]

VM Operations (20 events):
Event: 3.744 Executing VM operation: Cleanup
Event: 3.745 Executing VM operation: Cleanup done
Event: 5.676 Executing VM operation: HandshakeAllThreads
Event: 5.676 Executing VM operation: HandshakeAllThreads done
Event: 5.676 Executing VM operation: Cleanup
Event: 5.676 Executing VM operation: Cleanup done
Event: 5.770 Executing VM operation: HandshakeAllThreads
Event: 5.770 Executing VM operation: HandshakeAllThreads done
Event: 5.770 Executing VM operation: HandshakeAllThreads
Event: 5.771 Executing VM operation: HandshakeAllThreads done
Event: 5.796 Executing VM operation: HandshakeAllThreads
Event: 5.796 Executing VM operation: HandshakeAllThreads done
Event: 5.814 Executing VM operation: HandshakeAllThreads
Event: 5.814 Executing VM operation: HandshakeAllThreads done
Event: 5.908 Executing VM operation: HandshakeAllThreads
Event: 5.908 Executing VM operation: HandshakeAllThreads done
Event: 5.998 Executing VM operation: HandshakeAllThreads
Event: 5.998 Executing VM operation: HandshakeAllThreads done
Event: 6.068 Executing VM operation: G1CollectForAllocation
Event: 6.077 Executing VM operation: G1CollectForAllocation done

Events (20 events):
Event: 0.207 Thread 0x000001c260293440 Thread added: 0x000001c260293440
Event: 0.278 Thread 0x000001c2604d6a40 Thread added: 0x000001c2604d6a40
Event: 0.491 Thread 0x000001c260293440 Thread exited: 0x000001c260293440
Event: 0.583 Thread 0x000001c260293440 Thread added: 0x000001c260293440
Event: 0.730 Thread 0x000001c26098e770 Thread added: 0x000001c26098e770
Event: 0.751 Thread 0x000001c260515800 Thread added: 0x000001c260515800
Event: 0.904 Thread 0x000001c260aa1250 Thread added: 0x000001c260aa1250
Event: 0.913 Thread 0x000001c2609ebc90 Thread added: 0x000001c2609ebc90
Event: 1.426 Thread 0x000001c2613f28a0 Thread added: 0x000001c2613f28a0
Event: 1.560 Thread 0x000001c260ffb5a0 Thread added: 0x000001c260ffb5a0
Event: 1.982 Thread 0x000001c2613f28a0 Thread exited: 0x000001c2613f28a0
Event: 2.131 Thread 0x000001c26028f4a0 Thread exited: 0x000001c26028f4a0
Event: 2.147 Thread 0x000001c261776610 Thread added: 0x000001c261776610
Event: 3.991 Thread 0x000001c261775620 Thread added: 0x000001c261775620
Event: 4.013 Thread 0x000001c261776b60 Thread added: 0x000001c261776b60
Event: 5.672 Thread 0x000001c2617770b0 Thread added: 0x000001c2617770b0
Event: 5.710 Thread 0x000001c261776b60 Thread exited: 0x000001c261776b60
Event: 5.765 Thread 0x000001c261774630 Thread added: 0x000001c261774630
Event: 5.806 Thread 0x000001c2614ec1a0 Thread added: 0x000001c2614ec1a0
Event: 5.812 Thread 0x000001c26136d770 Thread added: 0x000001c26136d770


Dynamic libraries:
0x00007ff6a1220000 - 0x00007ff6a1230000 	C:\Program Files\Java\jdk-20\bin\java.exe
0x00007ffff6b10000 - 0x00007ffff6d27000 	C:\WINDOWS\SYSTEM32\ntdll.dll
0x00007ffff49f0000 - 0x00007ffff4ab4000 	C:\WINDOWS\System32\KERNEL32.DLL
0x00007ffff4220000 - 0x00007ffff45c7000 	C:\WINDOWS\System32\KERNELBASE.dll
0x00007ffff4060000 - 0x00007ffff4171000 	C:\WINDOWS\System32\ucrtbase.dll
0x00007fffe25a0000 - 0x00007fffe25b9000 	C:\Program Files\Java\jdk-20\bin\jli.dll
0x00007fffe45d0000 - 0x00007fffe45eb000 	C:\Program Files\Java\jdk-20\bin\VCRUNTIME140.dll
0x00007ffff5fb0000 - 0x00007ffff6060000 	C:\WINDOWS\System32\ADVAPI32.dll
0x00007ffff6270000 - 0x00007ffff6317000 	C:\WINDOWS\System32\msvcrt.dll
0x00007ffff61c0000 - 0x00007ffff6266000 	C:\WINDOWS\System32\sechost.dll
0x00007ffff6750000 - 0x00007ffff6867000 	C:\WINDOWS\System32\RPCRT4.dll
0x00007ffff6570000 - 0x00007ffff671e000 	C:\WINDOWS\System32\USER32.dll
0x00007ffff3fb0000 - 0x00007ffff3fd6000 	C:\WINDOWS\System32\win32u.dll
0x00007ffff3050000 - 0x00007ffff32e3000 	C:\WINDOWS\WinSxS\amd64_microsoft.windows.common-controls_6595b64144ccf1df_6.0.22621.2506_none_270c5ae97388e100\COMCTL32.dll
0x00007ffff6720000 - 0x00007ffff6749000 	C:\WINDOWS\System32\GDI32.dll
0x00007ffff3e90000 - 0x00007ffff3fa9000 	C:\WINDOWS\System32\gdi32full.dll
0x00007ffff4180000 - 0x00007ffff421a000 	C:\WINDOWS\System32\msvcp_win.dll
0x00007fffedd00000 - 0x00007fffedd0a000 	C:\WINDOWS\SYSTEM32\VERSION.dll
0x00007ffff5af0000 - 0x00007ffff5b21000 	C:\WINDOWS\System32\IMM32.DLL
0x00007fffe4a80000 - 0x00007fffe4a8c000 	C:\Program Files\Java\jdk-20\bin\vcruntime140_1.dll
0x00007fffcf880000 - 0x00007fffcf90e000 	C:\Program Files\Java\jdk-20\bin\msvcp140.dll
0x00007fff83dd0000 - 0x00007fff84a68000 	C:\Program Files\Java\jdk-20\bin\server\jvm.dll
0x00007fffec240000 - 0x00007fffec274000 	C:\WINDOWS\SYSTEM32\WINMM.dll
0x00007fffdd960000 - 0x00007fffdd969000 	C:\WINDOWS\SYSTEM32\WSOCK32.dll
0x00007ffff64f0000 - 0x00007ffff6561000 	C:\WINDOWS\System32\WS2_32.dll
0x00007ffff25d0000 - 0x00007ffff25e8000 	C:\WINDOWS\SYSTEM32\kernel.appcore.dll
0x00007fffe4910000 - 0x00007fffe491a000 	C:\Program Files\Java\jdk-20\bin\jimage.dll
0x00007ffff3710000 - 0x00007ffff3943000 	C:\WINDOWS\SYSTEM32\DBGHELP.DLL
0x00007ffff5380000 - 0x00007ffff5709000 	C:\WINDOWS\System32\combase.dll
0x00007ffff6410000 - 0x00007ffff64e7000 	C:\WINDOWS\System32\OLEAUT32.dll
0x00007ffff35d0000 - 0x00007ffff3602000 	C:\WINDOWS\SYSTEM32\dbgcore.DLL
0x00007ffff3fe0000 - 0x00007ffff405a000 	C:\WINDOWS\System32\bcryptPrimitives.dll
0x00007fffe45a0000 - 0x00007fffe45c6000 	C:\Program Files\Java\jdk-20\bin\java.dll
0x00007fffc6dc0000 - 0x00007fffc6e97000 	C:\Program Files\Java\jdk-20\bin\jsvml.dll
0x00007ffff4b20000 - 0x00007ffff5379000 	C:\WINDOWS\System32\SHELL32.dll
0x00007ffff1500000 - 0x00007ffff1df4000 	C:\WINDOWS\SYSTEM32\windows.storage.dll
0x00007ffff13a0000 - 0x00007ffff14de000 	C:\WINDOWS\SYSTEM32\wintypes.dll
0x00007ffff69d0000 - 0x00007ffff6ac3000 	C:\WINDOWS\System32\SHCORE.dll
0x00007ffff4ac0000 - 0x00007ffff4b1e000 	C:\WINDOWS\System32\shlwapi.dll
0x00007ffff3dc0000 - 0x00007ffff3de6000 	C:\WINDOWS\SYSTEM32\profapi.dll
0x00007fffe25c0000 - 0x00007fffe25d3000 	C:\Program Files\Java\jdk-20\bin\net.dll
0x00007fffec8b0000 - 0x00007fffec9e7000 	C:\WINDOWS\SYSTEM32\WINHTTP.dll
0x00007ffff2bf0000 - 0x00007ffff2c59000 	C:\WINDOWS\system32\mswsock.dll
0x00007fffd1440000 - 0x00007fffd1456000 	C:\Program Files\Java\jdk-20\bin\nio.dll
0x00007fffd1420000 - 0x00007fffd1438000 	C:\Program Files\Java\jdk-20\bin\zip.dll
0x000001c21afb0000 - 0x000001c21afb3000 	C:\Program Files\Java\javafx-sdk-20.0.2\bin\api-ms-win-core-console-l1-1-0.dll
0x000001c21afc0000 - 0x000001c21afc3000 	C:\Program Files\Java\javafx-sdk-20.0.2\bin\api-ms-win-core-console-l1-2-0.dll
0x000001c21afd0000 - 0x000001c21afd3000 	C:\Program Files\Java\javafx-sdk-20.0.2\bin\api-ms-win-core-datetime-l1-1-0.dll
0x000001c21afe0000 - 0x000001c21afe3000 	C:\Program Files\Java\javafx-sdk-20.0.2\bin\api-ms-win-core-debug-l1-1-0.dll
0x000001c21aff0000 - 0x000001c21aff3000 	C:\Program Files\Java\javafx-sdk-20.0.2\bin\api-ms-win-core-errorhandling-l1-1-0.dll
0x000001c261cd0000 - 0x000001c261cd4000 	C:\Program Files\Java\javafx-sdk-20.0.2\bin\api-ms-win-core-file-l1-1-0.dll
0x000001c261ce0000 - 0x000001c261ce3000 	C:\Program Files\Java\javafx-sdk-20.0.2\bin\api-ms-win-core-file-l1-2-0.dll
0x000001c261cf0000 - 0x000001c261cf3000 	C:\Program Files\Java\javafx-sdk-20.0.2\bin\api-ms-win-core-file-l2-1-0.dll
0x000001c261d00000 - 0x000001c261d03000 	C:\Program Files\Java\javafx-sdk-20.0.2\bin\api-ms-win-core-handle-l1-1-0.dll
0x000001c261d10000 - 0x000001c261d13000 	C:\Program Files\Java\javafx-sdk-20.0.2\bin\api-ms-win-core-heap-l1-1-0.dll
0x000001c261d20000 - 0x000001c261d23000 	C:\Program Files\Java\javafx-sdk-20.0.2\bin\api-ms-win-core-interlocked-l1-1-0.dll
0x000001c261d30000 - 0x000001c261d33000 	C:\Program Files\Java\javafx-sdk-20.0.2\bin\api-ms-win-core-libraryloader-l1-1-0.dll
0x000001c261d40000 - 0x000001c261d43000 	C:\Program Files\Java\javafx-sdk-20.0.2\bin\api-ms-win-core-localization-l1-2-0.dll
0x000001c261d50000 - 0x000001c261d53000 	C:\Program Files\Java\javafx-sdk-20.0.2\bin\api-ms-win-core-memory-l1-1-0.dll
0x000001c261d60000 - 0x000001c261d63000 	C:\Program Files\Java\javafx-sdk-20.0.2\bin\api-ms-win-core-namedpipe-l1-1-0.dll
0x000001c261d70000 - 0x000001c261d73000 	C:\Program Files\Java\javafx-sdk-20.0.2\bin\api-ms-win-core-processenvironment-l1-1-0.dll
0x000001c261d80000 - 0x000001c261d83000 	C:\Program Files\Java\javafx-sdk-20.0.2\bin\api-ms-win-core-processthreads-l1-1-0.dll
0x000001c261d90000 - 0x000001c261d93000 	C:\Program Files\Java\javafx-sdk-20.0.2\bin\api-ms-win-core-processthreads-l1-1-1.dll
0x000001c261da0000 - 0x000001c261da3000 	C:\Program Files\Java\javafx-sdk-20.0.2\bin\api-ms-win-core-profile-l1-1-0.dll
0x000001c261db0000 - 0x000001c261db3000 	C:\Program Files\Java\javafx-sdk-20.0.2\bin\api-ms-win-core-rtlsupport-l1-1-0.dll
0x000001c261dc0000 - 0x000001c261dc3000 	C:\Program Files\Java\javafx-sdk-20.0.2\bin\api-ms-win-core-string-l1-1-0.dll
0x000001c261dd0000 - 0x000001c261dd3000 	C:\Program Files\Java\javafx-sdk-20.0.2\bin\api-ms-win-core-synch-l1-1-0.dll
0x000001c261de0000 - 0x000001c261de3000 	C:\Program Files\Java\javafx-sdk-20.0.2\bin\api-ms-win-core-synch-l1-2-0.dll
0x000001c261df0000 - 0x000001c261df3000 	C:\Program Files\Java\javafx-sdk-20.0.2\bin\api-ms-win-core-sysinfo-l1-1-0.dll
0x000001c261e00000 - 0x000001c261e03000 	C:\Program Files\Java\javafx-sdk-20.0.2\bin\api-ms-win-core-timezone-l1-1-0.dll
0x000001c261e10000 - 0x000001c261e13000 	C:\Program Files\Java\javafx-sdk-20.0.2\bin\api-ms-win-core-util-l1-1-0.dll
0x000001c261e20000 - 0x000001c261e23000 	C:\Program Files\Java\javafx-sdk-20.0.2\bin\api-ms-win-crt-conio-l1-1-0.dll
0x000001c261e30000 - 0x000001c261e34000 	C:\Program Files\Java\javafx-sdk-20.0.2\bin\api-ms-win-crt-convert-l1-1-0.dll
0x000001c261e40000 - 0x000001c261e43000 	C:\Program Files\Java\javafx-sdk-20.0.2\bin\api-ms-win-crt-environment-l1-1-0.dll
0x000001c261e50000 - 0x000001c261e53000 	C:\Program Files\Java\javafx-sdk-20.0.2\bin\api-ms-win-crt-filesystem-l1-1-0.dll
0x000001c261e60000 - 0x000001c261e63000 	C:\Program Files\Java\javafx-sdk-20.0.2\bin\api-ms-win-crt-heap-l1-1-0.dll
0x000001c261e70000 - 0x000001c261e73000 	C:\Program Files\Java\javafx-sdk-20.0.2\bin\api-ms-win-crt-locale-l1-1-0.dll
0x000001c261e80000 - 0x000001c261e85000 	C:\Program Files\Java\javafx-sdk-20.0.2\bin\api-ms-win-crt-math-l1-1-0.dll
0x000001c261e90000 - 0x000001c261e95000 	C:\Program Files\Java\javafx-sdk-20.0.2\bin\api-ms-win-crt-multibyte-l1-1-0.dll
0x000001c261ea0000 - 0x000001c261eb0000 	C:\Program Files\Java\javafx-sdk-20.0.2\bin\api-ms-win-crt-private-l1-1-0.dll
0x000001c261eb0000 - 0x000001c261eb3000 	C:\Program Files\Java\javafx-sdk-20.0.2\bin\api-ms-win-crt-process-l1-1-0.dll
0x000001c261ec0000 - 0x000001c261ec4000 	C:\Program Files\Java\javafx-sdk-20.0.2\bin\api-ms-win-crt-runtime-l1-1-0.dll
0x000001c261ed0000 - 0x000001c261ed4000 	C:\Program Files\Java\javafx-sdk-20.0.2\bin\api-ms-win-crt-stdio-l1-1-0.dll
0x000001c261ee0000 - 0x000001c261ee4000 	C:\Program Files\Java\javafx-sdk-20.0.2\bin\api-ms-win-crt-string-l1-1-0.dll
0x000001c261ef0000 - 0x000001c261ef3000 	C:\Program Files\Java\javafx-sdk-20.0.2\bin\api-ms-win-crt-time-l1-1-0.dll
0x000001c261f00000 - 0x000001c261f03000 	C:\Program Files\Java\javafx-sdk-20.0.2\bin\api-ms-win-crt-utility-l1-1-0.dll
0x00007fffc8ae0000 - 0x00007fffc8bdc000 	C:\Program Files\Java\javafx-sdk-20.0.2\bin\ucrtbase.dll
0x00007fffec670000 - 0x00007fffec68b000 	C:\Program Files\Java\javafx-sdk-20.0.2\bin\vcruntime140.dll
0x00007fffedf60000 - 0x00007fffedf6c000 	C:\Program Files\Java\javafx-sdk-20.0.2\bin\vcruntime140_1.dll
0x00007fffc8980000 - 0x00007fffc8a0e000 	C:\Program Files\Java\javafx-sdk-20.0.2\bin\msvcp140.dll
0x00007fffec650000 - 0x00007fffec659000 	C:\Program Files\Java\javafx-sdk-20.0.2\bin\msvcp140_1.dll
0x00007fffd0ec0000 - 0x00007fffd0ef0000 	C:\Program Files\Java\javafx-sdk-20.0.2\bin\msvcp140_2.dll
0x00007fffcfae0000 - 0x00007fffcfb0f000 	C:\Program Files\Java\javafx-sdk-20.0.2\bin\prism_d3d.dll
0x00007fffc87d0000 - 0x00007fffc8979000 	C:\WINDOWS\system32\d3d9.dll
0x00007ffff0c90000 - 0x00007ffff0cbb000 	C:\WINDOWS\SYSTEM32\dwmapi.dll
0x00007ffff0680000 - 0x00007ffff06b6000 	C:\WINDOWS\SYSTEM32\dxcore.dll
0x00007ffff05a0000 - 0x00007ffff064b000 	C:\WINDOWS\system32\uxtheme.dll
0x00007fffc8180000 - 0x00007fffc82e5000 	C:\WINDOWS\System32\DriverStore\FileRepository\igdlh64.inf_amd64_dccdb071926b5316\igdumdim64.dll
0x00007ffff5710000 - 0x00007ffff58b0000 	C:\WINDOWS\System32\ole32.dll
0x00007fff7b8f0000 - 0x00007fff7f544000 	C:\WINDOWS\System32\DriverStore\FileRepository\igdlh64.inf_amd64_dccdb071926b5316\igd9dxva64.dll
0x00007ffff5b30000 - 0x00007ffff5fa4000 	C:\WINDOWS\System32\SETUPAPI.dll
0x00007ffff3a90000 - 0x00007ffff3ade000 	C:\WINDOWS\SYSTEM32\cfgmgr32.dll
0x00007fffe2100000 - 0x00007fffe24c1000 	C:\WINDOWS\System32\DriverStore\FileRepository\igdlh64.inf_amd64_dccdb071926b5316\igdgmm64.dll
0x00007fffeb0e0000 - 0x00007fffeb12a000 	C:\WINDOWS\SYSTEM32\directxdatabasehelper.dll
0x00007fffc8a90000 - 0x00007fffc8ad2000 	C:\Program Files\Java\javafx-sdk-20.0.2\bin\glass.dll
0x00007ffff48f0000 - 0x00007ffff49e9000 	C:\WINDOWS\System32\COMDLG32.dll
0x00007ffff6870000 - 0x00007ffff69bf000 	C:\WINDOWS\System32\MSCTF.dll
0x00007fff9ae40000 - 0x00007fff9ae67000 	C:\WINDOWS\System32\DriverStore\FileRepository\igdlh64.inf_amd64_dccdb071926b5316\igdinfo64.dll
0x00007ffff3a40000 - 0x00007ffff3a5b000 	C:\WINDOWS\SYSTEM32\CRYPTSP.dll
0x00007ffff2590000 - 0x00007ffff25c5000 	C:\WINDOWS\system32\rsaenh.dll
0x00007ffff2e90000 - 0x00007ffff2e9c000 	C:\WINDOWS\SYSTEM32\CRYPTBASE.dll
0x00007ffff36e0000 - 0x00007ffff3708000 	C:\WINDOWS\SYSTEM32\bcrypt.dll
0x00007fffddd50000 - 0x00007fffe0f56000 	C:\WINDOWS\System32\DriverStore\FileRepository\igdlh64.inf_amd64_dccdb071926b5316\igc64.dll
0x00007fffd0de0000 - 0x00007fffd0df4000 	C:\Program Files\Java\javafx-sdk-20.0.2\bin\javafx_font.dll
0x00007fffee8e0000 - 0x00007fffeeb53000 	C:\WINDOWS\SYSTEM32\dwrite.dll
0x00007ffff6060000 - 0x00007ffff6110000 	C:\WINDOWS\System32\clbcatq.dll
0x00007fffee5e0000 - 0x00007fffee790000 	C:\WINDOWS\SYSTEM32\WindowsCodecs.dll
0x00007fffc4fa0000 - 0x00007fffc4ffe000 	C:\WINDOWS\system32\dataexchange.dll
0x00007fffe4680000 - 0x00007fffe4905000 	C:\WINDOWS\system32\twinapi.appcore.dll
0x00007fffceeb0000 - 0x00007fffceee2000 	C:\Program Files\Common Files\Microsoft Shared\Ink\rtscom.dll
0x00007fffe50d0000 - 0x00007fffe521a000 	C:\WINDOWS\SYSTEM32\textinputframework.dll
0x00007fffef8b0000 - 0x00007fffef9e3000 	C:\WINDOWS\SYSTEM32\CoreMessaging.dll
0x00007fffe9910000 - 0x00007fffe9c7c000 	C:\WINDOWS\SYSTEM32\CoreUIComponents.dll
0x00007fffcf7e0000 - 0x00007fffcf806000 	C:\Windows\System32\dpuareu_jni.dll
0x00007fffc8100000 - 0x00007fffc8174000 	C:\WINDOWS\SYSTEM32\dpfj.dll
0x00007fffcf150000 - 0x00007fffcf17b000 	C:\WINDOWS\SYSTEM32\dpfpdd.dll
0x00007fffea350000 - 0x00007fffea3e0000 	C:\WINDOWS\SYSTEM32\DPFPApi.DLL
0x00007ffff4700000 - 0x00007ffff4866000 	C:\WINDOWS\System32\CRYPT32.dll

dbghelp: loaded successfully - version: 4.0.5 - missing functions: none
symbol engine: initialized successfully - sym options: 0x614 - pdb path: .;C:\Program Files\Java\jdk-20\bin;C:\WINDOWS\SYSTEM32;C:\WINDOWS\WinSxS\amd64_microsoft.windows.common-controls_6595b64144ccf1df_6.0.22621.2506_none_270c5ae97388e100;C:\Program Files\Java\jdk-20\bin\server;C:\Program Files\Java\javafx-sdk-20.0.2\bin;C:\WINDOWS\System32\DriverStore\FileRepository\igdlh64.inf_amd64_dccdb071926b5316;C:\Program Files\Common Files\Microsoft Shared\Ink

VM Arguments:
jvm_args: -Dfile.encoding=UTF-8 --module-path=C:\Program Files\Java\javafx-sdk-20.0.2\lib --add-modules=javafx.controls,javafx.fxml --module-path=C:\Program Files\Java\javafx-sdk-20.0.2\lib\javafx-swt.jar;C:\Program Files\Java\javafx-sdk-20.0.2\lib\javafx.base.jar;C:\Program Files\Java\javafx-sdk-20.0.2\lib\javafx.controls.jar;C:\Program Files\Java\javafx-sdk-20.0.2\lib\javafx.fxml.jar;C:\Program Files\Java\javafx-sdk-20.0.2\lib\javafx.graphics.jar;C:\Program Files\Java\javafx-sdk-20.0.2\lib\javafx.media.jar;C:\Program Files\Java\javafx-sdk-20.0.2\lib\javafx.swing.jar;C:\Program Files\Java\javafx-sdk-20.0.2\lib\javafx.web.jar 
java_command: Main
java_class_path (initial): C:\Program Files\Java\javafx-sdk-20.0.2\lib\javafx-swt.jar;C:\Program Files\Java\javafx-sdk-20.0.2\lib\javafx.base.jar;C:\Program Files\Java\javafx-sdk-20.0.2\lib\javafx.controls.jar;C:\Program Files\Java\javafx-sdk-20.0.2\lib\javafx.fxml.jar;C:\Program Files\Java\javafx-sdk-20.0.2\lib\javafx.graphics.jar;C:\Program Files\Java\javafx-sdk-20.0.2\lib\javafx.media.jar;C:\Program Files\Java\javafx-sdk-20.0.2\lib\javafx.swing.jar;C:\Program Files\Java\javafx-sdk-20.0.2\lib\javafx.web.jar;C:\Program Files\DigitalPersona\U.are.U SDK\Windows\Lib\Java\dpuareu.jar;C:\Program Files\Java\mysql-connector-j-8.1.0\mysql-connector-j-8.1.0.jar;C:\Programming\NetBeansProjects\attendance-system\build\classes
Launcher Type: SUN_STANDARD

[Global flags]
     intx CICompilerCount                          = 4                                         {product} {ergonomic}
     uint ConcGCThreads                            = 2                                         {product} {ergonomic}
     uint G1ConcRefinementThreads                  = 8                                         {product} {ergonomic}
   size_t G1HeapRegionSize                         = 1048576                                   {product} {ergonomic}
    uintx GCDrainStackTargetSize                   = 64                                        {product} {ergonomic}
   size_t InitialHeapSize                          = 134217728                                 {product} {ergonomic}
   size_t MarkStackSize                            = 4194304                                   {product} {ergonomic}
   size_t MaxHeapSize                              = 2116026368                                {product} {ergonomic}
   size_t MaxNewSize                               = 1268776960                                {product} {ergonomic}
   size_t MinHeapDeltaBytes                        = 1048576                                   {product} {ergonomic}
   size_t MinHeapSize                              = 8388608                                   {product} {ergonomic}
    uintx NonNMethodCodeHeapSize                   = 5839372                                {pd product} {ergonomic}
    uintx NonProfiledCodeHeapSize                  = 122909434                              {pd product} {ergonomic}
    uintx ProfiledCodeHeapSize                     = 122909434                              {pd product} {ergonomic}
    uintx ReservedCodeCacheSize                    = 251658240                              {pd product} {ergonomic}
     bool SegmentedCodeCache                       = true                                      {product} {ergonomic}
   size_t SoftMaxHeapSize                          = 2116026368                             {manageable} {ergonomic}
     bool UseCompressedClassPointers               = true                           {product lp64_product} {ergonomic}
     bool UseCompressedOops                        = true                           {product lp64_product} {ergonomic}
     bool UseG1GC                                  = true                                      {product} {ergonomic}
     bool UseLargePagesIndividualAllocation        = false                                  {pd product} {ergonomic}

Logging:
Log output configuration:
 #0: stdout all=warning uptime,level,tags foldmultilines=false
 #1: stderr all=off uptime,level,tags foldmultilines=false

Environment Variables:
JAVA_HOME=C:\Program Files\Java\jdk-20
CLASSPATH=C:\Program Files\Java\mysql-connector-j-8.1.0\mysql-connector-j-8.1.0.jar
PATH=C:\Program Files\Common Files\Oracle\Java\javapath;C:\Program Files (x86)\Common Files\Oracle\Java\javapath;C:\WINDOWS\system32;C:\WINDOWS;C:\WINDOWS\System32\Wbem;C:\WINDOWS\System32\WindowsPowerShell\v1.0\;C:\WINDOWS\System32\OpenSSH\;C:\Program Files\Git\cmd;C:\Program Files\dotnet\;C:\Users\danodoms\AppData\Local\Microsoft\WindowsApps;C:\Users\danodoms\AppData\Local\Programs\Microsoft VS Code\bin;
USERNAME=admin
OS=Windows_NT
PROCESSOR_IDENTIFIER=Intel64 Family 6 Model 142 Stepping 10, GenuineIntel
TMP=C:\Users\danodoms\AppData\Local\Temp
TEMP=C:\Users\danodoms\AppData\Local\Temp




---------------  S Y S T E M  ---------------

OS:
 Windows 11 , 64 bit Build 22621 (10.0.22621.2506)
OS uptime: 0 days 17:52 hours

CPU: total 8 (initial active 8) (4 cores per cpu, 2 threads per core) family 6 model 142 stepping 10 microcode 0xf4, cx8, cmov, fxsr, ht, mmx, 3dnowpref, sse, sse2, sse3, ssse3, sse4.1, sse4.2, popcnt, lzcnt, tsc, tscinvbit, avx, avx2, aes, erms, clmul, bmi1, bmi2, rtm, adx, fma, vzeroupper, clflush, clflushopt, rdtscp, f16c

Memory: 4k page, system-wide physical 8071M (1057M free)
TotalPageFile size 18823M (AvailPageFile size 9090M)
current process WorkingSet (physical memory assigned to process): 188M, peak: 188M
current process commit charge ("private bytes"): 301M, peak: 301M

vm_info: Java HotSpot(TM) 64-Bit Server VM (20.0.2+9-78) for windows-amd64 JRE (20.0.2+9-78), built on 2023-06-14T10:08:48Z by "mach5one" with MS VC++ 17.1 (VS2022)

END.
