#
# A fatal error has been detected by the Java Runtime Environment:
#
#  EXCEPTION_ACCESS_VIOLATION (0xc0000005) at pc=0x00007fff83dda330, pid=6560, tid=19220
#
# JRE version: Java(TM) SE Runtime Environment (20.0.2+9) (build 20.0.2+9-78)
# Java VM: Java HotSpot(TM) 64-Bit Server VM (20.0.2+9-78, mixed mode, sharing, tiered, compressed oops, compressed class ptrs, g1 gc, windows-amd64)
# Problematic frame:
# V  [jvm.dll+0xa330]
#
# No core dump will be written. Minidumps are not enabled by default on client versions of Windows
#
# If you would like to submit a bug report, please visit:
#   https://bugreport.java.com/bugreport/crash.jsp
#

---------------  S U M M A R Y ------------

Command Line: -Dfile.encoding=UTF-8 --module-path=C:\Program Files\Java\javafx-sdk-20.0.2\lib --add-modules=javafx.controls,javafx.fxml --module-path=C:\Program Files\Java\javafx-sdk-20.0.2\lib\javafx-swt.jar;C:\Program Files\Java\javafx-sdk-20.0.2\lib\javafx.base.jar;C:\Program Files\Java\javafx-sdk-20.0.2\lib\javafx.controls.jar;C:\Program Files\Java\javafx-sdk-20.0.2\lib\javafx.fxml.jar;C:\Program Files\Java\javafx-sdk-20.0.2\lib\javafx.graphics.jar;C:\Program Files\Java\javafx-sdk-20.0.2\lib\javafx.media.jar;C:\Program Files\Java\javafx-sdk-20.0.2\lib\javafx.swing.jar;C:\Program Files\Java\javafx-sdk-20.0.2\lib\javafx.web.jar Main

Host: Intel(R) Core(TM) i5-8350U CPU @ 1.70GHz, 8 cores, 7G,  Windows 11 , 64 bit Build 22621 (10.0.22621.2506)
Time: Sat Nov  4 08:48:46 2023 Malay Peninsula Standard Time elapsed time: 6.105077 seconds (0d 0h 0m 6s)

---------------  T H R E A D  ---------------

Current thread (0x000001fbecd2a670):  JavaThread "Thread-3" [_thread_in_vm, id=19220, stack(0x0000003cce400000,0x0000003cce500000)]

Stack: [0x0000003cce400000,0x0000003cce500000],  sp=0x0000003cce4ff008,  free space=1020k
Native frames: (J=compiled Java code, j=interpreted, Vv=VM code, C=native code)
V  [jvm.dll+0xa330]

Java frames: (J=compiled Java code, j=interpreted, Vv=VM code)
j  com.digitalpersona.uareu.jni.Dpfj.DpfjIdentify([BII[[BIILcom/digitalpersona/uareu/jni/Dpfj$IntReference;[Lcom/digitalpersona/uareu/Engine$Candidate;)I+0
j  com.digitalpersona.uareu.jni.Dpfj.identify(Lcom/digitalpersona/uareu/Fmd;I[Lcom/digitalpersona/uareu/Fmd;II)[Lcom/digitalpersona/uareu/Engine$Candidate;+148
j  com.digitalpersona.uareu.dpfj.EngineImpl.Identify(Lcom/digitalpersona/uareu/Fmd;I[Lcom/digitalpersona/uareu/Fmd;II)[Lcom/digitalpersona/uareu/Engine$Candidate;+11
j  Fingerprint.IdentificationThread.compareFmdToDatabaseFmds(Lcom/digitalpersona/uareu/Fmd;[Lcom/digitalpersona/uareu/Fmd;)Z+15
j  Fingerprint.IdentificationThread.fmdIsAlreadyEnrolled(Lcom/digitalpersona/uareu/Fmd;)Z+8
j  Fingerprint.EnrollmentThread.GetFmd(Lcom/digitalpersona/uareu/Fmd$Format;)Lcom/digitalpersona/uareu/Engine$PreEnrollmentFmd;+143
j  com.digitalpersona.uareu.dpfj.EngineImpl.CreateEnrollmentFmd(Lcom/digitalpersona/uareu/Fmd$Format;Lcom/digitalpersona/uareu/Engine$EnrollmentCallback;)Lcom/digitalpersona/uareu/Fmd;+82
j  Fingerprint.EnrollmentThread.startEnrollment(Ljavafx/scene/image/ImageView;)V+50
j  Fingerprint.EnrollmentThread.run()V+5
v  ~StubRoutines::call_stub 0x000001fbdac2100d

siginfo: EXCEPTION_ACCESS_VIOLATION (0xc0000005), reading address 0x0000000000000000


Registers:
RAX=0x0000000000000000, RBX=0x000001fbecd2a670, RCX=0x0000000000000000, RDX=0x0000000000000000
RSP=0x0000003cce4ff008, RBP=0x0000003cce4ff1b0, RSI=0x000001fbecd2a950, RDI=0x0000000000000000
R8 =0x0000003cce4ff208, R9 =0x0000000001010001, R10=0x00007fff849166d0, R11=0x0000000000000101
R12=0x0000000000000000, R13=0x000001fbe9072d20, R14=0x0000003cce4ff210, R15=0x0000000000000000
RIP=0x00007fff83dda330, EFLAGS=0x0000000000010246


Register to memory mapping:

RIP=0x00007fff83dda330 jvm.dll
RAX=0x0 is NULL
RBX=0x000001fbecd2a670 is a thread
RCX=0x0 is NULL
RDX=0x0 is NULL
RSP=0x0000003cce4ff008 is pointing into the stack for thread: 0x000001fbecd2a670
RBP=0x0000003cce4ff1b0 is pointing into the stack for thread: 0x000001fbecd2a670
RSI=0x000001fbecd2a950 points into unknown readable memory: 0x00007fff849166d0 | d0 66 91 84 ff 7f 00 00
RDI=0x0 is NULL
R8 =0x0000003cce4ff208 is pointing into the stack for thread: 0x000001fbecd2a670
R9 =0x0000000001010001 is an unknown value
R10=0x00007fff849166d0 jvm.dll
R11=0x0000000000000101 is an unknown value
R12=0x0 is NULL
R13={method} {0x000001fbe9072d28} 'DpfjIdentify' '([BII[[BIILcom/digitalpersona/uareu/jni/Dpfj$IntReference;[Lcom/digitalpersona/uareu/Engine$Candidate;)I' in 'com/digitalpersona/uareu/jni/Dpfj'
R14=0x0000003cce4ff210 is pointing into the stack for thread: 0x000001fbecd2a670
R15=0x0 is NULL


Top of Stack: (sp=0x0000003cce4ff008)
0x0000003cce4ff008:   00007fff8420b549 000001fb0000000a
0x0000003cce4ff018:   0000001b955b55b4 000001fbe9072d20
0x0000003cce4ff028:   000001fbecd2a670 0000003cce4ff208
0x0000003cce4ff038:   00007fffcf7e208a 000001fbe9072d20
0x0000003cce4ff048:   000001fbecd2a950 000001fbecd2a670
0x0000003cce4ff058:   0000003cce4ff210 0000000000000000
0x0000003cce4ff068:   000001fbe8be3230 000001fb800bd890
0x0000003cce4ff078:   000001fbe9072d20 0000003cce4ff1b0
0x0000003cce4ff088:   00007fff841ab7f5 000001fbdac8d287
0x0000003cce4ff098:   0000001b955b55b4 0000017aecd2a670
0x0000003cce4ff0a8:   000001fbe956bce0 000001fbe9072d20
0x0000003cce4ff0b8:   000001fbecd2a670 000001fbecd2a670
0x0000003cce4ff0c8:   0000003cce4ff210 000001fbe9072d20
0x0000003cce4ff0d8:   0000000000000000 000001fbe8be3230
0x0000003cce4ff0e8:   000001fb800bd890 000001fbe9072d20
0x0000003cce4ff0f8:   000001fbdac41ff3 000001fbecd2a670
0x0000003cce4ff108:   00007fff841a9251 0000003cce4ff208
0x0000003cce4ff118:   000001fb01010001 000001fb00000000
0x0000003cce4ff128:   0000000000000000 000001fbffffffff
0x0000003cce4ff138:   000001fb000053e2 0000003cce4ff1d8
0x0000003cce4ff148:   0000003cce4ff1d0 0000003cce4ff1e8
0x0000003cce4ff158:   000001fbdac4d4bc 000001fbdac41c96
0x0000003cce4ff168:   0000003cce4ff168 000001fbe9072d20
0x0000003cce4ff178:   0000003cce4ff210 000001fbe9075868
0x0000003cce4ff188:   0000000000000000 00000000877f0c98
0x0000003cce4ff198:   000001fbe9072d20 0000000000000000
0x0000003cce4ff1a8:   0000003cce4ff1d0 0000003cce4ff260
0x0000003cce4ff1b8:   000001fbdac3df9e 0000000000000000
0x0000003cce4ff1c8:   000001fbdac3f895 0000000089bfc950
0x0000003cce4ff1d8:   0000000089bfd950 00000000000053e2
0x0000003cce4ff1e8:   00000000ffffffff 0000000000000000
0x0000003cce4ff1f8:   0000000000000000 0000000001010001 

Instructions: (pc=0x00007fff83dda330)
0x00007fff83dda230:   ec 0d b3 00 48 83 c4 20 5b 48 ff e0 48 8d 05 ed
0x00007fff83dda240:   00 00 00 48 8b cb 48 89 05 d3 0d b3 00 48 83 c4
0x00007fff83dda250:   20 5b 48 ff e0 48 8d 05 d4 00 00 00 48 8b cb 48
0x00007fff83dda260:   89 05 ba 0d b3 00 48 83 c4 20 5b 48 ff e0 48 8b
0x00007fff83dda270:   0d cb 76 b9 00 8b 51 10 83 ea 01 0f 84 91 00 00
0x00007fff83dda280:   00 83 ea 01 74 73 83 ea 01 74 55 83 fa 01 74 37
0x00007fff83dda290:   4c 8d 0d e9 08 8a 00 41 b8 e2 00 00 00 48 8d 15
0x00007fff83dda2a0:   14 09 8a 00 b9 00 00 00 e0 e8 42 68 27 00 e8 5d
0x00007fff83dda2b0:   19 6b 00 33 c0 48 8b cb 48 89 05 61 0d b3 00 48
0x00007fff83dda2c0:   83 c4 20 5b 48 ff e0 48 8d 05 72 00 00 00 48 8b
0x00007fff83dda2d0:   cb 48 89 05 48 0d b3 00 48 83 c4 20 5b 48 ff e0
0x00007fff83dda2e0:   48 8d 05 49 00 00 00 48 8b cb 48 89 05 2f 0d b3
0x00007fff83dda2f0:   00 48 83 c4 20 5b 48 ff e0 48 8d 05 30 00 00 00
0x00007fff83dda300:   48 8b cb 48 89 05 16 0d b3 00 48 83 c4 20 5b 48
0x00007fff83dda310:   ff e0 48 8d 05 17 00 00 00 48 8b cb 48 89 05 fd
0x00007fff83dda320:   0c b3 00 48 83 c4 20 5b 48 ff e0 cc cc cc cc cc
0x00007fff83dda330:   48 8b 01 c3 cc cc cc cc cc cc cc cc cc cc cc cc
0x00007fff83dda340:   48 89 5c 24 08 57 48 83 ec 20 48 8b 39 48 8b d9
0x00007fff83dda350:   48 85 3d a1 90 be 00 75 0e 48 8b c7 48 8b 5c 24
0x00007fff83dda360:   30 48 83 c4 20 5f c3 48 8b cf e8 c1 0e 87 00 48
0x00007fff83dda370:   8b d0 48 85 c0 74 20 48 8b c7 f0 48 0f b1 13 74
0x00007fff83dda380:   16 48 85 05 70 90 be 00 74 0d 48 8b c8 f0 48 0f
0x00007fff83dda390:   b1 13 48 3b c1 75 ea 48 8b 5c 24 30 48 8b c2 48
0x00007fff83dda3a0:   83 c4 20 5f c3 cc cc cc cc cc cc cc cc cc cc cc
0x00007fff83dda3b0:   8b 44 24 30 45 03 c9 44 2b 4c 24 28 83 c0 0b 44
0x00007fff83dda3c0:   03 ca 45 03 c8 41 03 c1 c3 cc cc cc cc cc cc cc
0x00007fff83dda3d0:   48 8b 41 08 0f b7 48 2a 0f b7 40 28 83 c0 48 03
0x00007fff83dda3e0:   c1 c3 cc cc cc cc cc cc cc cc cc cc cc cc cc cc
0x00007fff83dda3f0:   48 89 5c 24 08 57 48 83 ec 20 0f b6 05 3f 98 be
0x00007fff83dda400:   00 48 8b fa 48 8b d9 84 c0 74 4f 48 85 15 e6 8f
0x00007fff83dda410:   be 00 74 38 48 8b ca e8 24 11 87 00 48 8b d0 48
0x00007fff83dda420:   85 db 74 25 48 85 c0 74 20 48 8b c7 f0 48 0f b1 


Stack slot to memory mapping:
stack at sp + 0 slots: 0x00007fff8420b549 jvm.dll
stack at sp + 1 slots: 0x000001fb0000000a is an unknown value
stack at sp + 2 slots: 0x0000001b955b55b4 is an unknown value
stack at sp + 3 slots: {method} {0x000001fbe9072d28} 'DpfjIdentify' '([BII[[BIILcom/digitalpersona/uareu/jni/Dpfj$IntReference;[Lcom/digitalpersona/uareu/Engine$Candidate;)I' in 'com/digitalpersona/uareu/jni/Dpfj'
stack at sp + 4 slots: 0x000001fbecd2a670 is a thread
stack at sp + 5 slots: 0x0000003cce4ff208 is pointing into the stack for thread: 0x000001fbecd2a670
stack at sp + 6 slots: 0x00007fffcf7e208a dpuareu_jni.dll
stack at sp + 7 slots: {method} {0x000001fbe9072d28} 'DpfjIdentify' '([BII[[BIILcom/digitalpersona/uareu/jni/Dpfj$IntReference;[Lcom/digitalpersona/uareu/Engine$Candidate;)I' in 'com/digitalpersona/uareu/jni/Dpfj'


---------------  P R O C E S S  ---------------

Threads class SMR info:
_java_thread_list=0x000001fbeccda1c0, length=23, elements={
0x000001fbcb6177e0, 0x000001fbe7fdc1c0, 0x000001fbe7fdd070, 0x000001fbe7fdfc60,
0x000001fbe7fe3e00, 0x000001fbe7fe8750, 0x000001fbe7fe5e20, 0x000001fbe7feeb60,
0x000001fbe7ff1cb0, 0x000001fbec4d41d0, 0x000001fbec784080, 0x000001fbec4e7460,
0x000001fbec81fe50, 0x000001fbecadf6e0, 0x000001fbecfda930, 0x000001fbecf64c50,
0x000001fbecd2a120, 0x000001fbecd28690, 0x000001fbecd2a670, 0x000001fbece4b500,
0x000001fbece46550, 0x000001fbec9aa150, 0x000001fbecc0a820
}

Java Threads: ( => current thread )
  0x000001fbcb6177e0 JavaThread "main" [_thread_blocked, id=17688, stack(0x0000003ccc400000,0x0000003ccc500000)]
  0x000001fbe7fdc1c0 JavaThread "Reference Handler" daemon [_thread_blocked, id=15464, stack(0x0000003cccb00000,0x0000003cccc00000)]
  0x000001fbe7fdd070 JavaThread "Finalizer" daemon [_thread_blocked, id=13264, stack(0x0000003cccc00000,0x0000003cccd00000)]
  0x000001fbe7fdfc60 JavaThread "Signal Dispatcher" daemon [_thread_blocked, id=15120, stack(0x0000003cccd00000,0x0000003ccce00000)]
  0x000001fbe7fe3e00 JavaThread "Attach Listener" daemon [_thread_blocked, id=13808, stack(0x0000003ccce00000,0x0000003cccf00000)]
  0x000001fbe7fe8750 JavaThread "Service Thread" daemon [_thread_blocked, id=2892, stack(0x0000003cccf00000,0x0000003ccd000000)]
  0x000001fbe7fe5e20 JavaThread "Monitor Deflation Thread" daemon [_thread_blocked, id=12412, stack(0x0000003ccd000000,0x0000003ccd100000)]
  0x000001fbe7feeb60 JavaThread "C2 CompilerThread0" daemon [_thread_blocked, id=18500, stack(0x0000003ccd100000,0x0000003ccd200000)]
  0x000001fbe7ff1cb0 JavaThread "C1 CompilerThread0" daemon [_thread_blocked, id=17024, stack(0x0000003ccd200000,0x0000003ccd300000)]
  0x000001fbec4d41d0 JavaThread "Common-Cleaner" daemon [_thread_blocked, id=16740, stack(0x0000003ccd300000,0x0000003ccd400000)]
  0x000001fbec784080 JavaThread "Notification Thread" daemon [_thread_blocked, id=7732, stack(0x0000003ccd600000,0x0000003ccd700000)]
  0x000001fbec4e7460 JavaThread "QuantumRenderer-0" daemon [_thread_blocked, id=17436, stack(0x0000003ccd500000,0x0000003ccd600000)]
  0x000001fbec81fe50 JavaThread "InvokeLaterDispatcher" daemon [_thread_blocked, id=19140, stack(0x0000003ccd400000,0x0000003ccd500000)]
  0x000001fbecadf6e0 JavaThread "JavaFX Application Thread" [_thread_in_native, id=9116, stack(0x0000003ccd800000,0x0000003ccd900000)]
  0x000001fbecfda930 JavaThread "Thread-1" daemon [_thread_in_native, id=16848, stack(0x0000003ccdc00000,0x0000003ccdd00000)]
  0x000001fbecf64c50 JavaThread "JavaFX-Launcher" [_thread_blocked, id=17240, stack(0x0000003ccdd00000,0x0000003ccde00000)]
  0x000001fbecd2a120 JavaThread "Prism Font Disposer" daemon [_thread_blocked, id=17560, stack(0x0000003cce300000,0x0000003cce400000)]
  0x000001fbecd28690 JavaThread "Cleaner-0" daemon [_thread_blocked, id=10868, stack(0x0000003ccea00000,0x0000003cceb00000)]
=>0x000001fbecd2a670 JavaThread "Thread-3" [_thread_in_vm, id=19220, stack(0x0000003cce400000,0x0000003cce500000)]
  0x000001fbece4b500 JavaThread "Java2D Disposer" daemon [_thread_blocked, id=18892, stack(0x0000003ccec00000,0x0000003cced00000)]
  0x000001fbece46550 JavaThread "mysql-cj-abandoned-connection-cleanup" daemon [_thread_blocked, id=4260, stack(0x0000003cceb00000,0x0000003ccec00000)]
  0x000001fbec9aa150 JavaThread "C2 CompilerThread1" daemon [_thread_blocked, id=10296, stack(0x0000003cced00000,0x0000003ccee00000)]
  0x000001fbecc0a820 JavaThread "C2 CompilerThread2" daemon [_thread_blocked, id=15596, stack(0x0000003ccee00000,0x0000003ccef00000)]

Other Threads:
  0x000001fbe7fbd000 VMThread "VM Thread" [stack: 0x0000003ccca00000,0x0000003cccb00000] [id=18724]
  0x000001fbec65c180 WatcherThread "VM Periodic Task Thread" [stack: 0x0000003ccd700000,0x0000003ccd800000] [id=7296]
  0x000001fbcb6786e0 WorkerThread "GC Thread#0" [stack: 0x0000003ccc500000,0x0000003ccc600000] [id=14976]
  0x000001fbecd2f140 WorkerThread "GC Thread#1" [stack: 0x0000003ccde00000,0x0000003ccdf00000] [id=5992]
  0x000001fbecd2f410 WorkerThread "GC Thread#2" [stack: 0x0000003ccdf00000,0x0000003cce000000] [id=17336]
  0x000001fbecdbbeb0 WorkerThread "GC Thread#3" [stack: 0x0000003cce000000,0x0000003cce100000] [id=14984]
  0x000001fbecdbb370 WorkerThread "GC Thread#4" [stack: 0x0000003cce100000,0x0000003cce200000] [id=18504]
  0x000001fbecdbbbe0 WorkerThread "GC Thread#5" [stack: 0x0000003cce200000,0x0000003cce300000] [id=15828]
  0x000001fbecdbc720 WorkerThread "GC Thread#6" [stack: 0x0000003ccef00000,0x0000003ccf000000] [id=7324]
  0x000001fbecdbcf90 WorkerThread "GC Thread#7" [stack: 0x0000003ccf000000,0x0000003ccf100000] [id=3924]
  0x000001fbcb6892b0 ConcurrentGCThread "G1 Main Marker" [stack: 0x0000003ccc600000,0x0000003ccc700000] [id=6164]
  0x000001fbcb68a490 WorkerThread "G1 Conc#0" [stack: 0x0000003ccc700000,0x0000003ccc800000] [id=19332]
  0x000001fbe7e6d120 ConcurrentGCThread "G1 Refine#0" [stack: 0x0000003ccc800000,0x0000003ccc900000] [id=2660]
  0x000001fbe7e6d9d0 ConcurrentGCThread "G1 Service" [stack: 0x0000003ccc900000,0x0000003ccca00000] [id=15544]

Threads with active compile tasks:

VM state: not at safepoint (normal execution)

VM Mutex/Monitor currently owned by a thread: None

Heap address: 0x0000000081e00000, size: 2018 MB, Compressed Oops mode: 32-bit

CDS archive(s) mapped at: [0x000001fb80000000-0x000001fb80c60000-0x000001fb80c60000), size 12976128, SharedBaseAddress: 0x000001fb80000000, ArchiveRelocationMode: 1.
Compressed class space mapped at: 0x000001fb81000000-0x000001fbc1000000, reserved size: 1073741824
Narrow klass base: 0x000001fb80000000, Narrow klass shift: 0, Narrow klass range: 0x100000000

GC Precious Log:
 CardTable entry size: 512
 Card Set container configuration: InlinePtr #cards 5 size 8 Array Of Cards #cards 12 size 40 Howl #buckets 4 coarsen threshold 1843 Howl Bitmap #cards 512 size 80 coarsen threshold 460 Card regions per heap region 1 cards per card region 2048
 CPUs: 8 total, 8 available
 Memory: 8071M
 Large Page Support: Disabled
 NUMA Support: Disabled
 Compressed Oops: Enabled (32-bit)
 Heap Region Size: 1M
 Heap Min Capacity: 8M
 Heap Initial Capacity: 128M
 Heap Max Capacity: 2018M
 Pre-touch: Disabled
 Parallel Workers: 8
 Concurrent Workers: 2
 Concurrent Refinement Workers: 8
 Periodic GC: Disabled

Heap:
 garbage-first heap   total 131072K, used 14525K [0x0000000081e00000, 0x0000000100000000)
  region size 1024K, 8 young (8192K), 5 survivors (5120K)
 Metaspace       used 20031K, committed 20352K, reserved 1114112K
  class space    used 2478K, committed 2624K, reserved 1048576K

Heap Regions: E=young(eden), S=young(survivor), O=old, HS=humongous(starts), HC=humongous(continues), CS=collection set, F=free, OA=open archive, CA=closed archive, TAMS=top-at-mark-start, PB=parsable bottom
|   0|0x0000000081e00000, 0x0000000081f00000, 0x0000000081f00000|100%| O|  |TAMS 0x0000000081e00000| PB 0x0000000081e00000| Untracked 
|   1|0x0000000081f00000, 0x0000000082000000, 0x0000000082000000|100%|HS|  |TAMS 0x0000000081f00000| PB 0x0000000081f00000| Complete 
|   2|0x0000000082000000, 0x0000000082100000, 0x0000000082100000|100%|HC|  |TAMS 0x0000000082000000| PB 0x0000000082000000| Complete 
|   3|0x0000000082100000, 0x0000000082100000, 0x0000000082200000|  0%| F|  |TAMS 0x0000000082100000| PB 0x0000000082100000| Untracked 
|   4|0x0000000082200000, 0x0000000082200000, 0x0000000082300000|  0%| F|  |TAMS 0x0000000082200000| PB 0x0000000082200000| Untracked 
|   5|0x0000000082300000, 0x0000000082400000, 0x0000000082400000|100%|HS|  |TAMS 0x0000000082300000| PB 0x0000000082300000| Complete 
|   6|0x0000000082400000, 0x0000000082500000, 0x0000000082500000|100%|HS|  |TAMS 0x0000000082400000| PB 0x0000000082400000| Complete 
|   7|0x0000000082500000, 0x0000000082600000, 0x0000000082600000|100%| O|  |TAMS 0x0000000082500000| PB 0x0000000082500000| Untracked 
|   8|0x0000000082600000, 0x0000000082700000, 0x0000000082700000|100%| O|  |TAMS 0x0000000082600000| PB 0x0000000082600000| Untracked 
|   9|0x0000000082700000, 0x000000008272f400, 0x0000000082800000| 18%| O|  |TAMS 0x0000000082700000| PB 0x0000000082700000| Untracked 
|  10|0x0000000082800000, 0x0000000082800000, 0x0000000082900000|  0%| F|  |TAMS 0x0000000082800000| PB 0x0000000082800000| Untracked 
|  11|0x0000000082900000, 0x0000000082900000, 0x0000000082a00000|  0%| F|  |TAMS 0x0000000082900000| PB 0x0000000082900000| Untracked 
|  12|0x0000000082a00000, 0x0000000082a00000, 0x0000000082b00000|  0%| F|  |TAMS 0x0000000082a00000| PB 0x0000000082a00000| Untracked 
|  13|0x0000000082b00000, 0x0000000082b00000, 0x0000000082c00000|  0%| F|  |TAMS 0x0000000082b00000| PB 0x0000000082b00000| Untracked 
|  14|0x0000000082c00000, 0x0000000082c00000, 0x0000000082d00000|  0%| F|  |TAMS 0x0000000082c00000| PB 0x0000000082c00000| Untracked 
|  15|0x0000000082d00000, 0x0000000082d00000, 0x0000000082e00000|  0%| F|  |TAMS 0x0000000082d00000| PB 0x0000000082d00000| Untracked 
|  16|0x0000000082e00000, 0x0000000082e00000, 0x0000000082f00000|  0%| F|  |TAMS 0x0000000082e00000| PB 0x0000000082e00000| Untracked 
|  17|0x0000000082f00000, 0x0000000082f00000, 0x0000000083000000|  0%| F|  |TAMS 0x0000000082f00000| PB 0x0000000082f00000| Untracked 
|  18|0x0000000083000000, 0x0000000083000000, 0x0000000083100000|  0%| F|  |TAMS 0x0000000083000000| PB 0x0000000083000000| Untracked 
|  19|0x0000000083100000, 0x0000000083100000, 0x0000000083200000|  0%| F|  |TAMS 0x0000000083100000| PB 0x0000000083100000| Untracked 
|  20|0x0000000083200000, 0x0000000083200000, 0x0000000083300000|  0%| F|  |TAMS 0x0000000083200000| PB 0x0000000083200000| Untracked 
|  21|0x0000000083300000, 0x0000000083300000, 0x0000000083400000|  0%| F|  |TAMS 0x0000000083300000| PB 0x0000000083300000| Untracked 
|  22|0x0000000083400000, 0x0000000083400000, 0x0000000083500000|  0%| F|  |TAMS 0x0000000083400000| PB 0x0000000083400000| Untracked 
|  23|0x0000000083500000, 0x0000000083500000, 0x0000000083600000|  0%| F|  |TAMS 0x0000000083500000| PB 0x0000000083500000| Untracked 
|  24|0x0000000083600000, 0x0000000083600000, 0x0000000083700000|  0%| F|  |TAMS 0x0000000083600000| PB 0x0000000083600000| Untracked 
|  25|0x0000000083700000, 0x0000000083700000, 0x0000000083800000|  0%| F|  |TAMS 0x0000000083700000| PB 0x0000000083700000| Untracked 
|  26|0x0000000083800000, 0x0000000083800000, 0x0000000083900000|  0%| F|  |TAMS 0x0000000083800000| PB 0x0000000083800000| Untracked 
|  27|0x0000000083900000, 0x0000000083900000, 0x0000000083a00000|  0%| F|  |TAMS 0x0000000083900000| PB 0x0000000083900000| Untracked 
|  28|0x0000000083a00000, 0x0000000083a00000, 0x0000000083b00000|  0%| F|  |TAMS 0x0000000083a00000| PB 0x0000000083a00000| Untracked 
|  29|0x0000000083b00000, 0x0000000083b00000, 0x0000000083c00000|  0%| F|  |TAMS 0x0000000083b00000| PB 0x0000000083b00000| Untracked 
|  30|0x0000000083c00000, 0x0000000083c00000, 0x0000000083d00000|  0%| F|  |TAMS 0x0000000083c00000| PB 0x0000000083c00000| Untracked 
|  31|0x0000000083d00000, 0x0000000083d00000, 0x0000000083e00000|  0%| F|  |TAMS 0x0000000083d00000| PB 0x0000000083d00000| Untracked 
|  32|0x0000000083e00000, 0x0000000083e00000, 0x0000000083f00000|  0%| F|  |TAMS 0x0000000083e00000| PB 0x0000000083e00000| Untracked 
|  33|0x0000000083f00000, 0x0000000083f00000, 0x0000000084000000|  0%| F|  |TAMS 0x0000000083f00000| PB 0x0000000083f00000| Untracked 
|  34|0x0000000084000000, 0x0000000084000000, 0x0000000084100000|  0%| F|  |TAMS 0x0000000084000000| PB 0x0000000084000000| Untracked 
|  35|0x0000000084100000, 0x0000000084100000, 0x0000000084200000|  0%| F|  |TAMS 0x0000000084100000| PB 0x0000000084100000| Untracked 
|  36|0x0000000084200000, 0x0000000084200000, 0x0000000084300000|  0%| F|  |TAMS 0x0000000084200000| PB 0x0000000084200000| Untracked 
|  37|0x0000000084300000, 0x0000000084300000, 0x0000000084400000|  0%| F|  |TAMS 0x0000000084300000| PB 0x0000000084300000| Untracked 
|  38|0x0000000084400000, 0x0000000084400000, 0x0000000084500000|  0%| F|  |TAMS 0x0000000084400000| PB 0x0000000084400000| Untracked 
|  39|0x0000000084500000, 0x0000000084500000, 0x0000000084600000|  0%| F|  |TAMS 0x0000000084500000| PB 0x0000000084500000| Untracked 
|  40|0x0000000084600000, 0x0000000084600000, 0x0000000084700000|  0%| F|  |TAMS 0x0000000084600000| PB 0x0000000084600000| Untracked 
|  41|0x0000000084700000, 0x0000000084700000, 0x0000000084800000|  0%| F|  |TAMS 0x0000000084700000| PB 0x0000000084700000| Untracked 
|  42|0x0000000084800000, 0x0000000084800000, 0x0000000084900000|  0%| F|  |TAMS 0x0000000084800000| PB 0x0000000084800000| Untracked 
|  43|0x0000000084900000, 0x0000000084900000, 0x0000000084a00000|  0%| F|  |TAMS 0x0000000084900000| PB 0x0000000084900000| Untracked 
|  44|0x0000000084a00000, 0x0000000084a00000, 0x0000000084b00000|  0%| F|  |TAMS 0x0000000084a00000| PB 0x0000000084a00000| Untracked 
|  45|0x0000000084b00000, 0x0000000084b00000, 0x0000000084c00000|  0%| F|  |TAMS 0x0000000084b00000| PB 0x0000000084b00000| Untracked 
|  46|0x0000000084c00000, 0x0000000084c00000, 0x0000000084d00000|  0%| F|  |TAMS 0x0000000084c00000| PB 0x0000000084c00000| Untracked 
|  47|0x0000000084d00000, 0x0000000084d00000, 0x0000000084e00000|  0%| F|  |TAMS 0x0000000084d00000| PB 0x0000000084d00000| Untracked 
|  48|0x0000000084e00000, 0x0000000084e00000, 0x0000000084f00000|  0%| F|  |TAMS 0x0000000084e00000| PB 0x0000000084e00000| Untracked 
|  49|0x0000000084f00000, 0x0000000084f00000, 0x0000000085000000|  0%| F|  |TAMS 0x0000000084f00000| PB 0x0000000084f00000| Untracked 
|  50|0x0000000085000000, 0x0000000085000000, 0x0000000085100000|  0%| F|  |TAMS 0x0000000085000000| PB 0x0000000085000000| Untracked 
|  51|0x0000000085100000, 0x0000000085100000, 0x0000000085200000|  0%| F|  |TAMS 0x0000000085100000| PB 0x0000000085100000| Untracked 
|  52|0x0000000085200000, 0x0000000085200000, 0x0000000085300000|  0%| F|  |TAMS 0x0000000085200000| PB 0x0000000085200000| Untracked 
|  53|0x0000000085300000, 0x0000000085300000, 0x0000000085400000|  0%| F|  |TAMS 0x0000000085300000| PB 0x0000000085300000| Untracked 
|  54|0x0000000085400000, 0x0000000085400000, 0x0000000085500000|  0%| F|  |TAMS 0x0000000085400000| PB 0x0000000085400000| Untracked 
|  55|0x0000000085500000, 0x0000000085500000, 0x0000000085600000|  0%| F|  |TAMS 0x0000000085500000| PB 0x0000000085500000| Untracked 
|  56|0x0000000085600000, 0x0000000085600000, 0x0000000085700000|  0%| F|  |TAMS 0x0000000085600000| PB 0x0000000085600000| Untracked 
|  57|0x0000000085700000, 0x0000000085700000, 0x0000000085800000|  0%| F|  |TAMS 0x0000000085700000| PB 0x0000000085700000| Untracked 
|  58|0x0000000085800000, 0x0000000085800000, 0x0000000085900000|  0%| F|  |TAMS 0x0000000085800000| PB 0x0000000085800000| Untracked 
|  59|0x0000000085900000, 0x0000000085900000, 0x0000000085a00000|  0%| F|  |TAMS 0x0000000085900000| PB 0x0000000085900000| Untracked 
|  60|0x0000000085a00000, 0x0000000085a00000, 0x0000000085b00000|  0%| F|  |TAMS 0x0000000085a00000| PB 0x0000000085a00000| Untracked 
|  61|0x0000000085b00000, 0x0000000085b00000, 0x0000000085c00000|  0%| F|  |TAMS 0x0000000085b00000| PB 0x0000000085b00000| Untracked 
|  62|0x0000000085c00000, 0x0000000085c00000, 0x0000000085d00000|  0%| F|  |TAMS 0x0000000085c00000| PB 0x0000000085c00000| Untracked 
|  63|0x0000000085d00000, 0x0000000085d00000, 0x0000000085e00000|  0%| F|  |TAMS 0x0000000085d00000| PB 0x0000000085d00000| Untracked 
|  64|0x0000000085e00000, 0x0000000085e00000, 0x0000000085f00000|  0%| F|  |TAMS 0x0000000085e00000| PB 0x0000000085e00000| Untracked 
|  65|0x0000000085f00000, 0x0000000085f00000, 0x0000000086000000|  0%| F|  |TAMS 0x0000000085f00000| PB 0x0000000085f00000| Untracked 
|  66|0x0000000086000000, 0x0000000086000000, 0x0000000086100000|  0%| F|  |TAMS 0x0000000086000000| PB 0x0000000086000000| Untracked 
|  67|0x0000000086100000, 0x0000000086100000, 0x0000000086200000|  0%| F|  |TAMS 0x0000000086100000| PB 0x0000000086100000| Untracked 
|  68|0x0000000086200000, 0x0000000086200000, 0x0000000086300000|  0%| F|  |TAMS 0x0000000086200000| PB 0x0000000086200000| Untracked 
|  69|0x0000000086300000, 0x0000000086300000, 0x0000000086400000|  0%| F|  |TAMS 0x0000000086300000| PB 0x0000000086300000| Untracked 
|  70|0x0000000086400000, 0x0000000086400000, 0x0000000086500000|  0%| F|  |TAMS 0x0000000086400000| PB 0x0000000086400000| Untracked 
|  71|0x0000000086500000, 0x0000000086500000, 0x0000000086600000|  0%| F|  |TAMS 0x0000000086500000| PB 0x0000000086500000| Untracked 
|  72|0x0000000086600000, 0x0000000086600000, 0x0000000086700000|  0%| F|  |TAMS 0x0000000086600000| PB 0x0000000086600000| Untracked 
|  73|0x0000000086700000, 0x0000000086700000, 0x0000000086800000|  0%| F|  |TAMS 0x0000000086700000| PB 0x0000000086700000| Untracked 
|  74|0x0000000086800000, 0x0000000086800000, 0x0000000086900000|  0%| F|  |TAMS 0x0000000086800000| PB 0x0000000086800000| Untracked 
|  75|0x0000000086900000, 0x0000000086900000, 0x0000000086a00000|  0%| F|  |TAMS 0x0000000086900000| PB 0x0000000086900000| Untracked 
|  76|0x0000000086a00000, 0x0000000086a00000, 0x0000000086b00000|  0%| F|  |TAMS 0x0000000086a00000| PB 0x0000000086a00000| Untracked 
|  77|0x0000000086b00000, 0x0000000086b00000, 0x0000000086c00000|  0%| F|  |TAMS 0x0000000086b00000| PB 0x0000000086b00000| Untracked 
|  78|0x0000000086c00000, 0x0000000086c00000, 0x0000000086d00000|  0%| F|  |TAMS 0x0000000086c00000| PB 0x0000000086c00000| Untracked 
|  79|0x0000000086d00000, 0x0000000086d00000, 0x0000000086e00000|  0%| F|  |TAMS 0x0000000086d00000| PB 0x0000000086d00000| Untracked 
|  80|0x0000000086e00000, 0x0000000086e00000, 0x0000000086f00000|  0%| F|  |TAMS 0x0000000086e00000| PB 0x0000000086e00000| Untracked 
|  81|0x0000000086f00000, 0x0000000086f00000, 0x0000000087000000|  0%| F|  |TAMS 0x0000000086f00000| PB 0x0000000086f00000| Untracked 
|  82|0x0000000087000000, 0x0000000087000000, 0x0000000087100000|  0%| F|  |TAMS 0x0000000087000000| PB 0x0000000087000000| Untracked 
|  83|0x0000000087100000, 0x0000000087100000, 0x0000000087200000|  0%| F|  |TAMS 0x0000000087100000| PB 0x0000000087100000| Untracked 
|  84|0x0000000087200000, 0x0000000087200000, 0x0000000087300000|  0%| F|  |TAMS 0x0000000087200000| PB 0x0000000087200000| Untracked 
|  85|0x0000000087300000, 0x0000000087300000, 0x0000000087400000|  0%| F|  |TAMS 0x0000000087300000| PB 0x0000000087300000| Untracked 
|  86|0x0000000087400000, 0x0000000087400000, 0x0000000087500000|  0%| F|  |TAMS 0x0000000087400000| PB 0x0000000087400000| Untracked 
|  87|0x0000000087500000, 0x0000000087600000, 0x0000000087600000|100%| S|CS|TAMS 0x0000000087500000| PB 0x0000000087500000| Complete 
|  88|0x0000000087600000, 0x0000000087700000, 0x0000000087700000|100%| S|CS|TAMS 0x0000000087600000| PB 0x0000000087600000| Complete 
|  89|0x0000000087700000, 0x0000000087800000, 0x0000000087800000|100%| S|CS|TAMS 0x0000000087700000| PB 0x0000000087700000| Complete 
|  90|0x0000000087800000, 0x0000000087900000, 0x0000000087900000|100%| S|CS|TAMS 0x0000000087800000| PB 0x0000000087800000| Complete 
|  91|0x0000000087900000, 0x0000000087a00000, 0x0000000087a00000|100%| S|CS|TAMS 0x0000000087900000| PB 0x0000000087900000| Complete 
|  92|0x0000000087a00000, 0x0000000087a00000, 0x0000000087b00000|  0%| F|  |TAMS 0x0000000087a00000| PB 0x0000000087a00000| Untracked 
|  93|0x0000000087b00000, 0x0000000087b00000, 0x0000000087c00000|  0%| F|  |TAMS 0x0000000087b00000| PB 0x0000000087b00000| Untracked 
|  94|0x0000000087c00000, 0x0000000087c00000, 0x0000000087d00000|  0%| F|  |TAMS 0x0000000087c00000| PB 0x0000000087c00000| Untracked 
|  95|0x0000000087d00000, 0x0000000087d00000, 0x0000000087e00000|  0%| F|  |TAMS 0x0000000087d00000| PB 0x0000000087d00000| Untracked 
|  96|0x0000000087e00000, 0x0000000087e00000, 0x0000000087f00000|  0%| F|  |TAMS 0x0000000087e00000| PB 0x0000000087e00000| Untracked 
|  97|0x0000000087f00000, 0x0000000087f00000, 0x0000000088000000|  0%| F|  |TAMS 0x0000000087f00000| PB 0x0000000087f00000| Untracked 
|  98|0x0000000088000000, 0x0000000088000000, 0x0000000088100000|  0%| F|  |TAMS 0x0000000088000000| PB 0x0000000088000000| Untracked 
|  99|0x0000000088100000, 0x0000000088100000, 0x0000000088200000|  0%| F|  |TAMS 0x0000000088100000| PB 0x0000000088100000| Untracked 
| 100|0x0000000088200000, 0x0000000088200000, 0x0000000088300000|  0%| F|  |TAMS 0x0000000088200000| PB 0x0000000088200000| Untracked 
| 101|0x0000000088300000, 0x0000000088300000, 0x0000000088400000|  0%| F|  |TAMS 0x0000000088300000| PB 0x0000000088300000| Untracked 
| 102|0x0000000088400000, 0x0000000088400000, 0x0000000088500000|  0%| F|  |TAMS 0x0000000088400000| PB 0x0000000088400000| Untracked 
| 103|0x0000000088500000, 0x0000000088500000, 0x0000000088600000|  0%| F|  |TAMS 0x0000000088500000| PB 0x0000000088500000| Untracked 
| 104|0x0000000088600000, 0x0000000088600000, 0x0000000088700000|  0%| F|  |TAMS 0x0000000088600000| PB 0x0000000088600000| Untracked 
| 105|0x0000000088700000, 0x0000000088700000, 0x0000000088800000|  0%| F|  |TAMS 0x0000000088700000| PB 0x0000000088700000| Untracked 
| 106|0x0000000088800000, 0x0000000088800000, 0x0000000088900000|  0%| F|  |TAMS 0x0000000088800000| PB 0x0000000088800000| Untracked 
| 107|0x0000000088900000, 0x0000000088900000, 0x0000000088a00000|  0%| F|  |TAMS 0x0000000088900000| PB 0x0000000088900000| Untracked 
| 108|0x0000000088a00000, 0x0000000088a00000, 0x0000000088b00000|  0%| F|  |TAMS 0x0000000088a00000| PB 0x0000000088a00000| Untracked 
| 109|0x0000000088b00000, 0x0000000088b00000, 0x0000000088c00000|  0%| F|  |TAMS 0x0000000088b00000| PB 0x0000000088b00000| Untracked 
| 110|0x0000000088c00000, 0x0000000088c00000, 0x0000000088d00000|  0%| F|  |TAMS 0x0000000088c00000| PB 0x0000000088c00000| Untracked 
| 111|0x0000000088d00000, 0x0000000088d00000, 0x0000000088e00000|  0%| F|  |TAMS 0x0000000088d00000| PB 0x0000000088d00000| Untracked 
| 112|0x0000000088e00000, 0x0000000088e00000, 0x0000000088f00000|  0%| F|  |TAMS 0x0000000088e00000| PB 0x0000000088e00000| Untracked 
| 113|0x0000000088f00000, 0x0000000088f00000, 0x0000000089000000|  0%| F|  |TAMS 0x0000000088f00000| PB 0x0000000088f00000| Untracked 
| 114|0x0000000089000000, 0x0000000089000000, 0x0000000089100000|  0%| F|  |TAMS 0x0000000089000000| PB 0x0000000089000000| Untracked 
| 115|0x0000000089100000, 0x0000000089100000, 0x0000000089200000|  0%| F|  |TAMS 0x0000000089100000| PB 0x0000000089100000| Untracked 
| 116|0x0000000089200000, 0x0000000089200000, 0x0000000089300000|  0%| F|  |TAMS 0x0000000089200000| PB 0x0000000089200000| Untracked 
| 117|0x0000000089300000, 0x0000000089300000, 0x0000000089400000|  0%| F|  |TAMS 0x0000000089300000| PB 0x0000000089300000| Untracked 
| 118|0x0000000089400000, 0x0000000089400000, 0x0000000089500000|  0%| F|  |TAMS 0x0000000089400000| PB 0x0000000089400000| Untracked 
| 119|0x0000000089500000, 0x0000000089500000, 0x0000000089600000|  0%| F|  |TAMS 0x0000000089500000| PB 0x0000000089500000| Untracked 
| 120|0x0000000089600000, 0x0000000089600000, 0x0000000089700000|  0%| F|  |TAMS 0x0000000089600000| PB 0x0000000089600000| Untracked 
| 121|0x0000000089700000, 0x0000000089700000, 0x0000000089800000|  0%| F|  |TAMS 0x0000000089700000| PB 0x0000000089700000| Untracked 
| 122|0x0000000089800000, 0x0000000089800000, 0x0000000089900000|  0%| F|  |TAMS 0x0000000089800000| PB 0x0000000089800000| Untracked 
| 123|0x0000000089900000, 0x0000000089900000, 0x0000000089a00000|  0%| F|  |TAMS 0x0000000089900000| PB 0x0000000089900000| Untracked 
| 124|0x0000000089a00000, 0x0000000089a00000, 0x0000000089b00000|  0%| F|  |TAMS 0x0000000089a00000| PB 0x0000000089a00000| Untracked 
| 125|0x0000000089b00000, 0x0000000089c00000, 0x0000000089c00000|100%| E|  |TAMS 0x0000000089b00000| PB 0x0000000089b00000| Complete 
| 126|0x0000000089c00000, 0x0000000089d00000, 0x0000000089d00000|100%| E|CS|TAMS 0x0000000089c00000| PB 0x0000000089c00000| Complete 
| 127|0x0000000089d00000, 0x0000000089e00000, 0x0000000089e00000|100%| E|CS|TAMS 0x0000000089d00000| PB 0x0000000089d00000| Complete 

Card table byte_map: [0x000001fbe2e20000,0x000001fbe3220000] _byte_map_base: 0x000001fbe2a11000

Marking Bits: (CMBitMap*) 0x000001fbcb678d10
 Bits: [0x000001fbe3620000, 0x000001fbe55a8000)

Polling page: 0x000001fbcade0000

Metaspace:

Usage:
  Non-class:     17.14 MB used.
      Class:      2.42 MB used.
       Both:     19.56 MB used.

Virtual space:
  Non-class space:       64.00 MB reserved,      17.31 MB ( 27%) committed,  1 nodes.
      Class space:        1.00 GB reserved,       2.56 MB ( <1%) committed,  1 nodes.
             Both:        1.06 GB reserved,      19.88 MB (  2%) committed. 

Chunk freelists:
   Non-Class:  2.58 MB
       Class:  1.41 MB
        Both:  3.99 MB

MaxMetaspaceSize: unlimited
CompressedClassSpaceSize: 1.00 GB
Initial GC threshold: 21.00 MB
Current GC threshold: 21.00 MB
CDS: on
MetaspaceReclaimPolicy: balanced
 - commit_granule_bytes: 65536.
 - commit_granule_words: 8192.
 - virtual_space_node_default_size: 8388608.
 - enlarge_chunks_in_place: 1.
 - new_chunks_are_fully_committed: 0.
 - uncommit_free_chunks: 1.
 - use_allocation_guard: 0.


Internal statistics:

num_allocs_failed_limit: 0.
num_arena_births: 326.
num_arena_deaths: 0.
num_vsnodes_births: 2.
num_vsnodes_deaths: 0.
num_space_committed: 318.
num_space_uncommitted: 0.
num_chunks_returned_to_freelist: 0.
num_chunks_taken_from_freelist: 861.
num_chunk_merges: 0.
num_chunk_splits: 599.
num_chunks_enlarged: 454.
num_inconsistent_stats: 0.

CodeHeap 'non-profiled nmethods': size=120000Kb used=824Kb max_used=824Kb free=119175Kb
 bounds [0x000001fbdb1c0000, 0x000001fbdb430000, 0x000001fbe26f0000]
CodeHeap 'profiled nmethods': size=120000Kb used=3763Kb max_used=3763Kb free=116236Kb
 bounds [0x000001fbd36f0000, 0x000001fbd3aa0000, 0x000001fbdac20000]
CodeHeap 'non-nmethods': size=5760Kb used=1974Kb max_used=2000Kb free=3785Kb
 bounds [0x000001fbdac20000, 0x000001fbdae90000, 0x000001fbdb1c0000]
 total_blobs=3096 nmethods=2181 adapters=826
 compilation: enabled
              stopped_count=0, restarted_count=0
 full_count=0

Compilation events (20 events):
Event: 6.087 Thread 0x000001fbecc0a820 2170       4       java.nio.DirectIntBufferU::ix (10 bytes)
Event: 6.088 Thread 0x000001fbec9aa150 2171       4       java.util.Properties$LineReader::readLine (584 bytes)
Event: 6.088 Thread 0x000001fbecc0a820 nmethod 2170 0x000001fbdb288c10 code [0x000001fbdb288d80, 0x000001fbdb288e10]
Event: 6.088 Thread 0x000001fbe7ff1cb0 nmethod 2169 0x000001fbd3a97e90 code [0x000001fbd3a98120, 0x000001fbd3a98db8]
Event: 6.089 Thread 0x000001fbecc0a820 2172       4       java.util.regex.Pattern$BmpCharPropertyGreedy::match (89 bytes)
Event: 6.089 Thread 0x000001fbe7ff1cb0 2173       3       java.util.regex.ASCII::isType (15 bytes)
Event: 6.090 Thread 0x000001fbe7ff1cb0 nmethod 2173 0x000001fbd3a99310 code [0x000001fbd3a994a0, 0x000001fbd3a996d0]
Event: 6.090 Thread 0x000001fbe7ff1cb0 2174       3       java.util.regex.ASCII::getType (17 bytes)
Event: 6.090 Thread 0x000001fbe7ff1cb0 nmethod 2174 0x000001fbd3a99810 code [0x000001fbd3a999a0, 0x000001fbd3a99b40]
Event: 6.090 Thread 0x000001fbe7ff1cb0 2175       3       java.util.regex.Pattern$BmpCharProperty::match (55 bytes)
Event: 6.090 Thread 0x000001fbe7ff1cb0 nmethod 2175 0x000001fbd3a99c10 code [0x000001fbd3a99de0, 0x000001fbd3a9a280]
Event: 6.091 Thread 0x000001fbe7ff1cb0 2176       3       java.util.regex.CharPredicates$$Lambda$19/0x800000027::is (5 bytes)
Event: 6.091 Thread 0x000001fbe7ff1cb0 nmethod 2176 0x000001fbd3a9a410 code [0x000001fbd3a9a5c0, 0x000001fbd3a9a9d0]
Event: 6.091 Thread 0x000001fbe7ff1cb0 2179       3       java.util.regex.Matcher::search (154 bytes)
Event: 6.092 Thread 0x000001fbe7ff1cb0 nmethod 2179 0x000001fbd3a9ab10 code [0x000001fbd3a9ad00, 0x000001fbd3a9b2b0]
Event: 6.092 Thread 0x000001fbe7ff1cb0 2177       3       java.util.regex.CharPredicates::lambda$ASCII_SPACE$20 (20 bytes)
Event: 6.092 Thread 0x000001fbe7ff1cb0 nmethod 2177 0x000001fbd3a9b510 code [0x000001fbd3a9b6c0, 0x000001fbd3a9ba48]
Event: 6.093 Thread 0x000001fbe7ff1cb0 2178       3       java.util.regex.ASCII::isSpace (8 bytes)
Event: 6.094 Thread 0x000001fbe7ff1cb0 nmethod 2178 0x000001fbd3a9bb90 code [0x000001fbd3a9bd20, 0x000001fbd3a9bfb0]
Event: 6.097 Thread 0x000001fbe7ff1cb0 2182       3       jdk.internal.loader.NativeLibraries::find (70 bytes)

GC Heap History (4 events):
Event: 1.386 GC heap before
{Heap before GC invocations=0 (full 0):
 garbage-first heap   total 131072K, used 22528K [0x0000000081e00000, 0x0000000100000000)
  region size 1024K, 23 young (23552K), 0 survivors (0K)
 Metaspace       used 6024K, committed 6272K, reserved 1114112K
  class space    used 741K, committed 832K, reserved 1048576K
}
Event: 1.394 GC heap after
{Heap after GC invocations=1 (full 0):
 garbage-first heap   total 131072K, used 3343K [0x0000000081e00000, 0x0000000100000000)
  region size 1024K, 3 young (3072K), 3 survivors (3072K)
 Metaspace       used 6024K, committed 6272K, reserved 1114112K
  class space    used 741K, committed 832K, reserved 1048576K
}
Event: 5.961 GC heap before
{Heap before GC invocations=1 (full 0):
 garbage-first heap   total 131072K, used 42255K [0x0000000081e00000, 0x0000000100000000)
  region size 1024K, 36 young (36864K), 3 survivors (3072K)
 Metaspace       used 19315K, committed 19648K, reserved 1114112K
  class space    used 2400K, committed 2560K, reserved 1048576K
}
Event: 5.969 GC heap after
{Heap after GC invocations=2 (full 0):
 garbage-first heap   total 131072K, used 12477K [0x0000000081e00000, 0x0000000100000000)
  region size 1024K, 5 young (5120K), 5 survivors (5120K)
 Metaspace       used 19315K, committed 19648K, reserved 1114112K
  class space    used 2400K, committed 2560K, reserved 1048576K
}

Dll operation events (20 events):
Event: 0.488 Loaded shared library C:\Program Files\Java\javafx-sdk-20.0.2\bin\api-ms-win-crt-process-l1-1-0.dll
Event: 0.490 Loaded shared library C:\Program Files\Java\javafx-sdk-20.0.2\bin\api-ms-win-crt-runtime-l1-1-0.dll
Event: 0.492 Loaded shared library C:\Program Files\Java\javafx-sdk-20.0.2\bin\api-ms-win-crt-stdio-l1-1-0.dll
Event: 0.495 Loaded shared library C:\Program Files\Java\javafx-sdk-20.0.2\bin\api-ms-win-crt-string-l1-1-0.dll
Event: 0.497 Loaded shared library C:\Program Files\Java\javafx-sdk-20.0.2\bin\api-ms-win-crt-time-l1-1-0.dll
Event: 0.499 Loaded shared library C:\Program Files\Java\javafx-sdk-20.0.2\bin\api-ms-win-crt-utility-l1-1-0.dll
Event: 0.502 Loaded shared library C:\Program Files\Java\javafx-sdk-20.0.2\bin\ucrtbase.dll
Event: 0.504 Loaded shared library C:\Program Files\Java\javafx-sdk-20.0.2\bin\vcruntime140.dll
Event: 0.507 Loaded shared library C:\Program Files\Java\javafx-sdk-20.0.2\bin\vcruntime140_1.dll
Event: 0.510 Loaded shared library C:\Program Files\Java\javafx-sdk-20.0.2\bin\msvcp140.dll
Event: 0.513 Loaded shared library C:\Program Files\Java\javafx-sdk-20.0.2\bin\msvcp140_1.dll
Event: 0.516 Loaded shared library C:\Program Files\Java\javafx-sdk-20.0.2\bin\msvcp140_2.dll
Event: 0.650 Loaded shared library C:\Program Files\Java\javafx-sdk-20.0.2\bin\prism_d3d.dll
Event: 0.771 Loaded shared library C:\Program Files\Java\javafx-sdk-20.0.2\bin\glass.dll
Event: 1.147 Loaded shared library C:\Program Files\Java\jdk-20\bin\jimage.dll
Event: 1.469 Loaded shared library C:\Program Files\Java\javafx-sdk-20.0.2\bin\javafx_font.dll
Event: 2.297 Loaded shared library C:\Windows\System32\dpuareu_jni.dll
Event: 3.310 Loaded shared library C:\Program Files\Java\javafx-sdk-20.0.2\bin\javafx_iio.dll
Event: 5.367 Loaded shared library C:\Program Files\Java\jdk-20\bin\awt.dll
Event: 5.811 Loaded shared library C:\Program Files\Java\jdk-20\bin\extnet.dll

Deoptimization events (20 events):
Event: 6.088 Thread 0x000001fbecd2a670 Uncommon trap: trap_request=0xffffff45 fr.pc=0x000001fbdb2877dc relative=0x00000000000006fc
Event: 6.088 Thread 0x000001fbecd2a670 Uncommon trap: reason=unstable_if action=reinterpret pc=0x000001fbdb2877dc method=java.util.regex.Matcher.search(I)Z @ 30 c2
Event: 6.088 Thread 0x000001fbecd2a670 DEOPT PACKING pc=0x000001fbdb2877dc sp=0x0000003cce4fe2e0
Event: 6.088 Thread 0x000001fbecd2a670 DEOPT UNPACKING pc=0x000001fbdac89d22 sp=0x0000003cce4fe2c0 mode 2
Event: 6.088 Thread 0x000001fbecd2a670 Uncommon trap: trap_request=0xffffffde fr.pc=0x000001fbdb286280 relative=0x00000000000002c0
Event: 6.088 Thread 0x000001fbecd2a670 Uncommon trap: reason=class_check action=maybe_recompile pc=0x000001fbdb286280 method=java.util.regex.Pattern$BmpCharPropertyGreedy.match(Ljava/util/regex/Matcher;ILjava/lang/CharSequence;)Z @ 26 c2
Event: 6.088 Thread 0x000001fbecd2a670 DEOPT PACKING pc=0x000001fbdb286280 sp=0x0000003cce4fe220
Event: 6.088 Thread 0x000001fbecd2a670 DEOPT UNPACKING pc=0x000001fbdac89d22 sp=0x0000003cce4fe1b8 mode 2
Event: 6.088 Thread 0x000001fbecd2a670 Uncommon trap: trap_request=0xffffffde fr.pc=0x000001fbdb286280 relative=0x00000000000002c0
Event: 6.088 Thread 0x000001fbecd2a670 Uncommon trap: reason=class_check action=maybe_recompile pc=0x000001fbdb286280 method=java.util.regex.Pattern$BmpCharPropertyGreedy.match(Ljava/util/regex/Matcher;ILjava/lang/CharSequence;)Z @ 26 c2
Event: 6.088 Thread 0x000001fbecd2a670 DEOPT PACKING pc=0x000001fbdb286280 sp=0x0000003cce4fe220
Event: 6.088 Thread 0x000001fbecd2a670 DEOPT UNPACKING pc=0x000001fbdac89d22 sp=0x0000003cce4fe1b8 mode 2
Event: 6.088 Thread 0x000001fbecd2a670 Uncommon trap: trap_request=0xffffffde fr.pc=0x000001fbdb286280 relative=0x00000000000002c0
Event: 6.088 Thread 0x000001fbecd2a670 Uncommon trap: reason=class_check action=maybe_recompile pc=0x000001fbdb286280 method=java.util.regex.Pattern$BmpCharPropertyGreedy.match(Ljava/util/regex/Matcher;ILjava/lang/CharSequence;)Z @ 26 c2
Event: 6.088 Thread 0x000001fbecd2a670 DEOPT PACKING pc=0x000001fbdb286280 sp=0x0000003cce4fe220
Event: 6.088 Thread 0x000001fbecd2a670 DEOPT UNPACKING pc=0x000001fbdac89d22 sp=0x0000003cce4fe1b8 mode 2
Event: 6.088 Thread 0x000001fbecd2a670 Uncommon trap: trap_request=0xffffffde fr.pc=0x000001fbdb286280 relative=0x00000000000002c0
Event: 6.088 Thread 0x000001fbecd2a670 Uncommon trap: reason=class_check action=maybe_recompile pc=0x000001fbdb286280 method=java.util.regex.Pattern$BmpCharPropertyGreedy.match(Ljava/util/regex/Matcher;ILjava/lang/CharSequence;)Z @ 26 c2
Event: 6.088 Thread 0x000001fbecd2a670 DEOPT PACKING pc=0x000001fbdb286280 sp=0x0000003cce4fe220
Event: 6.088 Thread 0x000001fbecd2a670 DEOPT UNPACKING pc=0x000001fbdac89d22 sp=0x0000003cce4fe1b8 mode 2

Classes loaded (20 events):
Event: 6.012 Loading class sun/nio/cs/UTF_8$Encoder
Event: 6.012 Loading class sun/nio/cs/UTF_8$Encoder done
Event: 6.022 Loading class java/util/TimerTask
Event: 6.022 Loading class java/util/TimerTask done
Event: 6.082 Loading class java/time/format/DateTimeParseException
Event: 6.082 Loading class java/time/DateTimeException
Event: 6.082 Loading class java/time/DateTimeException done
Event: 6.082 Loading class java/time/format/DateTimeParseException done
Event: 6.086 Loading class java/security/InvalidKeyException
Event: 6.086 Loading class java/security/KeyException
Event: 6.086 Loading class java/security/KeyException done
Event: 6.086 Loading class java/security/InvalidKeyException done
Event: 6.086 Loading class javax/crypto/NoSuchPaddingException
Event: 6.086 Loading class javax/crypto/NoSuchPaddingException done
Event: 6.086 Loading class javax/crypto/IllegalBlockSizeException
Event: 6.086 Loading class javax/crypto/IllegalBlockSizeException done
Event: 6.086 Loading class java/security/spec/InvalidKeySpecException
Event: 6.086 Loading class java/security/spec/InvalidKeySpecException done
Event: 6.087 Loading class javax/net/ssl/SSLSocket
Event: 6.087 Loading class javax/net/ssl/SSLSocket done

Classes unloaded (0 events):
No events

Classes redefined (0 events):
No events

Internal exceptions (20 events):
Event: 1.920 Thread 0x000001fbecadf6e0 Implicit null exception at 0x000001fbdb219120 to 0x000001fbdb2193b0
Event: 1.921 Thread 0x000001fbecadf6e0 Implicit null exception at 0x000001fbdb1dab20 to 0x000001fbdb1dab9d
Event: 2.008 Thread 0x000001fbecadf6e0 Implicit null exception at 0x000001fbdb21be92 to 0x000001fbdb21c540
Event: 2.069 Thread 0x000001fbecadf6e0 Exception <a 'java/lang/NoSuchMethodError'{0x0000000088fa10a8}: 'java.lang.Object java.lang.invoke.DirectMethodHandle$Holder.invokeInterface(java.lang.Object, java.lang.Object, java.lang.Object)'> (0x0000000088fa10a8) 
thrown [s\open\src\hotspot\share\interpreter\linkResolver.cpp, line 773]
Event: 2.069 Thread 0x000001fbecadf6e0 Exception <a 'java/lang/IncompatibleClassChangeError'{0x0000000088fa4750}: Found class java.lang.Object, but interface was expected> (0x0000000088fa4750) 
thrown [s\open\src\hotspot\share\interpreter\linkResolver.cpp, line 840]
Event: 2.126 Thread 0x000001fbecadf6e0 Exception <a 'java/lang/NoSuchMethodError'{0x0000000088ec8d68}: 'int java.lang.invoke.DirectMethodHandle$Holder.invokeSpecial(java.lang.Object, java.lang.Object, int)'> (0x0000000088ec8d68) 
thrown [s\open\src\hotspot\share\interpreter\linkResolver.cpp, line 773]
Event: 2.148 Thread 0x000001fbecadf6e0 Exception <a 'java/lang/NoSuchMethodError'{0x0000000088d51410}: 'java.lang.Object java.lang.invoke.DirectMethodHandle$Holder.newInvokeSpecial(java.lang.Object, java.lang.Object, int)'> (0x0000000088d51410) 
thrown [s\open\src\hotspot\share\interpreter\linkResolver.cpp, line 773]
Event: 2.231 Thread 0x000001fbecadf6e0 Exception <a 'java/lang/NoSuchMethodError'{0x0000000088de0878}: 'void java.lang.invoke.DirectMethodHandle$Holder.invokeVirtual(java.lang.Object, java.lang.Object)'> (0x0000000088de0878) 
thrown [s\open\src\hotspot\share\interpreter\linkResolver.cpp, line 773]
Event: 2.327 Thread 0x000001fbec4e7460 Exception <a 'java/lang/NoSuchMethodError'{0x0000000088b999a8}: 'int java.lang.invoke.DirectMethodHandle$Holder.invokeStaticInit(java.lang.Object, java.lang.Object)'> (0x0000000088b999a8) 
thrown [s\open\src\hotspot\share\interpreter\linkResolver.cpp, line 773]
Event: 2.350 Thread 0x000001fbec4e7460 Exception <a 'java/lang/NoSuchMethodError'{0x0000000088a36810}: 'java.lang.Object java.lang.invoke.Invokers$Holder.invokeExact_MT(java.lang.Object, java.lang.Object, java.lang.Object, java.lang.Object, java.lang.Object)'> (0x0000000088a36810) 
thrown [s\open\src\hotspot\share\interpreter\linkResolver.cpp, line 773]
Event: 3.251 Thread 0x000001fbecadf6e0 Exception <a 'java/lang/NoSuchMethodError'{0x00000000887d2b50}: 'long java.lang.invoke.DirectMethodHandle$Holder.invokeStatic(java.lang.Object, java.lang.Object, java.lang.Object)'> (0x00000000887d2b50) 
thrown [s\open\src\hotspot\share\interpreter\linkResolver.cpp, line 773]
Event: 3.253 Thread 0x000001fbecadf6e0 Exception <a 'java/lang/NoSuchMethodError'{0x00000000887d5f20}: 'long java.lang.invoke.DirectMethodHandle$Holder.invokeStaticInit(java.lang.Object, java.lang.Object, java.lang.Object)'> (0x00000000887d5f20) 
thrown [s\open\src\hotspot\share\interpreter\linkResolver.cpp, line 773]
Event: 3.262 Thread 0x000001fbecadf6e0 Exception <a 'java/lang/NoSuchMethodError'{0x00000000887edf78}: 'java.lang.Object java.lang.invoke.DirectMethodHandle$Holder.newInvokeSpecial(java.lang.Object, java.lang.Object, long)'> (0x00000000887edf78) 
thrown [s\open\src\hotspot\share\interpreter\linkResolver.cpp, line 773]
Event: 3.264 Thread 0x000001fbecadf6e0 Exception <a 'java/lang/NoSuchMethodError'{0x00000000887f1870}: 'java.lang.Object java.lang.invoke.Invokers$Holder.linkToTargetMethod(java.lang.Object, long, java.lang.Object)'> (0x00000000887f1870) 
thrown [s\open\src\hotspot\share\interpreter\linkResolver.cpp, line 773]
Event: 5.389 Thread 0x000001fbece46aa0 Exception <a 'java/lang/ClassNotFoundException'{0x000000008824fab8}: sun/awt/resources/spi/awtProvider> (0x000000008824fab8) 
thrown [s\open\src\hotspot\share\classfile\systemDictionary.cpp, line 305]
Event: 5.396 Thread 0x000001fbece46aa0 Exception <a 'java/io/FileNotFoundException'{0x0000000088253cb8}> (0x0000000088253cb8) 
thrown [s\open\src\hotspot\share\prims\jni.cpp, line 519]
Event: 5.397 Thread 0x000001fbece46aa0 Exception <a 'java/io/FileNotFoundException'{0x00000000882f1ba8}> (0x00000000882f1ba8) 
thrown [s\open\src\hotspot\share\prims\jni.cpp, line 519]
Event: 5.674 Thread 0x000001fbecd2a670 Exception <a 'java/lang/NoSuchMethodError'{0x00000000880c6b28}: 'java.lang.Object java.lang.invoke.DirectMethodHandle$Holder.invokeInterface(java.lang.Object, java.lang.Object)'> (0x00000000880c6b28) 
thrown [s\open\src\hotspot\share\interpreter\linkResolver.cpp, line 773]
Event: 5.702 Thread 0x000001fbecd2a670 Exception <a 'java/lang/NoSuchMethodError'{0x0000000087f3f3b8}: 'java.lang.Object java.lang.invoke.DirectMethodHandle$Holder.invokeVirtual(java.lang.Object, java.lang.Object, java.lang.Object)'> (0x0000000087f3f3b8) 
thrown [s\open\src\hotspot\share\interpreter\linkResolver.cpp, line 773]
Event: 6.095 Thread 0x000001fbecd2a670 Exception <a 'java/lang/NoSuchMethodError'{0x0000000089bf64d0}: 'void java.lang.invoke.DirectMethodHandle$Holder.invokeInterface(java.lang.Object, java.lang.Object)'> (0x0000000089bf64d0) 
thrown [s\open\src\hotspot\share\interpreter\linkResolver.cpp, line 773]

VM Operations (20 events):
Event: 3.250 Executing VM operation: Cleanup
Event: 3.251 Executing VM operation: Cleanup done
Event: 5.251 Executing VM operation: Cleanup
Event: 5.251 Executing VM operation: Cleanup done
Event: 5.486 Executing VM operation: HandshakeAllThreads
Event: 5.486 Executing VM operation: HandshakeAllThreads done
Event: 5.652 Executing VM operation: HandshakeAllThreads
Event: 5.652 Executing VM operation: HandshakeAllThreads done
Event: 5.653 Executing VM operation: HandshakeAllThreads
Event: 5.653 Executing VM operation: HandshakeAllThreads done
Event: 5.676 Executing VM operation: HandshakeAllThreads
Event: 5.676 Executing VM operation: HandshakeAllThreads done
Event: 5.693 Executing VM operation: HandshakeAllThreads
Event: 5.693 Executing VM operation: HandshakeAllThreads done
Event: 5.794 Executing VM operation: HandshakeAllThreads
Event: 5.794 Executing VM operation: HandshakeAllThreads done
Event: 5.901 Executing VM operation: HandshakeAllThreads
Event: 5.901 Executing VM operation: HandshakeAllThreads done
Event: 5.961 Executing VM operation: G1CollectForAllocation
Event: 5.969 Executing VM operation: G1CollectForAllocation done

Events (20 events):
Event: 0.726 Thread 0x000001fbec541bf0 Thread exited: 0x000001fbec541bf0
Event: 0.780 Thread 0x000001fbec81fe50 Thread added: 0x000001fbec81fe50
Event: 0.794 Thread 0x000001fbecadf6e0 Thread added: 0x000001fbecadf6e0
Event: 1.023 Thread 0x000001fbecfda930 Thread added: 0x000001fbecfda930
Event: 1.026 Thread 0x000001fbecf64c50 Thread added: 0x000001fbecf64c50
Event: 1.526 Thread 0x000001fbece30970 Thread added: 0x000001fbece30970
Event: 1.631 Thread 0x000001fbece34080 Thread added: 0x000001fbece34080
Event: 2.000 Thread 0x000001fbece34080 Thread exited: 0x000001fbece34080
Event: 2.000 Thread 0x000001fbece30970 Thread exited: 0x000001fbece30970
Event: 2.059 Thread 0x000001fbecd2a120 Thread added: 0x000001fbecd2a120
Event: 2.125 Thread 0x000001fbf18babe0 Thread added: 0x000001fbf18babe0
Event: 2.394 Thread 0x000001fbecd28690 Thread added: 0x000001fbecd28690
Event: 2.757 Thread 0x000001fbf18babe0 Thread exited: 0x000001fbf18babe0
Event: 3.340 Thread 0x000001fbecd2a670 Thread added: 0x000001fbecd2a670
Event: 3.357 Thread 0x000001fbece46aa0 Thread added: 0x000001fbece46aa0
Event: 5.479 Thread 0x000001fbece4b500 Thread added: 0x000001fbece4b500
Event: 5.550 Thread 0x000001fbece46aa0 Thread exited: 0x000001fbece46aa0
Event: 5.649 Thread 0x000001fbece46550 Thread added: 0x000001fbece46550
Event: 5.685 Thread 0x000001fbec9aa150 Thread added: 0x000001fbec9aa150
Event: 5.925 Thread 0x000001fbecc0a820 Thread added: 0x000001fbecc0a820


Dynamic libraries:
0x00007ff6a1220000 - 0x00007ff6a1230000 	C:\Program Files\Java\jdk-20\bin\java.exe
0x00007ffff6b10000 - 0x00007ffff6d27000 	C:\WINDOWS\SYSTEM32\ntdll.dll
0x00007ffff49f0000 - 0x00007ffff4ab4000 	C:\WINDOWS\System32\KERNEL32.DLL
0x00007ffff4220000 - 0x00007ffff45c7000 	C:\WINDOWS\System32\KERNELBASE.dll
0x00007ffff4060000 - 0x00007ffff4171000 	C:\WINDOWS\System32\ucrtbase.dll
0x00007fffe25a0000 - 0x00007fffe25b9000 	C:\Program Files\Java\jdk-20\bin\jli.dll
0x00007fffe45d0000 - 0x00007fffe45eb000 	C:\Program Files\Java\jdk-20\bin\VCRUNTIME140.dll
0x00007ffff5fb0000 - 0x00007ffff6060000 	C:\WINDOWS\System32\ADVAPI32.dll
0x00007ffff6270000 - 0x00007ffff6317000 	C:\WINDOWS\System32\msvcrt.dll
0x00007ffff61c0000 - 0x00007ffff6266000 	C:\WINDOWS\System32\sechost.dll
0x00007ffff6750000 - 0x00007ffff6867000 	C:\WINDOWS\System32\RPCRT4.dll
0x00007ffff6570000 - 0x00007ffff671e000 	C:\WINDOWS\System32\USER32.dll
0x00007ffff3fb0000 - 0x00007ffff3fd6000 	C:\WINDOWS\System32\win32u.dll
0x00007ffff6720000 - 0x00007ffff6749000 	C:\WINDOWS\System32\GDI32.dll
0x00007ffff3e90000 - 0x00007ffff3fa9000 	C:\WINDOWS\System32\gdi32full.dll
0x00007ffff3050000 - 0x00007ffff32e3000 	C:\WINDOWS\WinSxS\amd64_microsoft.windows.common-controls_6595b64144ccf1df_6.0.22621.2506_none_270c5ae97388e100\COMCTL32.dll
0x00007ffff4180000 - 0x00007ffff421a000 	C:\WINDOWS\System32\msvcp_win.dll
0x00007fffedd00000 - 0x00007fffedd0a000 	C:\WINDOWS\SYSTEM32\VERSION.dll
0x00007ffff5af0000 - 0x00007ffff5b21000 	C:\WINDOWS\System32\IMM32.DLL
0x00007fffe4a80000 - 0x00007fffe4a8c000 	C:\Program Files\Java\jdk-20\bin\vcruntime140_1.dll
0x00007fffcf880000 - 0x00007fffcf90e000 	C:\Program Files\Java\jdk-20\bin\msvcp140.dll
0x00007fff83dd0000 - 0x00007fff84a68000 	C:\Program Files\Java\jdk-20\bin\server\jvm.dll
0x00007fffdd960000 - 0x00007fffdd969000 	C:\WINDOWS\SYSTEM32\WSOCK32.dll
0x00007fffec240000 - 0x00007fffec274000 	C:\WINDOWS\SYSTEM32\WINMM.dll
0x00007ffff64f0000 - 0x00007ffff6561000 	C:\WINDOWS\System32\WS2_32.dll
0x00007ffff25d0000 - 0x00007ffff25e8000 	C:\WINDOWS\SYSTEM32\kernel.appcore.dll
0x00007fffe4910000 - 0x00007fffe491a000 	C:\Program Files\Java\jdk-20\bin\jimage.dll
0x00007ffff3710000 - 0x00007ffff3943000 	C:\WINDOWS\SYSTEM32\DBGHELP.DLL
0x00007ffff5380000 - 0x00007ffff5709000 	C:\WINDOWS\System32\combase.dll
0x00007ffff6410000 - 0x00007ffff64e7000 	C:\WINDOWS\System32\OLEAUT32.dll
0x00007ffff35d0000 - 0x00007ffff3602000 	C:\WINDOWS\SYSTEM32\dbgcore.DLL
0x00007ffff3fe0000 - 0x00007ffff405a000 	C:\WINDOWS\System32\bcryptPrimitives.dll
0x00007fffe45a0000 - 0x00007fffe45c6000 	C:\Program Files\Java\jdk-20\bin\java.dll
0x00007fffc6dc0000 - 0x00007fffc6e97000 	C:\Program Files\Java\jdk-20\bin\jsvml.dll
0x00007ffff4b20000 - 0x00007ffff5379000 	C:\WINDOWS\System32\SHELL32.dll
0x00007ffff1500000 - 0x00007ffff1df4000 	C:\WINDOWS\SYSTEM32\windows.storage.dll
0x00007ffff13a0000 - 0x00007ffff14de000 	C:\WINDOWS\SYSTEM32\wintypes.dll
0x00007ffff69d0000 - 0x00007ffff6ac3000 	C:\WINDOWS\System32\SHCORE.dll
0x00007ffff4ac0000 - 0x00007ffff4b1e000 	C:\WINDOWS\System32\shlwapi.dll
0x00007ffff3dc0000 - 0x00007ffff3de6000 	C:\WINDOWS\SYSTEM32\profapi.dll
0x00007fffe25c0000 - 0x00007fffe25d3000 	C:\Program Files\Java\jdk-20\bin\net.dll
0x00007fffec8b0000 - 0x00007fffec9e7000 	C:\WINDOWS\SYSTEM32\WINHTTP.dll
0x00007ffff2bf0000 - 0x00007ffff2c59000 	C:\WINDOWS\system32\mswsock.dll
0x00007fffd1440000 - 0x00007fffd1456000 	C:\Program Files\Java\jdk-20\bin\nio.dll
0x00007fffd1420000 - 0x00007fffd1438000 	C:\Program Files\Java\jdk-20\bin\zip.dll
0x000001fbe8140000 - 0x000001fbe8143000 	C:\Program Files\Java\javafx-sdk-20.0.2\bin\api-ms-win-core-console-l1-1-0.dll
0x000001fbe8150000 - 0x000001fbe8153000 	C:\Program Files\Java\javafx-sdk-20.0.2\bin\api-ms-win-core-console-l1-2-0.dll
0x000001fbe8160000 - 0x000001fbe8163000 	C:\Program Files\Java\javafx-sdk-20.0.2\bin\api-ms-win-core-datetime-l1-1-0.dll
0x000001fbe8170000 - 0x000001fbe8173000 	C:\Program Files\Java\javafx-sdk-20.0.2\bin\api-ms-win-core-debug-l1-1-0.dll
0x000001fbe8180000 - 0x000001fbe8183000 	C:\Program Files\Java\javafx-sdk-20.0.2\bin\api-ms-win-core-errorhandling-l1-1-0.dll
0x000001fbe8190000 - 0x000001fbe8194000 	C:\Program Files\Java\javafx-sdk-20.0.2\bin\api-ms-win-core-file-l1-1-0.dll
0x000001fbe81a0000 - 0x000001fbe81a3000 	C:\Program Files\Java\javafx-sdk-20.0.2\bin\api-ms-win-core-file-l1-2-0.dll
0x000001fbe81b0000 - 0x000001fbe81b3000 	C:\Program Files\Java\javafx-sdk-20.0.2\bin\api-ms-win-core-file-l2-1-0.dll
0x000001fbe81c0000 - 0x000001fbe81c3000 	C:\Program Files\Java\javafx-sdk-20.0.2\bin\api-ms-win-core-handle-l1-1-0.dll
0x000001fbe81d0000 - 0x000001fbe81d3000 	C:\Program Files\Java\javafx-sdk-20.0.2\bin\api-ms-win-core-heap-l1-1-0.dll
0x000001fbe81e0000 - 0x000001fbe81e3000 	C:\Program Files\Java\javafx-sdk-20.0.2\bin\api-ms-win-core-interlocked-l1-1-0.dll
0x000001fbe81f0000 - 0x000001fbe81f3000 	C:\Program Files\Java\javafx-sdk-20.0.2\bin\api-ms-win-core-libraryloader-l1-1-0.dll
0x000001fbe8200000 - 0x000001fbe8203000 	C:\Program Files\Java\javafx-sdk-20.0.2\bin\api-ms-win-core-localization-l1-2-0.dll
0x000001fbe8210000 - 0x000001fbe8213000 	C:\Program Files\Java\javafx-sdk-20.0.2\bin\api-ms-win-core-memory-l1-1-0.dll
0x000001fbe8220000 - 0x000001fbe8223000 	C:\Program Files\Java\javafx-sdk-20.0.2\bin\api-ms-win-core-namedpipe-l1-1-0.dll
0x000001fbe8230000 - 0x000001fbe8233000 	C:\Program Files\Java\javafx-sdk-20.0.2\bin\api-ms-win-core-processenvironment-l1-1-0.dll
0x000001fbe8240000 - 0x000001fbe8243000 	C:\Program Files\Java\javafx-sdk-20.0.2\bin\api-ms-win-core-processthreads-l1-1-0.dll
0x000001fbe8250000 - 0x000001fbe8253000 	C:\Program Files\Java\javafx-sdk-20.0.2\bin\api-ms-win-core-processthreads-l1-1-1.dll
0x000001fbe8260000 - 0x000001fbe8263000 	C:\Program Files\Java\javafx-sdk-20.0.2\bin\api-ms-win-core-profile-l1-1-0.dll
0x000001fbe8270000 - 0x000001fbe8273000 	C:\Program Files\Java\javafx-sdk-20.0.2\bin\api-ms-win-core-rtlsupport-l1-1-0.dll
0x000001fbe8280000 - 0x000001fbe8283000 	C:\Program Files\Java\javafx-sdk-20.0.2\bin\api-ms-win-core-string-l1-1-0.dll
0x000001fbe8290000 - 0x000001fbe8293000 	C:\Program Files\Java\javafx-sdk-20.0.2\bin\api-ms-win-core-synch-l1-1-0.dll
0x000001fbe82a0000 - 0x000001fbe82a3000 	C:\Program Files\Java\javafx-sdk-20.0.2\bin\api-ms-win-core-synch-l1-2-0.dll
0x000001fbe82b0000 - 0x000001fbe82b3000 	C:\Program Files\Java\javafx-sdk-20.0.2\bin\api-ms-win-core-sysinfo-l1-1-0.dll
0x000001fbe82c0000 - 0x000001fbe82c3000 	C:\Program Files\Java\javafx-sdk-20.0.2\bin\api-ms-win-core-timezone-l1-1-0.dll
0x000001fbe82d0000 - 0x000001fbe82d3000 	C:\Program Files\Java\javafx-sdk-20.0.2\bin\api-ms-win-core-util-l1-1-0.dll
0x000001fbe82e0000 - 0x000001fbe82e3000 	C:\Program Files\Java\javafx-sdk-20.0.2\bin\api-ms-win-crt-conio-l1-1-0.dll
0x000001fbe82f0000 - 0x000001fbe82f4000 	C:\Program Files\Java\javafx-sdk-20.0.2\bin\api-ms-win-crt-convert-l1-1-0.dll
0x000001fbe8300000 - 0x000001fbe8303000 	C:\Program Files\Java\javafx-sdk-20.0.2\bin\api-ms-win-crt-environment-l1-1-0.dll
0x000001fbe8310000 - 0x000001fbe8313000 	C:\Program Files\Java\javafx-sdk-20.0.2\bin\api-ms-win-crt-filesystem-l1-1-0.dll
0x000001fbe8320000 - 0x000001fbe8323000 	C:\Program Files\Java\javafx-sdk-20.0.2\bin\api-ms-win-crt-heap-l1-1-0.dll
0x000001fbe8330000 - 0x000001fbe8333000 	C:\Program Files\Java\javafx-sdk-20.0.2\bin\api-ms-win-crt-locale-l1-1-0.dll
0x000001fbe8340000 - 0x000001fbe8345000 	C:\Program Files\Java\javafx-sdk-20.0.2\bin\api-ms-win-crt-math-l1-1-0.dll
0x000001fbe8350000 - 0x000001fbe8355000 	C:\Program Files\Java\javafx-sdk-20.0.2\bin\api-ms-win-crt-multibyte-l1-1-0.dll
0x000001fbe8360000 - 0x000001fbe8370000 	C:\Program Files\Java\javafx-sdk-20.0.2\bin\api-ms-win-crt-private-l1-1-0.dll
0x000001fbe8370000 - 0x000001fbe8373000 	C:\Program Files\Java\javafx-sdk-20.0.2\bin\api-ms-win-crt-process-l1-1-0.dll
0x000001fbe8380000 - 0x000001fbe8384000 	C:\Program Files\Java\javafx-sdk-20.0.2\bin\api-ms-win-crt-runtime-l1-1-0.dll
0x000001fbe8390000 - 0x000001fbe8394000 	C:\Program Files\Java\javafx-sdk-20.0.2\bin\api-ms-win-crt-stdio-l1-1-0.dll
0x000001fbe83a0000 - 0x000001fbe83a4000 	C:\Program Files\Java\javafx-sdk-20.0.2\bin\api-ms-win-crt-string-l1-1-0.dll
0x000001fbe83b0000 - 0x000001fbe83b3000 	C:\Program Files\Java\javafx-sdk-20.0.2\bin\api-ms-win-crt-time-l1-1-0.dll
0x000001fbe83c0000 - 0x000001fbe83c3000 	C:\Program Files\Java\javafx-sdk-20.0.2\bin\api-ms-win-crt-utility-l1-1-0.dll
0x00007fffc8c40000 - 0x00007fffc8d3c000 	C:\Program Files\Java\javafx-sdk-20.0.2\bin\ucrtbase.dll
0x00007fffec670000 - 0x00007fffec68b000 	C:\Program Files\Java\javafx-sdk-20.0.2\bin\vcruntime140.dll
0x00007fffedf60000 - 0x00007fffedf6c000 	C:\Program Files\Java\javafx-sdk-20.0.2\bin\vcruntime140_1.dll
0x00007fffc8bb0000 - 0x00007fffc8c3e000 	C:\Program Files\Java\javafx-sdk-20.0.2\bin\msvcp140.dll
0x00007fffec650000 - 0x00007fffec659000 	C:\Program Files\Java\javafx-sdk-20.0.2\bin\msvcp140_1.dll
0x00007fffd0ec0000 - 0x00007fffd0ef0000 	C:\Program Files\Java\javafx-sdk-20.0.2\bin\msvcp140_2.dll
0x00007fffcfae0000 - 0x00007fffcfb0f000 	C:\Program Files\Java\javafx-sdk-20.0.2\bin\prism_d3d.dll
0x00007fffc8860000 - 0x00007fffc8a09000 	C:\WINDOWS\system32\d3d9.dll
0x00007ffff0c90000 - 0x00007ffff0cbb000 	C:\WINDOWS\SYSTEM32\dwmapi.dll
0x00007ffff0680000 - 0x00007ffff06b6000 	C:\WINDOWS\SYSTEM32\dxcore.dll
0x00007ffff05a0000 - 0x00007ffff064b000 	C:\WINDOWS\system32\uxtheme.dll
0x00007fffc8180000 - 0x00007fffc82e5000 	C:\WINDOWS\System32\DriverStore\FileRepository\igdlh64.inf_amd64_dccdb071926b5316\igdumdim64.dll
0x00007ffff5710000 - 0x00007ffff58b0000 	C:\WINDOWS\System32\ole32.dll
0x00007fff7b8f0000 - 0x00007fff7f544000 	C:\WINDOWS\System32\DriverStore\FileRepository\igdlh64.inf_amd64_dccdb071926b5316\igd9dxva64.dll
0x00007ffff5b30000 - 0x00007ffff5fa4000 	C:\WINDOWS\System32\SETUPAPI.dll
0x00007ffff3a90000 - 0x00007ffff3ade000 	C:\WINDOWS\SYSTEM32\cfgmgr32.dll
0x00007fffe2100000 - 0x00007fffe24c1000 	C:\WINDOWS\System32\DriverStore\FileRepository\igdlh64.inf_amd64_dccdb071926b5316\igdgmm64.dll
0x00007fffeb0e0000 - 0x00007fffeb12a000 	C:\WINDOWS\SYSTEM32\directxdatabasehelper.dll
0x00007fffc8b60000 - 0x00007fffc8ba2000 	C:\Program Files\Java\javafx-sdk-20.0.2\bin\glass.dll
0x00007ffff48f0000 - 0x00007ffff49e9000 	C:\WINDOWS\System32\COMDLG32.dll
0x00007ffff6870000 - 0x00007ffff69bf000 	C:\WINDOWS\System32\MSCTF.dll
0x00007fff9ae40000 - 0x00007fff9ae67000 	C:\WINDOWS\System32\DriverStore\FileRepository\igdlh64.inf_amd64_dccdb071926b5316\igdinfo64.dll
0x00007ffff3a40000 - 0x00007ffff3a5b000 	C:\WINDOWS\SYSTEM32\CRYPTSP.dll
0x00007ffff2590000 - 0x00007ffff25c5000 	C:\WINDOWS\system32\rsaenh.dll
0x00007ffff2e90000 - 0x00007ffff2e9c000 	C:\WINDOWS\SYSTEM32\CRYPTBASE.dll
0x00007ffff36e0000 - 0x00007ffff3708000 	C:\WINDOWS\SYSTEM32\bcrypt.dll
0x00007fffddd50000 - 0x00007fffe0f56000 	C:\WINDOWS\System32\DriverStore\FileRepository\igdlh64.inf_amd64_dccdb071926b5316\igc64.dll
0x00007fffd0de0000 - 0x00007fffd0df4000 	C:\Program Files\Java\javafx-sdk-20.0.2\bin\javafx_font.dll
0x00007fffee8e0000 - 0x00007fffeeb53000 	C:\WINDOWS\SYSTEM32\dwrite.dll
0x00007ffff6060000 - 0x00007ffff6110000 	C:\WINDOWS\System32\clbcatq.dll
0x00007fffee5e0000 - 0x00007fffee790000 	C:\WINDOWS\SYSTEM32\WindowsCodecs.dll
0x00007fffc4fa0000 - 0x00007fffc4ffe000 	C:\WINDOWS\system32\dataexchange.dll
0x00007fffe4680000 - 0x00007fffe4905000 	C:\WINDOWS\system32\twinapi.appcore.dll
0x00007fffceeb0000 - 0x00007fffceee2000 	C:\Program Files\Common Files\Microsoft Shared\Ink\rtscom.dll
0x00007fffe50d0000 - 0x00007fffe521a000 	C:\WINDOWS\SYSTEM32\textinputframework.dll
0x00007fffef8b0000 - 0x00007fffef9e3000 	C:\WINDOWS\SYSTEM32\CoreMessaging.dll
0x00007fffe9910000 - 0x00007fffe9c7c000 	C:\WINDOWS\SYSTEM32\CoreUIComponents.dll
0x00007fffcf7e0000 - 0x00007fffcf806000 	C:\Windows\System32\dpuareu_jni.dll
0x00007fffc8ae0000 - 0x00007fffc8b54000 	C:\WINDOWS\SYSTEM32\dpfj.dll
0x00007fffcf150000 - 0x00007fffcf17b000 	C:\WINDOWS\SYSTEM32\dpfpdd.dll
0x00007fffea350000 - 0x00007fffea3e0000 	C:\WINDOWS\SYSTEM32\DPFPApi.DLL
0x00007ffff4700000 - 0x00007ffff4866000 	C:\WINDOWS\System32\CRYPT32.dll

dbghelp: loaded successfully - version: 4.0.5 - missing functions: none
symbol engine: initialized successfully - sym options: 0x614 - pdb path: .;C:\Program Files\Java\jdk-20\bin;C:\WINDOWS\SYSTEM32;C:\WINDOWS\WinSxS\amd64_microsoft.windows.common-controls_6595b64144ccf1df_6.0.22621.2506_none_270c5ae97388e100;C:\Program Files\Java\jdk-20\bin\server;C:\Program Files\Java\javafx-sdk-20.0.2\bin;C:\WINDOWS\System32\DriverStore\FileRepository\igdlh64.inf_amd64_dccdb071926b5316;C:\Program Files\Common Files\Microsoft Shared\Ink

VM Arguments:
jvm_args: -Dfile.encoding=UTF-8 --module-path=C:\Program Files\Java\javafx-sdk-20.0.2\lib --add-modules=javafx.controls,javafx.fxml --module-path=C:\Program Files\Java\javafx-sdk-20.0.2\lib\javafx-swt.jar;C:\Program Files\Java\javafx-sdk-20.0.2\lib\javafx.base.jar;C:\Program Files\Java\javafx-sdk-20.0.2\lib\javafx.controls.jar;C:\Program Files\Java\javafx-sdk-20.0.2\lib\javafx.fxml.jar;C:\Program Files\Java\javafx-sdk-20.0.2\lib\javafx.graphics.jar;C:\Program Files\Java\javafx-sdk-20.0.2\lib\javafx.media.jar;C:\Program Files\Java\javafx-sdk-20.0.2\lib\javafx.swing.jar;C:\Program Files\Java\javafx-sdk-20.0.2\lib\javafx.web.jar 
java_command: Main
java_class_path (initial): C:\Program Files\Java\javafx-sdk-20.0.2\lib\javafx-swt.jar;C:\Program Files\Java\javafx-sdk-20.0.2\lib\javafx.base.jar;C:\Program Files\Java\javafx-sdk-20.0.2\lib\javafx.controls.jar;C:\Program Files\Java\javafx-sdk-20.0.2\lib\javafx.fxml.jar;C:\Program Files\Java\javafx-sdk-20.0.2\lib\javafx.graphics.jar;C:\Program Files\Java\javafx-sdk-20.0.2\lib\javafx.media.jar;C:\Program Files\Java\javafx-sdk-20.0.2\lib\javafx.swing.jar;C:\Program Files\Java\javafx-sdk-20.0.2\lib\javafx.web.jar;C:\Program Files\DigitalPersona\U.are.U SDK\Windows\Lib\Java\dpuareu.jar;C:\Program Files\Java\mysql-connector-j-8.1.0\mysql-connector-j-8.1.0.jar;C:\Programming\NetBeansProjects\attendance-system\build\classes
Launcher Type: SUN_STANDARD

[Global flags]
     intx CICompilerCount                          = 4                                         {product} {ergonomic}
     uint ConcGCThreads                            = 2                                         {product} {ergonomic}
     uint G1ConcRefinementThreads                  = 8                                         {product} {ergonomic}
   size_t G1HeapRegionSize                         = 1048576                                   {product} {ergonomic}
    uintx GCDrainStackTargetSize                   = 64                                        {product} {ergonomic}
   size_t InitialHeapSize                          = 134217728                                 {product} {ergonomic}
   size_t MarkStackSize                            = 4194304                                   {product} {ergonomic}
   size_t MaxHeapSize                              = 2116026368                                {product} {ergonomic}
   size_t MaxNewSize                               = 1268776960                                {product} {ergonomic}
   size_t MinHeapDeltaBytes                        = 1048576                                   {product} {ergonomic}
   size_t MinHeapSize                              = 8388608                                   {product} {ergonomic}
    uintx NonNMethodCodeHeapSize                   = 5839372                                {pd product} {ergonomic}
    uintx NonProfiledCodeHeapSize                  = 122909434                              {pd product} {ergonomic}
    uintx ProfiledCodeHeapSize                     = 122909434                              {pd product} {ergonomic}
    uintx ReservedCodeCacheSize                    = 251658240                              {pd product} {ergonomic}
     bool SegmentedCodeCache                       = true                                      {product} {ergonomic}
   size_t SoftMaxHeapSize                          = 2116026368                             {manageable} {ergonomic}
     bool UseCompressedClassPointers               = true                           {product lp64_product} {ergonomic}
     bool UseCompressedOops                        = true                           {product lp64_product} {ergonomic}
     bool UseG1GC                                  = true                                      {product} {ergonomic}
     bool UseLargePagesIndividualAllocation        = false                                  {pd product} {ergonomic}

Logging:
Log output configuration:
 #0: stdout all=warning uptime,level,tags foldmultilines=false
 #1: stderr all=off uptime,level,tags foldmultilines=false

Environment Variables:
JAVA_HOME=C:\Program Files\Java\jdk-20
CLASSPATH=C:\Program Files\Java\mysql-connector-j-8.1.0\mysql-connector-j-8.1.0.jar
PATH=C:\Program Files\Common Files\Oracle\Java\javapath;C:\Program Files (x86)\Common Files\Oracle\Java\javapath;C:\WINDOWS\system32;C:\WINDOWS;C:\WINDOWS\System32\Wbem;C:\WINDOWS\System32\WindowsPowerShell\v1.0\;C:\WINDOWS\System32\OpenSSH\;C:\Program Files\Git\cmd;C:\Program Files\dotnet\;C:\Users\danodoms\AppData\Local\Microsoft\WindowsApps;C:\Users\danodoms\AppData\Local\Programs\Microsoft VS Code\bin;
USERNAME=admin
OS=Windows_NT
PROCESSOR_IDENTIFIER=Intel64 Family 6 Model 142 Stepping 10, GenuineIntel
TMP=C:\Users\danodoms\AppData\Local\Temp
TEMP=C:\Users\danodoms\AppData\Local\Temp




---------------  S Y S T E M  ---------------

OS:
 Windows 11 , 64 bit Build 22621 (10.0.22621.2506)
OS uptime: 0 days 17:51 hours

CPU: total 8 (initial active 8) (4 cores per cpu, 2 threads per core) family 6 model 142 stepping 10 microcode 0xf4, cx8, cmov, fxsr, ht, mmx, 3dnowpref, sse, sse2, sse3, ssse3, sse4.1, sse4.2, popcnt, lzcnt, tsc, tscinvbit, avx, avx2, aes, erms, clmul, bmi1, bmi2, rtm, adx, fma, vzeroupper, clflush, clflushopt, rdtscp, f16c

Memory: 4k page, system-wide physical 8071M (1049M free)
TotalPageFile size 18823M (AvailPageFile size 9064M)
current process WorkingSet (physical memory assigned to process): 188M, peak: 188M
current process commit charge ("private bytes"): 301M, peak: 302M

vm_info: Java HotSpot(TM) 64-Bit Server VM (20.0.2+9-78) for windows-amd64 JRE (20.0.2+9-78), built on 2023-06-14T10:08:48Z by "mach5one" with MS VC++ 17.1 (VS2022)

END.
