#
# A fatal error has been detected by the Java Runtime Environment:
#
#  EXCEPTION_ACCESS_VIOLATION (0xc0000005) at pc=0x00007fffb20ca330, pid=15996, tid=16156
#
# JRE version: Java(TM) SE Runtime Environment (20.0.2+9) (build 20.0.2+9-78)
# Java VM: Java HotSpot(TM) 64-Bit Server VM (20.0.2+9-78, mixed mode, sharing, tiered, compressed oops, compressed class ptrs, g1 gc, windows-amd64)
# Problematic frame:
# V  [jvm.dll+0xa330]
#
# No core dump will be written. Minidumps are not enabled by default on client versions of Windows
#
# If you would like to submit a bug report, please visit:
#   https://bugreport.java.com/bugreport/crash.jsp
#

---------------  S U M M A R Y ------------

Command Line: -Dfile.encoding=UTF-8 --module-path=C:\Program Files\Java\javafx-sdk-20.0.2\lib --add-modules=javafx.controls,javafx.fxml --module-path=C:\Program Files\Java\javafx-sdk-20.0.2\lib\javafx-swt.jar;C:\Program Files\Java\javafx-sdk-20.0.2\lib\javafx.base.jar;C:\Program Files\Java\javafx-sdk-20.0.2\lib\javafx.controls.jar;C:\Program Files\Java\javafx-sdk-20.0.2\lib\javafx.fxml.jar;C:\Program Files\Java\javafx-sdk-20.0.2\lib\javafx.graphics.jar;C:\Program Files\Java\javafx-sdk-20.0.2\lib\javafx.media.jar;C:\Program Files\Java\javafx-sdk-20.0.2\lib\javafx.swing.jar;C:\Program Files\Java\javafx-sdk-20.0.2\lib\javafx.web.jar Main

Host: Intel(R) Core(TM) i5-8350U CPU @ 1.70GHz, 8 cores, 7G,  Windows 11 , 64 bit Build 22621 (10.0.22621.2506)
Time: Fri Nov  3 16:13:39 2023 Malay Peninsula Standard Time elapsed time: 4.897296 seconds (0d 0h 0m 4s)

---------------  T H R E A D  ---------------

Current thread (0x0000022300d6f6e0):  JavaThread "Thread-3" [_thread_in_vm, id=16156, stack(0x00000050b7900000,0x00000050b7a00000)]

Stack: [0x00000050b7900000,0x00000050b7a00000],  sp=0x00000050b79ff228,  free space=1020k
Native frames: (J=compiled Java code, j=interpreted, Vv=VM code, C=native code)
V  [jvm.dll+0xa330]

Java frames: (J=compiled Java code, j=interpreted, Vv=VM code)
j  com.digitalpersona.uareu.jni.Dpfj.DpfjIdentify([BII[[BIILcom/digitalpersona/uareu/jni/Dpfj$IntReference;[Lcom/digitalpersona/uareu/Engine$Candidate;)I+0
j  com.digitalpersona.uareu.jni.Dpfj.identify(Lcom/digitalpersona/uareu/Fmd;I[Lcom/digitalpersona/uareu/Fmd;II)[Lcom/digitalpersona/uareu/Engine$Candidate;+148
j  com.digitalpersona.uareu.dpfj.EngineImpl.Identify(Lcom/digitalpersona/uareu/Fmd;I[Lcom/digitalpersona/uareu/Fmd;II)[Lcom/digitalpersona/uareu/Engine$Candidate;+11
j  Fingerprint.IdentificationThread.startIdentification(Lcom/digitalpersona/uareu/Reader;Ljavafx/scene/image/ImageView;)V+104
j  Fingerprint.IdentificationThread.run()V+9
v  ~StubRoutines::call_stub 0x000002232ca2100d

siginfo: EXCEPTION_ACCESS_VIOLATION (0xc0000005), reading address 0x0000000000000000


Registers:
RAX=0x0000000000000000, RBX=0x0000022300d6f6e0, RCX=0x0000000000000000, RDX=0x0000000000000000
RSP=0x00000050b79ff228, RBP=0x00000050b79ff3d8, RSI=0x0000022300d6f9c0, RDI=0x0000000000000000
R8 =0x00000050b79ff430, R9 =0x0000000001010001, R10=0x00007fffb2c066d0, R11=0x0000000000000101
R12=0x0000000000000000, R13=0x000002237c378d78, R14=0x00000050b79ff438, R15=0x0000000000000000
RIP=0x00007fffb20ca330, EFLAGS=0x0000000000010246


Register to memory mapping:

RIP=0x00007fffb20ca330 jvm.dll
RAX=0x0 is NULL
RBX=0x0000022300d6f6e0 is a thread
RCX=0x0 is NULL
RDX=0x0 is NULL
RSP=0x00000050b79ff228 is pointing into the stack for thread: 0x0000022300d6f6e0
RBP=0x00000050b79ff3d8 is pointing into the stack for thread: 0x0000022300d6f6e0
RSI=0x0000022300d6f9c0 points into unknown readable memory: 0x00007fffb2c066d0 | d0 66 c0 b2 ff 7f 00 00
RDI=0x0 is NULL
R8 =0x00000050b79ff430 is pointing into the stack for thread: 0x0000022300d6f6e0
R9 =0x0000000001010001 is an unknown value
R10=0x00007fffb2c066d0 jvm.dll
R11=0x0000000000000101 is an unknown value
R12=0x0 is NULL
R13={method} {0x000002237c378d80} 'DpfjIdentify' '([BII[[BIILcom/digitalpersona/uareu/jni/Dpfj$IntReference;[Lcom/digitalpersona/uareu/Engine$Candidate;)I' in 'com/digitalpersona/uareu/jni/Dpfj'
R14=0x00000050b79ff438 is pointing into the stack for thread: 0x0000022300d6f6e0
R15=0x0 is NULL


Top of Stack: (sp=0x00000050b79ff228)
0x00000050b79ff228:   00007fffb24fb549 000002230000000a
0x00000050b79ff238:   0000001b955b55b4 000002237c378d78
0x00000050b79ff248:   0000022300d6f6e0 00000050b79ff430
0x00000050b79ff258:   00007fffcfb0208a 000002237c378d78
0x00000050b79ff268:   0000022300d6f9c0 0000022300d6f6e0
0x00000050b79ff278:   00000050b79ff438 0000000000000000
0x00000050b79ff288:   000002237bfe2e38 000002233a8bd890
0x00000050b79ff298:   000002237c378d78 00000050b79ff3d8
0x00000050b79ff2a8:   00007fffb249b7f5 000002232ca8d275
0x00000050b79ff2b8:   0000001b955b55b4 000001b600d6f6e0
0x00000050b79ff2c8:   000002237c964bb8 000002237c378d78
0x00000050b79ff2d8:   0000022300d6f6e0 0000022300d6f6e0
0x00000050b79ff2e8:   00000050b79ff438 000002237c378d78
0x00000050b79ff2f8:   0000000000000000 000002237bfe2e38
0x00000050b79ff308:   000002233a8bd890 000002237c378d78
0x00000050b79ff318:   000002232ca41ff3 0000022300d6f6e0
0x00000050b79ff328:   00007fffb2499251 00000050b79ff430
0x00000050b79ff338:   00007fff01010001 0000022300000000
0x00000050b79ff348:   0000000000000000 00000223ffffffff
0x00000050b79ff358:   00000223000053e2 00000050b79ff400
0x00000050b79ff368:   00000050b79ff3f8 0000022300d6f6e0
0x00000050b79ff378:   00007fffb2499251 00000050b79ff430
0x00000050b79ff388:   000002232ca41c96 00000050b79ff390
0x00000050b79ff398:   000002237c378d78 00000050b79ff438
0x00000050b79ff3a8:   000002237c37aba0 0000000000000000
0x00000050b79ff3b8:   00000000878f5698 000002237c378d78
0x00000050b79ff3c8:   0000000000000000 00000050b79ff3f8
0x00000050b79ff3d8:   00000050b79ff488 000002232ca3df9e
0x00000050b79ff3e8:   0000000000000000 000002232ca3f895
0x00000050b79ff3f8:   0000000089b733e8 0000000089b743e8
0x00000050b79ff408:   00000000000053e2 00000000ffffffff
0x00000050b79ff418:   0000000000000000 0000000000000000 

Instructions: (pc=0x00007fffb20ca330)
0x00007fffb20ca230:   ec 0d b3 00 48 83 c4 20 5b 48 ff e0 48 8d 05 ed
0x00007fffb20ca240:   00 00 00 48 8b cb 48 89 05 d3 0d b3 00 48 83 c4
0x00007fffb20ca250:   20 5b 48 ff e0 48 8d 05 d4 00 00 00 48 8b cb 48
0x00007fffb20ca260:   89 05 ba 0d b3 00 48 83 c4 20 5b 48 ff e0 48 8b
0x00007fffb20ca270:   0d cb 76 b9 00 8b 51 10 83 ea 01 0f 84 91 00 00
0x00007fffb20ca280:   00 83 ea 01 74 73 83 ea 01 74 55 83 fa 01 74 37
0x00007fffb20ca290:   4c 8d 0d e9 08 8a 00 41 b8 e2 00 00 00 48 8d 15
0x00007fffb20ca2a0:   14 09 8a 00 b9 00 00 00 e0 e8 42 68 27 00 e8 5d
0x00007fffb20ca2b0:   19 6b 00 33 c0 48 8b cb 48 89 05 61 0d b3 00 48
0x00007fffb20ca2c0:   83 c4 20 5b 48 ff e0 48 8d 05 72 00 00 00 48 8b
0x00007fffb20ca2d0:   cb 48 89 05 48 0d b3 00 48 83 c4 20 5b 48 ff e0
0x00007fffb20ca2e0:   48 8d 05 49 00 00 00 48 8b cb 48 89 05 2f 0d b3
0x00007fffb20ca2f0:   00 48 83 c4 20 5b 48 ff e0 48 8d 05 30 00 00 00
0x00007fffb20ca300:   48 8b cb 48 89 05 16 0d b3 00 48 83 c4 20 5b 48
0x00007fffb20ca310:   ff e0 48 8d 05 17 00 00 00 48 8b cb 48 89 05 fd
0x00007fffb20ca320:   0c b3 00 48 83 c4 20 5b 48 ff e0 cc cc cc cc cc
0x00007fffb20ca330:   48 8b 01 c3 cc cc cc cc cc cc cc cc cc cc cc cc
0x00007fffb20ca340:   48 89 5c 24 08 57 48 83 ec 20 48 8b 39 48 8b d9
0x00007fffb20ca350:   48 85 3d a1 90 be 00 75 0e 48 8b c7 48 8b 5c 24
0x00007fffb20ca360:   30 48 83 c4 20 5f c3 48 8b cf e8 c1 0e 87 00 48
0x00007fffb20ca370:   8b d0 48 85 c0 74 20 48 8b c7 f0 48 0f b1 13 74
0x00007fffb20ca380:   16 48 85 05 70 90 be 00 74 0d 48 8b c8 f0 48 0f
0x00007fffb20ca390:   b1 13 48 3b c1 75 ea 48 8b 5c 24 30 48 8b c2 48
0x00007fffb20ca3a0:   83 c4 20 5f c3 cc cc cc cc cc cc cc cc cc cc cc
0x00007fffb20ca3b0:   8b 44 24 30 45 03 c9 44 2b 4c 24 28 83 c0 0b 44
0x00007fffb20ca3c0:   03 ca 45 03 c8 41 03 c1 c3 cc cc cc cc cc cc cc
0x00007fffb20ca3d0:   48 8b 41 08 0f b7 48 2a 0f b7 40 28 83 c0 48 03
0x00007fffb20ca3e0:   c1 c3 cc cc cc cc cc cc cc cc cc cc cc cc cc cc
0x00007fffb20ca3f0:   48 89 5c 24 08 57 48 83 ec 20 0f b6 05 3f 98 be
0x00007fffb20ca400:   00 48 8b fa 48 8b d9 84 c0 74 4f 48 85 15 e6 8f
0x00007fffb20ca410:   be 00 74 38 48 8b ca e8 24 11 87 00 48 8b d0 48
0x00007fffb20ca420:   85 db 74 25 48 85 c0 74 20 48 8b c7 f0 48 0f b1 


Stack slot to memory mapping:
stack at sp + 0 slots: 0x00007fffb24fb549 jvm.dll
stack at sp + 1 slots: 0x000002230000000a points into unknown readable memory: 72 c1 bb 55 01 01
stack at sp + 2 slots: 0x0000001b955b55b4 is an unknown value
stack at sp + 3 slots: {method} {0x000002237c378d80} 'DpfjIdentify' '([BII[[BIILcom/digitalpersona/uareu/jni/Dpfj$IntReference;[Lcom/digitalpersona/uareu/Engine$Candidate;)I' in 'com/digitalpersona/uareu/jni/Dpfj'
stack at sp + 4 slots: 0x0000022300d6f6e0 is a thread
stack at sp + 5 slots: 0x00000050b79ff430 is pointing into the stack for thread: 0x0000022300d6f6e0
stack at sp + 6 slots: 0x00007fffcfb0208a dpuareu_jni.dll
stack at sp + 7 slots: {method} {0x000002237c378d80} 'DpfjIdentify' '([BII[[BIILcom/digitalpersona/uareu/jni/Dpfj$IntReference;[Lcom/digitalpersona/uareu/Engine$Candidate;)I' in 'com/digitalpersona/uareu/jni/Dpfj'


---------------  P R O C E S S  ---------------

Threads class SMR info:
_java_thread_list=0x0000022300f0ecf0, length=23, elements={
0x000002231bc48030, 0x000002233a5af190, 0x000002233a5b4040, 0x000002233a5b67e0,
0x000002233a5ba9a0, 0x000002233a5c11e0, 0x000002233a5c1730, 0x000002233a5c9ea0,
0x000002233a5ca820, 0x000002233a5becb0, 0x000002233a5c1c80, 0x000002233a5bf750,
0x000002233a5c0740, 0x000002233a5bfca0, 0x000002233a5bf200, 0x000002233a5c01f0,
0x0000022300d6fc30, 0x0000022300d6f190, 0x0000022300d6f6e0, 0x0000022300d716c0,
0x0000022300d70180, 0x000002230102f030, 0x000002230104e550
}

Java Threads: ( => current thread )
  0x000002231bc48030 JavaThread "main" [_thread_blocked, id=11956, stack(0x00000050b5200000,0x00000050b5300000)]
  0x000002233a5af190 JavaThread "Reference Handler" daemon [_thread_blocked, id=14840, stack(0x00000050b5900000,0x00000050b5a00000)]
  0x000002233a5b4040 JavaThread "Finalizer" daemon [_thread_blocked, id=2576, stack(0x00000050b5a00000,0x00000050b5b00000)]
  0x000002233a5b67e0 JavaThread "Signal Dispatcher" daemon [_thread_blocked, id=7988, stack(0x00000050b5b00000,0x00000050b5c00000)]
  0x000002233a5ba9a0 JavaThread "Attach Listener" daemon [_thread_blocked, id=15096, stack(0x00000050b5c00000,0x00000050b5d00000)]
  0x000002233a5c11e0 JavaThread "Service Thread" daemon [_thread_blocked, id=14956, stack(0x00000050b5d00000,0x00000050b5e00000)]
  0x000002233a5c1730 JavaThread "Monitor Deflation Thread" daemon [_thread_blocked, id=10624, stack(0x00000050b5e00000,0x00000050b5f00000)]
  0x000002233a5c9ea0 JavaThread "C2 CompilerThread0" daemon [_thread_blocked, id=13480, stack(0x00000050b5f00000,0x00000050b6000000)]
  0x000002233a5ca820 JavaThread "C1 CompilerThread0" daemon [_thread_blocked, id=2976, stack(0x00000050b6000000,0x00000050b6100000)]
  0x000002233a5becb0 JavaThread "Common-Cleaner" daemon [_thread_blocked, id=12444, stack(0x00000050b6100000,0x00000050b6200000)]
  0x000002233a5c1c80 JavaThread "Notification Thread" daemon [_thread_blocked, id=6692, stack(0x00000050b6400000,0x00000050b6500000)]
  0x000002233a5bf750 JavaThread "QuantumRenderer-0" daemon [_thread_blocked, id=15484, stack(0x00000050b6600000,0x00000050b6700000)]
  0x000002233a5c0740 JavaThread "InvokeLaterDispatcher" daemon [_thread_blocked, id=6496, stack(0x00000050b6700000,0x00000050b6800000)]
  0x000002233a5bfca0 JavaThread "JavaFX Application Thread" [_thread_in_native, id=5360, stack(0x00000050b6800000,0x00000050b6900000)]
  0x000002233a5bf200 JavaThread "JavaFX-Launcher" [_thread_blocked, id=6884, stack(0x00000050b6d00000,0x00000050b6e00000)]
  0x000002233a5c01f0 JavaThread "Thread-2" daemon [_thread_in_native, id=3060, stack(0x00000050b6c00000,0x00000050b6d00000)]
  0x0000022300d6fc30 JavaThread "Prism Font Disposer" daemon [_thread_blocked, id=15216, stack(0x00000050b7700000,0x00000050b7800000)]
  0x0000022300d6f190 JavaThread "Cleaner-0" daemon [_thread_blocked, id=15444, stack(0x00000050b7800000,0x00000050b7900000)]
=>0x0000022300d6f6e0 JavaThread "Thread-3" [_thread_in_vm, id=16156, stack(0x00000050b7900000,0x00000050b7a00000)]
  0x0000022300d716c0 JavaThread "Java2D Disposer" daemon [_thread_blocked, id=13420, stack(0x00000050b7b00000,0x00000050b7c00000)]
  0x0000022300d70180 JavaThread "mysql-cj-abandoned-connection-cleanup" daemon [_thread_blocked, id=14624, stack(0x00000050b7a00000,0x00000050b7b00000)]
  0x000002230102f030 JavaThread "C2 CompilerThread1" daemon [_thread_blocked, id=12088, stack(0x00000050b7c00000,0x00000050b7d00000)]
  0x000002230104e550 JavaThread "C2 CompilerThread2" daemon [_thread_blocked, id=14724, stack(0x00000050b7e00000,0x00000050b7f00000)]

Other Threads:
  0x000002233a58c740 VMThread "VM Thread" [stack: 0x00000050b5800000,0x00000050b5900000] [id=10100]
  0x00000223000d8590 WatcherThread "VM Periodic Task Thread" [stack: 0x00000050b6500000,0x00000050b6600000] [id=7340]
  0x000002231bca69b0 WorkerThread "GC Thread#0" [stack: 0x00000050b5300000,0x00000050b5400000] [id=13640]
  0x000002230096dc10 WorkerThread "GC Thread#1" [stack: 0x00000050b6e00000,0x00000050b6f00000] [id=15652]
  0x000002230096dee0 WorkerThread "GC Thread#2" [stack: 0x00000050b6f00000,0x00000050b7000000] [id=16352]
  0x0000022300b57620 WorkerThread "GC Thread#3" [stack: 0x00000050b7000000,0x00000050b7100000] [id=14348]
  0x0000022300b58160 WorkerThread "GC Thread#4" [stack: 0x00000050b7100000,0x00000050b7200000] [id=15944]
  0x0000022300b57080 WorkerThread "GC Thread#5" [stack: 0x00000050b7200000,0x00000050b7300000] [id=6608]
  0x0000022300b57bc0 WorkerThread "GC Thread#6" [stack: 0x00000050b7300000,0x00000050b7400000] [id=12780]
  0x0000022300b58700 WorkerThread "GC Thread#7" [stack: 0x00000050b7d00000,0x00000050b7e00000] [id=7800]
  0x000002231bcb76a0 ConcurrentGCThread "G1 Main Marker" [stack: 0x00000050b5400000,0x00000050b5500000] [id=15332]
  0x000002231bcb8870 WorkerThread "G1 Conc#0" [stack: 0x00000050b5500000,0x00000050b5600000] [id=5992]
  0x000002233a43c520 ConcurrentGCThread "G1 Refine#0" [stack: 0x00000050b5600000,0x00000050b5700000] [id=3148]
  0x000002231bd0e430 ConcurrentGCThread "G1 Service" [stack: 0x00000050b5700000,0x00000050b5800000] [id=9072]

Threads with active compile tasks:

VM state: not at safepoint (normal execution)

VM Mutex/Monitor currently owned by a thread: None

Heap address: 0x0000000081e00000, size: 2018 MB, Compressed Oops mode: 32-bit

CDS archive(s) mapped at: [0x000002233a800000-0x000002233b460000-0x000002233b460000), size 12976128, SharedBaseAddress: 0x000002233a800000, ArchiveRelocationMode: 1.
Compressed class space mapped at: 0x000002233b800000-0x000002237b800000, reserved size: 1073741824
Narrow klass base: 0x000002233a800000, Narrow klass shift: 0, Narrow klass range: 0x100000000

GC Precious Log:
 CardTable entry size: 512
 Card Set container configuration: InlinePtr #cards 5 size 8 Array Of Cards #cards 12 size 40 Howl #buckets 4 coarsen threshold 1843 Howl Bitmap #cards 512 size 80 coarsen threshold 460 Card regions per heap region 1 cards per card region 2048
 CPUs: 8 total, 8 available
 Memory: 8071M
 Large Page Support: Disabled
 NUMA Support: Disabled
 Compressed Oops: Enabled (32-bit)
 Heap Region Size: 1M
 Heap Min Capacity: 8M
 Heap Initial Capacity: 128M
 Heap Max Capacity: 2018M
 Pre-touch: Disabled
 Parallel Workers: 8
 Concurrent Workers: 2
 Concurrent Refinement Workers: 8
 Periodic GC: Disabled

Heap:
 garbage-first heap   total 131072K, used 14877K [0x0000000081e00000, 0x0000000100000000)
  region size 1024K, 8 young (8192K), 5 survivors (5120K)
 Metaspace       used 19989K, committed 20352K, reserved 1114112K
  class space    used 2473K, committed 2624K, reserved 1048576K

Heap Regions: E=young(eden), S=young(survivor), O=old, HS=humongous(starts), HC=humongous(continues), CS=collection set, F=free, OA=open archive, CA=closed archive, TAMS=top-at-mark-start, PB=parsable bottom
|   0|0x0000000081e00000, 0x0000000081f00000, 0x0000000081f00000|100%| O|  |TAMS 0x0000000081e00000| PB 0x0000000081e00000| Untracked 
|   1|0x0000000081f00000, 0x0000000082000000, 0x0000000082000000|100%|HS|  |TAMS 0x0000000081f00000| PB 0x0000000081f00000| Complete 
|   2|0x0000000082000000, 0x0000000082100000, 0x0000000082100000|100%|HC|  |TAMS 0x0000000082000000| PB 0x0000000082000000| Complete 
|   3|0x0000000082100000, 0x0000000082100000, 0x0000000082200000|  0%| F|  |TAMS 0x0000000082100000| PB 0x0000000082100000| Untracked 
|   4|0x0000000082200000, 0x0000000082200000, 0x0000000082300000|  0%| F|  |TAMS 0x0000000082200000| PB 0x0000000082200000| Untracked 
|   5|0x0000000082300000, 0x0000000082400000, 0x0000000082400000|100%|HS|  |TAMS 0x0000000082300000| PB 0x0000000082300000| Complete 
|   6|0x0000000082400000, 0x0000000082500000, 0x0000000082500000|100%|HS|  |TAMS 0x0000000082400000| PB 0x0000000082400000| Complete 
|   7|0x0000000082500000, 0x0000000082600000, 0x0000000082600000|100%| O|  |TAMS 0x0000000082500000| PB 0x0000000082500000| Untracked 
|   8|0x0000000082600000, 0x0000000082700000, 0x0000000082700000|100%| O|  |TAMS 0x0000000082600000| PB 0x0000000082600000| Untracked 
|   9|0x0000000082700000, 0x0000000082787400, 0x0000000082800000| 52%| O|  |TAMS 0x0000000082700000| PB 0x0000000082700000| Untracked 
|  10|0x0000000082800000, 0x0000000082800000, 0x0000000082900000|  0%| F|  |TAMS 0x0000000082800000| PB 0x0000000082800000| Untracked 
|  11|0x0000000082900000, 0x0000000082900000, 0x0000000082a00000|  0%| F|  |TAMS 0x0000000082900000| PB 0x0000000082900000| Untracked 
|  12|0x0000000082a00000, 0x0000000082a00000, 0x0000000082b00000|  0%| F|  |TAMS 0x0000000082a00000| PB 0x0000000082a00000| Untracked 
|  13|0x0000000082b00000, 0x0000000082b00000, 0x0000000082c00000|  0%| F|  |TAMS 0x0000000082b00000| PB 0x0000000082b00000| Untracked 
|  14|0x0000000082c00000, 0x0000000082c00000, 0x0000000082d00000|  0%| F|  |TAMS 0x0000000082c00000| PB 0x0000000082c00000| Untracked 
|  15|0x0000000082d00000, 0x0000000082d00000, 0x0000000082e00000|  0%| F|  |TAMS 0x0000000082d00000| PB 0x0000000082d00000| Untracked 
|  16|0x0000000082e00000, 0x0000000082e00000, 0x0000000082f00000|  0%| F|  |TAMS 0x0000000082e00000| PB 0x0000000082e00000| Untracked 
|  17|0x0000000082f00000, 0x0000000082f00000, 0x0000000083000000|  0%| F|  |TAMS 0x0000000082f00000| PB 0x0000000082f00000| Untracked 
|  18|0x0000000083000000, 0x0000000083000000, 0x0000000083100000|  0%| F|  |TAMS 0x0000000083000000| PB 0x0000000083000000| Untracked 
|  19|0x0000000083100000, 0x0000000083100000, 0x0000000083200000|  0%| F|  |TAMS 0x0000000083100000| PB 0x0000000083100000| Untracked 
|  20|0x0000000083200000, 0x0000000083200000, 0x0000000083300000|  0%| F|  |TAMS 0x0000000083200000| PB 0x0000000083200000| Untracked 
|  21|0x0000000083300000, 0x0000000083300000, 0x0000000083400000|  0%| F|  |TAMS 0x0000000083300000| PB 0x0000000083300000| Untracked 
|  22|0x0000000083400000, 0x0000000083400000, 0x0000000083500000|  0%| F|  |TAMS 0x0000000083400000| PB 0x0000000083400000| Untracked 
|  23|0x0000000083500000, 0x0000000083500000, 0x0000000083600000|  0%| F|  |TAMS 0x0000000083500000| PB 0x0000000083500000| Untracked 
|  24|0x0000000083600000, 0x0000000083600000, 0x0000000083700000|  0%| F|  |TAMS 0x0000000083600000| PB 0x0000000083600000| Untracked 
|  25|0x0000000083700000, 0x0000000083700000, 0x0000000083800000|  0%| F|  |TAMS 0x0000000083700000| PB 0x0000000083700000| Untracked 
|  26|0x0000000083800000, 0x0000000083800000, 0x0000000083900000|  0%| F|  |TAMS 0x0000000083800000| PB 0x0000000083800000| Untracked 
|  27|0x0000000083900000, 0x0000000083900000, 0x0000000083a00000|  0%| F|  |TAMS 0x0000000083900000| PB 0x0000000083900000| Untracked 
|  28|0x0000000083a00000, 0x0000000083a00000, 0x0000000083b00000|  0%| F|  |TAMS 0x0000000083a00000| PB 0x0000000083a00000| Untracked 
|  29|0x0000000083b00000, 0x0000000083b00000, 0x0000000083c00000|  0%| F|  |TAMS 0x0000000083b00000| PB 0x0000000083b00000| Untracked 
|  30|0x0000000083c00000, 0x0000000083c00000, 0x0000000083d00000|  0%| F|  |TAMS 0x0000000083c00000| PB 0x0000000083c00000| Untracked 
|  31|0x0000000083d00000, 0x0000000083d00000, 0x0000000083e00000|  0%| F|  |TAMS 0x0000000083d00000| PB 0x0000000083d00000| Untracked 
|  32|0x0000000083e00000, 0x0000000083e00000, 0x0000000083f00000|  0%| F|  |TAMS 0x0000000083e00000| PB 0x0000000083e00000| Untracked 
|  33|0x0000000083f00000, 0x0000000083f00000, 0x0000000084000000|  0%| F|  |TAMS 0x0000000083f00000| PB 0x0000000083f00000| Untracked 
|  34|0x0000000084000000, 0x0000000084000000, 0x0000000084100000|  0%| F|  |TAMS 0x0000000084000000| PB 0x0000000084000000| Untracked 
|  35|0x0000000084100000, 0x0000000084100000, 0x0000000084200000|  0%| F|  |TAMS 0x0000000084100000| PB 0x0000000084100000| Untracked 
|  36|0x0000000084200000, 0x0000000084200000, 0x0000000084300000|  0%| F|  |TAMS 0x0000000084200000| PB 0x0000000084200000| Untracked 
|  37|0x0000000084300000, 0x0000000084300000, 0x0000000084400000|  0%| F|  |TAMS 0x0000000084300000| PB 0x0000000084300000| Untracked 
|  38|0x0000000084400000, 0x0000000084400000, 0x0000000084500000|  0%| F|  |TAMS 0x0000000084400000| PB 0x0000000084400000| Untracked 
|  39|0x0000000084500000, 0x0000000084500000, 0x0000000084600000|  0%| F|  |TAMS 0x0000000084500000| PB 0x0000000084500000| Untracked 
|  40|0x0000000084600000, 0x0000000084600000, 0x0000000084700000|  0%| F|  |TAMS 0x0000000084600000| PB 0x0000000084600000| Untracked 
|  41|0x0000000084700000, 0x0000000084700000, 0x0000000084800000|  0%| F|  |TAMS 0x0000000084700000| PB 0x0000000084700000| Untracked 
|  42|0x0000000084800000, 0x0000000084800000, 0x0000000084900000|  0%| F|  |TAMS 0x0000000084800000| PB 0x0000000084800000| Untracked 
|  43|0x0000000084900000, 0x0000000084900000, 0x0000000084a00000|  0%| F|  |TAMS 0x0000000084900000| PB 0x0000000084900000| Untracked 
|  44|0x0000000084a00000, 0x0000000084a00000, 0x0000000084b00000|  0%| F|  |TAMS 0x0000000084a00000| PB 0x0000000084a00000| Untracked 
|  45|0x0000000084b00000, 0x0000000084b00000, 0x0000000084c00000|  0%| F|  |TAMS 0x0000000084b00000| PB 0x0000000084b00000| Untracked 
|  46|0x0000000084c00000, 0x0000000084c00000, 0x0000000084d00000|  0%| F|  |TAMS 0x0000000084c00000| PB 0x0000000084c00000| Untracked 
|  47|0x0000000084d00000, 0x0000000084d00000, 0x0000000084e00000|  0%| F|  |TAMS 0x0000000084d00000| PB 0x0000000084d00000| Untracked 
|  48|0x0000000084e00000, 0x0000000084e00000, 0x0000000084f00000|  0%| F|  |TAMS 0x0000000084e00000| PB 0x0000000084e00000| Untracked 
|  49|0x0000000084f00000, 0x0000000084f00000, 0x0000000085000000|  0%| F|  |TAMS 0x0000000084f00000| PB 0x0000000084f00000| Untracked 
|  50|0x0000000085000000, 0x0000000085000000, 0x0000000085100000|  0%| F|  |TAMS 0x0000000085000000| PB 0x0000000085000000| Untracked 
|  51|0x0000000085100000, 0x0000000085100000, 0x0000000085200000|  0%| F|  |TAMS 0x0000000085100000| PB 0x0000000085100000| Untracked 
|  52|0x0000000085200000, 0x0000000085200000, 0x0000000085300000|  0%| F|  |TAMS 0x0000000085200000| PB 0x0000000085200000| Untracked 
|  53|0x0000000085300000, 0x0000000085300000, 0x0000000085400000|  0%| F|  |TAMS 0x0000000085300000| PB 0x0000000085300000| Untracked 
|  54|0x0000000085400000, 0x0000000085400000, 0x0000000085500000|  0%| F|  |TAMS 0x0000000085400000| PB 0x0000000085400000| Untracked 
|  55|0x0000000085500000, 0x0000000085500000, 0x0000000085600000|  0%| F|  |TAMS 0x0000000085500000| PB 0x0000000085500000| Untracked 
|  56|0x0000000085600000, 0x0000000085600000, 0x0000000085700000|  0%| F|  |TAMS 0x0000000085600000| PB 0x0000000085600000| Untracked 
|  57|0x0000000085700000, 0x0000000085700000, 0x0000000085800000|  0%| F|  |TAMS 0x0000000085700000| PB 0x0000000085700000| Untracked 
|  58|0x0000000085800000, 0x0000000085800000, 0x0000000085900000|  0%| F|  |TAMS 0x0000000085800000| PB 0x0000000085800000| Untracked 
|  59|0x0000000085900000, 0x0000000085900000, 0x0000000085a00000|  0%| F|  |TAMS 0x0000000085900000| PB 0x0000000085900000| Untracked 
|  60|0x0000000085a00000, 0x0000000085a00000, 0x0000000085b00000|  0%| F|  |TAMS 0x0000000085a00000| PB 0x0000000085a00000| Untracked 
|  61|0x0000000085b00000, 0x0000000085b00000, 0x0000000085c00000|  0%| F|  |TAMS 0x0000000085b00000| PB 0x0000000085b00000| Untracked 
|  62|0x0000000085c00000, 0x0000000085c00000, 0x0000000085d00000|  0%| F|  |TAMS 0x0000000085c00000| PB 0x0000000085c00000| Untracked 
|  63|0x0000000085d00000, 0x0000000085d00000, 0x0000000085e00000|  0%| F|  |TAMS 0x0000000085d00000| PB 0x0000000085d00000| Untracked 
|  64|0x0000000085e00000, 0x0000000085e00000, 0x0000000085f00000|  0%| F|  |TAMS 0x0000000085e00000| PB 0x0000000085e00000| Untracked 
|  65|0x0000000085f00000, 0x0000000085f00000, 0x0000000086000000|  0%| F|  |TAMS 0x0000000085f00000| PB 0x0000000085f00000| Untracked 
|  66|0x0000000086000000, 0x0000000086000000, 0x0000000086100000|  0%| F|  |TAMS 0x0000000086000000| PB 0x0000000086000000| Untracked 
|  67|0x0000000086100000, 0x0000000086100000, 0x0000000086200000|  0%| F|  |TAMS 0x0000000086100000| PB 0x0000000086100000| Untracked 
|  68|0x0000000086200000, 0x0000000086200000, 0x0000000086300000|  0%| F|  |TAMS 0x0000000086200000| PB 0x0000000086200000| Untracked 
|  69|0x0000000086300000, 0x0000000086300000, 0x0000000086400000|  0%| F|  |TAMS 0x0000000086300000| PB 0x0000000086300000| Untracked 
|  70|0x0000000086400000, 0x0000000086400000, 0x0000000086500000|  0%| F|  |TAMS 0x0000000086400000| PB 0x0000000086400000| Untracked 
|  71|0x0000000086500000, 0x0000000086500000, 0x0000000086600000|  0%| F|  |TAMS 0x0000000086500000| PB 0x0000000086500000| Untracked 
|  72|0x0000000086600000, 0x0000000086600000, 0x0000000086700000|  0%| F|  |TAMS 0x0000000086600000| PB 0x0000000086600000| Untracked 
|  73|0x0000000086700000, 0x0000000086700000, 0x0000000086800000|  0%| F|  |TAMS 0x0000000086700000| PB 0x0000000086700000| Untracked 
|  74|0x0000000086800000, 0x0000000086800000, 0x0000000086900000|  0%| F|  |TAMS 0x0000000086800000| PB 0x0000000086800000| Untracked 
|  75|0x0000000086900000, 0x0000000086900000, 0x0000000086a00000|  0%| F|  |TAMS 0x0000000086900000| PB 0x0000000086900000| Untracked 
|  76|0x0000000086a00000, 0x0000000086a00000, 0x0000000086b00000|  0%| F|  |TAMS 0x0000000086a00000| PB 0x0000000086a00000| Untracked 
|  77|0x0000000086b00000, 0x0000000086b00000, 0x0000000086c00000|  0%| F|  |TAMS 0x0000000086b00000| PB 0x0000000086b00000| Untracked 
|  78|0x0000000086c00000, 0x0000000086c00000, 0x0000000086d00000|  0%| F|  |TAMS 0x0000000086c00000| PB 0x0000000086c00000| Untracked 
|  79|0x0000000086d00000, 0x0000000086d00000, 0x0000000086e00000|  0%| F|  |TAMS 0x0000000086d00000| PB 0x0000000086d00000| Untracked 
|  80|0x0000000086e00000, 0x0000000086e00000, 0x0000000086f00000|  0%| F|  |TAMS 0x0000000086e00000| PB 0x0000000086e00000| Untracked 
|  81|0x0000000086f00000, 0x0000000086f00000, 0x0000000087000000|  0%| F|  |TAMS 0x0000000086f00000| PB 0x0000000086f00000| Untracked 
|  82|0x0000000087000000, 0x0000000087000000, 0x0000000087100000|  0%| F|  |TAMS 0x0000000087000000| PB 0x0000000087000000| Untracked 
|  83|0x0000000087100000, 0x0000000087100000, 0x0000000087200000|  0%| F|  |TAMS 0x0000000087100000| PB 0x0000000087100000| Untracked 
|  84|0x0000000087200000, 0x0000000087200000, 0x0000000087300000|  0%| F|  |TAMS 0x0000000087200000| PB 0x0000000087200000| Untracked 
|  85|0x0000000087300000, 0x0000000087300000, 0x0000000087400000|  0%| F|  |TAMS 0x0000000087300000| PB 0x0000000087300000| Untracked 
|  86|0x0000000087400000, 0x0000000087400000, 0x0000000087500000|  0%| F|  |TAMS 0x0000000087400000| PB 0x0000000087400000| Untracked 
|  87|0x0000000087500000, 0x0000000087600000, 0x0000000087600000|100%| S|CS|TAMS 0x0000000087500000| PB 0x0000000087500000| Complete 
|  88|0x0000000087600000, 0x0000000087700000, 0x0000000087700000|100%| S|CS|TAMS 0x0000000087600000| PB 0x0000000087600000| Complete 
|  89|0x0000000087700000, 0x0000000087800000, 0x0000000087800000|100%| S|CS|TAMS 0x0000000087700000| PB 0x0000000087700000| Complete 
|  90|0x0000000087800000, 0x0000000087900000, 0x0000000087900000|100%| S|CS|TAMS 0x0000000087800000| PB 0x0000000087800000| Complete 
|  91|0x0000000087900000, 0x0000000087a00000, 0x0000000087a00000|100%| S|CS|TAMS 0x0000000087900000| PB 0x0000000087900000| Complete 
|  92|0x0000000087a00000, 0x0000000087a00000, 0x0000000087b00000|  0%| F|  |TAMS 0x0000000087a00000| PB 0x0000000087a00000| Untracked 
|  93|0x0000000087b00000, 0x0000000087b00000, 0x0000000087c00000|  0%| F|  |TAMS 0x0000000087b00000| PB 0x0000000087b00000| Untracked 
|  94|0x0000000087c00000, 0x0000000087c00000, 0x0000000087d00000|  0%| F|  |TAMS 0x0000000087c00000| PB 0x0000000087c00000| Untracked 
|  95|0x0000000087d00000, 0x0000000087d00000, 0x0000000087e00000|  0%| F|  |TAMS 0x0000000087d00000| PB 0x0000000087d00000| Untracked 
|  96|0x0000000087e00000, 0x0000000087e00000, 0x0000000087f00000|  0%| F|  |TAMS 0x0000000087e00000| PB 0x0000000087e00000| Untracked 
|  97|0x0000000087f00000, 0x0000000087f00000, 0x0000000088000000|  0%| F|  |TAMS 0x0000000087f00000| PB 0x0000000087f00000| Untracked 
|  98|0x0000000088000000, 0x0000000088000000, 0x0000000088100000|  0%| F|  |TAMS 0x0000000088000000| PB 0x0000000088000000| Untracked 
|  99|0x0000000088100000, 0x0000000088100000, 0x0000000088200000|  0%| F|  |TAMS 0x0000000088100000| PB 0x0000000088100000| Untracked 
| 100|0x0000000088200000, 0x0000000088200000, 0x0000000088300000|  0%| F|  |TAMS 0x0000000088200000| PB 0x0000000088200000| Untracked 
| 101|0x0000000088300000, 0x0000000088300000, 0x0000000088400000|  0%| F|  |TAMS 0x0000000088300000| PB 0x0000000088300000| Untracked 
| 102|0x0000000088400000, 0x0000000088400000, 0x0000000088500000|  0%| F|  |TAMS 0x0000000088400000| PB 0x0000000088400000| Untracked 
| 103|0x0000000088500000, 0x0000000088500000, 0x0000000088600000|  0%| F|  |TAMS 0x0000000088500000| PB 0x0000000088500000| Untracked 
| 104|0x0000000088600000, 0x0000000088600000, 0x0000000088700000|  0%| F|  |TAMS 0x0000000088600000| PB 0x0000000088600000| Untracked 
| 105|0x0000000088700000, 0x0000000088700000, 0x0000000088800000|  0%| F|  |TAMS 0x0000000088700000| PB 0x0000000088700000| Untracked 
| 106|0x0000000088800000, 0x0000000088800000, 0x0000000088900000|  0%| F|  |TAMS 0x0000000088800000| PB 0x0000000088800000| Untracked 
| 107|0x0000000088900000, 0x0000000088900000, 0x0000000088a00000|  0%| F|  |TAMS 0x0000000088900000| PB 0x0000000088900000| Untracked 
| 108|0x0000000088a00000, 0x0000000088a00000, 0x0000000088b00000|  0%| F|  |TAMS 0x0000000088a00000| PB 0x0000000088a00000| Untracked 
| 109|0x0000000088b00000, 0x0000000088b00000, 0x0000000088c00000|  0%| F|  |TAMS 0x0000000088b00000| PB 0x0000000088b00000| Untracked 
| 110|0x0000000088c00000, 0x0000000088c00000, 0x0000000088d00000|  0%| F|  |TAMS 0x0000000088c00000| PB 0x0000000088c00000| Untracked 
| 111|0x0000000088d00000, 0x0000000088d00000, 0x0000000088e00000|  0%| F|  |TAMS 0x0000000088d00000| PB 0x0000000088d00000| Untracked 
| 112|0x0000000088e00000, 0x0000000088e00000, 0x0000000088f00000|  0%| F|  |TAMS 0x0000000088e00000| PB 0x0000000088e00000| Untracked 
| 113|0x0000000088f00000, 0x0000000088f00000, 0x0000000089000000|  0%| F|  |TAMS 0x0000000088f00000| PB 0x0000000088f00000| Untracked 
| 114|0x0000000089000000, 0x0000000089000000, 0x0000000089100000|  0%| F|  |TAMS 0x0000000089000000| PB 0x0000000089000000| Untracked 
| 115|0x0000000089100000, 0x0000000089100000, 0x0000000089200000|  0%| F|  |TAMS 0x0000000089100000| PB 0x0000000089100000| Untracked 
| 116|0x0000000089200000, 0x0000000089200000, 0x0000000089300000|  0%| F|  |TAMS 0x0000000089200000| PB 0x0000000089200000| Untracked 
| 117|0x0000000089300000, 0x0000000089300000, 0x0000000089400000|  0%| F|  |TAMS 0x0000000089300000| PB 0x0000000089300000| Untracked 
| 118|0x0000000089400000, 0x0000000089400000, 0x0000000089500000|  0%| F|  |TAMS 0x0000000089400000| PB 0x0000000089400000| Untracked 
| 119|0x0000000089500000, 0x0000000089500000, 0x0000000089600000|  0%| F|  |TAMS 0x0000000089500000| PB 0x0000000089500000| Untracked 
| 120|0x0000000089600000, 0x0000000089600000, 0x0000000089700000|  0%| F|  |TAMS 0x0000000089600000| PB 0x0000000089600000| Untracked 
| 121|0x0000000089700000, 0x0000000089700000, 0x0000000089800000|  0%| F|  |TAMS 0x0000000089700000| PB 0x0000000089700000| Untracked 
| 122|0x0000000089800000, 0x0000000089800000, 0x0000000089900000|  0%| F|  |TAMS 0x0000000089800000| PB 0x0000000089800000| Untracked 
| 123|0x0000000089900000, 0x0000000089900000, 0x0000000089a00000|  0%| F|  |TAMS 0x0000000089900000| PB 0x0000000089900000| Untracked 
| 124|0x0000000089a00000, 0x0000000089a00000, 0x0000000089b00000|  0%| F|  |TAMS 0x0000000089a00000| PB 0x0000000089a00000| Untracked 
| 125|0x0000000089b00000, 0x0000000089b8e290, 0x0000000089c00000| 55%| E|  |TAMS 0x0000000089b00000| PB 0x0000000089b00000| Complete 
| 126|0x0000000089c00000, 0x0000000089d00000, 0x0000000089d00000|100%| E|CS|TAMS 0x0000000089c00000| PB 0x0000000089c00000| Complete 
| 127|0x0000000089d00000, 0x0000000089e00000, 0x0000000089e00000|100%| E|CS|TAMS 0x0000000089d00000| PB 0x0000000089d00000| Complete 

Card table byte_map: [0x0000022335360000,0x0000022335760000] _byte_map_base: 0x0000022334f51000

Marking Bits: (CMBitMap*) 0x000002231bca6fe0
 Bits: [0x0000022335b60000, 0x0000022337ae8000)

Polling page: 0x000002231bd10000

Metaspace:

Usage:
  Non-class:     17.10 MB used.
      Class:      2.42 MB used.
       Both:     19.52 MB used.

Virtual space:
  Non-class space:       64.00 MB reserved,      17.31 MB ( 27%) committed,  1 nodes.
      Class space:        1.00 GB reserved,       2.56 MB ( <1%) committed,  1 nodes.
             Both:        1.06 GB reserved,      19.88 MB (  2%) committed. 

Chunk freelists:
   Non-Class:  2.59 MB
       Class:  1.42 MB
        Both:  4.01 MB

MaxMetaspaceSize: unlimited
CompressedClassSpaceSize: 1.00 GB
Initial GC threshold: 21.00 MB
Current GC threshold: 21.00 MB
CDS: on
MetaspaceReclaimPolicy: balanced
 - commit_granule_bytes: 65536.
 - commit_granule_words: 8192.
 - virtual_space_node_default_size: 8388608.
 - enlarge_chunks_in_place: 1.
 - new_chunks_are_fully_committed: 0.
 - uncommit_free_chunks: 1.
 - use_allocation_guard: 0.


Internal statistics:

num_allocs_failed_limit: 0.
num_arena_births: 318.
num_arena_deaths: 0.
num_vsnodes_births: 2.
num_vsnodes_deaths: 0.
num_space_committed: 318.
num_space_uncommitted: 0.
num_chunks_returned_to_freelist: 0.
num_chunks_taken_from_freelist: 842.
num_chunk_merges: 0.
num_chunk_splits: 590.
num_chunks_enlarged: 453.
num_inconsistent_stats: 0.

CodeHeap 'non-profiled nmethods': size=120000Kb used=864Kb max_used=864Kb free=119135Kb
 bounds [0x000002232cfc0000, 0x000002232d230000, 0x00000223344f0000]
CodeHeap 'profiled nmethods': size=120000Kb used=3720Kb max_used=3720Kb free=116279Kb
 bounds [0x00000223254f0000, 0x00000223258a0000, 0x000002232ca20000]
CodeHeap 'non-nmethods': size=5760Kb used=1976Kb max_used=2010Kb free=3783Kb
 bounds [0x000002232ca20000, 0x000002232cc90000, 0x000002232cfc0000]
 total_blobs=3127 nmethods=2211 adapters=826
 compilation: enabled
              stopped_count=0, restarted_count=0
 full_count=0

Compilation events (20 events):
Event: 4.888 Thread 0x000002233a5ca820 nmethod 2202 0x000002232588e590 code [0x000002232588e720, 0x000002232588e928]
Event: 4.888 Thread 0x000002233a5ca820 2203       3       java.util.regex.ASCII::isType (15 bytes)
Event: 4.888 Thread 0x000002233a5ca820 nmethod 2203 0x000002232588ea10 code [0x000002232588eba0, 0x000002232588edd0]
Event: 4.888 Thread 0x000002233a5ca820 2204       3       java.util.regex.ASCII::getType (17 bytes)
Event: 4.888 Thread 0x000002233a5ca820 nmethod 2204 0x000002232588ef10 code [0x000002232588f0a0, 0x000002232588f240]
Event: 4.888 Thread 0x000002233a5ca820 2205       3       java.util.regex.Pattern$BmpCharProperty::match (55 bytes)
Event: 4.889 Thread 0x000002233a5ca820 nmethod 2205 0x000002232588f310 code [0x000002232588f4e0, 0x000002232588f980]
Event: 4.889 Thread 0x000002233a5ca820 2206       3       java.util.regex.CharPredicates$$Lambda$19/0x800000027::is (5 bytes)
Event: 4.889 Thread 0x000002233a5ca820 nmethod 2206 0x000002232588fb10 code [0x000002232588fcc0, 0x00000223258900d0]
Event: 4.889 Thread 0x000002233a5ca820 2207       3       java.util.regex.CharPredicates::lambda$ASCII_SPACE$20 (20 bytes)
Event: 4.889 Thread 0x000002233a5ca820 nmethod 2207 0x0000022325890210 code [0x00000223258903c0, 0x0000022325890748]
Event: 4.889 Thread 0x000002233a5ca820 2208       3       java.util.regex.ASCII::isSpace (8 bytes)
Event: 4.890 Thread 0x000002233a5ca820 nmethod 2208 0x0000022325890890 code [0x0000022325890a20, 0x0000022325890cb0]
Event: 4.890 Thread 0x000002233a5ca820 2209       3       java.util.ArrayList::subList (20 bytes)
Event: 4.890 Thread 0x000002233a5ca820 nmethod 2209 0x0000022325890e10 code [0x0000022325890fc0, 0x0000022325891380]
Event: 4.890 Thread 0x000002233a5ca820 2210       3       java.lang.invoke.BoundMethodHandle::bindArgumentL (11 bytes)
Event: 4.891 Thread 0x000002233a5ca820 nmethod 2210 0x0000022325891510 code [0x00000223258916e0, 0x0000022325891bd0]
Event: 4.891 Thread 0x000002233a5ca820 2211       3       java.lang.invoke.LambdaFormEditor::bindArgumentL (59 bytes)
Event: 4.891 Thread 0x000002233a5ca820 nmethod 2211 0x0000022325891e10 code [0x0000022325891fc0, 0x0000022325892268]
Event: 4.892 Thread 0x000002230104e550 nmethod 2201 0x000002232d095390 code [0x000002232d095540, 0x000002232d0959f0]

GC Heap History (4 events):
Event: 0.539 GC heap before
{Heap before GC invocations=0 (full 0):
 garbage-first heap   total 131072K, used 22528K [0x0000000081e00000, 0x0000000100000000)
  region size 1024K, 23 young (23552K), 0 survivors (0K)
 Metaspace       used 6185K, committed 6464K, reserved 1114112K
  class space    used 766K, committed 896K, reserved 1048576K
}
Event: 0.542 GC heap after
{Heap after GC invocations=1 (full 0):
 garbage-first heap   total 131072K, used 3269K [0x0000000081e00000, 0x0000000100000000)
  region size 1024K, 3 young (3072K), 3 survivors (3072K)
 Metaspace       used 6185K, committed 6464K, reserved 1114112K
  class space    used 766K, committed 896K, reserved 1048576K
}
Event: 4.822 GC heap before
{Heap before GC invocations=1 (full 0):
 garbage-first heap   total 131072K, used 42181K [0x0000000081e00000, 0x0000000100000000)
  region size 1024K, 36 young (36864K), 3 survivors (3072K)
 Metaspace       used 19483K, committed 19840K, reserved 1114112K
  class space    used 2420K, committed 2560K, reserved 1048576K
}
Event: 4.828 GC heap after
{Heap after GC invocations=2 (full 0):
 garbage-first heap   total 131072K, used 12829K [0x0000000081e00000, 0x0000000100000000)
  region size 1024K, 5 young (5120K), 5 survivors (5120K)
 Metaspace       used 19483K, committed 19840K, reserved 1114112K
  class space    used 2420K, committed 2560K, reserved 1048576K
}

Dll operation events (20 events):
Event: 0.286 Loaded shared library C:\Program Files\Java\javafx-sdk-20.0.2\bin\api-ms-win-crt-process-l1-1-0.dll
Event: 0.287 Loaded shared library C:\Program Files\Java\javafx-sdk-20.0.2\bin\api-ms-win-crt-runtime-l1-1-0.dll
Event: 0.288 Loaded shared library C:\Program Files\Java\javafx-sdk-20.0.2\bin\api-ms-win-crt-stdio-l1-1-0.dll
Event: 0.289 Loaded shared library C:\Program Files\Java\javafx-sdk-20.0.2\bin\api-ms-win-crt-string-l1-1-0.dll
Event: 0.291 Loaded shared library C:\Program Files\Java\javafx-sdk-20.0.2\bin\api-ms-win-crt-time-l1-1-0.dll
Event: 0.292 Loaded shared library C:\Program Files\Java\javafx-sdk-20.0.2\bin\api-ms-win-crt-utility-l1-1-0.dll
Event: 0.293 Loaded shared library C:\Program Files\Java\javafx-sdk-20.0.2\bin\ucrtbase.dll
Event: 0.294 Loaded shared library C:\Program Files\Java\javafx-sdk-20.0.2\bin\vcruntime140.dll
Event: 0.295 Loaded shared library C:\Program Files\Java\javafx-sdk-20.0.2\bin\vcruntime140_1.dll
Event: 0.296 Loaded shared library C:\Program Files\Java\javafx-sdk-20.0.2\bin\msvcp140.dll
Event: 0.297 Loaded shared library C:\Program Files\Java\javafx-sdk-20.0.2\bin\msvcp140_1.dll
Event: 0.299 Loaded shared library C:\Program Files\Java\javafx-sdk-20.0.2\bin\msvcp140_2.dll
Event: 0.330 Loaded shared library C:\Program Files\Java\javafx-sdk-20.0.2\bin\prism_d3d.dll
Event: 0.361 Loaded shared library C:\Program Files\Java\javafx-sdk-20.0.2\bin\glass.dll
Event: 0.442 Loaded shared library C:\Program Files\Java\jdk-20\bin\jimage.dll
Event: 0.561 Loaded shared library C:\Program Files\Java\javafx-sdk-20.0.2\bin\javafx_font.dll
Event: 2.970 Loaded shared library C:\Windows\System32\dpuareu_jni.dll
Event: 2.987 Loaded shared library C:\Program Files\Java\javafx-sdk-20.0.2\bin\javafx_iio.dll
Event: 4.550 Loaded shared library C:\Program Files\Java\jdk-20\bin\awt.dll
Event: 4.727 Loaded shared library C:\Program Files\Java\jdk-20\bin\extnet.dll

Deoptimization events (20 events):
Event: 4.830 Thread 0x0000022300d6f6e0 DEOPT PACKING pc=0x000002232cfc4bec sp=0x00000050b79fed10
Event: 4.830 Thread 0x0000022300d6f6e0 DEOPT UNPACKING pc=0x000002232ca89d22 sp=0x00000050b79feca0 mode 2
Event: 4.887 Thread 0x0000022300d6f6e0 DEOPT PACKING pc=0x0000022325803d81 sp=0x00000050b79fe4e0
Event: 4.887 Thread 0x0000022300d6f6e0 DEOPT UNPACKING pc=0x000002232ca8a4c2 sp=0x00000050b79fd9d8 mode 0
Event: 4.887 Thread 0x0000022300d6f6e0 Uncommon trap: trap_request=0xffffffde fr.pc=0x000002232d091500 relative=0x00000000000002c0
Event: 4.887 Thread 0x0000022300d6f6e0 Uncommon trap: reason=class_check action=maybe_recompile pc=0x000002232d091500 method=java.util.regex.Pattern$BmpCharPropertyGreedy.match(Ljava/util/regex/Matcher;ILjava/lang/CharSequence;)Z @ 26 c2
Event: 4.887 Thread 0x0000022300d6f6e0 DEOPT PACKING pc=0x000002232d091500 sp=0x00000050b79fe3d0
Event: 4.887 Thread 0x0000022300d6f6e0 DEOPT UNPACKING pc=0x000002232ca89d22 sp=0x00000050b79fe368 mode 2
Event: 4.887 Thread 0x0000022300d6f6e0 Uncommon trap: trap_request=0xffffffde fr.pc=0x000002232d091500 relative=0x00000000000002c0
Event: 4.887 Thread 0x0000022300d6f6e0 Uncommon trap: reason=class_check action=maybe_recompile pc=0x000002232d091500 method=java.util.regex.Pattern$BmpCharPropertyGreedy.match(Ljava/util/regex/Matcher;ILjava/lang/CharSequence;)Z @ 26 c2
Event: 4.887 Thread 0x0000022300d6f6e0 DEOPT PACKING pc=0x000002232d091500 sp=0x00000050b79fe3d0
Event: 4.887 Thread 0x0000022300d6f6e0 DEOPT UNPACKING pc=0x000002232ca89d22 sp=0x00000050b79fe368 mode 2
Event: 4.887 Thread 0x0000022300d6f6e0 Uncommon trap: trap_request=0xffffffde fr.pc=0x000002232d091500 relative=0x00000000000002c0
Event: 4.887 Thread 0x0000022300d6f6e0 Uncommon trap: reason=class_check action=maybe_recompile pc=0x000002232d091500 method=java.util.regex.Pattern$BmpCharPropertyGreedy.match(Ljava/util/regex/Matcher;ILjava/lang/CharSequence;)Z @ 26 c2
Event: 4.888 Thread 0x0000022300d6f6e0 DEOPT PACKING pc=0x000002232d091500 sp=0x00000050b79fe3d0
Event: 4.888 Thread 0x0000022300d6f6e0 DEOPT UNPACKING pc=0x000002232ca89d22 sp=0x00000050b79fe368 mode 2
Event: 4.888 Thread 0x0000022300d6f6e0 Uncommon trap: trap_request=0xffffffde fr.pc=0x000002232d091500 relative=0x00000000000002c0
Event: 4.888 Thread 0x0000022300d6f6e0 Uncommon trap: reason=class_check action=maybe_recompile pc=0x000002232d091500 method=java.util.regex.Pattern$BmpCharPropertyGreedy.match(Ljava/util/regex/Matcher;ILjava/lang/CharSequence;)Z @ 26 c2
Event: 4.888 Thread 0x0000022300d6f6e0 DEOPT PACKING pc=0x000002232d091500 sp=0x00000050b79fe3d0
Event: 4.888 Thread 0x0000022300d6f6e0 DEOPT UNPACKING pc=0x000002232ca89d22 sp=0x00000050b79fe368 mode 2

Classes loaded (20 events):
Event: 4.830 Loading class sun/nio/cs/UTF_8$Encoder
Event: 4.830 Loading class sun/nio/cs/UTF_8$Encoder done
Event: 4.841 Loading class java/util/TimerTask
Event: 4.841 Loading class java/util/TimerTask done
Event: 4.884 Loading class java/time/format/DateTimeParseException
Event: 4.884 Loading class java/time/DateTimeException
Event: 4.884 Loading class java/time/DateTimeException done
Event: 4.884 Loading class java/time/format/DateTimeParseException done
Event: 4.886 Loading class javax/net/ssl/SSLSocket
Event: 4.887 Loading class javax/net/ssl/SSLSocket done
Event: 4.887 Loading class javax/crypto/NoSuchPaddingException
Event: 4.887 Loading class javax/crypto/NoSuchPaddingException done
Event: 4.887 Loading class java/security/InvalidKeyException
Event: 4.887 Loading class java/security/KeyException
Event: 4.887 Loading class java/security/KeyException done
Event: 4.887 Loading class java/security/InvalidKeyException done
Event: 4.887 Loading class javax/crypto/IllegalBlockSizeException
Event: 4.887 Loading class javax/crypto/IllegalBlockSizeException done
Event: 4.887 Loading class java/security/spec/InvalidKeySpecException
Event: 4.887 Loading class java/security/spec/InvalidKeySpecException done

Classes unloaded (0 events):
No events

Classes redefined (0 events):
No events

Internal exceptions (20 events):
Event: 0.703 Thread 0x000002233a5bfca0 Implicit null exception at 0x000002232cfe6d46 to 0x000002232cfe6de2
Event: 0.716 Thread 0x000002233a5bfca0 Implicit null exception at 0x000002232d017e20 to 0x000002232d0180a8
Event: 0.766 Thread 0x000002233a5bfca0 Implicit null exception at 0x000002232d015872 to 0x000002232d015bfc
Event: 0.801 Thread 0x000002233a5bfca0 Exception <a 'java/lang/NoSuchMethodError'{0x00000000890f4858}: 'java.lang.Object java.lang.invoke.DirectMethodHandle$Holder.invokeInterface(java.lang.Object, java.lang.Object, java.lang.Object)'> (0x00000000890f4858) 
thrown [s\open\src\hotspot\share\interpreter\linkResolver.cpp, line 773]
Event: 0.802 Thread 0x000002233a5bfca0 Exception <a 'java/lang/IncompatibleClassChangeError'{0x00000000890f7f00}: Found class java.lang.Object, but interface was expected> (0x00000000890f7f00) 
thrown [s\open\src\hotspot\share\interpreter\linkResolver.cpp, line 840]
Event: 0.838 Thread 0x000002233a5bfca0 Exception <a 'java/lang/NoSuchMethodError'{0x0000000088e54468}: 'int java.lang.invoke.DirectMethodHandle$Holder.invokeSpecial(java.lang.Object, java.lang.Object, int)'> (0x0000000088e54468) 
thrown [s\open\src\hotspot\share\interpreter\linkResolver.cpp, line 773]
Event: 0.852 Thread 0x000002233a5bfca0 Exception <a 'java/lang/NoSuchMethodError'{0x0000000088ed6a70}: 'java.lang.Object java.lang.invoke.DirectMethodHandle$Holder.newInvokeSpecial(java.lang.Object, java.lang.Object, int)'> (0x0000000088ed6a70) 
thrown [s\open\src\hotspot\share\interpreter\linkResolver.cpp, line 773]
Event: 0.886 Thread 0x000002233a5bf750 Exception <a 'java/lang/NoSuchMethodError'{0x0000000088da0a78}: 'int java.lang.invoke.DirectMethodHandle$Holder.invokeStaticInit(java.lang.Object, java.lang.Object)'> (0x0000000088da0a78) 
thrown [s\open\src\hotspot\share\interpreter\linkResolver.cpp, line 773]
Event: 0.902 Thread 0x000002233a5bf750 Exception <a 'java/lang/NoSuchMethodError'{0x0000000088c3e060}: 'java.lang.Object java.lang.invoke.Invokers$Holder.invokeExact_MT(java.lang.Object, java.lang.Object, java.lang.Object, java.lang.Object, java.lang.Object)'> (0x0000000088c3e060) 
thrown [s\open\src\hotspot\share\interpreter\linkResolver.cpp, line 773]
Event: 2.799 Thread 0x000002233a5bfca0 Exception <a 'java/lang/NoSuchMethodError'{0x00000000889bfd18}: 'long java.lang.invoke.DirectMethodHandle$Holder.invokeStatic(java.lang.Object, java.lang.Object, java.lang.Object)'> (0x00000000889bfd18) 
thrown [s\open\src\hotspot\share\interpreter\linkResolver.cpp, line 773]
Event: 2.799 Thread 0x000002233a5bfca0 Exception <a 'java/lang/NoSuchMethodError'{0x00000000889c30e8}: 'long java.lang.invoke.DirectMethodHandle$Holder.invokeStaticInit(java.lang.Object, java.lang.Object, java.lang.Object)'> (0x00000000889c30e8) 
thrown [s\open\src\hotspot\share\interpreter\linkResolver.cpp, line 773]
Event: 2.803 Thread 0x000002233a5bfca0 Exception <a 'java/lang/NoSuchMethodError'{0x00000000889db380}: 'java.lang.Object java.lang.invoke.DirectMethodHandle$Holder.newInvokeSpecial(java.lang.Object, java.lang.Object, long)'> (0x00000000889db380) 
thrown [s\open\src\hotspot\share\interpreter\linkResolver.cpp, line 773]
Event: 2.803 Thread 0x000002233a5bfca0 Exception <a 'java/lang/NoSuchMethodError'{0x00000000889dec78}: 'java.lang.Object java.lang.invoke.Invokers$Holder.linkToTargetMethod(java.lang.Object, long, java.lang.Object)'> (0x00000000889dec78) 
thrown [s\open\src\hotspot\share\interpreter\linkResolver.cpp, line 773]
Event: 2.919 Thread 0x000002233a5bfca0 Exception <a 'java/lang/NoSuchMethodError'{0x0000000088882330}: 'void java.lang.invoke.DirectMethodHandle$Holder.invokeVirtual(java.lang.Object, java.lang.Object)'> (0x0000000088882330) 
thrown [s\open\src\hotspot\share\interpreter\linkResolver.cpp, line 773]
Event: 4.557 Thread 0x0000022300d6d1b0 Exception <a 'java/lang/ClassNotFoundException'{0x00000000883be968}: sun/awt/resources/spi/awtProvider> (0x00000000883be968) 
thrown [s\open\src\hotspot\share\classfile\systemDictionary.cpp, line 305]
Event: 4.558 Thread 0x0000022300d6d1b0 Exception <a 'java/io/FileNotFoundException'{0x00000000883c2b68}> (0x00000000883c2b68) 
thrown [s\open\src\hotspot\share\prims\jni.cpp, line 519]
Event: 4.559 Thread 0x0000022300d6d1b0 Exception <a 'java/io/FileNotFoundException'{0x00000000883c3e28}> (0x00000000883c3e28) 
thrown [s\open\src\hotspot\share\prims\jni.cpp, line 519]
Event: 4.637 Thread 0x0000022300d6f6e0 Exception <a 'java/lang/NoSuchMethodError'{0x0000000088043ab0}: 'java.lang.Object java.lang.invoke.DirectMethodHandle$Holder.invokeInterface(java.lang.Object, java.lang.Object)'> (0x0000000088043ab0) 
thrown [s\open\src\hotspot\share\interpreter\linkResolver.cpp, line 773]
Event: 4.653 Thread 0x0000022300d6f6e0 Exception <a 'java/lang/NoSuchMethodError'{0x00000000880bf240}: 'java.lang.Object java.lang.invoke.DirectMethodHandle$Holder.invokeVirtual(java.lang.Object, java.lang.Object, java.lang.Object)'> (0x00000000880bf240) 
thrown [s\open\src\hotspot\share\interpreter\linkResolver.cpp, line 773]
Event: 4.891 Thread 0x0000022300d6f6e0 Exception <a 'java/lang/NoSuchMethodError'{0x0000000089b6d190}: 'void java.lang.invoke.DirectMethodHandle$Holder.invokeInterface(java.lang.Object, java.lang.Object)'> (0x0000000089b6d190) 
thrown [s\open\src\hotspot\share\interpreter\linkResolver.cpp, line 773]

VM Operations (20 events):
Event: 2.915 Executing VM operation: HandshakeAllThreads
Event: 2.915 Executing VM operation: HandshakeAllThreads done
Event: 3.915 Executing VM operation: Cleanup
Event: 3.915 Executing VM operation: Cleanup done
Event: 4.580 Executing VM operation: HandshakeAllThreads
Event: 4.580 Executing VM operation: HandshakeAllThreads done
Event: 4.624 Executing VM operation: HandshakeAllThreads
Event: 4.624 Executing VM operation: HandshakeAllThreads done
Event: 4.624 Executing VM operation: HandshakeAllThreads
Event: 4.624 Executing VM operation: HandshakeAllThreads done
Event: 4.638 Executing VM operation: HandshakeAllThreads
Event: 4.638 Executing VM operation: HandshakeAllThreads done
Event: 4.649 Executing VM operation: HandshakeAllThreads
Event: 4.649 Executing VM operation: HandshakeAllThreads done
Event: 4.714 Executing VM operation: HandshakeAllThreads
Event: 4.714 Executing VM operation: HandshakeAllThreads done
Event: 4.775 Executing VM operation: HandshakeAllThreads
Event: 4.776 Executing VM operation: HandshakeAllThreads done
Event: 4.822 Executing VM operation: G1CollectForAllocation
Event: 4.828 Executing VM operation: G1CollectForAllocation done

Events (20 events):
Event: 0.057 Thread 0x000002233a5becb0 Thread added: 0x000002233a5becb0
Event: 0.111 Thread 0x000002237f8fe260 Thread added: 0x000002237f8fe260
Event: 0.112 Thread 0x000002237f91e210 Thread added: 0x000002237f91e210
Event: 0.159 Thread 0x000002233a5c1c80 Thread added: 0x000002233a5c1c80
Event: 0.325 Thread 0x000002233a5bf750 Thread added: 0x000002233a5bf750
Event: 0.362 Thread 0x000002233a5c0740 Thread added: 0x000002233a5c0740
Event: 0.365 Thread 0x000002233a5bfca0 Thread added: 0x000002233a5bfca0
Event: 0.418 Thread 0x000002233a5bf200 Thread added: 0x000002233a5bf200
Event: 0.430 Thread 0x000002233a5c01f0 Thread added: 0x000002233a5c01f0
Event: 0.796 Thread 0x0000022300d6fc30 Thread added: 0x0000022300d6fc30
Event: 0.931 Thread 0x0000022300d6f190 Thread added: 0x0000022300d6f190
Event: 2.241 Thread 0x000002237f91e210 Thread exited: 0x000002237f91e210
Event: 2.241 Thread 0x000002237f8fe260 Thread exited: 0x000002237f8fe260
Event: 3.000 Thread 0x0000022300d6f6e0 Thread added: 0x0000022300d6f6e0
Event: 3.012 Thread 0x0000022300d6d1b0 Thread added: 0x0000022300d6d1b0
Event: 4.578 Thread 0x0000022300d716c0 Thread added: 0x0000022300d716c0
Event: 4.595 Thread 0x0000022300d6d1b0 Thread exited: 0x0000022300d6d1b0
Event: 4.621 Thread 0x0000022300d70180 Thread added: 0x0000022300d70180
Event: 4.647 Thread 0x000002230102f030 Thread added: 0x000002230102f030
Event: 4.868 Thread 0x000002230104e550 Thread added: 0x000002230104e550


Dynamic libraries:
0x00007ff6e8810000 - 0x00007ff6e8820000 	C:\Program Files\Java\jdk-20\bin\java.exe
0x00007ffff6b10000 - 0x00007ffff6d27000 	C:\WINDOWS\SYSTEM32\ntdll.dll
0x00007ffff49f0000 - 0x00007ffff4ab4000 	C:\WINDOWS\System32\KERNEL32.DLL
0x00007ffff4220000 - 0x00007ffff45c7000 	C:\WINDOWS\System32\KERNELBASE.dll
0x00007ffff4060000 - 0x00007ffff4171000 	C:\WINDOWS\System32\ucrtbase.dll
0x00007fffd0870000 - 0x00007fffd088b000 	C:\Program Files\Java\jdk-20\bin\VCRUNTIME140.dll
0x00007fffd0de0000 - 0x00007fffd0df9000 	C:\Program Files\Java\jdk-20\bin\jli.dll
0x00007ffff5fb0000 - 0x00007ffff6060000 	C:\WINDOWS\System32\ADVAPI32.dll
0x00007ffff6270000 - 0x00007ffff6317000 	C:\WINDOWS\System32\msvcrt.dll
0x00007ffff61c0000 - 0x00007ffff6266000 	C:\WINDOWS\System32\sechost.dll
0x00007ffff6750000 - 0x00007ffff6867000 	C:\WINDOWS\System32\RPCRT4.dll
0x00007ffff6570000 - 0x00007ffff671e000 	C:\WINDOWS\System32\USER32.dll
0x00007ffff3fb0000 - 0x00007ffff3fd6000 	C:\WINDOWS\System32\win32u.dll
0x00007ffff6720000 - 0x00007ffff6749000 	C:\WINDOWS\System32\GDI32.dll
0x00007ffff3050000 - 0x00007ffff32e3000 	C:\WINDOWS\WinSxS\amd64_microsoft.windows.common-controls_6595b64144ccf1df_6.0.22621.2506_none_270c5ae97388e100\COMCTL32.dll
0x00007ffff3e90000 - 0x00007ffff3fa9000 	C:\WINDOWS\System32\gdi32full.dll
0x00007ffff4180000 - 0x00007ffff421a000 	C:\WINDOWS\System32\msvcp_win.dll
0x00007fffedd00000 - 0x00007fffedd0a000 	C:\WINDOWS\SYSTEM32\VERSION.dll
0x00007ffff5af0000 - 0x00007ffff5b21000 	C:\WINDOWS\System32\IMM32.DLL
0x00007fffe4910000 - 0x00007fffe491c000 	C:\Program Files\Java\jdk-20\bin\vcruntime140_1.dll
0x00007fffcf880000 - 0x00007fffcf90e000 	C:\Program Files\Java\jdk-20\bin\msvcp140.dll
0x00007fffb20c0000 - 0x00007fffb2d58000 	C:\Program Files\Java\jdk-20\bin\server\jvm.dll
0x00007fffec240000 - 0x00007fffec274000 	C:\WINDOWS\SYSTEM32\WINMM.dll
0x00007fffdd960000 - 0x00007fffdd969000 	C:\WINDOWS\SYSTEM32\WSOCK32.dll
0x00007ffff64f0000 - 0x00007ffff6561000 	C:\WINDOWS\System32\WS2_32.dll
0x00007ffff25d0000 - 0x00007ffff25e8000 	C:\WINDOWS\SYSTEM32\kernel.appcore.dll
0x00007fffe3320000 - 0x00007fffe332a000 	C:\Program Files\Java\jdk-20\bin\jimage.dll
0x00007ffff3710000 - 0x00007ffff3943000 	C:\WINDOWS\SYSTEM32\DBGHELP.DLL
0x00007ffff5380000 - 0x00007ffff5709000 	C:\WINDOWS\System32\combase.dll
0x00007ffff6410000 - 0x00007ffff64e7000 	C:\WINDOWS\System32\OLEAUT32.dll
0x00007ffff35d0000 - 0x00007ffff3602000 	C:\WINDOWS\SYSTEM32\dbgcore.DLL
0x00007ffff3fe0000 - 0x00007ffff405a000 	C:\WINDOWS\System32\bcryptPrimitives.dll
0x00007fffcf7e0000 - 0x00007fffcf806000 	C:\Program Files\Java\jdk-20\bin\java.dll
0x00007fffb1fe0000 - 0x00007fffb20b7000 	C:\Program Files\Java\jdk-20\bin\jsvml.dll
0x00007ffff4b20000 - 0x00007ffff5379000 	C:\WINDOWS\System32\SHELL32.dll
0x00007ffff1500000 - 0x00007ffff1df4000 	C:\WINDOWS\SYSTEM32\windows.storage.dll
0x00007ffff13a0000 - 0x00007ffff14de000 	C:\WINDOWS\SYSTEM32\wintypes.dll
0x00007ffff69d0000 - 0x00007ffff6ac3000 	C:\WINDOWS\System32\SHCORE.dll
0x00007ffff4ac0000 - 0x00007ffff4b1e000 	C:\WINDOWS\System32\shlwapi.dll
0x00007ffff3dc0000 - 0x00007ffff3de6000 	C:\WINDOWS\SYSTEM32\profapi.dll
0x00007fffcfea0000 - 0x00007fffcfeb3000 	C:\Program Files\Java\jdk-20\bin\net.dll
0x00007fffec8b0000 - 0x00007fffec9e7000 	C:\WINDOWS\SYSTEM32\WINHTTP.dll
0x00007ffff2bf0000 - 0x00007ffff2c59000 	C:\WINDOWS\system32\mswsock.dll
0x00007fffcf860000 - 0x00007fffcf876000 	C:\Program Files\Java\jdk-20\bin\nio.dll
0x00007fffcec00000 - 0x00007fffcec18000 	C:\Program Files\Java\jdk-20\bin\zip.dll
0x000002233a710000 - 0x000002233a713000 	C:\Program Files\Java\javafx-sdk-20.0.2\bin\api-ms-win-core-console-l1-1-0.dll
0x000002233a720000 - 0x000002233a723000 	C:\Program Files\Java\javafx-sdk-20.0.2\bin\api-ms-win-core-console-l1-2-0.dll
0x000002233a730000 - 0x000002233a733000 	C:\Program Files\Java\javafx-sdk-20.0.2\bin\api-ms-win-core-datetime-l1-1-0.dll
0x000002233a740000 - 0x000002233a743000 	C:\Program Files\Java\javafx-sdk-20.0.2\bin\api-ms-win-core-debug-l1-1-0.dll
0x000002233a750000 - 0x000002233a753000 	C:\Program Files\Java\javafx-sdk-20.0.2\bin\api-ms-win-core-errorhandling-l1-1-0.dll
0x000002233a760000 - 0x000002233a764000 	C:\Program Files\Java\javafx-sdk-20.0.2\bin\api-ms-win-core-file-l1-1-0.dll
0x000002233a770000 - 0x000002233a773000 	C:\Program Files\Java\javafx-sdk-20.0.2\bin\api-ms-win-core-file-l1-2-0.dll
0x000002233a780000 - 0x000002233a783000 	C:\Program Files\Java\javafx-sdk-20.0.2\bin\api-ms-win-core-file-l2-1-0.dll
0x000002233a790000 - 0x000002233a793000 	C:\Program Files\Java\javafx-sdk-20.0.2\bin\api-ms-win-core-handle-l1-1-0.dll
0x000002233a7a0000 - 0x000002233a7a3000 	C:\Program Files\Java\javafx-sdk-20.0.2\bin\api-ms-win-core-heap-l1-1-0.dll
0x000002233a7b0000 - 0x000002233a7b3000 	C:\Program Files\Java\javafx-sdk-20.0.2\bin\api-ms-win-core-interlocked-l1-1-0.dll
0x000002233a7c0000 - 0x000002233a7c3000 	C:\Program Files\Java\javafx-sdk-20.0.2\bin\api-ms-win-core-libraryloader-l1-1-0.dll
0x000002233a7d0000 - 0x000002233a7d3000 	C:\Program Files\Java\javafx-sdk-20.0.2\bin\api-ms-win-core-localization-l1-2-0.dll
0x000002233a7e0000 - 0x000002233a7e3000 	C:\Program Files\Java\javafx-sdk-20.0.2\bin\api-ms-win-core-memory-l1-1-0.dll
0x000002233a7f0000 - 0x000002233a7f3000 	C:\Program Files\Java\javafx-sdk-20.0.2\bin\api-ms-win-core-namedpipe-l1-1-0.dll
0x000002237fc00000 - 0x000002237fc03000 	C:\Program Files\Java\javafx-sdk-20.0.2\bin\api-ms-win-core-processenvironment-l1-1-0.dll
0x000002237fc10000 - 0x000002237fc13000 	C:\Program Files\Java\javafx-sdk-20.0.2\bin\api-ms-win-core-processthreads-l1-1-0.dll
0x000002237fc20000 - 0x000002237fc23000 	C:\Program Files\Java\javafx-sdk-20.0.2\bin\api-ms-win-core-processthreads-l1-1-1.dll
0x000002237fc30000 - 0x000002237fc33000 	C:\Program Files\Java\javafx-sdk-20.0.2\bin\api-ms-win-core-profile-l1-1-0.dll
0x000002237fc40000 - 0x000002237fc43000 	C:\Program Files\Java\javafx-sdk-20.0.2\bin\api-ms-win-core-rtlsupport-l1-1-0.dll
0x000002237fc50000 - 0x000002237fc53000 	C:\Program Files\Java\javafx-sdk-20.0.2\bin\api-ms-win-core-string-l1-1-0.dll
0x000002237fc60000 - 0x000002237fc63000 	C:\Program Files\Java\javafx-sdk-20.0.2\bin\api-ms-win-core-synch-l1-1-0.dll
0x000002237fc70000 - 0x000002237fc73000 	C:\Program Files\Java\javafx-sdk-20.0.2\bin\api-ms-win-core-synch-l1-2-0.dll
0x000002237fc80000 - 0x000002237fc83000 	C:\Program Files\Java\javafx-sdk-20.0.2\bin\api-ms-win-core-sysinfo-l1-1-0.dll
0x000002237fc90000 - 0x000002237fc93000 	C:\Program Files\Java\javafx-sdk-20.0.2\bin\api-ms-win-core-timezone-l1-1-0.dll
0x000002237fca0000 - 0x000002237fca3000 	C:\Program Files\Java\javafx-sdk-20.0.2\bin\api-ms-win-core-util-l1-1-0.dll
0x000002237fcb0000 - 0x000002237fcb3000 	C:\Program Files\Java\javafx-sdk-20.0.2\bin\api-ms-win-crt-conio-l1-1-0.dll
0x000002237fcc0000 - 0x000002237fcc4000 	C:\Program Files\Java\javafx-sdk-20.0.2\bin\api-ms-win-crt-convert-l1-1-0.dll
0x000002237fcd0000 - 0x000002237fcd3000 	C:\Program Files\Java\javafx-sdk-20.0.2\bin\api-ms-win-crt-environment-l1-1-0.dll
0x000002237fce0000 - 0x000002237fce3000 	C:\Program Files\Java\javafx-sdk-20.0.2\bin\api-ms-win-crt-filesystem-l1-1-0.dll
0x000002237fcf0000 - 0x000002237fcf3000 	C:\Program Files\Java\javafx-sdk-20.0.2\bin\api-ms-win-crt-heap-l1-1-0.dll
0x000002237fd00000 - 0x000002237fd03000 	C:\Program Files\Java\javafx-sdk-20.0.2\bin\api-ms-win-crt-locale-l1-1-0.dll
0x000002237fd10000 - 0x000002237fd15000 	C:\Program Files\Java\javafx-sdk-20.0.2\bin\api-ms-win-crt-math-l1-1-0.dll
0x000002237fd20000 - 0x000002237fd25000 	C:\Program Files\Java\javafx-sdk-20.0.2\bin\api-ms-win-crt-multibyte-l1-1-0.dll
0x000002237fd30000 - 0x000002237fd40000 	C:\Program Files\Java\javafx-sdk-20.0.2\bin\api-ms-win-crt-private-l1-1-0.dll
0x000002237fd40000 - 0x000002237fd43000 	C:\Program Files\Java\javafx-sdk-20.0.2\bin\api-ms-win-crt-process-l1-1-0.dll
0x000002237fd50000 - 0x000002237fd54000 	C:\Program Files\Java\javafx-sdk-20.0.2\bin\api-ms-win-crt-runtime-l1-1-0.dll
0x000002237fd60000 - 0x000002237fd64000 	C:\Program Files\Java\javafx-sdk-20.0.2\bin\api-ms-win-crt-stdio-l1-1-0.dll
0x000002237fd70000 - 0x000002237fd74000 	C:\Program Files\Java\javafx-sdk-20.0.2\bin\api-ms-win-crt-string-l1-1-0.dll
0x000002237fd80000 - 0x000002237fd83000 	C:\Program Files\Java\javafx-sdk-20.0.2\bin\api-ms-win-crt-time-l1-1-0.dll
0x000002237fd90000 - 0x000002237fd93000 	C:\Program Files\Java\javafx-sdk-20.0.2\bin\api-ms-win-crt-utility-l1-1-0.dll
0x00007fffcd0a0000 - 0x00007fffcd19c000 	C:\Program Files\Java\javafx-sdk-20.0.2\bin\ucrtbase.dll
0x00007fffe5870000 - 0x00007fffe588b000 	C:\Program Files\Java\javafx-sdk-20.0.2\bin\vcruntime140.dll
0x00007fffe5860000 - 0x00007fffe586c000 	C:\Program Files\Java\javafx-sdk-20.0.2\bin\vcruntime140_1.dll
0x00007fffe4560000 - 0x00007fffe45ee000 	C:\Program Files\Java\javafx-sdk-20.0.2\bin\msvcp140.dll
0x00007fffe4aa0000 - 0x00007fffe4aa9000 	C:\Program Files\Java\javafx-sdk-20.0.2\bin\msvcp140_1.dll
0x00007fffe25b0000 - 0x00007fffe25e0000 	C:\Program Files\Java\javafx-sdk-20.0.2\bin\msvcp140_2.dll
0x00007fffcfc20000 - 0x00007fffcfc4f000 	C:\Program Files\Java\javafx-sdk-20.0.2\bin\prism_d3d.dll
0x00007fffc6bf0000 - 0x00007fffc6d99000 	C:\WINDOWS\system32\d3d9.dll
0x00007ffff0c90000 - 0x00007ffff0cbb000 	C:\WINDOWS\SYSTEM32\dwmapi.dll
0x00007ffff0680000 - 0x00007ffff06b6000 	C:\WINDOWS\SYSTEM32\dxcore.dll
0x00007ffff05a0000 - 0x00007ffff064b000 	C:\WINDOWS\system32\uxtheme.dll
0x00007fffc6a80000 - 0x00007fffc6be5000 	C:\WINDOWS\System32\DriverStore\FileRepository\igdlh64.inf_amd64_dccdb071926b5316\igdumdim64.dll
0x00007ffff5710000 - 0x00007ffff58b0000 	C:\WINDOWS\System32\ole32.dll
0x00007fff8bfd0000 - 0x00007fff8fc24000 	C:\WINDOWS\System32\DriverStore\FileRepository\igdlh64.inf_amd64_dccdb071926b5316\igd9dxva64.dll
0x00007ffff5b30000 - 0x00007ffff5fa4000 	C:\WINDOWS\System32\SETUPAPI.dll
0x00007ffff3a90000 - 0x00007ffff3ade000 	C:\WINDOWS\SYSTEM32\cfgmgr32.dll
0x00007fffe2100000 - 0x00007fffe24c1000 	C:\WINDOWS\System32\DriverStore\FileRepository\igdlh64.inf_amd64_dccdb071926b5316\igdgmm64.dll
0x00007fffeb0e0000 - 0x00007fffeb12a000 	C:\WINDOWS\SYSTEM32\directxdatabasehelper.dll
0x00007fffcfbd0000 - 0x00007fffcfc12000 	C:\Program Files\Java\javafx-sdk-20.0.2\bin\glass.dll
0x00007ffff48f0000 - 0x00007ffff49e9000 	C:\WINDOWS\System32\COMDLG32.dll
0x00007ffff6870000 - 0x00007ffff69bf000 	C:\WINDOWS\System32\MSCTF.dll
0x00007fff9ae40000 - 0x00007fff9ae67000 	C:\WINDOWS\System32\DriverStore\FileRepository\igdlh64.inf_amd64_dccdb071926b5316\igdinfo64.dll
0x00007ffff3a40000 - 0x00007ffff3a5b000 	C:\WINDOWS\SYSTEM32\CRYPTSP.dll
0x00007ffff2590000 - 0x00007ffff25c5000 	C:\WINDOWS\system32\rsaenh.dll
0x00007ffff2e90000 - 0x00007ffff2e9c000 	C:\WINDOWS\SYSTEM32\CRYPTBASE.dll
0x00007ffff36e0000 - 0x00007ffff3708000 	C:\WINDOWS\SYSTEM32\bcrypt.dll
0x00007fffddd50000 - 0x00007fffe0f56000 	C:\WINDOWS\System32\DriverStore\FileRepository\igdlh64.inf_amd64_dccdb071926b5316\igc64.dll
0x00007fffe4a80000 - 0x00007fffe4a94000 	C:\Program Files\Java\javafx-sdk-20.0.2\bin\javafx_font.dll
0x00007fffee8e0000 - 0x00007fffeeb53000 	C:\WINDOWS\SYSTEM32\dwrite.dll
0x00007ffff6060000 - 0x00007ffff6110000 	C:\WINDOWS\System32\clbcatq.dll
0x00007fffee5e0000 - 0x00007fffee790000 	C:\WINDOWS\SYSTEM32\WindowsCodecs.dll
0x00007fffc4fa0000 - 0x00007fffc4ffe000 	C:\WINDOWS\system32\dataexchange.dll
0x00007fffe4680000 - 0x00007fffe4905000 	C:\WINDOWS\system32\twinapi.appcore.dll
0x00007fffcf400000 - 0x00007fffcf432000 	C:\Program Files\Common Files\Microsoft Shared\Ink\rtscom.dll
0x00007fffe50d0000 - 0x00007fffe521a000 	C:\WINDOWS\SYSTEM32\textinputframework.dll
0x00007fffef8b0000 - 0x00007fffef9e3000 	C:\WINDOWS\SYSTEM32\CoreMessaging.dll
0x00007fffe9910000 - 0x00007fffe9c7c000 	C:\WINDOWS\SYSTEM32\CoreUIComponents.dll
0x00007fffcfb00000 - 0x00007fffcfb26000 	C:\Windows\System32\dpuareu_jni.dll
0x00007fffc6e20000 - 0x00007fffc6e94000 	C:\WINDOWS\SYSTEM32\dpfj.dll
0x00007fffcf150000 - 0x00007fffcf17b000 	C:\WINDOWS\SYSTEM32\dpfpdd.dll
0x00007fffea350000 - 0x00007fffea3e0000 	C:\WINDOWS\SYSTEM32\DPFPApi.DLL
0x00007ffff4700000 - 0x00007ffff4866000 	C:\WINDOWS\System32\CRYPT32.dll

dbghelp: loaded successfully - version: 4.0.5 - missing functions: none
symbol engine: initialized successfully - sym options: 0x614 - pdb path: .;C:\Program Files\Java\jdk-20\bin;C:\WINDOWS\SYSTEM32;C:\WINDOWS\WinSxS\amd64_microsoft.windows.common-controls_6595b64144ccf1df_6.0.22621.2506_none_270c5ae97388e100;C:\Program Files\Java\jdk-20\bin\server;C:\Program Files\Java\javafx-sdk-20.0.2\bin;C:\WINDOWS\System32\DriverStore\FileRepository\igdlh64.inf_amd64_dccdb071926b5316;C:\Program Files\Common Files\Microsoft Shared\Ink

VM Arguments:
jvm_args: -Dfile.encoding=UTF-8 --module-path=C:\Program Files\Java\javafx-sdk-20.0.2\lib --add-modules=javafx.controls,javafx.fxml --module-path=C:\Program Files\Java\javafx-sdk-20.0.2\lib\javafx-swt.jar;C:\Program Files\Java\javafx-sdk-20.0.2\lib\javafx.base.jar;C:\Program Files\Java\javafx-sdk-20.0.2\lib\javafx.controls.jar;C:\Program Files\Java\javafx-sdk-20.0.2\lib\javafx.fxml.jar;C:\Program Files\Java\javafx-sdk-20.0.2\lib\javafx.graphics.jar;C:\Program Files\Java\javafx-sdk-20.0.2\lib\javafx.media.jar;C:\Program Files\Java\javafx-sdk-20.0.2\lib\javafx.swing.jar;C:\Program Files\Java\javafx-sdk-20.0.2\lib\javafx.web.jar 
java_command: Main
java_class_path (initial): C:\Program Files\Java\javafx-sdk-20.0.2\lib\javafx-swt.jar;C:\Program Files\Java\javafx-sdk-20.0.2\lib\javafx.base.jar;C:\Program Files\Java\javafx-sdk-20.0.2\lib\javafx.controls.jar;C:\Program Files\Java\javafx-sdk-20.0.2\lib\javafx.fxml.jar;C:\Program Files\Java\javafx-sdk-20.0.2\lib\javafx.graphics.jar;C:\Program Files\Java\javafx-sdk-20.0.2\lib\javafx.media.jar;C:\Program Files\Java\javafx-sdk-20.0.2\lib\javafx.swing.jar;C:\Program Files\Java\javafx-sdk-20.0.2\lib\javafx.web.jar;C:\Program Files\DigitalPersona\U.are.U SDK\Windows\Lib\Java\dpuareu.jar;C:\Program Files\Java\mysql-connector-j-8.1.0\mysql-connector-j-8.1.0.jar;C:\Programming\NetBeansProjects\attendance-system\build\classes
Launcher Type: SUN_STANDARD

[Global flags]
     intx CICompilerCount                          = 4                                         {product} {ergonomic}
     uint ConcGCThreads                            = 2                                         {product} {ergonomic}
     uint G1ConcRefinementThreads                  = 8                                         {product} {ergonomic}
   size_t G1HeapRegionSize                         = 1048576                                   {product} {ergonomic}
    uintx GCDrainStackTargetSize                   = 64                                        {product} {ergonomic}
   size_t InitialHeapSize                          = 134217728                                 {product} {ergonomic}
   size_t MarkStackSize                            = 4194304                                   {product} {ergonomic}
   size_t MaxHeapSize                              = 2116026368                                {product} {ergonomic}
   size_t MaxNewSize                               = 1268776960                                {product} {ergonomic}
   size_t MinHeapDeltaBytes                        = 1048576                                   {product} {ergonomic}
   size_t MinHeapSize                              = 8388608                                   {product} {ergonomic}
    uintx NonNMethodCodeHeapSize                   = 5839372                                {pd product} {ergonomic}
    uintx NonProfiledCodeHeapSize                  = 122909434                              {pd product} {ergonomic}
    uintx ProfiledCodeHeapSize                     = 122909434                              {pd product} {ergonomic}
    uintx ReservedCodeCacheSize                    = 251658240                              {pd product} {ergonomic}
     bool SegmentedCodeCache                       = true                                      {product} {ergonomic}
   size_t SoftMaxHeapSize                          = 2116026368                             {manageable} {ergonomic}
     bool UseCompressedClassPointers               = true                           {product lp64_product} {ergonomic}
     bool UseCompressedOops                        = true                           {product lp64_product} {ergonomic}
     bool UseG1GC                                  = true                                      {product} {ergonomic}
     bool UseLargePagesIndividualAllocation        = false                                  {pd product} {ergonomic}

Logging:
Log output configuration:
 #0: stdout all=warning uptime,level,tags foldmultilines=false
 #1: stderr all=off uptime,level,tags foldmultilines=false

Environment Variables:
JAVA_HOME=C:\Program Files\Java\jdk-20
CLASSPATH=C:\Program Files\Java\mysql-connector-j-8.1.0\mysql-connector-j-8.1.0.jar
PATH=C:\Program Files\Common Files\Oracle\Java\javapath;C:\Program Files (x86)\Common Files\Oracle\Java\javapath;C:\WINDOWS\system32;C:\WINDOWS;C:\WINDOWS\System32\Wbem;C:\WINDOWS\System32\WindowsPowerShell\v1.0\;C:\WINDOWS\System32\OpenSSH\;C:\Program Files\Git\cmd;C:\Program Files\dotnet\;C:\Users\danodoms\AppData\Local\Microsoft\WindowsApps;C:\Users\danodoms\AppData\Local\Programs\Microsoft VS Code\bin;
USERNAME=admin
OS=Windows_NT
PROCESSOR_IDENTIFIER=Intel64 Family 6 Model 142 Stepping 10, GenuineIntel
TMP=C:\Users\danodoms\AppData\Local\Temp
TEMP=C:\Users\danodoms\AppData\Local\Temp




---------------  S Y S T E M  ---------------

OS:
 Windows 11 , 64 bit Build 22621 (10.0.22621.2506)
OS uptime: 0 days 1:16 hours

CPU: total 8 (initial active 8) (4 cores per cpu, 2 threads per core) family 6 model 142 stepping 10 microcode 0xf4, cx8, cmov, fxsr, ht, mmx, 3dnowpref, sse, sse2, sse3, ssse3, sse4.1, sse4.2, popcnt, lzcnt, tsc, tscinvbit, avx, avx2, aes, erms, clmul, bmi1, bmi2, rtm, adx, fma, vzeroupper, clflush, clflushopt, rdtscp, f16c

Memory: 4k page, system-wide physical 8071M (1877M free)
TotalPageFile size 18823M (AvailPageFile size 11248M)
current process WorkingSet (physical memory assigned to process): 189M, peak: 189M
current process commit charge ("private bytes"): 303M, peak: 303M

vm_info: Java HotSpot(TM) 64-Bit Server VM (20.0.2+9-78) for windows-amd64 JRE (20.0.2+9-78), built on 2023-06-14T10:08:48Z by "mach5one" with MS VC++ 17.1 (VS2022)

END.
