#
# A fatal error has been detected by the Java Runtime Environment:
#
#  EXCEPTION_ACCESS_VIOLATION (0xc0000005) at pc=0x00007fffb20ca330, pid=6680, tid=3356
#
# JRE version: Java(TM) SE Runtime Environment (20.0.2+9) (build 20.0.2+9-78)
# Java VM: Java HotSpot(TM) 64-Bit Server VM (20.0.2+9-78, mixed mode, sharing, tiered, compressed oops, compressed class ptrs, g1 gc, windows-amd64)
# Problematic frame:
# V  [jvm.dll+0xa330]
#
# No core dump will be written. Minidumps are not enabled by default on client versions of Windows
#
# If you would like to submit a bug report, please visit:
#   https://bugreport.java.com/bugreport/crash.jsp
#

---------------  S U M M A R Y ------------

Command Line: -Dfile.encoding=UTF-8 --module-path=C:\Program Files\Java\javafx-sdk-20.0.2\lib --add-modules=javafx.controls,javafx.fxml --module-path=C:\Program Files\Java\javafx-sdk-20.0.2\lib\javafx-swt.jar;C:\Program Files\Java\javafx-sdk-20.0.2\lib\javafx.base.jar;C:\Program Files\Java\javafx-sdk-20.0.2\lib\javafx.controls.jar;C:\Program Files\Java\javafx-sdk-20.0.2\lib\javafx.fxml.jar;C:\Program Files\Java\javafx-sdk-20.0.2\lib\javafx.graphics.jar;C:\Program Files\Java\javafx-sdk-20.0.2\lib\javafx.media.jar;C:\Program Files\Java\javafx-sdk-20.0.2\lib\javafx.swing.jar;C:\Program Files\Java\javafx-sdk-20.0.2\lib\javafx.web.jar Main

Host: Intel(R) Core(TM) i5-8350U CPU @ 1.70GHz, 8 cores, 7G,  Windows 11 , 64 bit Build 22621 (10.0.22621.2506)
Time: Fri Nov  3 15:39:59 2023 Malay Peninsula Standard Time elapsed time: 7.765195 seconds (0d 0h 0m 7s)

---------------  T H R E A D  ---------------

Current thread (0x0000017874e05520):  JavaThread "Thread-3" [_thread_in_vm, id=3356, stack(0x000000641a000000,0x000000641a100000)]

Stack: [0x000000641a000000,0x000000641a100000],  sp=0x000000641a0fef68,  free space=1019k
Native frames: (J=compiled Java code, j=interpreted, Vv=VM code, C=native code)
V  [jvm.dll+0xa330]

Java frames: (J=compiled Java code, j=interpreted, Vv=VM code)
j  com.digitalpersona.uareu.jni.Dpfj.DpfjIdentify([BII[[BIILcom/digitalpersona/uareu/jni/Dpfj$IntReference;[Lcom/digitalpersona/uareu/Engine$Candidate;)I+0
j  com.digitalpersona.uareu.jni.Dpfj.identify(Lcom/digitalpersona/uareu/Fmd;I[Lcom/digitalpersona/uareu/Fmd;II)[Lcom/digitalpersona/uareu/Engine$Candidate;+148
j  com.digitalpersona.uareu.dpfj.EngineImpl.Identify(Lcom/digitalpersona/uareu/Fmd;I[Lcom/digitalpersona/uareu/Fmd;II)[Lcom/digitalpersona/uareu/Engine$Candidate;+11
j  Fingerprint.IdentificationThread.startIdentification(Lcom/digitalpersona/uareu/Reader;Ljavafx/scene/image/ImageView;)V+104
j  Fingerprint.IdentificationThread.run()V+9
v  ~StubRoutines::call_stub 0x0000017861b4100d

siginfo: EXCEPTION_ACCESS_VIOLATION (0xc0000005), reading address 0x0000000000000000


Registers:
RAX=0x0000000000000000, RBX=0x0000017874e05520, RCX=0x0000000000000000, RDX=0x0000000000000000
RSP=0x000000641a0fef68, RBP=0x000000641a0ff118, RSI=0x0000017874e05800, RDI=0x0000000000000000
R8 =0x000000641a0ff170, R9 =0x0000000001010001, R10=0x00007fffb2c066d0, R11=0x0000000000000101
R12=0x0000000000000000, R13=0x0000017870401a38, R14=0x000000641a0ff178, R15=0x0000000000000000
RIP=0x00007fffb20ca330, EFLAGS=0x0000000000010246


Register to memory mapping:

RIP=0x00007fffb20ca330 jvm.dll
RAX=0x0 is NULL
RBX=0x0000017874e05520 is a thread
RCX=0x0 is NULL
RDX=0x0 is NULL
RSP=0x000000641a0fef68 is pointing into the stack for thread: 0x0000017874e05520
RBP=0x000000641a0ff118 is pointing into the stack for thread: 0x0000017874e05520
RSI=0x0000017874e05800 points into unknown readable memory: 0x00007fffb2c066d0 | d0 66 c0 b2 ff 7f 00 00
RDI=0x0 is NULL
R8 =0x000000641a0ff170 is pointing into the stack for thread: 0x0000017874e05520
R9 =0x0000000001010001 is an unknown value
R10=0x00007fffb2c066d0 jvm.dll
R11=0x0000000000000101 is an unknown value
R12=0x0 is NULL
R13={method} {0x0000017870401a40} 'DpfjIdentify' '([BII[[BIILcom/digitalpersona/uareu/jni/Dpfj$IntReference;[Lcom/digitalpersona/uareu/Engine$Candidate;)I' in 'com/digitalpersona/uareu/jni/Dpfj'
R14=0x000000641a0ff178 is pointing into the stack for thread: 0x0000017874e05520
R15=0x0 is NULL


Top of Stack: (sp=0x000000641a0fef68)
0x000000641a0fef68:   00007fffb24fb549 000001780000000a
0x000000641a0fef78:   0000001b955b55b4 0000017870401a38
0x000000641a0fef88:   0000017874e05520 000000641a0ff170
0x000000641a0fef98:   00007fff8e78208a 0000017870401a38
0x000000641a0fefa8:   0000017874e05800 0000017874e05520
0x000000641a0fefb8:   000000641a0ff178 0000000000000000
0x000000641a0fefc8:   000001786ffe2f30 00000178000bd890
0x000000641a0fefd8:   0000017870401a38 000000641a0ff118
0x000000641a0fefe8:   00007fffb249b7f5 0000017861bad275
0x000000641a0feff8:   0000001b955b55b4 000001b674e05520
0x000000641a0ff008:   000001787096b5a8 0000017870401a38
0x000000641a0ff018:   0000017874e05520 0000017874e05520
0x000000641a0ff028:   000000641a0ff178 0000017870401a38
0x000000641a0ff038:   0000000000000000 000001786ffe2f30
0x000000641a0ff048:   00000178000bd890 0000017870401a38
0x000000641a0ff058:   0000017861b61ff3 0000017874e05520
0x000000641a0ff068:   00007fffb2499251 000000641a0ff170
0x000000641a0ff078:   00007fff01010001 0000017800000000
0x000000641a0ff088:   0000000000000000 00000178ffffffff
0x000000641a0ff098:   00000178000053e2 000000641a0ff140
0x000000641a0ff0a8:   000000641a0ff138 0000017874e05520
0x000000641a0ff0b8:   00007fffb2499251 000000641a0ff170
0x000000641a0ff0c8:   0000017861b61c96 000000641a0ff0d0
0x000000641a0ff0d8:   0000017870401a38 000000641a0ff178
0x000000641a0ff0e8:   0000017870403b18 0000000000000000
0x000000641a0ff0f8:   00000000877f8bb0 0000017870401a38
0x000000641a0ff108:   0000000000000000 000000641a0ff138
0x000000641a0ff118:   000000641a0ff1c8 0000017861b5df9e
0x000000641a0ff128:   0000000000000000 0000017861b5f895
0x000000641a0ff138:   0000000089b5e5a0 0000000089b5f5a0
0x000000641a0ff148:   00000000000053e2 00000000ffffffff
0x000000641a0ff158:   0000000000000000 0000000000000000 

Instructions: (pc=0x00007fffb20ca330)
0x00007fffb20ca230:   ec 0d b3 00 48 83 c4 20 5b 48 ff e0 48 8d 05 ed
0x00007fffb20ca240:   00 00 00 48 8b cb 48 89 05 d3 0d b3 00 48 83 c4
0x00007fffb20ca250:   20 5b 48 ff e0 48 8d 05 d4 00 00 00 48 8b cb 48
0x00007fffb20ca260:   89 05 ba 0d b3 00 48 83 c4 20 5b 48 ff e0 48 8b
0x00007fffb20ca270:   0d cb 76 b9 00 8b 51 10 83 ea 01 0f 84 91 00 00
0x00007fffb20ca280:   00 83 ea 01 74 73 83 ea 01 74 55 83 fa 01 74 37
0x00007fffb20ca290:   4c 8d 0d e9 08 8a 00 41 b8 e2 00 00 00 48 8d 15
0x00007fffb20ca2a0:   14 09 8a 00 b9 00 00 00 e0 e8 42 68 27 00 e8 5d
0x00007fffb20ca2b0:   19 6b 00 33 c0 48 8b cb 48 89 05 61 0d b3 00 48
0x00007fffb20ca2c0:   83 c4 20 5b 48 ff e0 48 8d 05 72 00 00 00 48 8b
0x00007fffb20ca2d0:   cb 48 89 05 48 0d b3 00 48 83 c4 20 5b 48 ff e0
0x00007fffb20ca2e0:   48 8d 05 49 00 00 00 48 8b cb 48 89 05 2f 0d b3
0x00007fffb20ca2f0:   00 48 83 c4 20 5b 48 ff e0 48 8d 05 30 00 00 00
0x00007fffb20ca300:   48 8b cb 48 89 05 16 0d b3 00 48 83 c4 20 5b 48
0x00007fffb20ca310:   ff e0 48 8d 05 17 00 00 00 48 8b cb 48 89 05 fd
0x00007fffb20ca320:   0c b3 00 48 83 c4 20 5b 48 ff e0 cc cc cc cc cc
0x00007fffb20ca330:   48 8b 01 c3 cc cc cc cc cc cc cc cc cc cc cc cc
0x00007fffb20ca340:   48 89 5c 24 08 57 48 83 ec 20 48 8b 39 48 8b d9
0x00007fffb20ca350:   48 85 3d a1 90 be 00 75 0e 48 8b c7 48 8b 5c 24
0x00007fffb20ca360:   30 48 83 c4 20 5f c3 48 8b cf e8 c1 0e 87 00 48
0x00007fffb20ca370:   8b d0 48 85 c0 74 20 48 8b c7 f0 48 0f b1 13 74
0x00007fffb20ca380:   16 48 85 05 70 90 be 00 74 0d 48 8b c8 f0 48 0f
0x00007fffb20ca390:   b1 13 48 3b c1 75 ea 48 8b 5c 24 30 48 8b c2 48
0x00007fffb20ca3a0:   83 c4 20 5f c3 cc cc cc cc cc cc cc cc cc cc cc
0x00007fffb20ca3b0:   8b 44 24 30 45 03 c9 44 2b 4c 24 28 83 c0 0b 44
0x00007fffb20ca3c0:   03 ca 45 03 c8 41 03 c1 c3 cc cc cc cc cc cc cc
0x00007fffb20ca3d0:   48 8b 41 08 0f b7 48 2a 0f b7 40 28 83 c0 48 03
0x00007fffb20ca3e0:   c1 c3 cc cc cc cc cc cc cc cc cc cc cc cc cc cc
0x00007fffb20ca3f0:   48 89 5c 24 08 57 48 83 ec 20 0f b6 05 3f 98 be
0x00007fffb20ca400:   00 48 8b fa 48 8b d9 84 c0 74 4f 48 85 15 e6 8f
0x00007fffb20ca410:   be 00 74 38 48 8b ca e8 24 11 87 00 48 8b d0 48
0x00007fffb20ca420:   85 db 74 25 48 85 c0 74 20 48 8b c7 f0 48 0f b1 


Stack slot to memory mapping:
stack at sp + 0 slots: 0x00007fffb24fb549 jvm.dll
stack at sp + 1 slots: 0x000001780000000a is pointing into metadata
stack at sp + 2 slots: 0x0000001b955b55b4 is an unknown value
stack at sp + 3 slots: {method} {0x0000017870401a40} 'DpfjIdentify' '([BII[[BIILcom/digitalpersona/uareu/jni/Dpfj$IntReference;[Lcom/digitalpersona/uareu/Engine$Candidate;)I' in 'com/digitalpersona/uareu/jni/Dpfj'
stack at sp + 4 slots: 0x0000017874e05520 is a thread
stack at sp + 5 slots: 0x000000641a0ff170 is pointing into the stack for thread: 0x0000017874e05520
stack at sp + 6 slots: 0x00007fff8e78208a dpuareu_jni.dll
stack at sp + 7 slots: {method} {0x0000017870401a40} 'DpfjIdentify' '([BII[[BIILcom/digitalpersona/uareu/jni/Dpfj$IntReference;[Lcom/digitalpersona/uareu/Engine$Candidate;)I' in 'com/digitalpersona/uareu/jni/Dpfj'


---------------  P R O C E S S  ---------------

Threads class SMR info:
_java_thread_list=0x00000178749b5440, length=21, elements={
0x0000017850d67f90, 0x000001786f6cff20, 0x000001786f6d0e60, 0x000001786f6d43e0,
0x000001786f6d95b0, 0x000001786f6da830, 0x000001786f6dbab0, 0x000001786f6e2930,
0x000001786f6e7070, 0x000001786f69b890, 0x0000017873db9150, 0x0000017874173960,
0x0000017874096030, 0x000001787409d8a0, 0x00000178744383e0, 0x00000178744fe9f0,
0x0000017873cfdfb0, 0x0000017874e05fc0, 0x0000017874e05520, 0x0000017874e06510,
0x0000017874e07fa0
}

Java Threads: ( => current thread )
  0x0000017850d67f90 JavaThread "main" [_thread_blocked, id=13332, stack(0x0000006417900000,0x0000006417a00000)]
  0x000001786f6cff20 JavaThread "Reference Handler" daemon [_thread_blocked, id=9288, stack(0x0000006418000000,0x0000006418100000)]
  0x000001786f6d0e60 JavaThread "Finalizer" daemon [_thread_blocked, id=9292, stack(0x0000006418100000,0x0000006418200000)]
  0x000001786f6d43e0 JavaThread "Signal Dispatcher" daemon [_thread_blocked, id=9816, stack(0x0000006418200000,0x0000006418300000)]
  0x000001786f6d95b0 JavaThread "Attach Listener" daemon [_thread_blocked, id=9824, stack(0x0000006418300000,0x0000006418400000)]
  0x000001786f6da830 JavaThread "Service Thread" daemon [_thread_blocked, id=9820, stack(0x0000006418400000,0x0000006418500000)]
  0x000001786f6dbab0 JavaThread "Monitor Deflation Thread" daemon [_thread_blocked, id=9828, stack(0x0000006418500000,0x0000006418600000)]
  0x000001786f6e2930 JavaThread "C2 CompilerThread0" daemon [_thread_blocked, id=7028, stack(0x0000006418600000,0x0000006418700000)]
  0x000001786f6e7070 JavaThread "C1 CompilerThread0" daemon [_thread_blocked, id=8912, stack(0x0000006418700000,0x0000006418800000)]
  0x000001786f69b890 JavaThread "Common-Cleaner" daemon [_thread_blocked, id=7284, stack(0x0000006418800000,0x0000006418900000)]
  0x0000017873db9150 JavaThread "Notification Thread" daemon [_thread_blocked, id=1728, stack(0x0000006418b00000,0x0000006418c00000)]
  0x0000017874173960 JavaThread "QuantumRenderer-0" daemon [_thread_blocked, id=624, stack(0x0000006418d00000,0x0000006418e00000)]
  0x0000017874096030 JavaThread "InvokeLaterDispatcher" daemon [_thread_blocked, id=3796, stack(0x0000006418900000,0x0000006418a00000)]
  0x000001787409d8a0 JavaThread "JavaFX Application Thread" [_thread_in_native, id=7692, stack(0x0000006418a00000,0x0000006418b00000)]
  0x00000178744383e0 JavaThread "JavaFX-Launcher" [_thread_blocked, id=11520, stack(0x0000006419200000,0x0000006419300000)]
  0x00000178744fe9f0 JavaThread "Thread-2" daemon [_thread_in_native, id=13308, stack(0x0000006419100000,0x0000006419200000)]
  0x0000017873cfdfb0 JavaThread "Prism Font Disposer" daemon [_thread_blocked, id=12240, stack(0x0000006419900000,0x0000006419a00000)]
  0x0000017874e05fc0 JavaThread "Cleaner-0" daemon [_thread_blocked, id=8408, stack(0x0000006419d00000,0x0000006419e00000)]
=>0x0000017874e05520 JavaThread "Thread-3" [_thread_in_vm, id=3356, stack(0x000000641a000000,0x000000641a100000)]
  0x0000017874e06510 JavaThread "Java2D Disposer" daemon [_thread_blocked, id=2976, stack(0x000000641a200000,0x000000641a300000)]
  0x0000017874e07fa0 JavaThread "mysql-cj-abandoned-connection-cleanup" daemon [_thread_blocked, id=8300, stack(0x000000641a100000,0x000000641a200000)]

Other Threads:
  0x000001786f6b09f0 VMThread "VM Thread" [stack: 0x0000006417f00000,0x0000006418000000] [id=1368]
  0x0000017873a35750 WatcherThread "VM Periodic Task Thread" [stack: 0x0000006418c00000,0x0000006418d00000] [id=1772]
  0x0000017850dcafa0 WorkerThread "GC Thread#0" [stack: 0x0000006417a00000,0x0000006417b00000] [id=14080]
  0x00000178745ec9a0 WorkerThread "GC Thread#1" [stack: 0x0000006419300000,0x0000006419400000] [id=12884]
  0x00000178745ecc70 WorkerThread "GC Thread#2" [stack: 0x0000006419400000,0x0000006419500000] [id=10032]
  0x0000017874647cf0 WorkerThread "GC Thread#3" [stack: 0x0000006419500000,0x0000006419600000] [id=9804]
  0x0000017874647480 WorkerThread "GC Thread#4" [stack: 0x0000006419600000,0x0000006419700000] [id=10028]
  0x0000017874646940 WorkerThread "GC Thread#5" [stack: 0x0000006419700000,0x0000006419800000] [id=13216]
  0x0000017874647750 WorkerThread "GC Thread#6" [stack: 0x0000006419800000,0x0000006419900000] [id=1764]
  0x00000178746471b0 WorkerThread "GC Thread#7" [stack: 0x000000641a400000,0x000000641a500000] [id=7388]
  0x0000017850ddcbb0 ConcurrentGCThread "G1 Main Marker" [stack: 0x0000006417b00000,0x0000006417c00000] [id=6216]
  0x0000017850dddc90 WorkerThread "G1 Conc#0" [stack: 0x0000006417c00000,0x0000006417d00000] [id=5668]
  0x0000017850e2e7a0 ConcurrentGCThread "G1 Refine#0" [stack: 0x0000006417d00000,0x0000006417e00000] [id=10220]
  0x000001786f5623b0 ConcurrentGCThread "G1 Service" [stack: 0x0000006417e00000,0x0000006417f00000] [id=7688]

Threads with active compile tasks:

VM state: not at safepoint (normal execution)

VM Mutex/Monitor currently owned by a thread: None

Heap address: 0x0000000081e00000, size: 2018 MB, Compressed Oops mode: 32-bit

CDS archive(s) mapped at: [0x0000017800000000-0x0000017800c60000-0x0000017800c60000), size 12976128, SharedBaseAddress: 0x0000017800000000, ArchiveRelocationMode: 1.
Compressed class space mapped at: 0x0000017801000000-0x0000017841000000, reserved size: 1073741824
Narrow klass base: 0x0000017800000000, Narrow klass shift: 0, Narrow klass range: 0x100000000

GC Precious Log:
 CardTable entry size: 512
 Card Set container configuration: InlinePtr #cards 5 size 8 Array Of Cards #cards 12 size 40 Howl #buckets 4 coarsen threshold 1843 Howl Bitmap #cards 512 size 80 coarsen threshold 460 Card regions per heap region 1 cards per card region 2048
 CPUs: 8 total, 8 available
 Memory: 8071M
 Large Page Support: Disabled
 NUMA Support: Disabled
 Compressed Oops: Enabled (32-bit)
 Heap Region Size: 1M
 Heap Min Capacity: 8M
 Heap Initial Capacity: 128M
 Heap Max Capacity: 2018M
 Pre-touch: Disabled
 Parallel Workers: 8
 Concurrent Workers: 2
 Concurrent Refinement Workers: 8
 Periodic GC: Disabled

Heap:
 garbage-first heap   total 131072K, used 14790K [0x0000000081e00000, 0x0000000100000000)
  region size 1024K, 8 young (8192K), 5 survivors (5120K)
 Metaspace       used 20044K, committed 20352K, reserved 1114112K
  class space    used 2471K, committed 2624K, reserved 1048576K

Heap Regions: E=young(eden), S=young(survivor), O=old, HS=humongous(starts), HC=humongous(continues), CS=collection set, F=free, OA=open archive, CA=closed archive, TAMS=top-at-mark-start, PB=parsable bottom
|   0|0x0000000081e00000, 0x0000000081f00000, 0x0000000081f00000|100%| O|  |TAMS 0x0000000081e00000| PB 0x0000000081e00000| Untracked 
|   1|0x0000000081f00000, 0x0000000082000000, 0x0000000082000000|100%|HS|  |TAMS 0x0000000081f00000| PB 0x0000000081f00000| Complete 
|   2|0x0000000082000000, 0x0000000082100000, 0x0000000082100000|100%|HC|  |TAMS 0x0000000082000000| PB 0x0000000082000000| Complete 
|   3|0x0000000082100000, 0x0000000082100000, 0x0000000082200000|  0%| F|  |TAMS 0x0000000082100000| PB 0x0000000082100000| Untracked 
|   4|0x0000000082200000, 0x0000000082200000, 0x0000000082300000|  0%| F|  |TAMS 0x0000000082200000| PB 0x0000000082200000| Untracked 
|   5|0x0000000082300000, 0x0000000082400000, 0x0000000082400000|100%|HS|  |TAMS 0x0000000082300000| PB 0x0000000082300000| Complete 
|   6|0x0000000082400000, 0x0000000082500000, 0x0000000082500000|100%|HS|  |TAMS 0x0000000082400000| PB 0x0000000082400000| Complete 
|   7|0x0000000082500000, 0x0000000082600000, 0x0000000082600000|100%| O|  |TAMS 0x0000000082500000| PB 0x0000000082500000| Untracked 
|   8|0x0000000082600000, 0x0000000082700000, 0x0000000082700000|100%| O|  |TAMS 0x0000000082600000| PB 0x0000000082600000| Untracked 
|   9|0x0000000082700000, 0x0000000082771a00, 0x0000000082800000| 44%| O|  |TAMS 0x0000000082700000| PB 0x0000000082700000| Untracked 
|  10|0x0000000082800000, 0x0000000082800000, 0x0000000082900000|  0%| F|  |TAMS 0x0000000082800000| PB 0x0000000082800000| Untracked 
|  11|0x0000000082900000, 0x0000000082900000, 0x0000000082a00000|  0%| F|  |TAMS 0x0000000082900000| PB 0x0000000082900000| Untracked 
|  12|0x0000000082a00000, 0x0000000082a00000, 0x0000000082b00000|  0%| F|  |TAMS 0x0000000082a00000| PB 0x0000000082a00000| Untracked 
|  13|0x0000000082b00000, 0x0000000082b00000, 0x0000000082c00000|  0%| F|  |TAMS 0x0000000082b00000| PB 0x0000000082b00000| Untracked 
|  14|0x0000000082c00000, 0x0000000082c00000, 0x0000000082d00000|  0%| F|  |TAMS 0x0000000082c00000| PB 0x0000000082c00000| Untracked 
|  15|0x0000000082d00000, 0x0000000082d00000, 0x0000000082e00000|  0%| F|  |TAMS 0x0000000082d00000| PB 0x0000000082d00000| Untracked 
|  16|0x0000000082e00000, 0x0000000082e00000, 0x0000000082f00000|  0%| F|  |TAMS 0x0000000082e00000| PB 0x0000000082e00000| Untracked 
|  17|0x0000000082f00000, 0x0000000082f00000, 0x0000000083000000|  0%| F|  |TAMS 0x0000000082f00000| PB 0x0000000082f00000| Untracked 
|  18|0x0000000083000000, 0x0000000083000000, 0x0000000083100000|  0%| F|  |TAMS 0x0000000083000000| PB 0x0000000083000000| Untracked 
|  19|0x0000000083100000, 0x0000000083100000, 0x0000000083200000|  0%| F|  |TAMS 0x0000000083100000| PB 0x0000000083100000| Untracked 
|  20|0x0000000083200000, 0x0000000083200000, 0x0000000083300000|  0%| F|  |TAMS 0x0000000083200000| PB 0x0000000083200000| Untracked 
|  21|0x0000000083300000, 0x0000000083300000, 0x0000000083400000|  0%| F|  |TAMS 0x0000000083300000| PB 0x0000000083300000| Untracked 
|  22|0x0000000083400000, 0x0000000083400000, 0x0000000083500000|  0%| F|  |TAMS 0x0000000083400000| PB 0x0000000083400000| Untracked 
|  23|0x0000000083500000, 0x0000000083500000, 0x0000000083600000|  0%| F|  |TAMS 0x0000000083500000| PB 0x0000000083500000| Untracked 
|  24|0x0000000083600000, 0x0000000083600000, 0x0000000083700000|  0%| F|  |TAMS 0x0000000083600000| PB 0x0000000083600000| Untracked 
|  25|0x0000000083700000, 0x0000000083700000, 0x0000000083800000|  0%| F|  |TAMS 0x0000000083700000| PB 0x0000000083700000| Untracked 
|  26|0x0000000083800000, 0x0000000083800000, 0x0000000083900000|  0%| F|  |TAMS 0x0000000083800000| PB 0x0000000083800000| Untracked 
|  27|0x0000000083900000, 0x0000000083900000, 0x0000000083a00000|  0%| F|  |TAMS 0x0000000083900000| PB 0x0000000083900000| Untracked 
|  28|0x0000000083a00000, 0x0000000083a00000, 0x0000000083b00000|  0%| F|  |TAMS 0x0000000083a00000| PB 0x0000000083a00000| Untracked 
|  29|0x0000000083b00000, 0x0000000083b00000, 0x0000000083c00000|  0%| F|  |TAMS 0x0000000083b00000| PB 0x0000000083b00000| Untracked 
|  30|0x0000000083c00000, 0x0000000083c00000, 0x0000000083d00000|  0%| F|  |TAMS 0x0000000083c00000| PB 0x0000000083c00000| Untracked 
|  31|0x0000000083d00000, 0x0000000083d00000, 0x0000000083e00000|  0%| F|  |TAMS 0x0000000083d00000| PB 0x0000000083d00000| Untracked 
|  32|0x0000000083e00000, 0x0000000083e00000, 0x0000000083f00000|  0%| F|  |TAMS 0x0000000083e00000| PB 0x0000000083e00000| Untracked 
|  33|0x0000000083f00000, 0x0000000083f00000, 0x0000000084000000|  0%| F|  |TAMS 0x0000000083f00000| PB 0x0000000083f00000| Untracked 
|  34|0x0000000084000000, 0x0000000084000000, 0x0000000084100000|  0%| F|  |TAMS 0x0000000084000000| PB 0x0000000084000000| Untracked 
|  35|0x0000000084100000, 0x0000000084100000, 0x0000000084200000|  0%| F|  |TAMS 0x0000000084100000| PB 0x0000000084100000| Untracked 
|  36|0x0000000084200000, 0x0000000084200000, 0x0000000084300000|  0%| F|  |TAMS 0x0000000084200000| PB 0x0000000084200000| Untracked 
|  37|0x0000000084300000, 0x0000000084300000, 0x0000000084400000|  0%| F|  |TAMS 0x0000000084300000| PB 0x0000000084300000| Untracked 
|  38|0x0000000084400000, 0x0000000084400000, 0x0000000084500000|  0%| F|  |TAMS 0x0000000084400000| PB 0x0000000084400000| Untracked 
|  39|0x0000000084500000, 0x0000000084500000, 0x0000000084600000|  0%| F|  |TAMS 0x0000000084500000| PB 0x0000000084500000| Untracked 
|  40|0x0000000084600000, 0x0000000084600000, 0x0000000084700000|  0%| F|  |TAMS 0x0000000084600000| PB 0x0000000084600000| Untracked 
|  41|0x0000000084700000, 0x0000000084700000, 0x0000000084800000|  0%| F|  |TAMS 0x0000000084700000| PB 0x0000000084700000| Untracked 
|  42|0x0000000084800000, 0x0000000084800000, 0x0000000084900000|  0%| F|  |TAMS 0x0000000084800000| PB 0x0000000084800000| Untracked 
|  43|0x0000000084900000, 0x0000000084900000, 0x0000000084a00000|  0%| F|  |TAMS 0x0000000084900000| PB 0x0000000084900000| Untracked 
|  44|0x0000000084a00000, 0x0000000084a00000, 0x0000000084b00000|  0%| F|  |TAMS 0x0000000084a00000| PB 0x0000000084a00000| Untracked 
|  45|0x0000000084b00000, 0x0000000084b00000, 0x0000000084c00000|  0%| F|  |TAMS 0x0000000084b00000| PB 0x0000000084b00000| Untracked 
|  46|0x0000000084c00000, 0x0000000084c00000, 0x0000000084d00000|  0%| F|  |TAMS 0x0000000084c00000| PB 0x0000000084c00000| Untracked 
|  47|0x0000000084d00000, 0x0000000084d00000, 0x0000000084e00000|  0%| F|  |TAMS 0x0000000084d00000| PB 0x0000000084d00000| Untracked 
|  48|0x0000000084e00000, 0x0000000084e00000, 0x0000000084f00000|  0%| F|  |TAMS 0x0000000084e00000| PB 0x0000000084e00000| Untracked 
|  49|0x0000000084f00000, 0x0000000084f00000, 0x0000000085000000|  0%| F|  |TAMS 0x0000000084f00000| PB 0x0000000084f00000| Untracked 
|  50|0x0000000085000000, 0x0000000085000000, 0x0000000085100000|  0%| F|  |TAMS 0x0000000085000000| PB 0x0000000085000000| Untracked 
|  51|0x0000000085100000, 0x0000000085100000, 0x0000000085200000|  0%| F|  |TAMS 0x0000000085100000| PB 0x0000000085100000| Untracked 
|  52|0x0000000085200000, 0x0000000085200000, 0x0000000085300000|  0%| F|  |TAMS 0x0000000085200000| PB 0x0000000085200000| Untracked 
|  53|0x0000000085300000, 0x0000000085300000, 0x0000000085400000|  0%| F|  |TAMS 0x0000000085300000| PB 0x0000000085300000| Untracked 
|  54|0x0000000085400000, 0x0000000085400000, 0x0000000085500000|  0%| F|  |TAMS 0x0000000085400000| PB 0x0000000085400000| Untracked 
|  55|0x0000000085500000, 0x0000000085500000, 0x0000000085600000|  0%| F|  |TAMS 0x0000000085500000| PB 0x0000000085500000| Untracked 
|  56|0x0000000085600000, 0x0000000085600000, 0x0000000085700000|  0%| F|  |TAMS 0x0000000085600000| PB 0x0000000085600000| Untracked 
|  57|0x0000000085700000, 0x0000000085700000, 0x0000000085800000|  0%| F|  |TAMS 0x0000000085700000| PB 0x0000000085700000| Untracked 
|  58|0x0000000085800000, 0x0000000085800000, 0x0000000085900000|  0%| F|  |TAMS 0x0000000085800000| PB 0x0000000085800000| Untracked 
|  59|0x0000000085900000, 0x0000000085900000, 0x0000000085a00000|  0%| F|  |TAMS 0x0000000085900000| PB 0x0000000085900000| Untracked 
|  60|0x0000000085a00000, 0x0000000085a00000, 0x0000000085b00000|  0%| F|  |TAMS 0x0000000085a00000| PB 0x0000000085a00000| Untracked 
|  61|0x0000000085b00000, 0x0000000085b00000, 0x0000000085c00000|  0%| F|  |TAMS 0x0000000085b00000| PB 0x0000000085b00000| Untracked 
|  62|0x0000000085c00000, 0x0000000085c00000, 0x0000000085d00000|  0%| F|  |TAMS 0x0000000085c00000| PB 0x0000000085c00000| Untracked 
|  63|0x0000000085d00000, 0x0000000085d00000, 0x0000000085e00000|  0%| F|  |TAMS 0x0000000085d00000| PB 0x0000000085d00000| Untracked 
|  64|0x0000000085e00000, 0x0000000085e00000, 0x0000000085f00000|  0%| F|  |TAMS 0x0000000085e00000| PB 0x0000000085e00000| Untracked 
|  65|0x0000000085f00000, 0x0000000085f00000, 0x0000000086000000|  0%| F|  |TAMS 0x0000000085f00000| PB 0x0000000085f00000| Untracked 
|  66|0x0000000086000000, 0x0000000086000000, 0x0000000086100000|  0%| F|  |TAMS 0x0000000086000000| PB 0x0000000086000000| Untracked 
|  67|0x0000000086100000, 0x0000000086100000, 0x0000000086200000|  0%| F|  |TAMS 0x0000000086100000| PB 0x0000000086100000| Untracked 
|  68|0x0000000086200000, 0x0000000086200000, 0x0000000086300000|  0%| F|  |TAMS 0x0000000086200000| PB 0x0000000086200000| Untracked 
|  69|0x0000000086300000, 0x0000000086300000, 0x0000000086400000|  0%| F|  |TAMS 0x0000000086300000| PB 0x0000000086300000| Untracked 
|  70|0x0000000086400000, 0x0000000086400000, 0x0000000086500000|  0%| F|  |TAMS 0x0000000086400000| PB 0x0000000086400000| Untracked 
|  71|0x0000000086500000, 0x0000000086500000, 0x0000000086600000|  0%| F|  |TAMS 0x0000000086500000| PB 0x0000000086500000| Untracked 
|  72|0x0000000086600000, 0x0000000086600000, 0x0000000086700000|  0%| F|  |TAMS 0x0000000086600000| PB 0x0000000086600000| Untracked 
|  73|0x0000000086700000, 0x0000000086700000, 0x0000000086800000|  0%| F|  |TAMS 0x0000000086700000| PB 0x0000000086700000| Untracked 
|  74|0x0000000086800000, 0x0000000086800000, 0x0000000086900000|  0%| F|  |TAMS 0x0000000086800000| PB 0x0000000086800000| Untracked 
|  75|0x0000000086900000, 0x0000000086900000, 0x0000000086a00000|  0%| F|  |TAMS 0x0000000086900000| PB 0x0000000086900000| Untracked 
|  76|0x0000000086a00000, 0x0000000086a00000, 0x0000000086b00000|  0%| F|  |TAMS 0x0000000086a00000| PB 0x0000000086a00000| Untracked 
|  77|0x0000000086b00000, 0x0000000086b00000, 0x0000000086c00000|  0%| F|  |TAMS 0x0000000086b00000| PB 0x0000000086b00000| Untracked 
|  78|0x0000000086c00000, 0x0000000086c00000, 0x0000000086d00000|  0%| F|  |TAMS 0x0000000086c00000| PB 0x0000000086c00000| Untracked 
|  79|0x0000000086d00000, 0x0000000086d00000, 0x0000000086e00000|  0%| F|  |TAMS 0x0000000086d00000| PB 0x0000000086d00000| Untracked 
|  80|0x0000000086e00000, 0x0000000086e00000, 0x0000000086f00000|  0%| F|  |TAMS 0x0000000086e00000| PB 0x0000000086e00000| Untracked 
|  81|0x0000000086f00000, 0x0000000086f00000, 0x0000000087000000|  0%| F|  |TAMS 0x0000000086f00000| PB 0x0000000086f00000| Untracked 
|  82|0x0000000087000000, 0x0000000087000000, 0x0000000087100000|  0%| F|  |TAMS 0x0000000087000000| PB 0x0000000087000000| Untracked 
|  83|0x0000000087100000, 0x0000000087100000, 0x0000000087200000|  0%| F|  |TAMS 0x0000000087100000| PB 0x0000000087100000| Untracked 
|  84|0x0000000087200000, 0x0000000087200000, 0x0000000087300000|  0%| F|  |TAMS 0x0000000087200000| PB 0x0000000087200000| Untracked 
|  85|0x0000000087300000, 0x0000000087300000, 0x0000000087400000|  0%| F|  |TAMS 0x0000000087300000| PB 0x0000000087300000| Untracked 
|  86|0x0000000087400000, 0x0000000087400000, 0x0000000087500000|  0%| F|  |TAMS 0x0000000087400000| PB 0x0000000087400000| Untracked 
|  87|0x0000000087500000, 0x0000000087600000, 0x0000000087600000|100%| S|CS|TAMS 0x0000000087500000| PB 0x0000000087500000| Complete 
|  88|0x0000000087600000, 0x0000000087700000, 0x0000000087700000|100%| S|CS|TAMS 0x0000000087600000| PB 0x0000000087600000| Complete 
|  89|0x0000000087700000, 0x0000000087800000, 0x0000000087800000|100%| S|CS|TAMS 0x0000000087700000| PB 0x0000000087700000| Complete 
|  90|0x0000000087800000, 0x0000000087900000, 0x0000000087900000|100%| S|CS|TAMS 0x0000000087800000| PB 0x0000000087800000| Complete 
|  91|0x0000000087900000, 0x0000000087a00000, 0x0000000087a00000|100%| S|CS|TAMS 0x0000000087900000| PB 0x0000000087900000| Complete 
|  92|0x0000000087a00000, 0x0000000087a00000, 0x0000000087b00000|  0%| F|  |TAMS 0x0000000087a00000| PB 0x0000000087a00000| Untracked 
|  93|0x0000000087b00000, 0x0000000087b00000, 0x0000000087c00000|  0%| F|  |TAMS 0x0000000087b00000| PB 0x0000000087b00000| Untracked 
|  94|0x0000000087c00000, 0x0000000087c00000, 0x0000000087d00000|  0%| F|  |TAMS 0x0000000087c00000| PB 0x0000000087c00000| Untracked 
|  95|0x0000000087d00000, 0x0000000087d00000, 0x0000000087e00000|  0%| F|  |TAMS 0x0000000087d00000| PB 0x0000000087d00000| Untracked 
|  96|0x0000000087e00000, 0x0000000087e00000, 0x0000000087f00000|  0%| F|  |TAMS 0x0000000087e00000| PB 0x0000000087e00000| Untracked 
|  97|0x0000000087f00000, 0x0000000087f00000, 0x0000000088000000|  0%| F|  |TAMS 0x0000000087f00000| PB 0x0000000087f00000| Untracked 
|  98|0x0000000088000000, 0x0000000088000000, 0x0000000088100000|  0%| F|  |TAMS 0x0000000088000000| PB 0x0000000088000000| Untracked 
|  99|0x0000000088100000, 0x0000000088100000, 0x0000000088200000|  0%| F|  |TAMS 0x0000000088100000| PB 0x0000000088100000| Untracked 
| 100|0x0000000088200000, 0x0000000088200000, 0x0000000088300000|  0%| F|  |TAMS 0x0000000088200000| PB 0x0000000088200000| Untracked 
| 101|0x0000000088300000, 0x0000000088300000, 0x0000000088400000|  0%| F|  |TAMS 0x0000000088300000| PB 0x0000000088300000| Untracked 
| 102|0x0000000088400000, 0x0000000088400000, 0x0000000088500000|  0%| F|  |TAMS 0x0000000088400000| PB 0x0000000088400000| Untracked 
| 103|0x0000000088500000, 0x0000000088500000, 0x0000000088600000|  0%| F|  |TAMS 0x0000000088500000| PB 0x0000000088500000| Untracked 
| 104|0x0000000088600000, 0x0000000088600000, 0x0000000088700000|  0%| F|  |TAMS 0x0000000088600000| PB 0x0000000088600000| Untracked 
| 105|0x0000000088700000, 0x0000000088700000, 0x0000000088800000|  0%| F|  |TAMS 0x0000000088700000| PB 0x0000000088700000| Untracked 
| 106|0x0000000088800000, 0x0000000088800000, 0x0000000088900000|  0%| F|  |TAMS 0x0000000088800000| PB 0x0000000088800000| Untracked 
| 107|0x0000000088900000, 0x0000000088900000, 0x0000000088a00000|  0%| F|  |TAMS 0x0000000088900000| PB 0x0000000088900000| Untracked 
| 108|0x0000000088a00000, 0x0000000088a00000, 0x0000000088b00000|  0%| F|  |TAMS 0x0000000088a00000| PB 0x0000000088a00000| Untracked 
| 109|0x0000000088b00000, 0x0000000088b00000, 0x0000000088c00000|  0%| F|  |TAMS 0x0000000088b00000| PB 0x0000000088b00000| Untracked 
| 110|0x0000000088c00000, 0x0000000088c00000, 0x0000000088d00000|  0%| F|  |TAMS 0x0000000088c00000| PB 0x0000000088c00000| Untracked 
| 111|0x0000000088d00000, 0x0000000088d00000, 0x0000000088e00000|  0%| F|  |TAMS 0x0000000088d00000| PB 0x0000000088d00000| Untracked 
| 112|0x0000000088e00000, 0x0000000088e00000, 0x0000000088f00000|  0%| F|  |TAMS 0x0000000088e00000| PB 0x0000000088e00000| Untracked 
| 113|0x0000000088f00000, 0x0000000088f00000, 0x0000000089000000|  0%| F|  |TAMS 0x0000000088f00000| PB 0x0000000088f00000| Untracked 
| 114|0x0000000089000000, 0x0000000089000000, 0x0000000089100000|  0%| F|  |TAMS 0x0000000089000000| PB 0x0000000089000000| Untracked 
| 115|0x0000000089100000, 0x0000000089100000, 0x0000000089200000|  0%| F|  |TAMS 0x0000000089100000| PB 0x0000000089100000| Untracked 
| 116|0x0000000089200000, 0x0000000089200000, 0x0000000089300000|  0%| F|  |TAMS 0x0000000089200000| PB 0x0000000089200000| Untracked 
| 117|0x0000000089300000, 0x0000000089300000, 0x0000000089400000|  0%| F|  |TAMS 0x0000000089300000| PB 0x0000000089300000| Untracked 
| 118|0x0000000089400000, 0x0000000089400000, 0x0000000089500000|  0%| F|  |TAMS 0x0000000089400000| PB 0x0000000089400000| Untracked 
| 119|0x0000000089500000, 0x0000000089500000, 0x0000000089600000|  0%| F|  |TAMS 0x0000000089500000| PB 0x0000000089500000| Untracked 
| 120|0x0000000089600000, 0x0000000089600000, 0x0000000089700000|  0%| F|  |TAMS 0x0000000089600000| PB 0x0000000089600000| Untracked 
| 121|0x0000000089700000, 0x0000000089700000, 0x0000000089800000|  0%| F|  |TAMS 0x0000000089700000| PB 0x0000000089700000| Untracked 
| 122|0x0000000089800000, 0x0000000089800000, 0x0000000089900000|  0%| F|  |TAMS 0x0000000089800000| PB 0x0000000089800000| Untracked 
| 123|0x0000000089900000, 0x0000000089900000, 0x0000000089a00000|  0%| F|  |TAMS 0x0000000089900000| PB 0x0000000089900000| Untracked 
| 124|0x0000000089a00000, 0x0000000089a00000, 0x0000000089b00000|  0%| F|  |TAMS 0x0000000089a00000| PB 0x0000000089a00000| Untracked 
| 125|0x0000000089b00000, 0x0000000089bc9b88, 0x0000000089c00000| 78%| E|  |TAMS 0x0000000089b00000| PB 0x0000000089b00000| Complete 
| 126|0x0000000089c00000, 0x0000000089d00000, 0x0000000089d00000|100%| E|CS|TAMS 0x0000000089c00000| PB 0x0000000089c00000| Complete 
| 127|0x0000000089d00000, 0x0000000089e00000, 0x0000000089e00000|100%| E|CS|TAMS 0x0000000089d00000| PB 0x0000000089d00000| Complete 

Card table byte_map: [0x000001786a480000,0x000001786a880000] _byte_map_base: 0x000001786a071000

Marking Bits: (CMBitMap*) 0x0000017850dcb4e0
 Bits: [0x000001786ac80000, 0x000001786cc08000)

Polling page: 0x0000017850e30000

Metaspace:

Usage:
  Non-class:     17.16 MB used.
      Class:      2.41 MB used.
       Both:     19.57 MB used.

Virtual space:
  Non-class space:       64.00 MB reserved,      17.31 MB ( 27%) committed,  1 nodes.
      Class space:        1.00 GB reserved,       2.56 MB ( <1%) committed,  1 nodes.
             Both:        1.06 GB reserved,      19.88 MB (  2%) committed. 

Chunk freelists:
   Non-Class:  2.57 MB
       Class:  1.42 MB
        Both:  3.99 MB

MaxMetaspaceSize: unlimited
CompressedClassSpaceSize: 1.00 GB
Initial GC threshold: 21.00 MB
Current GC threshold: 21.00 MB
CDS: on
MetaspaceReclaimPolicy: balanced
 - commit_granule_bytes: 65536.
 - commit_granule_words: 8192.
 - virtual_space_node_default_size: 8388608.
 - enlarge_chunks_in_place: 1.
 - new_chunks_are_fully_committed: 0.
 - uncommit_free_chunks: 1.
 - use_allocation_guard: 0.


Internal statistics:

num_allocs_failed_limit: 0.
num_arena_births: 318.
num_arena_deaths: 0.
num_vsnodes_births: 2.
num_vsnodes_deaths: 0.
num_space_committed: 318.
num_space_uncommitted: 0.
num_chunks_returned_to_freelist: 0.
num_chunks_taken_from_freelist: 836.
num_chunk_merges: 0.
num_chunk_splits: 594.
num_chunks_enlarged: 457.
num_inconsistent_stats: 0.

CodeHeap 'non-profiled nmethods': size=120000Kb used=914Kb max_used=914Kb free=119085Kb
 bounds [0x00000178620e0000, 0x0000017862350000, 0x0000017869610000]
CodeHeap 'profiled nmethods': size=120000Kb used=3915Kb max_used=3915Kb free=116084Kb
 bounds [0x000001785a610000, 0x000001785a9f0000, 0x0000017861b40000]
CodeHeap 'non-nmethods': size=5760Kb used=1982Kb max_used=2020Kb free=3777Kb
 bounds [0x0000017861b40000, 0x0000017861db0000, 0x00000178620e0000]
 total_blobs=3179 nmethods=2263 adapters=826
 compilation: enabled
              stopped_count=0, restarted_count=0
 full_count=0

Compilation events (20 events):
Event: 7.574 Thread 0x000001786f6e7070 nmethod 2249 0x000001785a9dc110 code [0x000001785a9dc2a0, 0x000001785a9dc3b0]
Event: 7.574 Thread 0x000001786f6e7070 2241       3       sun.util.locale.LanguageTag::isRegion (36 bytes)
Event: 7.575 Thread 0x000001786f6e7070 nmethod 2241 0x000001785a9dc410 code [0x000001785a9dc700, 0x000001785a9ddaa8]
Event: 7.719 Thread 0x000001786f6e7070 2250       3       java.lang.String::indexOf (113 bytes)
Event: 7.720 Thread 0x000001786f6e7070 nmethod 2250 0x000001785a9de190 code [0x000001785a9de3a0, 0x000001785a9de9b8]
Event: 7.721 Thread 0x000001786f6e2930 2251       4       java.util.Properties$LineReader::readLine (584 bytes)
Event: 7.722 Thread 0x000001786f6e7070 2255       3       java.util.regex.Matcher::search (154 bytes)
Event: 7.723 Thread 0x000001786f6e7070 nmethod 2255 0x000001785a9deb90 code [0x000001785a9ded80, 0x000001785a9df330]
Event: 7.723 Thread 0x000001786f6e7070 2253       3       java.util.regex.ASCII::isType (15 bytes)
Event: 7.723 Thread 0x000001786f6e7070 nmethod 2253 0x000001785a9df590 code [0x000001785a9df720, 0x000001785a9df950]
Event: 7.723 Thread 0x000001786f6e7070 2254       3       java.util.regex.ASCII::getType (17 bytes)
Event: 7.723 Thread 0x000001786f6e7070 nmethod 2254 0x000001785a9dfa90 code [0x000001785a9dfc20, 0x000001785a9dfdc0]
Event: 7.723 Thread 0x000001786f6e7070 2259       3       java.util.regex.ASCII::isSpace (8 bytes)
Event: 7.723 Thread 0x000001786f6e7070 nmethod 2259 0x000001785a9dfe90 code [0x000001785a9e0020, 0x000001785a9e02b0]
Event: 7.723 Thread 0x000001786f6e7070 2257       3       java.util.regex.CharPredicates$$Lambda$19/0x800000027::is (5 bytes)
Event: 7.723 Thread 0x000001786f6e7070 nmethod 2257 0x000001785a9e0410 code [0x000001785a9e05c0, 0x000001785a9e09d0]
Event: 7.723 Thread 0x000001786f6e7070 2258       3       java.util.regex.CharPredicates::lambda$ASCII_SPACE$20 (20 bytes)
Event: 7.724 Thread 0x000001786f6e7070 nmethod 2258 0x000001785a9e0b10 code [0x000001785a9e0cc0, 0x000001785a9e1048]
Event: 7.724 Thread 0x000001786f6e7070 2256       3       java.util.regex.Pattern$BmpCharProperty::match (55 bytes)
Event: 7.724 Thread 0x000001786f6e7070 nmethod 2256 0x000001785a9e1190 code [0x000001785a9e1360, 0x000001785a9e1800]

GC Heap History (4 events):
Event: 0.722 GC heap before
{Heap before GC invocations=0 (full 0):
 garbage-first heap   total 131072K, used 22528K [0x0000000081e00000, 0x0000000100000000)
  region size 1024K, 23 young (23552K), 0 survivors (0K)
 Metaspace       used 6178K, committed 6464K, reserved 1114112K
  class space    used 763K, committed 896K, reserved 1048576K
}
Event: 0.725 GC heap after
{Heap after GC invocations=1 (full 0):
 garbage-first heap   total 131072K, used 3413K [0x0000000081e00000, 0x0000000100000000)
  region size 1024K, 3 young (3072K), 3 survivors (3072K)
 Metaspace       used 6178K, committed 6464K, reserved 1114112K
  class space    used 763K, committed 896K, reserved 1048576K
}
Event: 7.459 GC heap before
{Heap before GC invocations=1 (full 0):
 garbage-first heap   total 131072K, used 42325K [0x0000000081e00000, 0x0000000100000000)
  region size 1024K, 36 young (36864K), 3 survivors (3072K)
 Metaspace       used 19670K, committed 19968K, reserved 1114112K
  class space    used 2433K, committed 2560K, reserved 1048576K
}
Event: 7.465 GC heap after
{Heap after GC invocations=2 (full 0):
 garbage-first heap   total 131072K, used 12742K [0x0000000081e00000, 0x0000000100000000)
  region size 1024K, 5 young (5120K), 5 survivors (5120K)
 Metaspace       used 19670K, committed 19968K, reserved 1114112K
  class space    used 2433K, committed 2560K, reserved 1048576K
}

Dll operation events (20 events):
Event: 0.376 Loaded shared library C:\Program Files\Java\javafx-sdk-20.0.2\bin\api-ms-win-crt-process-l1-1-0.dll
Event: 0.377 Loaded shared library C:\Program Files\Java\javafx-sdk-20.0.2\bin\api-ms-win-crt-runtime-l1-1-0.dll
Event: 0.379 Loaded shared library C:\Program Files\Java\javafx-sdk-20.0.2\bin\api-ms-win-crt-stdio-l1-1-0.dll
Event: 0.380 Loaded shared library C:\Program Files\Java\javafx-sdk-20.0.2\bin\api-ms-win-crt-string-l1-1-0.dll
Event: 0.381 Loaded shared library C:\Program Files\Java\javafx-sdk-20.0.2\bin\api-ms-win-crt-time-l1-1-0.dll
Event: 0.383 Loaded shared library C:\Program Files\Java\javafx-sdk-20.0.2\bin\api-ms-win-crt-utility-l1-1-0.dll
Event: 0.384 Loaded shared library C:\Program Files\Java\javafx-sdk-20.0.2\bin\ucrtbase.dll
Event: 0.385 Loaded shared library C:\Program Files\Java\javafx-sdk-20.0.2\bin\vcruntime140.dll
Event: 0.387 Loaded shared library C:\Program Files\Java\javafx-sdk-20.0.2\bin\vcruntime140_1.dll
Event: 0.388 Loaded shared library C:\Program Files\Java\javafx-sdk-20.0.2\bin\msvcp140.dll
Event: 0.390 Loaded shared library C:\Program Files\Java\javafx-sdk-20.0.2\bin\msvcp140_1.dll
Event: 0.391 Loaded shared library C:\Program Files\Java\javafx-sdk-20.0.2\bin\msvcp140_2.dll
Event: 0.426 Loaded shared library C:\Program Files\Java\javafx-sdk-20.0.2\bin\prism_d3d.dll
Event: 0.542 Loaded shared library C:\Program Files\Java\javafx-sdk-20.0.2\bin\glass.dll
Event: 0.629 Loaded shared library C:\Program Files\Java\jdk-20\bin\jimage.dll
Event: 0.877 Loaded shared library C:\Program Files\Java\javafx-sdk-20.0.2\bin\javafx_font.dll
Event: 4.776 Loaded shared library C:\Windows\System32\dpuareu_jni.dll
Event: 4.852 Loaded shared library C:\Program Files\Java\javafx-sdk-20.0.2\bin\javafx_iio.dll
Event: 6.689 Loaded shared library C:\Program Files\Java\jdk-20\bin\awt.dll
Event: 7.320 Loaded shared library C:\Program Files\Java\jdk-20\bin\extnet.dll

Deoptimization events (20 events):
Event: 7.722 Thread 0x0000017874e05520 Uncommon trap: trap_request=0xffffff45 fr.pc=0x00000178621bf65c relative=0x00000000000006fc
Event: 7.722 Thread 0x0000017874e05520 Uncommon trap: reason=unstable_if action=reinterpret pc=0x00000178621bf65c method=java.util.regex.Matcher.search(I)Z @ 30 c2
Event: 7.722 Thread 0x0000017874e05520 DEOPT PACKING pc=0x00000178621bf65c sp=0x000000641a0fe1b0
Event: 7.722 Thread 0x0000017874e05520 DEOPT UNPACKING pc=0x0000017861ba9d22 sp=0x000000641a0fe190 mode 2
Event: 7.722 Thread 0x0000017874e05520 Uncommon trap: trap_request=0xffffffde fr.pc=0x00000178621bd480 relative=0x00000000000002c0
Event: 7.722 Thread 0x0000017874e05520 Uncommon trap: reason=class_check action=maybe_recompile pc=0x00000178621bd480 method=java.util.regex.Pattern$BmpCharPropertyGreedy.match(Ljava/util/regex/Matcher;ILjava/lang/CharSequence;)Z @ 26 c2
Event: 7.722 Thread 0x0000017874e05520 DEOPT PACKING pc=0x00000178621bd480 sp=0x000000641a0fe0f0
Event: 7.722 Thread 0x0000017874e05520 DEOPT UNPACKING pc=0x0000017861ba9d22 sp=0x000000641a0fe088 mode 2
Event: 7.722 Thread 0x0000017874e05520 Uncommon trap: trap_request=0xffffffde fr.pc=0x00000178621bd480 relative=0x00000000000002c0
Event: 7.722 Thread 0x0000017874e05520 Uncommon trap: reason=class_check action=maybe_recompile pc=0x00000178621bd480 method=java.util.regex.Pattern$BmpCharPropertyGreedy.match(Ljava/util/regex/Matcher;ILjava/lang/CharSequence;)Z @ 26 c2
Event: 7.722 Thread 0x0000017874e05520 DEOPT PACKING pc=0x00000178621bd480 sp=0x000000641a0fe0f0
Event: 7.722 Thread 0x0000017874e05520 DEOPT UNPACKING pc=0x0000017861ba9d22 sp=0x000000641a0fe088 mode 2
Event: 7.722 Thread 0x0000017874e05520 Uncommon trap: trap_request=0xffffffde fr.pc=0x00000178621bd480 relative=0x00000000000002c0
Event: 7.722 Thread 0x0000017874e05520 Uncommon trap: reason=class_check action=maybe_recompile pc=0x00000178621bd480 method=java.util.regex.Pattern$BmpCharPropertyGreedy.match(Ljava/util/regex/Matcher;ILjava/lang/CharSequence;)Z @ 26 c2
Event: 7.722 Thread 0x0000017874e05520 DEOPT PACKING pc=0x00000178621bd480 sp=0x000000641a0fe0f0
Event: 7.722 Thread 0x0000017874e05520 DEOPT UNPACKING pc=0x0000017861ba9d22 sp=0x000000641a0fe088 mode 2
Event: 7.722 Thread 0x0000017874e05520 Uncommon trap: trap_request=0xffffffde fr.pc=0x00000178621bd480 relative=0x00000000000002c0
Event: 7.722 Thread 0x0000017874e05520 Uncommon trap: reason=class_check action=maybe_recompile pc=0x00000178621bd480 method=java.util.regex.Pattern$BmpCharPropertyGreedy.match(Ljava/util/regex/Matcher;ILjava/lang/CharSequence;)Z @ 26 c2
Event: 7.722 Thread 0x0000017874e05520 DEOPT PACKING pc=0x00000178621bd480 sp=0x000000641a0fe0f0
Event: 7.722 Thread 0x0000017874e05520 DEOPT UNPACKING pc=0x0000017861ba9d22 sp=0x000000641a0fe088 mode 2

Classes loaded (20 events):
Event: 7.446 Loading class sun/nio/cs/UTF_8$Encoder
Event: 7.447 Loading class sun/nio/cs/UTF_8$Encoder done
Event: 7.454 Loading class java/util/TimerTask
Event: 7.455 Loading class java/util/TimerTask done
Event: 7.572 Loading class java/time/format/DateTimeParseException
Event: 7.717 Loading class java/time/DateTimeException
Event: 7.717 Loading class java/time/DateTimeException done
Event: 7.717 Loading class java/time/format/DateTimeParseException done
Event: 7.719 Loading class java/security/InvalidKeyException
Event: 7.719 Loading class java/security/KeyException
Event: 7.719 Loading class java/security/KeyException done
Event: 7.719 Loading class java/security/InvalidKeyException done
Event: 7.719 Loading class java/security/spec/InvalidKeySpecException
Event: 7.719 Loading class java/security/spec/InvalidKeySpecException done
Event: 7.719 Loading class javax/crypto/NoSuchPaddingException
Event: 7.719 Loading class javax/crypto/NoSuchPaddingException done
Event: 7.719 Loading class javax/crypto/IllegalBlockSizeException
Event: 7.719 Loading class javax/crypto/IllegalBlockSizeException done
Event: 7.720 Loading class javax/net/ssl/SSLSocket
Event: 7.721 Loading class javax/net/ssl/SSLSocket done

Classes unloaded (0 events):
No events

Classes redefined (0 events):
No events

Internal exceptions (20 events):
Event: 1.325 Thread 0x000001787409d8a0 Implicit null exception at 0x0000017862140aa0 to 0x0000017862140d30
Event: 1.325 Thread 0x000001787409d8a0 Implicit null exception at 0x00000178621006a0 to 0x000001786210071d
Event: 1.524 Thread 0x000001787409d8a0 Implicit null exception at 0x0000017862141a72 to 0x0000017862141dfc
Event: 1.589 Thread 0x000001787409d8a0 Exception <a 'java/lang/NoSuchMethodError'{0x00000000890defb0}: 'java.lang.Object java.lang.invoke.DirectMethodHandle$Holder.invokeInterface(java.lang.Object, java.lang.Object, java.lang.Object)'> (0x00000000890defb0) 
thrown [s\open\src\hotspot\share\interpreter\linkResolver.cpp, line 773]
Event: 1.589 Thread 0x000001787409d8a0 Exception <a 'java/lang/IncompatibleClassChangeError'{0x00000000890e2658}: Found class java.lang.Object, but interface was expected> (0x00000000890e2658) 
thrown [s\open\src\hotspot\share\interpreter\linkResolver.cpp, line 840]
Event: 1.770 Thread 0x000001787409d8a0 Exception <a 'java/lang/NoSuchMethodError'{0x0000000088e0d4b8}: 'int java.lang.invoke.DirectMethodHandle$Holder.invokeSpecial(java.lang.Object, java.lang.Object, int)'> (0x0000000088e0d4b8) 
thrown [s\open\src\hotspot\share\interpreter\linkResolver.cpp, line 773]
Event: 1.787 Thread 0x000001787409d8a0 Exception <a 'java/lang/NoSuchMethodError'{0x0000000088e8fc30}: 'java.lang.Object java.lang.invoke.DirectMethodHandle$Holder.newInvokeSpecial(java.lang.Object, java.lang.Object, int)'> (0x0000000088e8fc30) 
thrown [s\open\src\hotspot\share\interpreter\linkResolver.cpp, line 773]
Event: 1.933 Thread 0x0000017874173960 Exception <a 'java/lang/NoSuchMethodError'{0x0000000088d20c48}: 'int java.lang.invoke.DirectMethodHandle$Holder.invokeStaticInit(java.lang.Object, java.lang.Object)'> (0x0000000088d20c48) 
thrown [s\open\src\hotspot\share\interpreter\linkResolver.cpp, line 773]
Event: 2.103 Thread 0x0000017874173960 Exception <a 'java/lang/NoSuchMethodError'{0x0000000088dbf490}: 'java.lang.Object java.lang.invoke.Invokers$Holder.invokeExact_MT(java.lang.Object, java.lang.Object, java.lang.Object, java.lang.Object, java.lang.Object)'> (0x0000000088dbf490) 
thrown [s\open\src\hotspot\share\interpreter\linkResolver.cpp, line 773]
Event: 4.428 Thread 0x000001787409d8a0 Exception <a 'java/lang/NoSuchMethodError'{0x00000000889a88a0}: 'long java.lang.invoke.DirectMethodHandle$Holder.invokeStatic(java.lang.Object, java.lang.Object, java.lang.Object)'> (0x00000000889a88a0) 
thrown [s\open\src\hotspot\share\interpreter\linkResolver.cpp, line 773]
Event: 4.428 Thread 0x000001787409d8a0 Exception <a 'java/lang/NoSuchMethodError'{0x00000000889abc70}: 'long java.lang.invoke.DirectMethodHandle$Holder.invokeStaticInit(java.lang.Object, java.lang.Object, java.lang.Object)'> (0x00000000889abc70) 
thrown [s\open\src\hotspot\share\interpreter\linkResolver.cpp, line 773]
Event: 4.430 Thread 0x000001787409d8a0 Exception <a 'java/lang/NoSuchMethodError'{0x00000000889c3cc8}: 'java.lang.Object java.lang.invoke.DirectMethodHandle$Holder.newInvokeSpecial(java.lang.Object, java.lang.Object, long)'> (0x00000000889c3cc8) 
thrown [s\open\src\hotspot\share\interpreter\linkResolver.cpp, line 773]
Event: 4.430 Thread 0x000001787409d8a0 Exception <a 'java/lang/NoSuchMethodError'{0x00000000889c75c0}: 'java.lang.Object java.lang.invoke.Invokers$Holder.linkToTargetMethod(java.lang.Object, long, java.lang.Object)'> (0x00000000889c75c0) 
thrown [s\open\src\hotspot\share\interpreter\linkResolver.cpp, line 773]
Event: 4.650 Thread 0x000001787409d8a0 Exception <a 'java/lang/NoSuchMethodError'{0x000000008886d1e0}: 'void java.lang.invoke.DirectMethodHandle$Holder.invokeVirtual(java.lang.Object, java.lang.Object)'> (0x000000008886d1e0) 
thrown [s\open\src\hotspot\share\interpreter\linkResolver.cpp, line 773]
Event: 6.696 Thread 0x0000017874e05a70 Exception <a 'java/lang/ClassNotFoundException'{0x00000000883c2f48}: sun/awt/resources/spi/awtProvider> (0x00000000883c2f48) 
thrown [s\open\src\hotspot\share\classfile\systemDictionary.cpp, line 305]
Event: 6.697 Thread 0x0000017874e05a70 Exception <a 'java/io/FileNotFoundException'{0x00000000883c7148}> (0x00000000883c7148) 
thrown [s\open\src\hotspot\share\prims\jni.cpp, line 519]
Event: 6.697 Thread 0x0000017874e05a70 Exception <a 'java/io/FileNotFoundException'{0x00000000883c8408}> (0x00000000883c8408) 
thrown [s\open\src\hotspot\share\prims\jni.cpp, line 519]
Event: 7.213 Thread 0x0000017874e05520 Exception <a 'java/lang/NoSuchMethodError'{0x0000000088009318}: 'java.lang.Object java.lang.invoke.DirectMethodHandle$Holder.invokeInterface(java.lang.Object, java.lang.Object)'> (0x0000000088009318) 
thrown [s\open\src\hotspot\share\interpreter\linkResolver.cpp, line 773]
Event: 7.231 Thread 0x0000017874e05520 Exception <a 'java/lang/NoSuchMethodError'{0x00000000880846f8}: 'java.lang.Object java.lang.invoke.DirectMethodHandle$Holder.invokeVirtual(java.lang.Object, java.lang.Object, java.lang.Object)'> (0x00000000880846f8) 
thrown [s\open\src\hotspot\share\interpreter\linkResolver.cpp, line 773]
Event: 7.724 Thread 0x0000017874e05520 Exception <a 'java/lang/NoSuchMethodError'{0x0000000089b585d0}: 'void java.lang.invoke.DirectMethodHandle$Holder.invokeInterface(java.lang.Object, java.lang.Object)'> (0x0000000089b585d0) 
thrown [s\open\src\hotspot\share\interpreter\linkResolver.cpp, line 773]

VM Operations (20 events):
Event: 5.634 Executing VM operation: Cleanup
Event: 5.634 Executing VM operation: Cleanup done
Event: 6.851 Executing VM operation: HandshakeAllThreads
Event: 6.851 Executing VM operation: HandshakeAllThreads done
Event: 7.192 Executing VM operation: HandshakeAllThreads
Event: 7.192 Executing VM operation: HandshakeAllThreads done
Event: 7.192 Executing VM operation: Cleanup
Event: 7.192 Executing VM operation: Cleanup done
Event: 7.193 Executing VM operation: HandshakeAllThreads
Event: 7.193 Executing VM operation: HandshakeAllThreads done
Event: 7.214 Executing VM operation: HandshakeAllThreads
Event: 7.214 Executing VM operation: HandshakeAllThreads done
Event: 7.225 Executing VM operation: HandshakeAllThreads
Event: 7.225 Executing VM operation: HandshakeAllThreads done
Event: 7.308 Executing VM operation: HandshakeAllThreads
Event: 7.308 Executing VM operation: HandshakeAllThreads done
Event: 7.378 Executing VM operation: HandshakeAllThreads
Event: 7.378 Executing VM operation: HandshakeAllThreads done
Event: 7.459 Executing VM operation: G1CollectForAllocation
Event: 7.466 Executing VM operation: G1CollectForAllocation done

Events (20 events):
Event: 0.115 Thread 0x0000017873a3f030 Thread added: 0x0000017873a3f030
Event: 0.158 Thread 0x0000017873db9150 Thread added: 0x0000017873db9150
Event: 0.420 Thread 0x0000017874173960 Thread added: 0x0000017874173960
Event: 0.526 Thread 0x0000017873a3f030 Thread exited: 0x0000017873a3f030
Event: 0.528 Thread 0x0000017873a3e690 Thread exited: 0x0000017873a3e690
Event: 0.545 Thread 0x0000017874096030 Thread added: 0x0000017874096030
Event: 0.547 Thread 0x000001787409d8a0 Thread added: 0x000001787409d8a0
Event: 0.605 Thread 0x00000178744383e0 Thread added: 0x00000178744383e0
Event: 0.617 Thread 0x00000178744fe9f0 Thread added: 0x00000178744fe9f0
Event: 0.908 Thread 0x0000017873cfdfb0 Thread added: 0x0000017873cfdfb0
Event: 1.513 Thread 0x0000017873cfdfb0 Thread exited: 0x0000017873cfdfb0
Event: 1.578 Thread 0x0000017873cfdfb0 Thread added: 0x0000017873cfdfb0
Event: 2.160 Thread 0x0000017874e05fc0 Thread added: 0x0000017874e05fc0
Event: 4.870 Thread 0x0000017874e05520 Thread added: 0x0000017874e05520
Event: 4.889 Thread 0x0000017874e05a70 Thread added: 0x0000017874e05a70
Event: 6.849 Thread 0x0000017874e06510 Thread added: 0x0000017874e06510
Event: 6.997 Thread 0x0000017874e05a70 Thread exited: 0x0000017874e05a70
Event: 7.185 Thread 0x0000017874e07fa0 Thread added: 0x0000017874e07fa0
Event: 7.222 Thread 0x00000178749b9940 Thread added: 0x00000178749b9940
Event: 7.719 Thread 0x00000178749b9940 Thread exited: 0x00000178749b9940


Dynamic libraries:
0x00007ff6e8810000 - 0x00007ff6e8820000 	C:\Program Files\Java\jdk-20\bin\java.exe
0x00007ffff6b10000 - 0x00007ffff6d27000 	C:\WINDOWS\SYSTEM32\ntdll.dll
0x00007ffff49f0000 - 0x00007ffff4ab4000 	C:\WINDOWS\System32\KERNEL32.DLL
0x00007ffff4220000 - 0x00007ffff45c7000 	C:\WINDOWS\System32\KERNELBASE.dll
0x00007ffff4060000 - 0x00007ffff4171000 	C:\WINDOWS\System32\ucrtbase.dll
0x00007fffd0870000 - 0x00007fffd088b000 	C:\Program Files\Java\jdk-20\bin\VCRUNTIME140.dll
0x00007fffd0de0000 - 0x00007fffd0df9000 	C:\Program Files\Java\jdk-20\bin\jli.dll
0x00007ffff5fb0000 - 0x00007ffff6060000 	C:\WINDOWS\System32\ADVAPI32.dll
0x00007ffff6270000 - 0x00007ffff6317000 	C:\WINDOWS\System32\msvcrt.dll
0x00007ffff61c0000 - 0x00007ffff6266000 	C:\WINDOWS\System32\sechost.dll
0x00007ffff6750000 - 0x00007ffff6867000 	C:\WINDOWS\System32\RPCRT4.dll
0x00007ffff6570000 - 0x00007ffff671e000 	C:\WINDOWS\System32\USER32.dll
0x00007ffff3fb0000 - 0x00007ffff3fd6000 	C:\WINDOWS\System32\win32u.dll
0x00007ffff6720000 - 0x00007ffff6749000 	C:\WINDOWS\System32\GDI32.dll
0x00007ffff3050000 - 0x00007ffff32e3000 	C:\WINDOWS\WinSxS\amd64_microsoft.windows.common-controls_6595b64144ccf1df_6.0.22621.2506_none_270c5ae97388e100\COMCTL32.dll
0x00007ffff3e90000 - 0x00007ffff3fa9000 	C:\WINDOWS\System32\gdi32full.dll
0x00007ffff4180000 - 0x00007ffff421a000 	C:\WINDOWS\System32\msvcp_win.dll
0x00007fffedd00000 - 0x00007fffedd0a000 	C:\WINDOWS\SYSTEM32\VERSION.dll
0x00007ffff5af0000 - 0x00007ffff5b21000 	C:\WINDOWS\System32\IMM32.DLL
0x00007fffe4910000 - 0x00007fffe491c000 	C:\Program Files\Java\jdk-20\bin\vcruntime140_1.dll
0x00007fffcf880000 - 0x00007fffcf90e000 	C:\Program Files\Java\jdk-20\bin\msvcp140.dll
0x00007fffb20c0000 - 0x00007fffb2d58000 	C:\Program Files\Java\jdk-20\bin\server\jvm.dll
0x00007fffdd960000 - 0x00007fffdd969000 	C:\WINDOWS\SYSTEM32\WSOCK32.dll
0x00007fffec240000 - 0x00007fffec274000 	C:\WINDOWS\SYSTEM32\WINMM.dll
0x00007ffff64f0000 - 0x00007ffff6561000 	C:\WINDOWS\System32\WS2_32.dll
0x00007ffff25d0000 - 0x00007ffff25e8000 	C:\WINDOWS\SYSTEM32\kernel.appcore.dll
0x00007fffe3320000 - 0x00007fffe332a000 	C:\Program Files\Java\jdk-20\bin\jimage.dll
0x00007ffff3710000 - 0x00007ffff3943000 	C:\WINDOWS\SYSTEM32\DBGHELP.DLL
0x00007ffff5380000 - 0x00007ffff5709000 	C:\WINDOWS\System32\combase.dll
0x00007ffff6410000 - 0x00007ffff64e7000 	C:\WINDOWS\System32\OLEAUT32.dll
0x00007ffff35d0000 - 0x00007ffff3602000 	C:\WINDOWS\SYSTEM32\dbgcore.DLL
0x00007ffff3fe0000 - 0x00007ffff405a000 	C:\WINDOWS\System32\bcryptPrimitives.dll
0x00007fffcf7e0000 - 0x00007fffcf806000 	C:\Program Files\Java\jdk-20\bin\java.dll
0x00007fffb1fe0000 - 0x00007fffb20b7000 	C:\Program Files\Java\jdk-20\bin\jsvml.dll
0x00007ffff4b20000 - 0x00007ffff5379000 	C:\WINDOWS\System32\SHELL32.dll
0x00007ffff1500000 - 0x00007ffff1df4000 	C:\WINDOWS\SYSTEM32\windows.storage.dll
0x00007ffff13a0000 - 0x00007ffff14de000 	C:\WINDOWS\SYSTEM32\wintypes.dll
0x00007ffff69d0000 - 0x00007ffff6ac3000 	C:\WINDOWS\System32\SHCORE.dll
0x00007ffff4ac0000 - 0x00007ffff4b1e000 	C:\WINDOWS\System32\shlwapi.dll
0x00007ffff3dc0000 - 0x00007ffff3de6000 	C:\WINDOWS\SYSTEM32\profapi.dll
0x00007fffcfea0000 - 0x00007fffcfeb3000 	C:\Program Files\Java\jdk-20\bin\net.dll
0x00007fffec8b0000 - 0x00007fffec9e7000 	C:\WINDOWS\SYSTEM32\WINHTTP.dll
0x00007ffff2bf0000 - 0x00007ffff2c59000 	C:\WINDOWS\system32\mswsock.dll
0x00007fffcf860000 - 0x00007fffcf876000 	C:\Program Files\Java\jdk-20\bin\nio.dll
0x00007fffcec00000 - 0x00007fffcec18000 	C:\Program Files\Java\jdk-20\bin\zip.dll
0x000001786f730000 - 0x000001786f733000 	C:\Program Files\Java\javafx-sdk-20.0.2\bin\api-ms-win-core-console-l1-1-0.dll
0x000001786f740000 - 0x000001786f743000 	C:\Program Files\Java\javafx-sdk-20.0.2\bin\api-ms-win-core-console-l1-2-0.dll
0x000001786f750000 - 0x000001786f753000 	C:\Program Files\Java\javafx-sdk-20.0.2\bin\api-ms-win-core-datetime-l1-1-0.dll
0x000001786f760000 - 0x000001786f763000 	C:\Program Files\Java\javafx-sdk-20.0.2\bin\api-ms-win-core-debug-l1-1-0.dll
0x000001786f770000 - 0x000001786f773000 	C:\Program Files\Java\javafx-sdk-20.0.2\bin\api-ms-win-core-errorhandling-l1-1-0.dll
0x000001786f780000 - 0x000001786f784000 	C:\Program Files\Java\javafx-sdk-20.0.2\bin\api-ms-win-core-file-l1-1-0.dll
0x000001786f790000 - 0x000001786f793000 	C:\Program Files\Java\javafx-sdk-20.0.2\bin\api-ms-win-core-file-l1-2-0.dll
0x000001786f7a0000 - 0x000001786f7a3000 	C:\Program Files\Java\javafx-sdk-20.0.2\bin\api-ms-win-core-file-l2-1-0.dll
0x000001786f7b0000 - 0x000001786f7b3000 	C:\Program Files\Java\javafx-sdk-20.0.2\bin\api-ms-win-core-handle-l1-1-0.dll
0x000001786f7c0000 - 0x000001786f7c3000 	C:\Program Files\Java\javafx-sdk-20.0.2\bin\api-ms-win-core-heap-l1-1-0.dll
0x000001786f7d0000 - 0x000001786f7d3000 	C:\Program Files\Java\javafx-sdk-20.0.2\bin\api-ms-win-core-interlocked-l1-1-0.dll
0x000001786f7e0000 - 0x000001786f7e3000 	C:\Program Files\Java\javafx-sdk-20.0.2\bin\api-ms-win-core-libraryloader-l1-1-0.dll
0x000001786f7f0000 - 0x000001786f7f3000 	C:\Program Files\Java\javafx-sdk-20.0.2\bin\api-ms-win-core-localization-l1-2-0.dll
0x00000178754d0000 - 0x00000178754d3000 	C:\Program Files\Java\javafx-sdk-20.0.2\bin\api-ms-win-core-memory-l1-1-0.dll
0x00000178754e0000 - 0x00000178754e3000 	C:\Program Files\Java\javafx-sdk-20.0.2\bin\api-ms-win-core-namedpipe-l1-1-0.dll
0x00000178754f0000 - 0x00000178754f3000 	C:\Program Files\Java\javafx-sdk-20.0.2\bin\api-ms-win-core-processenvironment-l1-1-0.dll
0x0000017875500000 - 0x0000017875503000 	C:\Program Files\Java\javafx-sdk-20.0.2\bin\api-ms-win-core-processthreads-l1-1-0.dll
0x0000017875510000 - 0x0000017875513000 	C:\Program Files\Java\javafx-sdk-20.0.2\bin\api-ms-win-core-processthreads-l1-1-1.dll
0x0000017875520000 - 0x0000017875523000 	C:\Program Files\Java\javafx-sdk-20.0.2\bin\api-ms-win-core-profile-l1-1-0.dll
0x0000017875530000 - 0x0000017875533000 	C:\Program Files\Java\javafx-sdk-20.0.2\bin\api-ms-win-core-rtlsupport-l1-1-0.dll
0x0000017875540000 - 0x0000017875543000 	C:\Program Files\Java\javafx-sdk-20.0.2\bin\api-ms-win-core-string-l1-1-0.dll
0x0000017875550000 - 0x0000017875553000 	C:\Program Files\Java\javafx-sdk-20.0.2\bin\api-ms-win-core-synch-l1-1-0.dll
0x0000017875560000 - 0x0000017875563000 	C:\Program Files\Java\javafx-sdk-20.0.2\bin\api-ms-win-core-synch-l1-2-0.dll
0x0000017875570000 - 0x0000017875573000 	C:\Program Files\Java\javafx-sdk-20.0.2\bin\api-ms-win-core-sysinfo-l1-1-0.dll
0x0000017875580000 - 0x0000017875583000 	C:\Program Files\Java\javafx-sdk-20.0.2\bin\api-ms-win-core-timezone-l1-1-0.dll
0x0000017875590000 - 0x0000017875593000 	C:\Program Files\Java\javafx-sdk-20.0.2\bin\api-ms-win-core-util-l1-1-0.dll
0x00000178755a0000 - 0x00000178755a3000 	C:\Program Files\Java\javafx-sdk-20.0.2\bin\api-ms-win-crt-conio-l1-1-0.dll
0x00000178755b0000 - 0x00000178755b4000 	C:\Program Files\Java\javafx-sdk-20.0.2\bin\api-ms-win-crt-convert-l1-1-0.dll
0x00000178755c0000 - 0x00000178755c3000 	C:\Program Files\Java\javafx-sdk-20.0.2\bin\api-ms-win-crt-environment-l1-1-0.dll
0x00000178755d0000 - 0x00000178755d3000 	C:\Program Files\Java\javafx-sdk-20.0.2\bin\api-ms-win-crt-filesystem-l1-1-0.dll
0x00000178755e0000 - 0x00000178755e3000 	C:\Program Files\Java\javafx-sdk-20.0.2\bin\api-ms-win-crt-heap-l1-1-0.dll
0x00000178755f0000 - 0x00000178755f3000 	C:\Program Files\Java\javafx-sdk-20.0.2\bin\api-ms-win-crt-locale-l1-1-0.dll
0x0000017875600000 - 0x0000017875605000 	C:\Program Files\Java\javafx-sdk-20.0.2\bin\api-ms-win-crt-math-l1-1-0.dll
0x0000017875610000 - 0x0000017875615000 	C:\Program Files\Java\javafx-sdk-20.0.2\bin\api-ms-win-crt-multibyte-l1-1-0.dll
0x0000017875620000 - 0x0000017875630000 	C:\Program Files\Java\javafx-sdk-20.0.2\bin\api-ms-win-crt-private-l1-1-0.dll
0x0000017875630000 - 0x0000017875633000 	C:\Program Files\Java\javafx-sdk-20.0.2\bin\api-ms-win-crt-process-l1-1-0.dll
0x0000017875640000 - 0x0000017875644000 	C:\Program Files\Java\javafx-sdk-20.0.2\bin\api-ms-win-crt-runtime-l1-1-0.dll
0x0000017875650000 - 0x0000017875654000 	C:\Program Files\Java\javafx-sdk-20.0.2\bin\api-ms-win-crt-stdio-l1-1-0.dll
0x0000017875660000 - 0x0000017875664000 	C:\Program Files\Java\javafx-sdk-20.0.2\bin\api-ms-win-crt-string-l1-1-0.dll
0x0000017875670000 - 0x0000017875673000 	C:\Program Files\Java\javafx-sdk-20.0.2\bin\api-ms-win-crt-time-l1-1-0.dll
0x0000017875680000 - 0x0000017875683000 	C:\Program Files\Java\javafx-sdk-20.0.2\bin\api-ms-win-crt-utility-l1-1-0.dll
0x00007fff92890000 - 0x00007fff9298c000 	C:\Program Files\Java\javafx-sdk-20.0.2\bin\ucrtbase.dll
0x00007fffbc860000 - 0x00007fffbc87b000 	C:\Program Files\Java\javafx-sdk-20.0.2\bin\vcruntime140.dll
0x00007fffd1d50000 - 0x00007fffd1d5c000 	C:\Program Files\Java\javafx-sdk-20.0.2\bin\vcruntime140_1.dll
0x00007fff92800000 - 0x00007fff9288e000 	C:\Program Files\Java\javafx-sdk-20.0.2\bin\msvcp140.dll
0x00007fffb1c60000 - 0x00007fffb1c69000 	C:\Program Files\Java\javafx-sdk-20.0.2\bin\msvcp140_1.dll
0x00007fffb1c30000 - 0x00007fffb1c60000 	C:\Program Files\Java\javafx-sdk-20.0.2\bin\msvcp140_2.dll
0x00007fff927d0000 - 0x00007fff927ff000 	C:\Program Files\Java\javafx-sdk-20.0.2\bin\prism_d3d.dll
0x00007fff92620000 - 0x00007fff927c9000 	C:\WINDOWS\system32\d3d9.dll
0x00007ffff0c90000 - 0x00007ffff0cbb000 	C:\WINDOWS\SYSTEM32\dwmapi.dll
0x00007ffff0680000 - 0x00007ffff06b6000 	C:\WINDOWS\SYSTEM32\dxcore.dll
0x00007ffff05a0000 - 0x00007ffff064b000 	C:\WINDOWS\system32\uxtheme.dll
0x00007fff924b0000 - 0x00007fff92615000 	C:\WINDOWS\System32\DriverStore\FileRepository\igdlh64.inf_amd64_dccdb071926b5316\igdumdim64.dll
0x00007ffff5710000 - 0x00007ffff58b0000 	C:\WINDOWS\System32\ole32.dll
0x00007fff8e850000 - 0x00007fff924a4000 	C:\WINDOWS\System32\DriverStore\FileRepository\igdlh64.inf_amd64_dccdb071926b5316\igd9dxva64.dll
0x00007ffff5b30000 - 0x00007ffff5fa4000 	C:\WINDOWS\System32\SETUPAPI.dll
0x00007ffff3a90000 - 0x00007ffff3ade000 	C:\WINDOWS\SYSTEM32\cfgmgr32.dll
0x00007fffe2100000 - 0x00007fffe24c1000 	C:\WINDOWS\System32\DriverStore\FileRepository\igdlh64.inf_amd64_dccdb071926b5316\igdgmm64.dll
0x00007fffeb0e0000 - 0x00007fffeb12a000 	C:\WINDOWS\SYSTEM32\directxdatabasehelper.dll
0x00007fff8e800000 - 0x00007fff8e842000 	C:\Program Files\Java\javafx-sdk-20.0.2\bin\glass.dll
0x00007ffff48f0000 - 0x00007ffff49e9000 	C:\WINDOWS\System32\COMDLG32.dll
0x00007ffff6870000 - 0x00007ffff69bf000 	C:\WINDOWS\System32\MSCTF.dll
0x00007fff9ae40000 - 0x00007fff9ae67000 	C:\WINDOWS\System32\DriverStore\FileRepository\igdlh64.inf_amd64_dccdb071926b5316\igdinfo64.dll
0x00007ffff3a40000 - 0x00007ffff3a5b000 	C:\WINDOWS\SYSTEM32\CRYPTSP.dll
0x00007ffff2590000 - 0x00007ffff25c5000 	C:\WINDOWS\system32\rsaenh.dll
0x00007ffff2e90000 - 0x00007ffff2e9c000 	C:\WINDOWS\SYSTEM32\CRYPTBASE.dll
0x00007ffff36e0000 - 0x00007ffff3708000 	C:\WINDOWS\SYSTEM32\bcrypt.dll
0x00007fffddd50000 - 0x00007fffe0f56000 	C:\WINDOWS\System32\DriverStore\FileRepository\igdlh64.inf_amd64_dccdb071926b5316\igc64.dll
0x00007fff9aa20000 - 0x00007fff9aa34000 	C:\Program Files\Java\javafx-sdk-20.0.2\bin\javafx_font.dll
0x00007fffee8e0000 - 0x00007fffeeb53000 	C:\WINDOWS\SYSTEM32\dwrite.dll
0x00007ffff6060000 - 0x00007ffff6110000 	C:\WINDOWS\System32\clbcatq.dll
0x00007fffee5e0000 - 0x00007fffee790000 	C:\WINDOWS\SYSTEM32\WindowsCodecs.dll
0x00007fffc4fa0000 - 0x00007fffc4ffe000 	C:\WINDOWS\system32\dataexchange.dll
0x00007fffe4680000 - 0x00007fffe4905000 	C:\WINDOWS\system32\twinapi.appcore.dll
0x00007fff8e7b0000 - 0x00007fff8e7e2000 	C:\Program Files\Common Files\Microsoft Shared\Ink\rtscom.dll
0x00007fffe50d0000 - 0x00007fffe521a000 	C:\WINDOWS\SYSTEM32\textinputframework.dll
0x00007fffef8b0000 - 0x00007fffef9e3000 	C:\WINDOWS\SYSTEM32\CoreMessaging.dll
0x00007fffe9910000 - 0x00007fffe9c7c000 	C:\WINDOWS\SYSTEM32\CoreUIComponents.dll
0x00007fff8e780000 - 0x00007fff8e7a6000 	C:\Windows\System32\dpuareu_jni.dll
0x00007fff8e700000 - 0x00007fff8e774000 	C:\WINDOWS\SYSTEM32\dpfj.dll
0x00007fff8e6d0000 - 0x00007fff8e6fb000 	C:\WINDOWS\SYSTEM32\dpfpdd.dll
0x00007fffea350000 - 0x00007fffea3e0000 	C:\WINDOWS\SYSTEM32\DPFPApi.DLL
0x00007ffff4700000 - 0x00007ffff4866000 	C:\WINDOWS\System32\CRYPT32.dll

dbghelp: loaded successfully - version: 4.0.5 - missing functions: none
symbol engine: initialized successfully - sym options: 0x614 - pdb path: .;C:\Program Files\Java\jdk-20\bin;C:\WINDOWS\SYSTEM32;C:\WINDOWS\WinSxS\amd64_microsoft.windows.common-controls_6595b64144ccf1df_6.0.22621.2506_none_270c5ae97388e100;C:\Program Files\Java\jdk-20\bin\server;C:\Program Files\Java\javafx-sdk-20.0.2\bin;C:\WINDOWS\System32\DriverStore\FileRepository\igdlh64.inf_amd64_dccdb071926b5316;C:\Program Files\Common Files\Microsoft Shared\Ink

VM Arguments:
jvm_args: -Dfile.encoding=UTF-8 --module-path=C:\Program Files\Java\javafx-sdk-20.0.2\lib --add-modules=javafx.controls,javafx.fxml --module-path=C:\Program Files\Java\javafx-sdk-20.0.2\lib\javafx-swt.jar;C:\Program Files\Java\javafx-sdk-20.0.2\lib\javafx.base.jar;C:\Program Files\Java\javafx-sdk-20.0.2\lib\javafx.controls.jar;C:\Program Files\Java\javafx-sdk-20.0.2\lib\javafx.fxml.jar;C:\Program Files\Java\javafx-sdk-20.0.2\lib\javafx.graphics.jar;C:\Program Files\Java\javafx-sdk-20.0.2\lib\javafx.media.jar;C:\Program Files\Java\javafx-sdk-20.0.2\lib\javafx.swing.jar;C:\Program Files\Java\javafx-sdk-20.0.2\lib\javafx.web.jar 
java_command: Main
java_class_path (initial): C:\Program Files\Java\javafx-sdk-20.0.2\lib\javafx-swt.jar;C:\Program Files\Java\javafx-sdk-20.0.2\lib\javafx.base.jar;C:\Program Files\Java\javafx-sdk-20.0.2\lib\javafx.controls.jar;C:\Program Files\Java\javafx-sdk-20.0.2\lib\javafx.fxml.jar;C:\Program Files\Java\javafx-sdk-20.0.2\lib\javafx.graphics.jar;C:\Program Files\Java\javafx-sdk-20.0.2\lib\javafx.media.jar;C:\Program Files\Java\javafx-sdk-20.0.2\lib\javafx.swing.jar;C:\Program Files\Java\javafx-sdk-20.0.2\lib\javafx.web.jar;C:\Program Files\DigitalPersona\U.are.U SDK\Windows\Lib\Java\dpuareu.jar;C:\Program Files\Java\mysql-connector-j-8.1.0\mysql-connector-j-8.1.0.jar;C:\Programming\NetBeansProjects\attendance-system\build\classes
Launcher Type: SUN_STANDARD

[Global flags]
     intx CICompilerCount                          = 4                                         {product} {ergonomic}
     uint ConcGCThreads                            = 2                                         {product} {ergonomic}
     uint G1ConcRefinementThreads                  = 8                                         {product} {ergonomic}
   size_t G1HeapRegionSize                         = 1048576                                   {product} {ergonomic}
    uintx GCDrainStackTargetSize                   = 64                                        {product} {ergonomic}
   size_t InitialHeapSize                          = 134217728                                 {product} {ergonomic}
   size_t MarkStackSize                            = 4194304                                   {product} {ergonomic}
   size_t MaxHeapSize                              = 2116026368                                {product} {ergonomic}
   size_t MaxNewSize                               = 1268776960                                {product} {ergonomic}
   size_t MinHeapDeltaBytes                        = 1048576                                   {product} {ergonomic}
   size_t MinHeapSize                              = 8388608                                   {product} {ergonomic}
    uintx NonNMethodCodeHeapSize                   = 5839372                                {pd product} {ergonomic}
    uintx NonProfiledCodeHeapSize                  = 122909434                              {pd product} {ergonomic}
    uintx ProfiledCodeHeapSize                     = 122909434                              {pd product} {ergonomic}
    uintx ReservedCodeCacheSize                    = 251658240                              {pd product} {ergonomic}
     bool SegmentedCodeCache                       = true                                      {product} {ergonomic}
   size_t SoftMaxHeapSize                          = 2116026368                             {manageable} {ergonomic}
     bool UseCompressedClassPointers               = true                           {product lp64_product} {ergonomic}
     bool UseCompressedOops                        = true                           {product lp64_product} {ergonomic}
     bool UseG1GC                                  = true                                      {product} {ergonomic}
     bool UseLargePagesIndividualAllocation        = false                                  {pd product} {ergonomic}

Logging:
Log output configuration:
 #0: stdout all=warning uptime,level,tags foldmultilines=false
 #1: stderr all=off uptime,level,tags foldmultilines=false

Environment Variables:
JAVA_HOME=C:\Program Files\Java\jdk-20
CLASSPATH=C:\Program Files\Java\mysql-connector-j-8.1.0\mysql-connector-j-8.1.0.jar
PATH=C:\Program Files\Common Files\Oracle\Java\javapath;C:\Program Files (x86)\Common Files\Oracle\Java\javapath;C:\WINDOWS\system32;C:\WINDOWS;C:\WINDOWS\System32\Wbem;C:\WINDOWS\System32\WindowsPowerShell\v1.0\;C:\WINDOWS\System32\OpenSSH\;C:\Program Files\Git\cmd;C:\Program Files\dotnet\;C:\Users\danodoms\AppData\Local\Microsoft\WindowsApps;C:\Users\danodoms\AppData\Local\Programs\Microsoft VS Code\bin;
USERNAME=admin
OS=Windows_NT
PROCESSOR_IDENTIFIER=Intel64 Family 6 Model 142 Stepping 10, GenuineIntel
TMP=C:\Users\danodoms\AppData\Local\Temp
TEMP=C:\Users\danodoms\AppData\Local\Temp




---------------  S Y S T E M  ---------------

OS:
 Windows 11 , 64 bit Build 22621 (10.0.22621.2506)
OS uptime: 0 days 0:43 hours

CPU: total 8 (initial active 8) (4 cores per cpu, 2 threads per core) family 6 model 142 stepping 10 microcode 0xf4, cx8, cmov, fxsr, ht, mmx, 3dnowpref, sse, sse2, sse3, ssse3, sse4.1, sse4.2, popcnt, lzcnt, tsc, tscinvbit, avx, avx2, aes, erms, clmul, bmi1, bmi2, rtm, adx, fma, vzeroupper, clflush, clflushopt, rdtscp, f16c

Memory: 4k page, system-wide physical 8071M (2226M free)
TotalPageFile size 18823M (AvailPageFile size 12399M)
current process WorkingSet (physical memory assigned to process): 188M, peak: 188M
current process commit charge ("private bytes"): 301M, peak: 302M

vm_info: Java HotSpot(TM) 64-Bit Server VM (20.0.2+9-78) for windows-amd64 JRE (20.0.2+9-78), built on 2023-06-14T10:08:48Z by "mach5one" with MS VC++ 17.1 (VS2022)

END.
