#
# A fatal error has been detected by the Java Runtime Environment:
#
#  EXCEPTION_ACCESS_VIOLATION (0xc0000005) at pc=0x00007fff83dda330, pid=15620, tid=2448
#
# JRE version: Java(TM) SE Runtime Environment (20.0.2+9) (build 20.0.2+9-78)
# Java VM: Java HotSpot(TM) 64-Bit Server VM (20.0.2+9-78, mixed mode, sharing, tiered, compressed oops, compressed class ptrs, g1 gc, windows-amd64)
# Problematic frame:
# V  [jvm.dll+0xa330]
#
# No core dump will be written. Minidumps are not enabled by default on client versions of Windows
#
# If you would like to submit a bug report, please visit:
#   https://bugreport.java.com/bugreport/crash.jsp
#

---------------  S U M M A R Y ------------

Command Line: -Dfile.encoding=UTF-8 --module-path=C:\Program Files\Java\javafx-sdk-20.0.2\lib --add-modules=javafx.controls,javafx.fxml --module-path=C:\Program Files\Java\javafx-sdk-20.0.2\lib\javafx-swt.jar;C:\Program Files\Java\javafx-sdk-20.0.2\lib\javafx.base.jar;C:\Program Files\Java\javafx-sdk-20.0.2\lib\javafx.controls.jar;C:\Program Files\Java\javafx-sdk-20.0.2\lib\javafx.fxml.jar;C:\Program Files\Java\javafx-sdk-20.0.2\lib\javafx.graphics.jar;C:\Program Files\Java\javafx-sdk-20.0.2\lib\javafx.media.jar;C:\Program Files\Java\javafx-sdk-20.0.2\lib\javafx.swing.jar;C:\Program Files\Java\javafx-sdk-20.0.2\lib\javafx.web.jar Main

Host: Intel(R) Core(TM) i5-8350U CPU @ 1.70GHz, 8 cores, 7G,  Windows 11 , 64 bit Build 22621 (10.0.22621.2506)
Time: Fri Nov  3 16:29:20 2023 Malay Peninsula Standard Time elapsed time: 21.354613 seconds (0d 0h 0m 21s)

---------------  T H R E A D  ---------------

Current thread (0x0000023ffde50c30):  JavaThread "Thread-3" [_thread_in_vm, id=2448, stack(0x00000053d4400000,0x00000053d4500000)]

Stack: [0x00000053d4400000,0x00000053d4500000],  sp=0x00000053d44fee18,  free space=1019k
Native frames: (J=compiled Java code, j=interpreted, Vv=VM code, C=native code)
V  [jvm.dll+0xa330]

Java frames: (J=compiled Java code, j=interpreted, Vv=VM code)
j  com.digitalpersona.uareu.jni.Dpfj.DpfjIdentify([BII[[BIILcom/digitalpersona/uareu/jni/Dpfj$IntReference;[Lcom/digitalpersona/uareu/Engine$Candidate;)I+0
j  com.digitalpersona.uareu.jni.Dpfj.identify(Lcom/digitalpersona/uareu/Fmd;I[Lcom/digitalpersona/uareu/Fmd;II)[Lcom/digitalpersona/uareu/Engine$Candidate;+148
j  com.digitalpersona.uareu.dpfj.EngineImpl.Identify(Lcom/digitalpersona/uareu/Fmd;I[Lcom/digitalpersona/uareu/Fmd;II)[Lcom/digitalpersona/uareu/Engine$Candidate;+11
j  Fingerprint.IdentificationThread.startIdentification(Lcom/digitalpersona/uareu/Reader;Ljavafx/scene/image/ImageView;)V+104
j  Fingerprint.IdentificationThread.run()V+9
v  ~StubRoutines::call_stub 0x0000023fae9d100d

siginfo: EXCEPTION_ACCESS_VIOLATION (0xc0000005), reading address 0x0000000000000000


Registers:
RAX=0x0000000000000000, RBX=0x0000023ffde50c30, RCX=0x0000000000000000, RDX=0x0000000000000000
RSP=0x00000053d44fee18, RBP=0x00000053d44fefc8, RSI=0x0000023ffde50f10, RDI=0x0000000000000000
R8 =0x00000053d44ff020, R9 =0x0000000001010001, R10=0x00007fff849166d0, R11=0x0000000000000101
R12=0x0000000000000000, R13=0x0000023f80c11818, R14=0x00000053d44ff028, R15=0x0000000000000000
RIP=0x00007fff83dda330, EFLAGS=0x0000000000010246


Register to memory mapping:

RIP=0x00007fff83dda330 jvm.dll
RAX=0x0 is NULL
RBX=0x0000023ffde50c30 is a thread
RCX=0x0 is NULL
RDX=0x0 is NULL
RSP=0x00000053d44fee18 is pointing into the stack for thread: 0x0000023ffde50c30
RBP=0x00000053d44fefc8 is pointing into the stack for thread: 0x0000023ffde50c30
RSI=0x0000023ffde50f10 points into unknown readable memory: 0x00007fff849166d0 | d0 66 91 84 ff 7f 00 00
RDI=0x0 is NULL
R8 =0x00000053d44ff020 is pointing into the stack for thread: 0x0000023ffde50c30
R9 =0x0000000001010001 is an unknown value
R10=0x00007fff849166d0 jvm.dll
R11=0x0000000000000101 is an unknown value
R12=0x0 is NULL
R13={method} {0x0000023f80c11820} 'DpfjIdentify' '([BII[[BIILcom/digitalpersona/uareu/jni/Dpfj$IntReference;[Lcom/digitalpersona/uareu/Engine$Candidate;)I' in 'com/digitalpersona/uareu/jni/Dpfj'
R14=0x00000053d44ff028 is pointing into the stack for thread: 0x0000023ffde50c30
R15=0x0 is NULL


Top of Stack: (sp=0x00000053d44fee18)
0x00000053d44fee18:   00007fff8420b549 0000023f0000000a
0x00000053d44fee28:   0000001b955b55b4 0000023f80c11818
0x00000053d44fee38:   0000023ffde50c30 00000053d44ff020
0x00000053d44fee48:   00007fffcf96208a 0000023f80c11818
0x00000053d44fee58:   0000023ffde50f10 0000023ffde50c30
0x00000053d44fee68:   00000053d44ff028 0000000000000000
0x00000053d44fee78:   0000023f807e2ea8 0000023fbc0bd890
0x00000053d44fee88:   0000023f80c11818 00000053d44fefc8
0x00000053d44fee98:   00007fff841ab7f5 0000023faea3d275
0x00000053d44feea8:   0000001b955b55b4 000000e4fde50c30
0x00000053d44feeb8:   0000023f8117bac0 0000023f80c11818
0x00000053d44feec8:   0000023ffde50c30 0000023ffde50c30
0x00000053d44feed8:   00000053d44ff028 0000023f80c11818
0x00000053d44feee8:   0000000000000000 0000023f807e2ea8
0x00000053d44feef8:   0000023fbc0bd890 0000023f80c11818
0x00000053d44fef08:   0000023fae9f1ff3 0000023ffde50c30
0x00000053d44fef18:   00007fff841a9251 00000053d44ff020
0x00000053d44fef28:   00007fff01010001 0000023f00000000
0x00000053d44fef38:   0000000000000000 0000023fffffffff
0x00000053d44fef48:   0000023f000053e2 00000053d44feff0
0x00000053d44fef58:   00000053d44fefe8 0000023ffde50c30
0x00000053d44fef68:   00007fff841a9251 00000053d44ff020
0x00000053d44fef78:   0000023fae9f1c96 00000053d44fef80
0x00000053d44fef88:   0000023f80c11818 00000053d44ff028
0x00000053d44fef98:   0000023f80c13e10 0000000000000000
0x00000053d44fefa8:   00000000878d68c8 0000023f80c11818
0x00000053d44fefb8:   0000000000000000 00000053d44fefe8
0x00000053d44fefc8:   00000053d44ff078 0000023fae9edf9e
0x00000053d44fefd8:   0000000000000000 0000023fae9ef895
0x00000053d44fefe8:   0000000089bee520 0000000089bef520
0x00000053d44feff8:   00000000000053e2 00000000ffffffff
0x00000053d44ff008:   0000000000000000 0000000000000000 

Instructions: (pc=0x00007fff83dda330)
0x00007fff83dda230:   ec 0d b3 00 48 83 c4 20 5b 48 ff e0 48 8d 05 ed
0x00007fff83dda240:   00 00 00 48 8b cb 48 89 05 d3 0d b3 00 48 83 c4
0x00007fff83dda250:   20 5b 48 ff e0 48 8d 05 d4 00 00 00 48 8b cb 48
0x00007fff83dda260:   89 05 ba 0d b3 00 48 83 c4 20 5b 48 ff e0 48 8b
0x00007fff83dda270:   0d cb 76 b9 00 8b 51 10 83 ea 01 0f 84 91 00 00
0x00007fff83dda280:   00 83 ea 01 74 73 83 ea 01 74 55 83 fa 01 74 37
0x00007fff83dda290:   4c 8d 0d e9 08 8a 00 41 b8 e2 00 00 00 48 8d 15
0x00007fff83dda2a0:   14 09 8a 00 b9 00 00 00 e0 e8 42 68 27 00 e8 5d
0x00007fff83dda2b0:   19 6b 00 33 c0 48 8b cb 48 89 05 61 0d b3 00 48
0x00007fff83dda2c0:   83 c4 20 5b 48 ff e0 48 8d 05 72 00 00 00 48 8b
0x00007fff83dda2d0:   cb 48 89 05 48 0d b3 00 48 83 c4 20 5b 48 ff e0
0x00007fff83dda2e0:   48 8d 05 49 00 00 00 48 8b cb 48 89 05 2f 0d b3
0x00007fff83dda2f0:   00 48 83 c4 20 5b 48 ff e0 48 8d 05 30 00 00 00
0x00007fff83dda300:   48 8b cb 48 89 05 16 0d b3 00 48 83 c4 20 5b 48
0x00007fff83dda310:   ff e0 48 8d 05 17 00 00 00 48 8b cb 48 89 05 fd
0x00007fff83dda320:   0c b3 00 48 83 c4 20 5b 48 ff e0 cc cc cc cc cc
0x00007fff83dda330:   48 8b 01 c3 cc cc cc cc cc cc cc cc cc cc cc cc
0x00007fff83dda340:   48 89 5c 24 08 57 48 83 ec 20 48 8b 39 48 8b d9
0x00007fff83dda350:   48 85 3d a1 90 be 00 75 0e 48 8b c7 48 8b 5c 24
0x00007fff83dda360:   30 48 83 c4 20 5f c3 48 8b cf e8 c1 0e 87 00 48
0x00007fff83dda370:   8b d0 48 85 c0 74 20 48 8b c7 f0 48 0f b1 13 74
0x00007fff83dda380:   16 48 85 05 70 90 be 00 74 0d 48 8b c8 f0 48 0f
0x00007fff83dda390:   b1 13 48 3b c1 75 ea 48 8b 5c 24 30 48 8b c2 48
0x00007fff83dda3a0:   83 c4 20 5f c3 cc cc cc cc cc cc cc cc cc cc cc
0x00007fff83dda3b0:   8b 44 24 30 45 03 c9 44 2b 4c 24 28 83 c0 0b 44
0x00007fff83dda3c0:   03 ca 45 03 c8 41 03 c1 c3 cc cc cc cc cc cc cc
0x00007fff83dda3d0:   48 8b 41 08 0f b7 48 2a 0f b7 40 28 83 c0 48 03
0x00007fff83dda3e0:   c1 c3 cc cc cc cc cc cc cc cc cc cc cc cc cc cc
0x00007fff83dda3f0:   48 89 5c 24 08 57 48 83 ec 20 0f b6 05 3f 98 be
0x00007fff83dda400:   00 48 8b fa 48 8b d9 84 c0 74 4f 48 85 15 e6 8f
0x00007fff83dda410:   be 00 74 38 48 8b ca e8 24 11 87 00 48 8b d0 48
0x00007fff83dda420:   85 db 74 25 48 85 c0 74 20 48 8b c7 f0 48 0f b1 


Stack slot to memory mapping:
stack at sp + 0 slots: 0x00007fff8420b549 jvm.dll
stack at sp + 1 slots: 0x0000023f0000000a is an unknown value
stack at sp + 2 slots: 0x0000001b955b55b4 is an unknown value
stack at sp + 3 slots: {method} {0x0000023f80c11820} 'DpfjIdentify' '([BII[[BIILcom/digitalpersona/uareu/jni/Dpfj$IntReference;[Lcom/digitalpersona/uareu/Engine$Candidate;)I' in 'com/digitalpersona/uareu/jni/Dpfj'
stack at sp + 4 slots: 0x0000023ffde50c30 is a thread
stack at sp + 5 slots: 0x00000053d44ff020 is pointing into the stack for thread: 0x0000023ffde50c30
stack at sp + 6 slots: 0x00007fffcf96208a dpuareu_jni.dll
stack at sp + 7 slots: {method} {0x0000023f80c11820} 'DpfjIdentify' '([BII[[BIILcom/digitalpersona/uareu/jni/Dpfj$IntReference;[Lcom/digitalpersona/uareu/Engine$Candidate;)I' in 'com/digitalpersona/uareu/jni/Dpfj'


---------------  P R O C E S S  ---------------

Threads class SMR info:
_java_thread_list=0x0000023ffd777500, length=23, elements={
0x0000023f9f3cc020, 0x0000023fbbd8c2b0, 0x0000023fbbd91300, 0x0000023fbbd92100,
0x0000023fbbd95b60, 0x0000023fbbd964a0, 0x0000023fbbd96de0, 0x0000023fbbd97a50,
0x0000023fbbd9a870, 0x0000023fbbd58090, 0x0000023ffd902940, 0x0000023ffd41f970,
0x0000023ffd878fc0, 0x0000023ffd5c1140, 0x0000023ffdc25fd0, 0x0000023ffdc27960,
0x0000023ffdeacc00, 0x0000023ffde51180, 0x0000023ffde50c30, 0x0000023ffd5c6360,
0x0000023ffd5c3390, 0x0000023ffd0e7520, 0x0000023ffd6e8070
}

Java Threads: ( => current thread )
  0x0000023f9f3cc020 JavaThread "main" [_thread_blocked, id=13948, stack(0x00000053d1d00000,0x00000053d1e00000)]
  0x0000023fbbd8c2b0 JavaThread "Reference Handler" daemon [_thread_blocked, id=10348, stack(0x00000053d2400000,0x00000053d2500000)]
  0x0000023fbbd91300 JavaThread "Finalizer" daemon [_thread_blocked, id=10676, stack(0x00000053d2500000,0x00000053d2600000)]
  0x0000023fbbd92100 JavaThread "Signal Dispatcher" daemon [_thread_blocked, id=9428, stack(0x00000053d2600000,0x00000053d2700000)]
  0x0000023fbbd95b60 JavaThread "Attach Listener" daemon [_thread_blocked, id=4852, stack(0x00000053d2700000,0x00000053d2800000)]
  0x0000023fbbd964a0 JavaThread "Service Thread" daemon [_thread_blocked, id=13324, stack(0x00000053d2800000,0x00000053d2900000)]
  0x0000023fbbd96de0 JavaThread "Monitor Deflation Thread" daemon [_thread_blocked, id=15728, stack(0x00000053d2900000,0x00000053d2a00000)]
  0x0000023fbbd97a50 JavaThread "C2 CompilerThread0" daemon [_thread_blocked, id=15616, stack(0x00000053d2a00000,0x00000053d2b00000)]
  0x0000023fbbd9a870 JavaThread "C1 CompilerThread0" daemon [_thread_blocked, id=16032, stack(0x00000053d2b00000,0x00000053d2c00000)]
  0x0000023fbbd58090 JavaThread "Common-Cleaner" daemon [_thread_blocked, id=15712, stack(0x00000053d2c00000,0x00000053d2d00000)]
  0x0000023ffd902940 JavaThread "Notification Thread" daemon [_thread_blocked, id=9424, stack(0x00000053d2f00000,0x00000053d3000000)]
  0x0000023ffd41f970 JavaThread "QuantumRenderer-0" daemon [_thread_blocked, id=15852, stack(0x00000053d3100000,0x00000053d3200000)]
  0x0000023ffd878fc0 JavaThread "InvokeLaterDispatcher" daemon [_thread_blocked, id=14132, stack(0x00000053d3200000,0x00000053d3300000)]
  0x0000023ffd5c1140 JavaThread "JavaFX Application Thread" [_thread_in_native, id=15896, stack(0x00000053d3300000,0x00000053d3400000)]
  0x0000023ffdc25fd0 JavaThread "JavaFX-Launcher" [_thread_blocked, id=10572, stack(0x00000053d3800000,0x00000053d3900000)]
  0x0000023ffdc27960 JavaThread "Thread-2" daemon [_thread_in_native, id=8544, stack(0x00000053d3700000,0x00000053d3800000)]
  0x0000023ffdeacc00 JavaThread "Prism Font Disposer" daemon [_thread_blocked, id=3528, stack(0x00000053d4200000,0x00000053d4300000)]
  0x0000023ffde51180 JavaThread "Cleaner-0" daemon [_thread_blocked, id=9336, stack(0x00000053d4300000,0x00000053d4400000)]
=>0x0000023ffde50c30 JavaThread "Thread-3" [_thread_in_vm, id=2448, stack(0x00000053d4400000,0x00000053d4500000)]
  0x0000023ffd5c6360 JavaThread "Java2D Disposer" daemon [_thread_blocked, id=4440, stack(0x00000053d4600000,0x00000053d4700000)]
  0x0000023ffd5c3390 JavaThread "mysql-cj-abandoned-connection-cleanup" daemon [_thread_blocked, id=16072, stack(0x00000053d4500000,0x00000053d4600000)]
  0x0000023ffd0e7520 JavaThread "C2 CompilerThread1" daemon [_thread_blocked, id=15612, stack(0x00000053d4700000,0x00000053d4800000)]
  0x0000023ffd6e8070 JavaThread "C2 CompilerThread2" daemon [_thread_blocked, id=15276, stack(0x00000053d4800000,0x00000053d4900000)]

Other Threads:
  0x0000023fbbd6fe80 VMThread "VM Thread" [stack: 0x00000053d2300000,0x00000053d2400000] [id=16196]
  0x0000023ffd859cb0 WatcherThread "VM Periodic Task Thread" [stack: 0x00000053d3000000,0x00000053d3100000] [id=4652]
  0x0000023f9f429600 WorkerThread "GC Thread#0" [stack: 0x00000053d1e00000,0x00000053d1f00000] [id=12132]
  0x0000023ffdcdb3e0 WorkerThread "GC Thread#1" [stack: 0x00000053d3900000,0x00000053d3a00000] [id=16184]
  0x0000023ffdcdbc50 WorkerThread "GC Thread#2" [stack: 0x00000053d3a00000,0x00000053d3b00000] [id=10272]
  0x0000023ffdcdb6b0 WorkerThread "GC Thread#3" [stack: 0x00000053d3b00000,0x00000053d3c00000] [id=4228]
  0x0000023ffdcdb980 WorkerThread "GC Thread#4" [stack: 0x00000053d3c00000,0x00000053d3d00000] [id=8448]
  0x0000023ffdcdc1f0 WorkerThread "GC Thread#5" [stack: 0x00000053d3d00000,0x00000053d3e00000] [id=15568]
  0x0000023ffdcdc4c0 WorkerThread "GC Thread#6" [stack: 0x00000053d3e00000,0x00000053d3f00000] [id=15640]
  0x0000023ffdcdae40 WorkerThread "GC Thread#7" [stack: 0x00000053d4900000,0x00000053d4a00000] [id=14280]
  0x0000023f9f43a150 ConcurrentGCThread "G1 Main Marker" [stack: 0x00000053d1f00000,0x00000053d2000000] [id=15080]
  0x0000023f9f43ab80 WorkerThread "G1 Conc#0" [stack: 0x00000053d2000000,0x00000053d2100000] [id=11596]
  0x0000023f9f48e650 ConcurrentGCThread "G1 Refine#0" [stack: 0x00000053d2100000,0x00000053d2200000] [id=7756]
  0x0000023fbbc1c420 ConcurrentGCThread "G1 Service" [stack: 0x00000053d2200000,0x00000053d2300000] [id=9796]

Threads with active compile tasks:

VM state: not at safepoint (normal execution)

VM Mutex/Monitor currently owned by a thread: None

Heap address: 0x0000000081e00000, size: 2018 MB, Compressed Oops mode: 32-bit

CDS archive(s) mapped at: [0x0000023fbc000000-0x0000023fbcc60000-0x0000023fbcc60000), size 12976128, SharedBaseAddress: 0x0000023fbc000000, ArchiveRelocationMode: 1.
Compressed class space mapped at: 0x0000023fbd000000-0x0000023ffd000000, reserved size: 1073741824
Narrow klass base: 0x0000023fbc000000, Narrow klass shift: 0, Narrow klass range: 0x100000000

GC Precious Log:
 CardTable entry size: 512
 Card Set container configuration: InlinePtr #cards 5 size 8 Array Of Cards #cards 12 size 40 Howl #buckets 4 coarsen threshold 1843 Howl Bitmap #cards 512 size 80 coarsen threshold 460 Card regions per heap region 1 cards per card region 2048
 CPUs: 8 total, 8 available
 Memory: 8071M
 Large Page Support: Disabled
 NUMA Support: Disabled
 Compressed Oops: Enabled (32-bit)
 Heap Region Size: 1M
 Heap Min Capacity: 8M
 Heap Initial Capacity: 128M
 Heap Max Capacity: 2018M
 Pre-touch: Disabled
 Parallel Workers: 8
 Concurrent Workers: 2
 Concurrent Refinement Workers: 8
 Periodic GC: Disabled

Heap:
 garbage-first heap   total 131072K, used 14703K [0x0000000081e00000, 0x0000000100000000)
  region size 1024K, 8 young (8192K), 5 survivors (5120K)
 Metaspace       used 20171K, committed 20480K, reserved 1114112K
  class space    used 2473K, committed 2624K, reserved 1048576K

Heap Regions: E=young(eden), S=young(survivor), O=old, HS=humongous(starts), HC=humongous(continues), CS=collection set, F=free, OA=open archive, CA=closed archive, TAMS=top-at-mark-start, PB=parsable bottom
|   0|0x0000000081e00000, 0x0000000081f00000, 0x0000000081f00000|100%| O|  |TAMS 0x0000000081e00000| PB 0x0000000081e00000| Untracked 
|   1|0x0000000081f00000, 0x0000000082000000, 0x0000000082000000|100%|HS|  |TAMS 0x0000000081f00000| PB 0x0000000081f00000| Complete 
|   2|0x0000000082000000, 0x0000000082100000, 0x0000000082100000|100%|HC|  |TAMS 0x0000000082000000| PB 0x0000000082000000| Complete 
|   3|0x0000000082100000, 0x0000000082100000, 0x0000000082200000|  0%| F|  |TAMS 0x0000000082100000| PB 0x0000000082100000| Untracked 
|   4|0x0000000082200000, 0x0000000082200000, 0x0000000082300000|  0%| F|  |TAMS 0x0000000082200000| PB 0x0000000082200000| Untracked 
|   5|0x0000000082300000, 0x0000000082400000, 0x0000000082400000|100%|HS|  |TAMS 0x0000000082300000| PB 0x0000000082300000| Complete 
|   6|0x0000000082400000, 0x0000000082500000, 0x0000000082500000|100%|HS|  |TAMS 0x0000000082400000| PB 0x0000000082400000| Complete 
|   7|0x0000000082500000, 0x0000000082600000, 0x0000000082600000|100%| O|  |TAMS 0x0000000082500000| PB 0x0000000082500000| Untracked 
|   8|0x0000000082600000, 0x0000000082700000, 0x0000000082700000|100%| O|  |TAMS 0x0000000082600000| PB 0x0000000082600000| Untracked 
|   9|0x0000000082700000, 0x000000008275bc00, 0x0000000082800000| 35%| O|  |TAMS 0x0000000082700000| PB 0x0000000082700000| Untracked 
|  10|0x0000000082800000, 0x0000000082800000, 0x0000000082900000|  0%| F|  |TAMS 0x0000000082800000| PB 0x0000000082800000| Untracked 
|  11|0x0000000082900000, 0x0000000082900000, 0x0000000082a00000|  0%| F|  |TAMS 0x0000000082900000| PB 0x0000000082900000| Untracked 
|  12|0x0000000082a00000, 0x0000000082a00000, 0x0000000082b00000|  0%| F|  |TAMS 0x0000000082a00000| PB 0x0000000082a00000| Untracked 
|  13|0x0000000082b00000, 0x0000000082b00000, 0x0000000082c00000|  0%| F|  |TAMS 0x0000000082b00000| PB 0x0000000082b00000| Untracked 
|  14|0x0000000082c00000, 0x0000000082c00000, 0x0000000082d00000|  0%| F|  |TAMS 0x0000000082c00000| PB 0x0000000082c00000| Untracked 
|  15|0x0000000082d00000, 0x0000000082d00000, 0x0000000082e00000|  0%| F|  |TAMS 0x0000000082d00000| PB 0x0000000082d00000| Untracked 
|  16|0x0000000082e00000, 0x0000000082e00000, 0x0000000082f00000|  0%| F|  |TAMS 0x0000000082e00000| PB 0x0000000082e00000| Untracked 
|  17|0x0000000082f00000, 0x0000000082f00000, 0x0000000083000000|  0%| F|  |TAMS 0x0000000082f00000| PB 0x0000000082f00000| Untracked 
|  18|0x0000000083000000, 0x0000000083000000, 0x0000000083100000|  0%| F|  |TAMS 0x0000000083000000| PB 0x0000000083000000| Untracked 
|  19|0x0000000083100000, 0x0000000083100000, 0x0000000083200000|  0%| F|  |TAMS 0x0000000083100000| PB 0x0000000083100000| Untracked 
|  20|0x0000000083200000, 0x0000000083200000, 0x0000000083300000|  0%| F|  |TAMS 0x0000000083200000| PB 0x0000000083200000| Untracked 
|  21|0x0000000083300000, 0x0000000083300000, 0x0000000083400000|  0%| F|  |TAMS 0x0000000083300000| PB 0x0000000083300000| Untracked 
|  22|0x0000000083400000, 0x0000000083400000, 0x0000000083500000|  0%| F|  |TAMS 0x0000000083400000| PB 0x0000000083400000| Untracked 
|  23|0x0000000083500000, 0x0000000083500000, 0x0000000083600000|  0%| F|  |TAMS 0x0000000083500000| PB 0x0000000083500000| Untracked 
|  24|0x0000000083600000, 0x0000000083600000, 0x0000000083700000|  0%| F|  |TAMS 0x0000000083600000| PB 0x0000000083600000| Untracked 
|  25|0x0000000083700000, 0x0000000083700000, 0x0000000083800000|  0%| F|  |TAMS 0x0000000083700000| PB 0x0000000083700000| Untracked 
|  26|0x0000000083800000, 0x0000000083800000, 0x0000000083900000|  0%| F|  |TAMS 0x0000000083800000| PB 0x0000000083800000| Untracked 
|  27|0x0000000083900000, 0x0000000083900000, 0x0000000083a00000|  0%| F|  |TAMS 0x0000000083900000| PB 0x0000000083900000| Untracked 
|  28|0x0000000083a00000, 0x0000000083a00000, 0x0000000083b00000|  0%| F|  |TAMS 0x0000000083a00000| PB 0x0000000083a00000| Untracked 
|  29|0x0000000083b00000, 0x0000000083b00000, 0x0000000083c00000|  0%| F|  |TAMS 0x0000000083b00000| PB 0x0000000083b00000| Untracked 
|  30|0x0000000083c00000, 0x0000000083c00000, 0x0000000083d00000|  0%| F|  |TAMS 0x0000000083c00000| PB 0x0000000083c00000| Untracked 
|  31|0x0000000083d00000, 0x0000000083d00000, 0x0000000083e00000|  0%| F|  |TAMS 0x0000000083d00000| PB 0x0000000083d00000| Untracked 
|  32|0x0000000083e00000, 0x0000000083e00000, 0x0000000083f00000|  0%| F|  |TAMS 0x0000000083e00000| PB 0x0000000083e00000| Untracked 
|  33|0x0000000083f00000, 0x0000000083f00000, 0x0000000084000000|  0%| F|  |TAMS 0x0000000083f00000| PB 0x0000000083f00000| Untracked 
|  34|0x0000000084000000, 0x0000000084000000, 0x0000000084100000|  0%| F|  |TAMS 0x0000000084000000| PB 0x0000000084000000| Untracked 
|  35|0x0000000084100000, 0x0000000084100000, 0x0000000084200000|  0%| F|  |TAMS 0x0000000084100000| PB 0x0000000084100000| Untracked 
|  36|0x0000000084200000, 0x0000000084200000, 0x0000000084300000|  0%| F|  |TAMS 0x0000000084200000| PB 0x0000000084200000| Untracked 
|  37|0x0000000084300000, 0x0000000084300000, 0x0000000084400000|  0%| F|  |TAMS 0x0000000084300000| PB 0x0000000084300000| Untracked 
|  38|0x0000000084400000, 0x0000000084400000, 0x0000000084500000|  0%| F|  |TAMS 0x0000000084400000| PB 0x0000000084400000| Untracked 
|  39|0x0000000084500000, 0x0000000084500000, 0x0000000084600000|  0%| F|  |TAMS 0x0000000084500000| PB 0x0000000084500000| Untracked 
|  40|0x0000000084600000, 0x0000000084600000, 0x0000000084700000|  0%| F|  |TAMS 0x0000000084600000| PB 0x0000000084600000| Untracked 
|  41|0x0000000084700000, 0x0000000084700000, 0x0000000084800000|  0%| F|  |TAMS 0x0000000084700000| PB 0x0000000084700000| Untracked 
|  42|0x0000000084800000, 0x0000000084800000, 0x0000000084900000|  0%| F|  |TAMS 0x0000000084800000| PB 0x0000000084800000| Untracked 
|  43|0x0000000084900000, 0x0000000084900000, 0x0000000084a00000|  0%| F|  |TAMS 0x0000000084900000| PB 0x0000000084900000| Untracked 
|  44|0x0000000084a00000, 0x0000000084a00000, 0x0000000084b00000|  0%| F|  |TAMS 0x0000000084a00000| PB 0x0000000084a00000| Untracked 
|  45|0x0000000084b00000, 0x0000000084b00000, 0x0000000084c00000|  0%| F|  |TAMS 0x0000000084b00000| PB 0x0000000084b00000| Untracked 
|  46|0x0000000084c00000, 0x0000000084c00000, 0x0000000084d00000|  0%| F|  |TAMS 0x0000000084c00000| PB 0x0000000084c00000| Untracked 
|  47|0x0000000084d00000, 0x0000000084d00000, 0x0000000084e00000|  0%| F|  |TAMS 0x0000000084d00000| PB 0x0000000084d00000| Untracked 
|  48|0x0000000084e00000, 0x0000000084e00000, 0x0000000084f00000|  0%| F|  |TAMS 0x0000000084e00000| PB 0x0000000084e00000| Untracked 
|  49|0x0000000084f00000, 0x0000000084f00000, 0x0000000085000000|  0%| F|  |TAMS 0x0000000084f00000| PB 0x0000000084f00000| Untracked 
|  50|0x0000000085000000, 0x0000000085000000, 0x0000000085100000|  0%| F|  |TAMS 0x0000000085000000| PB 0x0000000085000000| Untracked 
|  51|0x0000000085100000, 0x0000000085100000, 0x0000000085200000|  0%| F|  |TAMS 0x0000000085100000| PB 0x0000000085100000| Untracked 
|  52|0x0000000085200000, 0x0000000085200000, 0x0000000085300000|  0%| F|  |TAMS 0x0000000085200000| PB 0x0000000085200000| Untracked 
|  53|0x0000000085300000, 0x0000000085300000, 0x0000000085400000|  0%| F|  |TAMS 0x0000000085300000| PB 0x0000000085300000| Untracked 
|  54|0x0000000085400000, 0x0000000085400000, 0x0000000085500000|  0%| F|  |TAMS 0x0000000085400000| PB 0x0000000085400000| Untracked 
|  55|0x0000000085500000, 0x0000000085500000, 0x0000000085600000|  0%| F|  |TAMS 0x0000000085500000| PB 0x0000000085500000| Untracked 
|  56|0x0000000085600000, 0x0000000085600000, 0x0000000085700000|  0%| F|  |TAMS 0x0000000085600000| PB 0x0000000085600000| Untracked 
|  57|0x0000000085700000, 0x0000000085700000, 0x0000000085800000|  0%| F|  |TAMS 0x0000000085700000| PB 0x0000000085700000| Untracked 
|  58|0x0000000085800000, 0x0000000085800000, 0x0000000085900000|  0%| F|  |TAMS 0x0000000085800000| PB 0x0000000085800000| Untracked 
|  59|0x0000000085900000, 0x0000000085900000, 0x0000000085a00000|  0%| F|  |TAMS 0x0000000085900000| PB 0x0000000085900000| Untracked 
|  60|0x0000000085a00000, 0x0000000085a00000, 0x0000000085b00000|  0%| F|  |TAMS 0x0000000085a00000| PB 0x0000000085a00000| Untracked 
|  61|0x0000000085b00000, 0x0000000085b00000, 0x0000000085c00000|  0%| F|  |TAMS 0x0000000085b00000| PB 0x0000000085b00000| Untracked 
|  62|0x0000000085c00000, 0x0000000085c00000, 0x0000000085d00000|  0%| F|  |TAMS 0x0000000085c00000| PB 0x0000000085c00000| Untracked 
|  63|0x0000000085d00000, 0x0000000085d00000, 0x0000000085e00000|  0%| F|  |TAMS 0x0000000085d00000| PB 0x0000000085d00000| Untracked 
|  64|0x0000000085e00000, 0x0000000085e00000, 0x0000000085f00000|  0%| F|  |TAMS 0x0000000085e00000| PB 0x0000000085e00000| Untracked 
|  65|0x0000000085f00000, 0x0000000085f00000, 0x0000000086000000|  0%| F|  |TAMS 0x0000000085f00000| PB 0x0000000085f00000| Untracked 
|  66|0x0000000086000000, 0x0000000086000000, 0x0000000086100000|  0%| F|  |TAMS 0x0000000086000000| PB 0x0000000086000000| Untracked 
|  67|0x0000000086100000, 0x0000000086100000, 0x0000000086200000|  0%| F|  |TAMS 0x0000000086100000| PB 0x0000000086100000| Untracked 
|  68|0x0000000086200000, 0x0000000086200000, 0x0000000086300000|  0%| F|  |TAMS 0x0000000086200000| PB 0x0000000086200000| Untracked 
|  69|0x0000000086300000, 0x0000000086300000, 0x0000000086400000|  0%| F|  |TAMS 0x0000000086300000| PB 0x0000000086300000| Untracked 
|  70|0x0000000086400000, 0x0000000086400000, 0x0000000086500000|  0%| F|  |TAMS 0x0000000086400000| PB 0x0000000086400000| Untracked 
|  71|0x0000000086500000, 0x0000000086500000, 0x0000000086600000|  0%| F|  |TAMS 0x0000000086500000| PB 0x0000000086500000| Untracked 
|  72|0x0000000086600000, 0x0000000086600000, 0x0000000086700000|  0%| F|  |TAMS 0x0000000086600000| PB 0x0000000086600000| Untracked 
|  73|0x0000000086700000, 0x0000000086700000, 0x0000000086800000|  0%| F|  |TAMS 0x0000000086700000| PB 0x0000000086700000| Untracked 
|  74|0x0000000086800000, 0x0000000086800000, 0x0000000086900000|  0%| F|  |TAMS 0x0000000086800000| PB 0x0000000086800000| Untracked 
|  75|0x0000000086900000, 0x0000000086900000, 0x0000000086a00000|  0%| F|  |TAMS 0x0000000086900000| PB 0x0000000086900000| Untracked 
|  76|0x0000000086a00000, 0x0000000086a00000, 0x0000000086b00000|  0%| F|  |TAMS 0x0000000086a00000| PB 0x0000000086a00000| Untracked 
|  77|0x0000000086b00000, 0x0000000086b00000, 0x0000000086c00000|  0%| F|  |TAMS 0x0000000086b00000| PB 0x0000000086b00000| Untracked 
|  78|0x0000000086c00000, 0x0000000086c00000, 0x0000000086d00000|  0%| F|  |TAMS 0x0000000086c00000| PB 0x0000000086c00000| Untracked 
|  79|0x0000000086d00000, 0x0000000086d00000, 0x0000000086e00000|  0%| F|  |TAMS 0x0000000086d00000| PB 0x0000000086d00000| Untracked 
|  80|0x0000000086e00000, 0x0000000086e00000, 0x0000000086f00000|  0%| F|  |TAMS 0x0000000086e00000| PB 0x0000000086e00000| Untracked 
|  81|0x0000000086f00000, 0x0000000086f00000, 0x0000000087000000|  0%| F|  |TAMS 0x0000000086f00000| PB 0x0000000086f00000| Untracked 
|  82|0x0000000087000000, 0x0000000087000000, 0x0000000087100000|  0%| F|  |TAMS 0x0000000087000000| PB 0x0000000087000000| Untracked 
|  83|0x0000000087100000, 0x0000000087100000, 0x0000000087200000|  0%| F|  |TAMS 0x0000000087100000| PB 0x0000000087100000| Untracked 
|  84|0x0000000087200000, 0x0000000087200000, 0x0000000087300000|  0%| F|  |TAMS 0x0000000087200000| PB 0x0000000087200000| Untracked 
|  85|0x0000000087300000, 0x0000000087300000, 0x0000000087400000|  0%| F|  |TAMS 0x0000000087300000| PB 0x0000000087300000| Untracked 
|  86|0x0000000087400000, 0x0000000087400000, 0x0000000087500000|  0%| F|  |TAMS 0x0000000087400000| PB 0x0000000087400000| Untracked 
|  87|0x0000000087500000, 0x0000000087600000, 0x0000000087600000|100%| S|CS|TAMS 0x0000000087500000| PB 0x0000000087500000| Complete 
|  88|0x0000000087600000, 0x0000000087700000, 0x0000000087700000|100%| S|CS|TAMS 0x0000000087600000| PB 0x0000000087600000| Complete 
|  89|0x0000000087700000, 0x0000000087800000, 0x0000000087800000|100%| S|CS|TAMS 0x0000000087700000| PB 0x0000000087700000| Complete 
|  90|0x0000000087800000, 0x0000000087900000, 0x0000000087900000|100%| S|CS|TAMS 0x0000000087800000| PB 0x0000000087800000| Complete 
|  91|0x0000000087900000, 0x0000000087a00000, 0x0000000087a00000|100%| S|CS|TAMS 0x0000000087900000| PB 0x0000000087900000| Complete 
|  92|0x0000000087a00000, 0x0000000087a00000, 0x0000000087b00000|  0%| F|  |TAMS 0x0000000087a00000| PB 0x0000000087a00000| Untracked 
|  93|0x0000000087b00000, 0x0000000087b00000, 0x0000000087c00000|  0%| F|  |TAMS 0x0000000087b00000| PB 0x0000000087b00000| Untracked 
|  94|0x0000000087c00000, 0x0000000087c00000, 0x0000000087d00000|  0%| F|  |TAMS 0x0000000087c00000| PB 0x0000000087c00000| Untracked 
|  95|0x0000000087d00000, 0x0000000087d00000, 0x0000000087e00000|  0%| F|  |TAMS 0x0000000087d00000| PB 0x0000000087d00000| Untracked 
|  96|0x0000000087e00000, 0x0000000087e00000, 0x0000000087f00000|  0%| F|  |TAMS 0x0000000087e00000| PB 0x0000000087e00000| Untracked 
|  97|0x0000000087f00000, 0x0000000087f00000, 0x0000000088000000|  0%| F|  |TAMS 0x0000000087f00000| PB 0x0000000087f00000| Untracked 
|  98|0x0000000088000000, 0x0000000088000000, 0x0000000088100000|  0%| F|  |TAMS 0x0000000088000000| PB 0x0000000088000000| Untracked 
|  99|0x0000000088100000, 0x0000000088100000, 0x0000000088200000|  0%| F|  |TAMS 0x0000000088100000| PB 0x0000000088100000| Untracked 
| 100|0x0000000088200000, 0x0000000088200000, 0x0000000088300000|  0%| F|  |TAMS 0x0000000088200000| PB 0x0000000088200000| Untracked 
| 101|0x0000000088300000, 0x0000000088300000, 0x0000000088400000|  0%| F|  |TAMS 0x0000000088300000| PB 0x0000000088300000| Untracked 
| 102|0x0000000088400000, 0x0000000088400000, 0x0000000088500000|  0%| F|  |TAMS 0x0000000088400000| PB 0x0000000088400000| Untracked 
| 103|0x0000000088500000, 0x0000000088500000, 0x0000000088600000|  0%| F|  |TAMS 0x0000000088500000| PB 0x0000000088500000| Untracked 
| 104|0x0000000088600000, 0x0000000088600000, 0x0000000088700000|  0%| F|  |TAMS 0x0000000088600000| PB 0x0000000088600000| Untracked 
| 105|0x0000000088700000, 0x0000000088700000, 0x0000000088800000|  0%| F|  |TAMS 0x0000000088700000| PB 0x0000000088700000| Untracked 
| 106|0x0000000088800000, 0x0000000088800000, 0x0000000088900000|  0%| F|  |TAMS 0x0000000088800000| PB 0x0000000088800000| Untracked 
| 107|0x0000000088900000, 0x0000000088900000, 0x0000000088a00000|  0%| F|  |TAMS 0x0000000088900000| PB 0x0000000088900000| Untracked 
| 108|0x0000000088a00000, 0x0000000088a00000, 0x0000000088b00000|  0%| F|  |TAMS 0x0000000088a00000| PB 0x0000000088a00000| Untracked 
| 109|0x0000000088b00000, 0x0000000088b00000, 0x0000000088c00000|  0%| F|  |TAMS 0x0000000088b00000| PB 0x0000000088b00000| Untracked 
| 110|0x0000000088c00000, 0x0000000088c00000, 0x0000000088d00000|  0%| F|  |TAMS 0x0000000088c00000| PB 0x0000000088c00000| Untracked 
| 111|0x0000000088d00000, 0x0000000088d00000, 0x0000000088e00000|  0%| F|  |TAMS 0x0000000088d00000| PB 0x0000000088d00000| Untracked 
| 112|0x0000000088e00000, 0x0000000088e00000, 0x0000000088f00000|  0%| F|  |TAMS 0x0000000088e00000| PB 0x0000000088e00000| Untracked 
| 113|0x0000000088f00000, 0x0000000088f00000, 0x0000000089000000|  0%| F|  |TAMS 0x0000000088f00000| PB 0x0000000088f00000| Untracked 
| 114|0x0000000089000000, 0x0000000089000000, 0x0000000089100000|  0%| F|  |TAMS 0x0000000089000000| PB 0x0000000089000000| Untracked 
| 115|0x0000000089100000, 0x0000000089100000, 0x0000000089200000|  0%| F|  |TAMS 0x0000000089100000| PB 0x0000000089100000| Untracked 
| 116|0x0000000089200000, 0x0000000089200000, 0x0000000089300000|  0%| F|  |TAMS 0x0000000089200000| PB 0x0000000089200000| Untracked 
| 117|0x0000000089300000, 0x0000000089300000, 0x0000000089400000|  0%| F|  |TAMS 0x0000000089300000| PB 0x0000000089300000| Untracked 
| 118|0x0000000089400000, 0x0000000089400000, 0x0000000089500000|  0%| F|  |TAMS 0x0000000089400000| PB 0x0000000089400000| Untracked 
| 119|0x0000000089500000, 0x0000000089500000, 0x0000000089600000|  0%| F|  |TAMS 0x0000000089500000| PB 0x0000000089500000| Untracked 
| 120|0x0000000089600000, 0x0000000089600000, 0x0000000089700000|  0%| F|  |TAMS 0x0000000089600000| PB 0x0000000089600000| Untracked 
| 121|0x0000000089700000, 0x0000000089700000, 0x0000000089800000|  0%| F|  |TAMS 0x0000000089700000| PB 0x0000000089700000| Untracked 
| 122|0x0000000089800000, 0x0000000089800000, 0x0000000089900000|  0%| F|  |TAMS 0x0000000089800000| PB 0x0000000089800000| Untracked 
| 123|0x0000000089900000, 0x0000000089900000, 0x0000000089a00000|  0%| F|  |TAMS 0x0000000089900000| PB 0x0000000089900000| Untracked 
| 124|0x0000000089a00000, 0x0000000089a00000, 0x0000000089b00000|  0%| F|  |TAMS 0x0000000089a00000| PB 0x0000000089a00000| Untracked 
| 125|0x0000000089b00000, 0x0000000089bfa520, 0x0000000089c00000| 97%| E|  |TAMS 0x0000000089b00000| PB 0x0000000089b00000| Complete 
| 126|0x0000000089c00000, 0x0000000089d00000, 0x0000000089d00000|100%| E|CS|TAMS 0x0000000089c00000| PB 0x0000000089c00000| Complete 
| 127|0x0000000089d00000, 0x0000000089e00000, 0x0000000089e00000|100%| E|CS|TAMS 0x0000000089d00000| PB 0x0000000089d00000| Complete 

Card table byte_map: [0x0000023fb6bd0000,0x0000023fb6fd0000] _byte_map_base: 0x0000023fb67c1000

Marking Bits: (CMBitMap*) 0x0000023f9f429c30
 Bits: [0x0000023fb73d0000, 0x0000023fb9358000)

Polling page: 0x0000023f9d380000

Metaspace:

Usage:
  Non-class:     17.28 MB used.
      Class:      2.42 MB used.
       Both:     19.70 MB used.

Virtual space:
  Non-class space:       64.00 MB reserved,      17.44 MB ( 27%) committed,  1 nodes.
      Class space:        1.00 GB reserved,       2.56 MB ( <1%) committed,  1 nodes.
             Both:        1.06 GB reserved,      20.00 MB (  2%) committed. 

Chunk freelists:
   Non-Class:  2.51 MB
       Class:  1.42 MB
        Both:  3.93 MB

MaxMetaspaceSize: unlimited
CompressedClassSpaceSize: 1.00 GB
Initial GC threshold: 21.00 MB
Current GC threshold: 21.00 MB
CDS: on
MetaspaceReclaimPolicy: balanced
 - commit_granule_bytes: 65536.
 - commit_granule_words: 8192.
 - virtual_space_node_default_size: 8388608.
 - enlarge_chunks_in_place: 1.
 - new_chunks_are_fully_committed: 0.
 - uncommit_free_chunks: 1.
 - use_allocation_guard: 0.


Internal statistics:

num_allocs_failed_limit: 0.
num_arena_births: 318.
num_arena_deaths: 0.
num_vsnodes_births: 2.
num_vsnodes_deaths: 0.
num_space_committed: 320.
num_space_uncommitted: 0.
num_chunks_returned_to_freelist: 0.
num_chunks_taken_from_freelist: 835.
num_chunk_merges: 0.
num_chunk_splits: 592.
num_chunks_enlarged: 457.
num_inconsistent_stats: 0.

CodeHeap 'non-profiled nmethods': size=120000Kb used=917Kb max_used=917Kb free=119082Kb
 bounds [0x0000023faef70000, 0x0000023faf1e0000, 0x0000023fb64a0000]
CodeHeap 'profiled nmethods': size=120000Kb used=4226Kb max_used=4226Kb free=115773Kb
 bounds [0x0000023fa74a0000, 0x0000023fa78d0000, 0x0000023fae9d0000]
CodeHeap 'non-nmethods': size=5760Kb used=1976Kb max_used=2002Kb free=3783Kb
 bounds [0x0000023fae9d0000, 0x0000023faec40000, 0x0000023faef70000]
 total_blobs=3395 nmethods=2479 adapters=826
 compilation: enabled
              stopped_count=0, restarted_count=0
 full_count=0

Compilation events (20 events):
Event: 21.345 Thread 0x0000023fbbd9a870 2475       3       java.util.regex.Matcher::search (154 bytes)
Event: 21.346 Thread 0x0000023fbbd9a870 nmethod 2475 0x0000023fa78bb510 code [0x0000023fa78bb700, 0x0000023fa78bbcb0]
Event: 21.346 Thread 0x0000023fbbd9a870 2467       3       sun.util.locale.InternalLocaleBuilder::getBaseLocale (187 bytes)
Event: 21.346 Thread 0x0000023fbbd9a870 nmethod 2467 0x0000023fa78bbf10 code [0x0000023fa78bc200, 0x0000023fa78bd188]
Event: 21.347 Thread 0x0000023fbbd9a870 2468       3       sun.util.locale.InternalLocaleBuilder::getLocaleExtensions (65 bytes)
Event: 21.347 Thread 0x0000023fbbd9a870 nmethod 2468 0x0000023fa78bd810 code [0x0000023fa78bda40, 0x0000023fa78be288]
Event: 21.347 Thread 0x0000023fbbd9a870 2473       3       java.util.regex.ASCII::isType (15 bytes)
Event: 21.347 Thread 0x0000023fbbd9a870 nmethod 2473 0x0000023fa78be490 code [0x0000023fa78be620, 0x0000023fa78be850]
Event: 21.347 Thread 0x0000023fbbd9a870 2474       3       java.util.regex.ASCII::getType (17 bytes)
Event: 21.347 Thread 0x0000023fbbd9a870 nmethod 2474 0x0000023fa78be990 code [0x0000023fa78beb20, 0x0000023fa78becc0]
Event: 21.347 Thread 0x0000023fbbd9a870 2477       3       java.util.regex.CharPredicates$$Lambda$19/0x800000027::is (5 bytes)
Event: 21.347 Thread 0x0000023fbbd9a870 nmethod 2477 0x0000023fa78bed90 code [0x0000023fa78bef40, 0x0000023fa78bf350]
Event: 21.347 Thread 0x0000023fbbd9a870 2478       3       java.util.regex.CharPredicates::lambda$ASCII_SPACE$20 (20 bytes)
Event: 21.348 Thread 0x0000023fbbd9a870 nmethod 2478 0x0000023fa78bf490 code [0x0000023fa78bf640, 0x0000023fa78bf9c8]
Event: 21.348 Thread 0x0000023fbbd9a870 2479       3       java.util.regex.ASCII::isSpace (8 bytes)
Event: 21.348 Thread 0x0000023fbbd9a870 nmethod 2479 0x0000023fa78bfb10 code [0x0000023fa78bfca0, 0x0000023fa78bff30]
Event: 21.348 Thread 0x0000023fbbd9a870 2476       3       java.util.regex.Pattern$BmpCharProperty::match (55 bytes)
Event: 21.348 Thread 0x0000023fbbd9a870 nmethod 2476 0x0000023fa78c0090 code [0x0000023fa78c0260, 0x0000023fa78c0700]
Event: 21.348 Thread 0x0000023fbbd9a870 2464       3       sun.util.locale.LocaleObjectCache::normalizeKey (2 bytes)
Event: 21.348 Thread 0x0000023fbbd9a870 nmethod 2464 0x0000023fa78c0890 code [0x0000023fa78c0a20, 0x0000023fa78c0b30]

GC Heap History (4 events):
Event: 0.763 GC heap before
{Heap before GC invocations=0 (full 0):
 garbage-first heap   total 131072K, used 22528K [0x0000000081e00000, 0x0000000100000000)
  region size 1024K, 23 young (23552K), 0 survivors (0K)
 Metaspace       used 6188K, committed 6464K, reserved 1114112K
  class space    used 764K, committed 896K, reserved 1048576K
}
Event: 0.767 GC heap after
{Heap after GC invocations=1 (full 0):
 garbage-first heap   total 131072K, used 3665K [0x0000000081e00000, 0x0000000100000000)
  region size 1024K, 3 young (3072K), 3 survivors (3072K)
 Metaspace       used 6188K, committed 6464K, reserved 1114112K
  class space    used 764K, committed 896K, reserved 1048576K
}
Event: 21.276 GC heap before
{Heap before GC invocations=1 (full 0):
 garbage-first heap   total 131072K, used 43601K [0x0000000081e00000, 0x0000000100000000)
  region size 1024K, 36 young (36864K), 3 survivors (3072K)
 Metaspace       used 19461K, committed 19776K, reserved 1114112K
  class space    used 2396K, committed 2560K, reserved 1048576K
}
Event: 21.282 GC heap after
{Heap after GC invocations=2 (full 0):
 garbage-first heap   total 131072K, used 12655K [0x0000000081e00000, 0x0000000100000000)
  region size 1024K, 5 young (5120K), 5 survivors (5120K)
 Metaspace       used 19461K, committed 19776K, reserved 1114112K
  class space    used 2396K, committed 2560K, reserved 1048576K
}

Dll operation events (20 events):
Event: 0.489 Loaded shared library C:\Program Files\Java\javafx-sdk-20.0.2\bin\api-ms-win-crt-process-l1-1-0.dll
Event: 0.491 Loaded shared library C:\Program Files\Java\javafx-sdk-20.0.2\bin\api-ms-win-crt-runtime-l1-1-0.dll
Event: 0.493 Loaded shared library C:\Program Files\Java\javafx-sdk-20.0.2\bin\api-ms-win-crt-stdio-l1-1-0.dll
Event: 0.495 Loaded shared library C:\Program Files\Java\javafx-sdk-20.0.2\bin\api-ms-win-crt-string-l1-1-0.dll
Event: 0.496 Loaded shared library C:\Program Files\Java\javafx-sdk-20.0.2\bin\api-ms-win-crt-time-l1-1-0.dll
Event: 0.498 Loaded shared library C:\Program Files\Java\javafx-sdk-20.0.2\bin\api-ms-win-crt-utility-l1-1-0.dll
Event: 0.500 Loaded shared library C:\Program Files\Java\javafx-sdk-20.0.2\bin\ucrtbase.dll
Event: 0.502 Loaded shared library C:\Program Files\Java\javafx-sdk-20.0.2\bin\vcruntime140.dll
Event: 0.503 Loaded shared library C:\Program Files\Java\javafx-sdk-20.0.2\bin\vcruntime140_1.dll
Event: 0.505 Loaded shared library C:\Program Files\Java\javafx-sdk-20.0.2\bin\msvcp140.dll
Event: 0.507 Loaded shared library C:\Program Files\Java\javafx-sdk-20.0.2\bin\msvcp140_1.dll
Event: 0.509 Loaded shared library C:\Program Files\Java\javafx-sdk-20.0.2\bin\msvcp140_2.dll
Event: 0.548 Loaded shared library C:\Program Files\Java\javafx-sdk-20.0.2\bin\prism_d3d.dll
Event: 0.578 Loaded shared library C:\Program Files\Java\javafx-sdk-20.0.2\bin\glass.dll
Event: 0.665 Loaded shared library C:\Program Files\Java\jdk-20\bin\jimage.dll
Event: 0.785 Loaded shared library C:\Program Files\Java\javafx-sdk-20.0.2\bin\javafx_font.dll
Event: 18.680 Loaded shared library C:\Windows\System32\dpuareu_jni.dll
Event: 18.699 Loaded shared library C:\Program Files\Java\javafx-sdk-20.0.2\bin\javafx_iio.dll
Event: 21.026 Loaded shared library C:\Program Files\Java\jdk-20\bin\awt.dll
Event: 21.202 Loaded shared library C:\Program Files\Java\jdk-20\bin\extnet.dll

Deoptimization events (20 events):
Event: 21.345 Thread 0x0000023ffde50c30 Uncommon trap: trap_request=0xffffff45 fr.pc=0x0000023faf050edc relative=0x00000000000006fc
Event: 21.345 Thread 0x0000023ffde50c30 Uncommon trap: reason=unstable_if action=reinterpret pc=0x0000023faf050edc method=java.util.regex.Matcher.search(I)Z @ 30 c2
Event: 21.345 Thread 0x0000023ffde50c30 DEOPT PACKING pc=0x0000023faf050edc sp=0x00000053d44fe060
Event: 21.345 Thread 0x0000023ffde50c30 DEOPT UNPACKING pc=0x0000023faea39d22 sp=0x00000053d44fe040 mode 2
Event: 21.345 Thread 0x0000023ffde50c30 Uncommon trap: trap_request=0xffffffde fr.pc=0x0000023faf04dad4 relative=0x0000000000000314
Event: 21.345 Thread 0x0000023ffde50c30 Uncommon trap: reason=class_check action=maybe_recompile pc=0x0000023faf04dad4 method=java.util.regex.Pattern$BmpCharPropertyGreedy.match(Ljava/util/regex/Matcher;ILjava/lang/CharSequence;)Z @ 26 c2
Event: 21.345 Thread 0x0000023ffde50c30 DEOPT PACKING pc=0x0000023faf04dad4 sp=0x00000053d44fdfa0
Event: 21.345 Thread 0x0000023ffde50c30 DEOPT UNPACKING pc=0x0000023faea39d22 sp=0x00000053d44fdf38 mode 2
Event: 21.345 Thread 0x0000023ffde50c30 Uncommon trap: trap_request=0xffffffde fr.pc=0x0000023faf04dad4 relative=0x0000000000000314
Event: 21.345 Thread 0x0000023ffde50c30 Uncommon trap: reason=class_check action=maybe_recompile pc=0x0000023faf04dad4 method=java.util.regex.Pattern$BmpCharPropertyGreedy.match(Ljava/util/regex/Matcher;ILjava/lang/CharSequence;)Z @ 26 c2
Event: 21.345 Thread 0x0000023ffde50c30 DEOPT PACKING pc=0x0000023faf04dad4 sp=0x00000053d44fdfa0
Event: 21.345 Thread 0x0000023ffde50c30 DEOPT UNPACKING pc=0x0000023faea39d22 sp=0x00000053d44fdf38 mode 2
Event: 21.345 Thread 0x0000023ffde50c30 Uncommon trap: trap_request=0xffffffde fr.pc=0x0000023faf04dad4 relative=0x0000000000000314
Event: 21.345 Thread 0x0000023ffde50c30 Uncommon trap: reason=class_check action=maybe_recompile pc=0x0000023faf04dad4 method=java.util.regex.Pattern$BmpCharPropertyGreedy.match(Ljava/util/regex/Matcher;ILjava/lang/CharSequence;)Z @ 26 c2
Event: 21.345 Thread 0x0000023ffde50c30 DEOPT PACKING pc=0x0000023faf04dad4 sp=0x00000053d44fdfa0
Event: 21.345 Thread 0x0000023ffde50c30 DEOPT UNPACKING pc=0x0000023faea39d22 sp=0x00000053d44fdf38 mode 2
Event: 21.345 Thread 0x0000023ffde50c30 Uncommon trap: trap_request=0xffffffde fr.pc=0x0000023faf04dad4 relative=0x0000000000000314
Event: 21.345 Thread 0x0000023ffde50c30 Uncommon trap: reason=class_check action=maybe_recompile pc=0x0000023faf04dad4 method=java.util.regex.Pattern$BmpCharPropertyGreedy.match(Ljava/util/regex/Matcher;ILjava/lang/CharSequence;)Z @ 26 c2
Event: 21.345 Thread 0x0000023ffde50c30 DEOPT PACKING pc=0x0000023faf04dad4 sp=0x00000053d44fdfa0
Event: 21.345 Thread 0x0000023ffde50c30 DEOPT UNPACKING pc=0x0000023faea39d22 sp=0x00000053d44fdf38 mode 2

Classes loaded (20 events):
Event: 21.297 Loading class sun/nio/cs/UTF_8$Encoder
Event: 21.297 Loading class sun/nio/cs/UTF_8$Encoder done
Event: 21.305 Loading class java/util/TimerTask
Event: 21.305 Loading class java/util/TimerTask done
Event: 21.341 Loading class java/time/format/DateTimeParseException
Event: 21.341 Loading class java/time/DateTimeException
Event: 21.341 Loading class java/time/DateTimeException done
Event: 21.341 Loading class java/time/format/DateTimeParseException done
Event: 21.343 Loading class java/security/InvalidKeyException
Event: 21.343 Loading class java/security/KeyException
Event: 21.343 Loading class java/security/KeyException done
Event: 21.343 Loading class java/security/InvalidKeyException done
Event: 21.343 Loading class javax/crypto/NoSuchPaddingException
Event: 21.343 Loading class javax/crypto/NoSuchPaddingException done
Event: 21.343 Loading class javax/crypto/IllegalBlockSizeException
Event: 21.343 Loading class javax/crypto/IllegalBlockSizeException done
Event: 21.344 Loading class java/security/spec/InvalidKeySpecException
Event: 21.344 Loading class java/security/spec/InvalidKeySpecException done
Event: 21.344 Loading class javax/net/ssl/SSLSocket
Event: 21.344 Loading class javax/net/ssl/SSLSocket done

Classes unloaded (0 events):
No events

Classes redefined (0 events):
No events

Internal exceptions (20 events):
Event: 0.917 Thread 0x0000023ffd5c1140 Implicit null exception at 0x0000023faef94dc6 to 0x0000023faef94e62
Event: 0.928 Thread 0x0000023ffd5c1140 Implicit null exception at 0x0000023faefcd420 to 0x0000023faefcd6a8
Event: 0.976 Thread 0x0000023ffd5c1140 Implicit null exception at 0x0000023faefc5372 to 0x0000023faefc56fc
Event: 1.015 Thread 0x0000023ffd5c1140 Exception <a 'java/lang/NoSuchMethodError'{0x0000000088f2a500}: 'java.lang.Object java.lang.invoke.DirectMethodHandle$Holder.invokeInterface(java.lang.Object, java.lang.Object, java.lang.Object)'> (0x0000000088f2a500) 
thrown [s\open\src\hotspot\share\interpreter\linkResolver.cpp, line 773]
Event: 1.015 Thread 0x0000023ffd5c1140 Exception <a 'java/lang/IncompatibleClassChangeError'{0x0000000088f2dba8}: Found class java.lang.Object, but interface was expected> (0x0000000088f2dba8) 
thrown [s\open\src\hotspot\share\interpreter\linkResolver.cpp, line 840]
Event: 1.049 Thread 0x0000023ffd5c1140 Exception <a 'java/lang/NoSuchMethodError'{0x0000000088e44460}: 'int java.lang.invoke.DirectMethodHandle$Holder.invokeSpecial(java.lang.Object, java.lang.Object, int)'> (0x0000000088e44460) 
thrown [s\open\src\hotspot\share\interpreter\linkResolver.cpp, line 773]
Event: 1.062 Thread 0x0000023ffd5c1140 Exception <a 'java/lang/NoSuchMethodError'{0x0000000088ed9ff8}: 'java.lang.Object java.lang.invoke.DirectMethodHandle$Holder.newInvokeSpecial(java.lang.Object, java.lang.Object, int)'> (0x0000000088ed9ff8) 
thrown [s\open\src\hotspot\share\interpreter\linkResolver.cpp, line 773]
Event: 1.102 Thread 0x0000023ffd41f970 Exception <a 'java/lang/NoSuchMethodError'{0x0000000088d93c08}: 'int java.lang.invoke.DirectMethodHandle$Holder.invokeStaticInit(java.lang.Object, java.lang.Object)'> (0x0000000088d93c08) 
thrown [s\open\src\hotspot\share\interpreter\linkResolver.cpp, line 773]
Event: 1.118 Thread 0x0000023ffd41f970 Exception <a 'java/lang/NoSuchMethodError'{0x0000000088c301e8}: 'java.lang.Object java.lang.invoke.Invokers$Holder.invokeExact_MT(java.lang.Object, java.lang.Object, java.lang.Object, java.lang.Object, java.lang.Object)'> (0x0000000088c301e8) 
thrown [s\open\src\hotspot\share\interpreter\linkResolver.cpp, line 773]
Event: 3.101 Thread 0x0000023ffd5c1140 Exception <a 'java/lang/NoSuchMethodError'{0x00000000889be368}: 'long java.lang.invoke.DirectMethodHandle$Holder.invokeStatic(java.lang.Object, java.lang.Object, java.lang.Object)'> (0x00000000889be368) 
thrown [s\open\src\hotspot\share\interpreter\linkResolver.cpp, line 773]
Event: 3.101 Thread 0x0000023ffd5c1140 Exception <a 'java/lang/NoSuchMethodError'{0x00000000889c1738}: 'long java.lang.invoke.DirectMethodHandle$Holder.invokeStaticInit(java.lang.Object, java.lang.Object, java.lang.Object)'> (0x00000000889c1738) 
thrown [s\open\src\hotspot\share\interpreter\linkResolver.cpp, line 773]
Event: 3.105 Thread 0x0000023ffd5c1140 Exception <a 'java/lang/NoSuchMethodError'{0x00000000889d99d0}: 'java.lang.Object java.lang.invoke.DirectMethodHandle$Holder.newInvokeSpecial(java.lang.Object, java.lang.Object, long)'> (0x00000000889d99d0) 
thrown [s\open\src\hotspot\share\interpreter\linkResolver.cpp, line 773]
Event: 3.105 Thread 0x0000023ffd5c1140 Exception <a 'java/lang/NoSuchMethodError'{0x00000000889dd2c8}: 'java.lang.Object java.lang.invoke.Invokers$Holder.linkToTargetMethod(java.lang.Object, long, java.lang.Object)'> (0x00000000889dd2c8) 
thrown [s\open\src\hotspot\share\interpreter\linkResolver.cpp, line 773]
Event: 18.639 Thread 0x0000023ffd5c1140 Exception <a 'java/lang/NoSuchMethodError'{0x0000000088711c00}: 'void java.lang.invoke.DirectMethodHandle$Holder.invokeVirtual(java.lang.Object, java.lang.Object)'> (0x0000000088711c00) 
thrown [s\open\src\hotspot\share\interpreter\linkResolver.cpp, line 773]
Event: 21.031 Thread 0x0000023ffde516d0 Exception <a 'java/lang/ClassNotFoundException'{0x00000000882783f0}: sun/awt/resources/spi/awtProvider> (0x00000000882783f0) 
thrown [s\open\src\hotspot\share\classfile\systemDictionary.cpp, line 305]
Event: 21.033 Thread 0x0000023ffde516d0 Exception <a 'java/io/FileNotFoundException'{0x000000008827c5f0}> (0x000000008827c5f0) 
thrown [s\open\src\hotspot\share\prims\jni.cpp, line 519]
Event: 21.033 Thread 0x0000023ffde516d0 Exception <a 'java/io/FileNotFoundException'{0x00000000882f8c38}> (0x00000000882f8c38) 
thrown [s\open\src\hotspot\share\prims\jni.cpp, line 519]
Event: 21.115 Thread 0x0000023ffde50c30 Exception <a 'java/lang/NoSuchMethodError'{0x00000000880b93f0}: 'java.lang.Object java.lang.invoke.DirectMethodHandle$Holder.invokeInterface(java.lang.Object, java.lang.Object)'> (0x00000000880b93f0) 
thrown [s\open\src\hotspot\share\interpreter\linkResolver.cpp, line 773]
Event: 21.133 Thread 0x0000023ffde50c30 Exception <a 'java/lang/NoSuchMethodError'{0x0000000087f31e48}: 'java.lang.Object java.lang.invoke.DirectMethodHandle$Holder.invokeVirtual(java.lang.Object, java.lang.Object, java.lang.Object)'> (0x0000000087f31e48) 
thrown [s\open\src\hotspot\share\interpreter\linkResolver.cpp, line 773]
Event: 21.348 Thread 0x0000023ffde50c30 Exception <a 'java/lang/NoSuchMethodError'{0x0000000089be8550}: 'void java.lang.invoke.DirectMethodHandle$Holder.invokeInterface(java.lang.Object, java.lang.Object)'> (0x0000000089be8550) 
thrown [s\open\src\hotspot\share\interpreter\linkResolver.cpp, line 773]

VM Operations (20 events):
Event: 19.636 Executing VM operation: Cleanup
Event: 19.636 Executing VM operation: Cleanup done
Event: 21.055 Executing VM operation: HandshakeAllThreads
Event: 21.055 Executing VM operation: HandshakeAllThreads done
Event: 21.101 Executing VM operation: HandshakeAllThreads
Event: 21.101 Executing VM operation: HandshakeAllThreads done
Event: 21.101 Executing VM operation: Cleanup
Event: 21.101 Executing VM operation: Cleanup done
Event: 21.102 Executing VM operation: HandshakeAllThreads
Event: 21.102 Executing VM operation: HandshakeAllThreads done
Event: 21.116 Executing VM operation: HandshakeAllThreads
Event: 21.116 Executing VM operation: HandshakeAllThreads done
Event: 21.129 Executing VM operation: HandshakeAllThreads
Event: 21.129 Executing VM operation: HandshakeAllThreads done
Event: 21.191 Executing VM operation: HandshakeAllThreads
Event: 21.191 Executing VM operation: HandshakeAllThreads done
Event: 21.250 Executing VM operation: HandshakeAllThreads
Event: 21.250 Executing VM operation: HandshakeAllThreads done
Event: 21.276 Executing VM operation: G1CollectForAllocation
Event: 21.282 Executing VM operation: G1CollectForAllocation done

Events (20 events):
Event: 0.182 Thread 0x0000023fbbd58090 Thread added: 0x0000023fbbd58090
Event: 0.270 Thread 0x0000023ffd18e1c0 Thread added: 0x0000023ffd18e1c0
Event: 0.277 Thread 0x0000023ffd12b0b0 Thread added: 0x0000023ffd12b0b0
Event: 0.328 Thread 0x0000023ffd902940 Thread added: 0x0000023ffd902940
Event: 0.539 Thread 0x0000023ffd41f970 Thread added: 0x0000023ffd41f970
Event: 0.580 Thread 0x0000023ffd878fc0 Thread added: 0x0000023ffd878fc0
Event: 0.584 Thread 0x0000023ffd5c1140 Thread added: 0x0000023ffd5c1140
Event: 0.640 Thread 0x0000023ffdc25fd0 Thread added: 0x0000023ffdc25fd0
Event: 0.652 Thread 0x0000023ffdc27960 Thread added: 0x0000023ffdc27960
Event: 1.008 Thread 0x0000023ffdeacc00 Thread added: 0x0000023ffdeacc00
Event: 1.145 Thread 0x0000023ffde51180 Thread added: 0x0000023ffde51180
Event: 2.149 Thread 0x0000023ffd12b0b0 Thread exited: 0x0000023ffd12b0b0
Event: 2.149 Thread 0x0000023ffd18e1c0 Thread exited: 0x0000023ffd18e1c0
Event: 18.713 Thread 0x0000023ffde50c30 Thread added: 0x0000023ffde50c30
Event: 18.722 Thread 0x0000023ffde516d0 Thread added: 0x0000023ffde516d0
Event: 21.053 Thread 0x0000023ffd5c6360 Thread added: 0x0000023ffd5c6360
Event: 21.072 Thread 0x0000023ffde516d0 Thread exited: 0x0000023ffde516d0
Event: 21.098 Thread 0x0000023ffd5c3390 Thread added: 0x0000023ffd5c3390
Event: 21.122 Thread 0x0000023ffd0e7520 Thread added: 0x0000023ffd0e7520
Event: 21.126 Thread 0x0000023ffd6e8070 Thread added: 0x0000023ffd6e8070


Dynamic libraries:
0x00007ff6e8810000 - 0x00007ff6e8820000 	C:\Program Files\Java\jdk-20\bin\java.exe
0x00007ffff6b10000 - 0x00007ffff6d27000 	C:\WINDOWS\SYSTEM32\ntdll.dll
0x00007ffff49f0000 - 0x00007ffff4ab4000 	C:\WINDOWS\System32\KERNEL32.DLL
0x00007ffff4220000 - 0x00007ffff45c7000 	C:\WINDOWS\System32\KERNELBASE.dll
0x00007ffff4060000 - 0x00007ffff4171000 	C:\WINDOWS\System32\ucrtbase.dll
0x00007fffe45d0000 - 0x00007fffe45eb000 	C:\Program Files\Java\jdk-20\bin\VCRUNTIME140.dll
0x00007fffddb10000 - 0x00007fffddb29000 	C:\Program Files\Java\jdk-20\bin\jli.dll
0x00007ffff5fb0000 - 0x00007ffff6060000 	C:\WINDOWS\System32\ADVAPI32.dll
0x00007ffff6270000 - 0x00007ffff6317000 	C:\WINDOWS\System32\msvcrt.dll
0x00007ffff61c0000 - 0x00007ffff6266000 	C:\WINDOWS\System32\sechost.dll
0x00007ffff6750000 - 0x00007ffff6867000 	C:\WINDOWS\System32\RPCRT4.dll
0x00007ffff6570000 - 0x00007ffff671e000 	C:\WINDOWS\System32\USER32.dll
0x00007ffff3fb0000 - 0x00007ffff3fd6000 	C:\WINDOWS\System32\win32u.dll
0x00007ffff3050000 - 0x00007ffff32e3000 	C:\WINDOWS\WinSxS\amd64_microsoft.windows.common-controls_6595b64144ccf1df_6.0.22621.2506_none_270c5ae97388e100\COMCTL32.dll
0x00007ffff6720000 - 0x00007ffff6749000 	C:\WINDOWS\System32\GDI32.dll
0x00007ffff3e90000 - 0x00007ffff3fa9000 	C:\WINDOWS\System32\gdi32full.dll
0x00007ffff4180000 - 0x00007ffff421a000 	C:\WINDOWS\System32\msvcp_win.dll
0x00007fffedd00000 - 0x00007fffedd0a000 	C:\WINDOWS\SYSTEM32\VERSION.dll
0x00007ffff5af0000 - 0x00007ffff5b21000 	C:\WINDOWS\System32\IMM32.DLL
0x00007fffe4a80000 - 0x00007fffe4a8c000 	C:\Program Files\Java\jdk-20\bin\vcruntime140_1.dll
0x00007fffcf880000 - 0x00007fffcf90e000 	C:\Program Files\Java\jdk-20\bin\msvcp140.dll
0x00007fff83dd0000 - 0x00007fff84a68000 	C:\Program Files\Java\jdk-20\bin\server\jvm.dll
0x00007fffdd960000 - 0x00007fffdd969000 	C:\WINDOWS\SYSTEM32\WSOCK32.dll
0x00007ffff64f0000 - 0x00007ffff6561000 	C:\WINDOWS\System32\WS2_32.dll
0x00007fffec240000 - 0x00007fffec274000 	C:\WINDOWS\SYSTEM32\WINMM.dll
0x00007ffff25d0000 - 0x00007ffff25e8000 	C:\WINDOWS\SYSTEM32\kernel.appcore.dll
0x00007fffe4910000 - 0x00007fffe491a000 	C:\Program Files\Java\jdk-20\bin\jimage.dll
0x00007ffff3710000 - 0x00007ffff3943000 	C:\WINDOWS\SYSTEM32\DBGHELP.DLL
0x00007ffff5380000 - 0x00007ffff5709000 	C:\WINDOWS\System32\combase.dll
0x00007ffff6410000 - 0x00007ffff64e7000 	C:\WINDOWS\System32\OLEAUT32.dll
0x00007ffff35d0000 - 0x00007ffff3602000 	C:\WINDOWS\SYSTEM32\dbgcore.DLL
0x00007ffff3fe0000 - 0x00007ffff405a000 	C:\WINDOWS\System32\bcryptPrimitives.dll
0x00007fffe45a0000 - 0x00007fffe45c6000 	C:\Program Files\Java\jdk-20\bin\java.dll
0x00007fffc6dc0000 - 0x00007fffc6e97000 	C:\Program Files\Java\jdk-20\bin\jsvml.dll
0x00007ffff4b20000 - 0x00007ffff5379000 	C:\WINDOWS\System32\SHELL32.dll
0x00007ffff1500000 - 0x00007ffff1df4000 	C:\WINDOWS\SYSTEM32\windows.storage.dll
0x00007ffff13a0000 - 0x00007ffff14de000 	C:\WINDOWS\SYSTEM32\wintypes.dll
0x00007ffff69d0000 - 0x00007ffff6ac3000 	C:\WINDOWS\System32\SHCORE.dll
0x00007ffff4ac0000 - 0x00007ffff4b1e000 	C:\WINDOWS\System32\shlwapi.dll
0x00007ffff3dc0000 - 0x00007ffff3de6000 	C:\WINDOWS\SYSTEM32\profapi.dll
0x00007fffe25c0000 - 0x00007fffe25d3000 	C:\Program Files\Java\jdk-20\bin\net.dll
0x00007fffec8b0000 - 0x00007fffec9e7000 	C:\WINDOWS\SYSTEM32\WINHTTP.dll
0x00007ffff2bf0000 - 0x00007ffff2c59000 	C:\WINDOWS\system32\mswsock.dll
0x00007fffd1440000 - 0x00007fffd1456000 	C:\Program Files\Java\jdk-20\bin\nio.dll
0x00007fffd1420000 - 0x00007fffd1438000 	C:\Program Files\Java\jdk-20\bin\zip.dll
0x0000023f9d3c0000 - 0x0000023f9d3c3000 	C:\Program Files\Java\javafx-sdk-20.0.2\bin\api-ms-win-core-console-l1-1-0.dll
0x0000023f9d3d0000 - 0x0000023f9d3d3000 	C:\Program Files\Java\javafx-sdk-20.0.2\bin\api-ms-win-core-console-l1-2-0.dll
0x0000023f9f350000 - 0x0000023f9f353000 	C:\Program Files\Java\javafx-sdk-20.0.2\bin\api-ms-win-core-datetime-l1-1-0.dll
0x0000023f9f360000 - 0x0000023f9f363000 	C:\Program Files\Java\javafx-sdk-20.0.2\bin\api-ms-win-core-debug-l1-1-0.dll
0x0000023f9f370000 - 0x0000023f9f373000 	C:\Program Files\Java\javafx-sdk-20.0.2\bin\api-ms-win-core-errorhandling-l1-1-0.dll
0x0000023f9f380000 - 0x0000023f9f384000 	C:\Program Files\Java\javafx-sdk-20.0.2\bin\api-ms-win-core-file-l1-1-0.dll
0x0000023fbbee0000 - 0x0000023fbbee3000 	C:\Program Files\Java\javafx-sdk-20.0.2\bin\api-ms-win-core-file-l1-2-0.dll
0x0000023fbbef0000 - 0x0000023fbbef3000 	C:\Program Files\Java\javafx-sdk-20.0.2\bin\api-ms-win-core-file-l2-1-0.dll
0x0000023fbbf00000 - 0x0000023fbbf03000 	C:\Program Files\Java\javafx-sdk-20.0.2\bin\api-ms-win-core-handle-l1-1-0.dll
0x0000023fbbf10000 - 0x0000023fbbf13000 	C:\Program Files\Java\javafx-sdk-20.0.2\bin\api-ms-win-core-heap-l1-1-0.dll
0x0000023fbbf20000 - 0x0000023fbbf23000 	C:\Program Files\Java\javafx-sdk-20.0.2\bin\api-ms-win-core-interlocked-l1-1-0.dll
0x0000023fbbf30000 - 0x0000023fbbf33000 	C:\Program Files\Java\javafx-sdk-20.0.2\bin\api-ms-win-core-libraryloader-l1-1-0.dll
0x0000023fbbf40000 - 0x0000023fbbf43000 	C:\Program Files\Java\javafx-sdk-20.0.2\bin\api-ms-win-core-localization-l1-2-0.dll
0x0000023fbbf50000 - 0x0000023fbbf53000 	C:\Program Files\Java\javafx-sdk-20.0.2\bin\api-ms-win-core-memory-l1-1-0.dll
0x0000023fbbf60000 - 0x0000023fbbf63000 	C:\Program Files\Java\javafx-sdk-20.0.2\bin\api-ms-win-core-namedpipe-l1-1-0.dll
0x0000023fbbf70000 - 0x0000023fbbf73000 	C:\Program Files\Java\javafx-sdk-20.0.2\bin\api-ms-win-core-processenvironment-l1-1-0.dll
0x0000023fbbf80000 - 0x0000023fbbf83000 	C:\Program Files\Java\javafx-sdk-20.0.2\bin\api-ms-win-core-processthreads-l1-1-0.dll
0x0000023fbbf90000 - 0x0000023fbbf93000 	C:\Program Files\Java\javafx-sdk-20.0.2\bin\api-ms-win-core-processthreads-l1-1-1.dll
0x0000023fbbfa0000 - 0x0000023fbbfa3000 	C:\Program Files\Java\javafx-sdk-20.0.2\bin\api-ms-win-core-profile-l1-1-0.dll
0x0000023fbbfb0000 - 0x0000023fbbfb3000 	C:\Program Files\Java\javafx-sdk-20.0.2\bin\api-ms-win-core-rtlsupport-l1-1-0.dll
0x0000023fbbfc0000 - 0x0000023fbbfc3000 	C:\Program Files\Java\javafx-sdk-20.0.2\bin\api-ms-win-core-string-l1-1-0.dll
0x0000023fbbfd0000 - 0x0000023fbbfd3000 	C:\Program Files\Java\javafx-sdk-20.0.2\bin\api-ms-win-core-synch-l1-1-0.dll
0x0000023fbbfe0000 - 0x0000023fbbfe3000 	C:\Program Files\Java\javafx-sdk-20.0.2\bin\api-ms-win-core-synch-l1-2-0.dll
0x0000023fbbff0000 - 0x0000023fbbff3000 	C:\Program Files\Java\javafx-sdk-20.0.2\bin\api-ms-win-core-sysinfo-l1-1-0.dll
0x0000023ffebd0000 - 0x0000023ffebd3000 	C:\Program Files\Java\javafx-sdk-20.0.2\bin\api-ms-win-core-timezone-l1-1-0.dll
0x0000023ffebe0000 - 0x0000023ffebe3000 	C:\Program Files\Java\javafx-sdk-20.0.2\bin\api-ms-win-core-util-l1-1-0.dll
0x0000023ffebf0000 - 0x0000023ffebf3000 	C:\Program Files\Java\javafx-sdk-20.0.2\bin\api-ms-win-crt-conio-l1-1-0.dll
0x0000023ffec00000 - 0x0000023ffec04000 	C:\Program Files\Java\javafx-sdk-20.0.2\bin\api-ms-win-crt-convert-l1-1-0.dll
0x0000023ffec10000 - 0x0000023ffec13000 	C:\Program Files\Java\javafx-sdk-20.0.2\bin\api-ms-win-crt-environment-l1-1-0.dll
0x0000023ffec20000 - 0x0000023ffec23000 	C:\Program Files\Java\javafx-sdk-20.0.2\bin\api-ms-win-crt-filesystem-l1-1-0.dll
0x0000023ffec30000 - 0x0000023ffec33000 	C:\Program Files\Java\javafx-sdk-20.0.2\bin\api-ms-win-crt-heap-l1-1-0.dll
0x0000023ffec40000 - 0x0000023ffec43000 	C:\Program Files\Java\javafx-sdk-20.0.2\bin\api-ms-win-crt-locale-l1-1-0.dll
0x0000023ffec50000 - 0x0000023ffec55000 	C:\Program Files\Java\javafx-sdk-20.0.2\bin\api-ms-win-crt-math-l1-1-0.dll
0x0000023ffec60000 - 0x0000023ffec65000 	C:\Program Files\Java\javafx-sdk-20.0.2\bin\api-ms-win-crt-multibyte-l1-1-0.dll
0x0000023ffec70000 - 0x0000023ffec80000 	C:\Program Files\Java\javafx-sdk-20.0.2\bin\api-ms-win-crt-private-l1-1-0.dll
0x0000023ffec80000 - 0x0000023ffec83000 	C:\Program Files\Java\javafx-sdk-20.0.2\bin\api-ms-win-crt-process-l1-1-0.dll
0x0000023ffec90000 - 0x0000023ffec94000 	C:\Program Files\Java\javafx-sdk-20.0.2\bin\api-ms-win-crt-runtime-l1-1-0.dll
0x0000023ffeca0000 - 0x0000023ffeca4000 	C:\Program Files\Java\javafx-sdk-20.0.2\bin\api-ms-win-crt-stdio-l1-1-0.dll
0x0000023ffecb0000 - 0x0000023ffecb4000 	C:\Program Files\Java\javafx-sdk-20.0.2\bin\api-ms-win-crt-string-l1-1-0.dll
0x0000023ffecc0000 - 0x0000023ffecc3000 	C:\Program Files\Java\javafx-sdk-20.0.2\bin\api-ms-win-crt-time-l1-1-0.dll
0x0000023ffecd0000 - 0x0000023ffecd3000 	C:\Program Files\Java\javafx-sdk-20.0.2\bin\api-ms-win-crt-utility-l1-1-0.dll
0x00007fffb2530000 - 0x00007fffb262c000 	C:\Program Files\Java\javafx-sdk-20.0.2\bin\ucrtbase.dll
0x00007fffd0de0000 - 0x00007fffd0dfb000 	C:\Program Files\Java\javafx-sdk-20.0.2\bin\vcruntime140.dll
0x00007fffe5860000 - 0x00007fffe586c000 	C:\Program Files\Java\javafx-sdk-20.0.2\bin\vcruntime140_1.dll
0x00007fffb4280000 - 0x00007fffb430e000 	C:\Program Files\Java\javafx-sdk-20.0.2\bin\msvcp140.dll
0x00007fffd13c0000 - 0x00007fffd13c9000 	C:\Program Files\Java\javafx-sdk-20.0.2\bin\msvcp140_1.dll
0x00007fffcfbf0000 - 0x00007fffcfc20000 	C:\Program Files\Java\javafx-sdk-20.0.2\bin\msvcp140_2.dll
0x00007fffcfb00000 - 0x00007fffcfb2f000 	C:\Program Files\Java\javafx-sdk-20.0.2\bin\prism_d3d.dll
0x00007fffc6bf0000 - 0x00007fffc6d99000 	C:\WINDOWS\system32\d3d9.dll
0x00007ffff0c90000 - 0x00007ffff0cbb000 	C:\WINDOWS\SYSTEM32\dwmapi.dll
0x00007ffff0680000 - 0x00007ffff06b6000 	C:\WINDOWS\SYSTEM32\dxcore.dll
0x00007ffff05a0000 - 0x00007ffff064b000 	C:\WINDOWS\system32\uxtheme.dll
0x00007fff91df0000 - 0x00007fff91f55000 	C:\WINDOWS\System32\DriverStore\FileRepository\igdlh64.inf_amd64_dccdb071926b5316\igdumdim64.dll
0x00007ffff5710000 - 0x00007ffff58b0000 	C:\WINDOWS\System32\ole32.dll
0x00007fff80170000 - 0x00007fff83dc4000 	C:\WINDOWS\System32\DriverStore\FileRepository\igdlh64.inf_amd64_dccdb071926b5316\igd9dxva64.dll
0x00007ffff5b30000 - 0x00007ffff5fa4000 	C:\WINDOWS\System32\SETUPAPI.dll
0x00007ffff3a90000 - 0x00007ffff3ade000 	C:\WINDOWS\SYSTEM32\cfgmgr32.dll
0x00007fffe2100000 - 0x00007fffe24c1000 	C:\WINDOWS\System32\DriverStore\FileRepository\igdlh64.inf_amd64_dccdb071926b5316\igdgmm64.dll
0x00007fffeb0e0000 - 0x00007fffeb12a000 	C:\WINDOWS\SYSTEM32\directxdatabasehelper.dll
0x00007fffcd070000 - 0x00007fffcd0b2000 	C:\Program Files\Java\javafx-sdk-20.0.2\bin\glass.dll
0x00007ffff48f0000 - 0x00007ffff49e9000 	C:\WINDOWS\System32\COMDLG32.dll
0x00007ffff6870000 - 0x00007ffff69bf000 	C:\WINDOWS\System32\MSCTF.dll
0x00007fff9ae40000 - 0x00007fff9ae67000 	C:\WINDOWS\System32\DriverStore\FileRepository\igdlh64.inf_amd64_dccdb071926b5316\igdinfo64.dll
0x00007ffff3a40000 - 0x00007ffff3a5b000 	C:\WINDOWS\SYSTEM32\CRYPTSP.dll
0x00007ffff2590000 - 0x00007ffff25c5000 	C:\WINDOWS\system32\rsaenh.dll
0x00007ffff2e90000 - 0x00007ffff2e9c000 	C:\WINDOWS\SYSTEM32\CRYPTBASE.dll
0x00007ffff36e0000 - 0x00007ffff3708000 	C:\WINDOWS\SYSTEM32\bcrypt.dll
0x00007fffddd50000 - 0x00007fffe0f56000 	C:\WINDOWS\System32\DriverStore\FileRepository\igdlh64.inf_amd64_dccdb071926b5316\igc64.dll
0x00007fffd0870000 - 0x00007fffd0884000 	C:\Program Files\Java\javafx-sdk-20.0.2\bin\javafx_font.dll
0x00007fffee8e0000 - 0x00007fffeeb53000 	C:\WINDOWS\SYSTEM32\dwrite.dll
0x00007ffff6060000 - 0x00007ffff6110000 	C:\WINDOWS\System32\clbcatq.dll
0x00007fffee5e0000 - 0x00007fffee790000 	C:\WINDOWS\SYSTEM32\WindowsCodecs.dll
0x00007fffc4fa0000 - 0x00007fffc4ffe000 	C:\WINDOWS\system32\dataexchange.dll
0x00007fffe4680000 - 0x00007fffe4905000 	C:\WINDOWS\system32\twinapi.appcore.dll
0x00007fffbb820000 - 0x00007fffbb852000 	C:\Program Files\Common Files\Microsoft Shared\Ink\rtscom.dll
0x00007fffe50d0000 - 0x00007fffe521a000 	C:\WINDOWS\SYSTEM32\textinputframework.dll
0x00007fffef8b0000 - 0x00007fffef9e3000 	C:\WINDOWS\SYSTEM32\CoreMessaging.dll
0x00007fffe9910000 - 0x00007fffe9c7c000 	C:\WINDOWS\SYSTEM32\CoreUIComponents.dll
0x00007fffcf960000 - 0x00007fffcf986000 	C:\Windows\System32\dpuareu_jni.dll
0x00007fffb9880000 - 0x00007fffb98f4000 	C:\WINDOWS\SYSTEM32\dpfj.dll
0x00007fffcf7e0000 - 0x00007fffcf80b000 	C:\WINDOWS\SYSTEM32\dpfpdd.dll
0x00007fffea350000 - 0x00007fffea3e0000 	C:\WINDOWS\SYSTEM32\DPFPApi.DLL
0x00007ffff4700000 - 0x00007ffff4866000 	C:\WINDOWS\System32\CRYPT32.dll

dbghelp: loaded successfully - version: 4.0.5 - missing functions: none
symbol engine: initialized successfully - sym options: 0x614 - pdb path: .;C:\Program Files\Java\jdk-20\bin;C:\WINDOWS\SYSTEM32;C:\WINDOWS\WinSxS\amd64_microsoft.windows.common-controls_6595b64144ccf1df_6.0.22621.2506_none_270c5ae97388e100;C:\Program Files\Java\jdk-20\bin\server;C:\Program Files\Java\javafx-sdk-20.0.2\bin;C:\WINDOWS\System32\DriverStore\FileRepository\igdlh64.inf_amd64_dccdb071926b5316;C:\Program Files\Common Files\Microsoft Shared\Ink

VM Arguments:
jvm_args: -Dfile.encoding=UTF-8 --module-path=C:\Program Files\Java\javafx-sdk-20.0.2\lib --add-modules=javafx.controls,javafx.fxml --module-path=C:\Program Files\Java\javafx-sdk-20.0.2\lib\javafx-swt.jar;C:\Program Files\Java\javafx-sdk-20.0.2\lib\javafx.base.jar;C:\Program Files\Java\javafx-sdk-20.0.2\lib\javafx.controls.jar;C:\Program Files\Java\javafx-sdk-20.0.2\lib\javafx.fxml.jar;C:\Program Files\Java\javafx-sdk-20.0.2\lib\javafx.graphics.jar;C:\Program Files\Java\javafx-sdk-20.0.2\lib\javafx.media.jar;C:\Program Files\Java\javafx-sdk-20.0.2\lib\javafx.swing.jar;C:\Program Files\Java\javafx-sdk-20.0.2\lib\javafx.web.jar 
java_command: Main
java_class_path (initial): C:\Program Files\Java\javafx-sdk-20.0.2\lib\javafx-swt.jar;C:\Program Files\Java\javafx-sdk-20.0.2\lib\javafx.base.jar;C:\Program Files\Java\javafx-sdk-20.0.2\lib\javafx.controls.jar;C:\Program Files\Java\javafx-sdk-20.0.2\lib\javafx.fxml.jar;C:\Program Files\Java\javafx-sdk-20.0.2\lib\javafx.graphics.jar;C:\Program Files\Java\javafx-sdk-20.0.2\lib\javafx.media.jar;C:\Program Files\Java\javafx-sdk-20.0.2\lib\javafx.swing.jar;C:\Program Files\Java\javafx-sdk-20.0.2\lib\javafx.web.jar;C:\Program Files\DigitalPersona\U.are.U SDK\Windows\Lib\Java\dpuareu.jar;C:\Program Files\Java\mysql-connector-j-8.1.0\mysql-connector-j-8.1.0.jar;C:\Programming\NetBeansProjects\attendance-system\build\classes
Launcher Type: SUN_STANDARD

[Global flags]
     intx CICompilerCount                          = 4                                         {product} {ergonomic}
     uint ConcGCThreads                            = 2                                         {product} {ergonomic}
     uint G1ConcRefinementThreads                  = 8                                         {product} {ergonomic}
   size_t G1HeapRegionSize                         = 1048576                                   {product} {ergonomic}
    uintx GCDrainStackTargetSize                   = 64                                        {product} {ergonomic}
   size_t InitialHeapSize                          = 134217728                                 {product} {ergonomic}
   size_t MarkStackSize                            = 4194304                                   {product} {ergonomic}
   size_t MaxHeapSize                              = 2116026368                                {product} {ergonomic}
   size_t MaxNewSize                               = 1268776960                                {product} {ergonomic}
   size_t MinHeapDeltaBytes                        = 1048576                                   {product} {ergonomic}
   size_t MinHeapSize                              = 8388608                                   {product} {ergonomic}
    uintx NonNMethodCodeHeapSize                   = 5839372                                {pd product} {ergonomic}
    uintx NonProfiledCodeHeapSize                  = 122909434                              {pd product} {ergonomic}
    uintx ProfiledCodeHeapSize                     = 122909434                              {pd product} {ergonomic}
    uintx ReservedCodeCacheSize                    = 251658240                              {pd product} {ergonomic}
     bool SegmentedCodeCache                       = true                                      {product} {ergonomic}
   size_t SoftMaxHeapSize                          = 2116026368                             {manageable} {ergonomic}
     bool UseCompressedClassPointers               = true                           {product lp64_product} {ergonomic}
     bool UseCompressedOops                        = true                           {product lp64_product} {ergonomic}
     bool UseG1GC                                  = true                                      {product} {ergonomic}
     bool UseLargePagesIndividualAllocation        = false                                  {pd product} {ergonomic}

Logging:
Log output configuration:
 #0: stdout all=warning uptime,level,tags foldmultilines=false
 #1: stderr all=off uptime,level,tags foldmultilines=false

Environment Variables:
JAVA_HOME=C:\Program Files\Java\jdk-20
CLASSPATH=C:\Program Files\Java\mysql-connector-j-8.1.0\mysql-connector-j-8.1.0.jar
PATH=C:\Program Files\Common Files\Oracle\Java\javapath;C:\Program Files (x86)\Common Files\Oracle\Java\javapath;C:\WINDOWS\system32;C:\WINDOWS;C:\WINDOWS\System32\Wbem;C:\WINDOWS\System32\WindowsPowerShell\v1.0\;C:\WINDOWS\System32\OpenSSH\;C:\Program Files\Git\cmd;C:\Program Files\dotnet\;C:\Users\danodoms\AppData\Local\Microsoft\WindowsApps;C:\Users\danodoms\AppData\Local\Programs\Microsoft VS Code\bin;
USERNAME=admin
OS=Windows_NT
PROCESSOR_IDENTIFIER=Intel64 Family 6 Model 142 Stepping 10, GenuineIntel
TMP=C:\Users\danodoms\AppData\Local\Temp
TEMP=C:\Users\danodoms\AppData\Local\Temp




---------------  S Y S T E M  ---------------

OS:
 Windows 11 , 64 bit Build 22621 (10.0.22621.2506)
OS uptime: 0 days 1:32 hours

CPU: total 8 (initial active 8) (4 cores per cpu, 2 threads per core) family 6 model 142 stepping 10 microcode 0xf4, cx8, cmov, fxsr, ht, mmx, 3dnowpref, sse, sse2, sse3, ssse3, sse4.1, sse4.2, popcnt, lzcnt, tsc, tscinvbit, avx, avx2, aes, erms, clmul, bmi1, bmi2, rtm, adx, fma, vzeroupper, clflush, clflushopt, rdtscp, f16c

Memory: 4k page, system-wide physical 8071M (1803M free)
TotalPageFile size 18823M (AvailPageFile size 10946M)
current process WorkingSet (physical memory assigned to process): 187M, peak: 187M
current process commit charge ("private bytes"): 300M, peak: 300M

vm_info: Java HotSpot(TM) 64-Bit Server VM (20.0.2+9-78) for windows-amd64 JRE (20.0.2+9-78), built on 2023-06-14T10:08:48Z by "mach5one" with MS VC++ 17.1 (VS2022)

END.
