#
# A fatal error has been detected by the Java Runtime Environment:
#
#  EXCEPTION_ACCESS_VIOLATION (0xc0000005) at pc=0x00007fff529ca330, pid=11128, tid=4024
#
# JRE version: Java(TM) SE Runtime Environment (20.0.2+9) (build 20.0.2+9-78)
# Java VM: Java HotSpot(TM) 64-Bit Server VM (20.0.2+9-78, mixed mode, sharing, tiered, compressed oops, compressed class ptrs, g1 gc, windows-amd64)
# Problematic frame:
# V  [jvm.dll+0xa330]
#
# No core dump will be written. Minidumps are not enabled by default on client versions of Windows
#
# If you would like to submit a bug report, please visit:
#   https://bugreport.java.com/bugreport/crash.jsp
#

---------------  S U M M A R Y ------------

Command Line: -Dfile.encoding=UTF-8 --module-path=C:\Program Files\Java\javafx-sdk-20.0.2\lib --add-modules=javafx.controls,javafx.fxml --module-path=C:\Program Files\Java\javafx-sdk-20.0.2\lib\javafx-swt.jar;C:\Program Files\Java\javafx-sdk-20.0.2\lib\javafx.base.jar;C:\Program Files\Java\javafx-sdk-20.0.2\lib\javafx.controls.jar;C:\Program Files\Java\javafx-sdk-20.0.2\lib\javafx.fxml.jar;C:\Program Files\Java\javafx-sdk-20.0.2\lib\javafx.graphics.jar;C:\Program Files\Java\javafx-sdk-20.0.2\lib\javafx.media.jar;C:\Program Files\Java\javafx-sdk-20.0.2\lib\javafx.swing.jar;C:\Program Files\Java\javafx-sdk-20.0.2\lib\javafx.web.jar Main

Host: Intel(R) Core(TM) i5-8350U CPU @ 1.70GHz, 8 cores, 7G,  Windows 11 , 64 bit Build 22621 (10.0.22621.2506)
Time: Fri Nov  3 14:41:28 2023 Malay Peninsula Standard Time elapsed time: 9.716375 seconds (0d 0h 0m 9s)

---------------  T H R E A D  ---------------

Current thread (0x000001b8f72ebb10):  JavaThread "Thread-3" [_thread_in_vm, id=4024, stack(0x0000008ee3500000,0x0000008ee3600000)]

Stack: [0x0000008ee3500000,0x0000008ee3600000],  sp=0x0000008ee35ff168,  free space=1020k
Native frames: (J=compiled Java code, j=interpreted, Vv=VM code, C=native code)
V  [jvm.dll+0xa330]

Java frames: (J=compiled Java code, j=interpreted, Vv=VM code)
j  com.digitalpersona.uareu.jni.Dpfj.DpfjIdentify([BII[[BIILcom/digitalpersona/uareu/jni/Dpfj$IntReference;[Lcom/digitalpersona/uareu/Engine$Candidate;)I+0
j  com.digitalpersona.uareu.jni.Dpfj.identify(Lcom/digitalpersona/uareu/Fmd;I[Lcom/digitalpersona/uareu/Fmd;II)[Lcom/digitalpersona/uareu/Engine$Candidate;+148
j  com.digitalpersona.uareu.dpfj.EngineImpl.Identify(Lcom/digitalpersona/uareu/Fmd;I[Lcom/digitalpersona/uareu/Fmd;II)[Lcom/digitalpersona/uareu/Engine$Candidate;+11
j  Fingerprint.IdentificationThread.startIdentification(Lcom/digitalpersona/uareu/Reader;Ljavafx/scene/image/ImageView;)V+104
j  Fingerprint.IdentificationThread.run()V+9
v  ~StubRoutines::call_stub 0x000001b8e4c4100d

siginfo: EXCEPTION_ACCESS_VIOLATION (0xc0000005), reading address 0x0000000000000000


Registers:
RAX=0x0000000000000000, RBX=0x000001b8f72ebb10, RCX=0x0000000000000000, RDX=0x0000000000000000
RSP=0x0000008ee35ff168, RBP=0x0000008ee35ff318, RSI=0x000001b8f72ebdf0, RDI=0x0000000000000000
R8 =0x0000008ee35ff370, R9 =0x0000000001010001, R10=0x00007fff535066d0, R11=0x0000000000000101
R12=0x0000000000000000, R13=0x000001b8f2f75a30, R14=0x0000008ee35ff378, R15=0x0000000000000000
RIP=0x00007fff529ca330, EFLAGS=0x0000000000010246


Register to memory mapping:

RIP=0x00007fff529ca330 jvm.dll
RAX=0x0 is NULL
RBX=0x000001b8f72ebb10 is a thread
RCX=0x0 is NULL
RDX=0x0 is NULL
RSP=0x0000008ee35ff168 is pointing into the stack for thread: 0x000001b8f72ebb10
RBP=0x0000008ee35ff318 is pointing into the stack for thread: 0x000001b8f72ebb10
RSI=0x000001b8f72ebdf0 points into unknown readable memory: 0x00007fff535066d0 | d0 66 50 53 ff 7f 00 00
RDI=0x0 is NULL
R8 =0x0000008ee35ff370 is pointing into the stack for thread: 0x000001b8f72ebb10
R9 =0x0000000001010001 is an unknown value
R10=0x00007fff535066d0 jvm.dll
R11=0x0000000000000101 is an unknown value
R12=0x0 is NULL
R13={method} {0x000001b8f2f75a38} 'DpfjIdentify' '([BII[[BIILcom/digitalpersona/uareu/jni/Dpfj$IntReference;[Lcom/digitalpersona/uareu/Engine$Candidate;)I' in 'com/digitalpersona/uareu/jni/Dpfj'
R14=0x0000008ee35ff378 is pointing into the stack for thread: 0x000001b8f72ebb10
R15=0x0 is NULL


Top of Stack: (sp=0x0000008ee35ff168)
0x0000008ee35ff168:   00007fff52dfb549 000001b80000000a
0x0000008ee35ff178:   0000001b955b55b4 000001b8f2f75a30
0x0000008ee35ff188:   000001b8f72ebb10 0000008ee35ff370
0x0000008ee35ff198:   00007fff5ca1208a 000001b8f2f75a30
0x0000008ee35ff1a8:   000001b8f72ebdf0 000001b8f72ebb10
0x0000008ee35ff1b8:   0000008ee35ff378 0000000000000000
0x0000008ee35ff1c8:   000001b8f2be2f80 000001b8800bd890
0x0000008ee35ff1d8:   000001b8f2f75a30 0000008ee35ff318
0x0000008ee35ff1e8:   00007fff52d9b7f5 000001b8e4cad275
0x0000008ee35ff1f8:   0000001b955b55b4 00000144f72ebb10
0x0000008ee35ff208:   000001b8f35630f8 000001b8f2f75a30
0x0000008ee35ff218:   000001b8f72ebb10 000001b8f72ebb10
0x0000008ee35ff228:   0000008ee35ff378 000001b8f2f75a30
0x0000008ee35ff238:   0000000000000000 000001b8f2be2f80
0x0000008ee35ff248:   000001b8800bd890 000001b8f2f75a30
0x0000008ee35ff258:   000001b8e4c61ff3 000001b8f72ebb10
0x0000008ee35ff268:   00007fff52d99251 0000008ee35ff370
0x0000008ee35ff278:   00007fff01010001 000001b800000000
0x0000008ee35ff288:   0000000000000000 000001b8ffffffff
0x0000008ee35ff298:   000001b8000053e2 0000008ee35ff340
0x0000008ee35ff2a8:   0000008ee35ff338 000001b8f72ebb10
0x0000008ee35ff2b8:   00007fff52d99251 0000008ee35ff370
0x0000008ee35ff2c8:   000001b8e4c61c96 0000008ee35ff2d0
0x0000008ee35ff2d8:   000001b8f2f75a30 0000008ee35ff378
0x0000008ee35ff2e8:   000001b8f2f78000 0000000000000000
0x0000008ee35ff2f8:   00000000877ab078 000001b8f2f75a30
0x0000008ee35ff308:   0000000000000000 0000008ee35ff338
0x0000008ee35ff318:   0000008ee35ff3c8 000001b8e4c5df9e
0x0000008ee35ff328:   0000000000000000 000001b8e4c5f895
0x0000008ee35ff338:   0000000089b72758 0000000089b73758
0x0000008ee35ff348:   00000000000053e2 00000000ffffffff
0x0000008ee35ff358:   0000000000000000 0000000000000000 

Instructions: (pc=0x00007fff529ca330)
0x00007fff529ca230:   ec 0d b3 00 48 83 c4 20 5b 48 ff e0 48 8d 05 ed
0x00007fff529ca240:   00 00 00 48 8b cb 48 89 05 d3 0d b3 00 48 83 c4
0x00007fff529ca250:   20 5b 48 ff e0 48 8d 05 d4 00 00 00 48 8b cb 48
0x00007fff529ca260:   89 05 ba 0d b3 00 48 83 c4 20 5b 48 ff e0 48 8b
0x00007fff529ca270:   0d cb 76 b9 00 8b 51 10 83 ea 01 0f 84 91 00 00
0x00007fff529ca280:   00 83 ea 01 74 73 83 ea 01 74 55 83 fa 01 74 37
0x00007fff529ca290:   4c 8d 0d e9 08 8a 00 41 b8 e2 00 00 00 48 8d 15
0x00007fff529ca2a0:   14 09 8a 00 b9 00 00 00 e0 e8 42 68 27 00 e8 5d
0x00007fff529ca2b0:   19 6b 00 33 c0 48 8b cb 48 89 05 61 0d b3 00 48
0x00007fff529ca2c0:   83 c4 20 5b 48 ff e0 48 8d 05 72 00 00 00 48 8b
0x00007fff529ca2d0:   cb 48 89 05 48 0d b3 00 48 83 c4 20 5b 48 ff e0
0x00007fff529ca2e0:   48 8d 05 49 00 00 00 48 8b cb 48 89 05 2f 0d b3
0x00007fff529ca2f0:   00 48 83 c4 20 5b 48 ff e0 48 8d 05 30 00 00 00
0x00007fff529ca300:   48 8b cb 48 89 05 16 0d b3 00 48 83 c4 20 5b 48
0x00007fff529ca310:   ff e0 48 8d 05 17 00 00 00 48 8b cb 48 89 05 fd
0x00007fff529ca320:   0c b3 00 48 83 c4 20 5b 48 ff e0 cc cc cc cc cc
0x00007fff529ca330:   48 8b 01 c3 cc cc cc cc cc cc cc cc cc cc cc cc
0x00007fff529ca340:   48 89 5c 24 08 57 48 83 ec 20 48 8b 39 48 8b d9
0x00007fff529ca350:   48 85 3d a1 90 be 00 75 0e 48 8b c7 48 8b 5c 24
0x00007fff529ca360:   30 48 83 c4 20 5f c3 48 8b cf e8 c1 0e 87 00 48
0x00007fff529ca370:   8b d0 48 85 c0 74 20 48 8b c7 f0 48 0f b1 13 74
0x00007fff529ca380:   16 48 85 05 70 90 be 00 74 0d 48 8b c8 f0 48 0f
0x00007fff529ca390:   b1 13 48 3b c1 75 ea 48 8b 5c 24 30 48 8b c2 48
0x00007fff529ca3a0:   83 c4 20 5f c3 cc cc cc cc cc cc cc cc cc cc cc
0x00007fff529ca3b0:   8b 44 24 30 45 03 c9 44 2b 4c 24 28 83 c0 0b 44
0x00007fff529ca3c0:   03 ca 45 03 c8 41 03 c1 c3 cc cc cc cc cc cc cc
0x00007fff529ca3d0:   48 8b 41 08 0f b7 48 2a 0f b7 40 28 83 c0 48 03
0x00007fff529ca3e0:   c1 c3 cc cc cc cc cc cc cc cc cc cc cc cc cc cc
0x00007fff529ca3f0:   48 89 5c 24 08 57 48 83 ec 20 0f b6 05 3f 98 be
0x00007fff529ca400:   00 48 8b fa 48 8b d9 84 c0 74 4f 48 85 15 e6 8f
0x00007fff529ca410:   be 00 74 38 48 8b ca e8 24 11 87 00 48 8b d0 48
0x00007fff529ca420:   85 db 74 25 48 85 c0 74 20 48 8b c7 f0 48 0f b1 


Stack slot to memory mapping:
stack at sp + 0 slots: 0x00007fff52dfb549 jvm.dll
stack at sp + 1 slots: 0x000001b80000000a is an unknown value
stack at sp + 2 slots: 0x0000001b955b55b4 is an unknown value
stack at sp + 3 slots: {method} {0x000001b8f2f75a38} 'DpfjIdentify' '([BII[[BIILcom/digitalpersona/uareu/jni/Dpfj$IntReference;[Lcom/digitalpersona/uareu/Engine$Candidate;)I' in 'com/digitalpersona/uareu/jni/Dpfj'
stack at sp + 4 slots: 0x000001b8f72ebb10 is a thread
stack at sp + 5 slots: 0x0000008ee35ff370 is pointing into the stack for thread: 0x000001b8f72ebb10
stack at sp + 6 slots: 0x00007fff5ca1208a dpuareu_jni.dll
stack at sp + 7 slots: {method} {0x000001b8f2f75a38} 'DpfjIdentify' '([BII[[BIILcom/digitalpersona/uareu/jni/Dpfj$IntReference;[Lcom/digitalpersona/uareu/Engine$Candidate;)I' in 'com/digitalpersona/uareu/jni/Dpfj'


---------------  P R O C E S S  ---------------

Threads class SMR info:
_java_thread_list=0x000001b8f6480a40, length=21, elements={
0x000001b8d5638980, 0x000001b8f1beea30, 0x000001b8f1bef8d0, 0x000001b8f1bf53e0,
0x000001b8f1bf8310, 0x000001b8f1bf9920, 0x000001b8f1c02ae0, 0x000001b8f1c05b80,
0x000001b8f1c06e60, 0x000001b8f64c6880, 0x000001b8f66f8750, 0x000001b8f6ef4840,
0x000001b8f6eae240, 0x000001b8f6fe3060, 0x000001b8f6f32710, 0x000001b8f6f32c60,
0x000001b8f740a710, 0x000001b8f72ec5b0, 0x000001b8f72ebb10, 0x000001b8f688bfe0,
0x000001b8f688c530
}

Java Threads: ( => current thread )
  0x000001b8d5638980 JavaThread "main" [_thread_blocked, id=20832, stack(0x0000008ee0e00000,0x0000008ee0f00000)]
  0x000001b8f1beea30 JavaThread "Reference Handler" daemon [_thread_blocked, id=19972, stack(0x0000008ee1500000,0x0000008ee1600000)]
  0x000001b8f1bef8d0 JavaThread "Finalizer" daemon [_thread_blocked, id=19416, stack(0x0000008ee1600000,0x0000008ee1700000)]
  0x000001b8f1bf53e0 JavaThread "Signal Dispatcher" daemon [_thread_blocked, id=4000, stack(0x0000008ee1700000,0x0000008ee1800000)]
  0x000001b8f1bf8310 JavaThread "Attach Listener" daemon [_thread_blocked, id=20032, stack(0x0000008ee1800000,0x0000008ee1900000)]
  0x000001b8f1bf9920 JavaThread "Service Thread" daemon [_thread_blocked, id=12592, stack(0x0000008ee1900000,0x0000008ee1a00000)]
  0x000001b8f1c02ae0 JavaThread "Monitor Deflation Thread" daemon [_thread_blocked, id=18024, stack(0x0000008ee1a00000,0x0000008ee1b00000)]
  0x000001b8f1c05b80 JavaThread "C2 CompilerThread0" daemon [_thread_blocked, id=19252, stack(0x0000008ee1b00000,0x0000008ee1c00000)]
  0x000001b8f1c06e60 JavaThread "C1 CompilerThread0" daemon [_thread_blocked, id=20192, stack(0x0000008ee1c00000,0x0000008ee1d00000)]
  0x000001b8f64c6880 JavaThread "Common-Cleaner" daemon [_thread_blocked, id=11456, stack(0x0000008ee1d00000,0x0000008ee1e00000)]
  0x000001b8f66f8750 JavaThread "Notification Thread" daemon [_thread_blocked, id=20368, stack(0x0000008ee2000000,0x0000008ee2100000)]
  0x000001b8f6ef4840 JavaThread "QuantumRenderer-0" daemon [_thread_blocked, id=11396, stack(0x0000008ee1e00000,0x0000008ee1f00000)]
  0x000001b8f6eae240 JavaThread "InvokeLaterDispatcher" daemon [_thread_blocked, id=20816, stack(0x0000008ee1f00000,0x0000008ee2000000)]
  0x000001b8f6fe3060 JavaThread "JavaFX Application Thread" [_thread_in_native, id=19240, stack(0x0000008ee2200000,0x0000008ee2300000)]
  0x000001b8f6f32710 JavaThread "JavaFX-Launcher" [_thread_blocked, id=20012, stack(0x0000008ee2700000,0x0000008ee2800000)]
  0x000001b8f6f32c60 JavaThread "Thread-2" daemon [_thread_in_native, id=19536, stack(0x0000008ee2600000,0x0000008ee2700000)]
  0x000001b8f740a710 JavaThread "Prism Font Disposer" daemon [_thread_blocked, id=18136, stack(0x0000008ee2e00000,0x0000008ee2f00000)]
  0x000001b8f72ec5b0 JavaThread "Cleaner-0" daemon [_thread_blocked, id=11708, stack(0x0000008ee3200000,0x0000008ee3300000)]
=>0x000001b8f72ebb10 JavaThread "Thread-3" [_thread_in_vm, id=4024, stack(0x0000008ee3500000,0x0000008ee3600000)]
  0x000001b8f688bfe0 JavaThread "Java2D Disposer" daemon [_thread_blocked, id=3364, stack(0x0000008ee3700000,0x0000008ee3800000)]
  0x000001b8f688c530 JavaThread "mysql-cj-abandoned-connection-cleanup" daemon [_thread_blocked, id=16984, stack(0x0000008ee3600000,0x0000008ee3700000)]

Other Threads:
  0x000001b8f1bcf6b0 VMThread "VM Thread" [stack: 0x0000008ee1400000,0x0000008ee1500000] [id=14876]
  0x000001b8f69cb6e0 WatcherThread "VM Periodic Task Thread" [stack: 0x0000008ee2100000,0x0000008ee2200000] [id=12684]
  0x000001b8d569a7f0 WorkerThread "GC Thread#0" [stack: 0x0000008ee0f00000,0x0000008ee1000000] [id=20664]
  0x000001b8f7109ec0 WorkerThread "GC Thread#1" [stack: 0x0000008ee2800000,0x0000008ee2900000] [id=19608]
  0x000001b8f710d830 WorkerThread "GC Thread#2" [stack: 0x0000008ee2900000,0x0000008ee2a00000] [id=20964]
  0x000001b8f71530c0 WorkerThread "GC Thread#3" [stack: 0x0000008ee2a00000,0x0000008ee2b00000] [id=17300]
  0x000001b8f7153930 WorkerThread "GC Thread#4" [stack: 0x0000008ee2b00000,0x0000008ee2c00000] [id=21420]
  0x000001b8f7153390 WorkerThread "GC Thread#5" [stack: 0x0000008ee2c00000,0x0000008ee2d00000] [id=19556]
  0x000001b8f7153660 WorkerThread "GC Thread#6" [stack: 0x0000008ee2d00000,0x0000008ee2e00000] [id=7120]
  0x000001b8f7154470 WorkerThread "GC Thread#7" [stack: 0x0000008ee3800000,0x0000008ee3900000] [id=2384]
  0x000001b8d56ab4e0 ConcurrentGCThread "G1 Main Marker" [stack: 0x0000008ee1000000,0x0000008ee1100000] [id=20008]
  0x000001b8d56ac6b0 WorkerThread "G1 Conc#0" [stack: 0x0000008ee1100000,0x0000008ee1200000] [id=15608]
  0x000001b8d56fe960 ConcurrentGCThread "G1 Refine#0" [stack: 0x0000008ee1200000,0x0000008ee1300000] [id=16884]
  0x000001b8f1a7e530 ConcurrentGCThread "G1 Service" [stack: 0x0000008ee1300000,0x0000008ee1400000] [id=20780]

Threads with active compile tasks:

VM state: not at safepoint (normal execution)

VM Mutex/Monitor currently owned by a thread: None

Heap address: 0x0000000081e00000, size: 2018 MB, Compressed Oops mode: 32-bit

CDS archive(s) mapped at: [0x000001b880000000-0x000001b880c60000-0x000001b880c60000), size 12976128, SharedBaseAddress: 0x000001b880000000, ArchiveRelocationMode: 1.
Compressed class space mapped at: 0x000001b881000000-0x000001b8c1000000, reserved size: 1073741824
Narrow klass base: 0x000001b880000000, Narrow klass shift: 0, Narrow klass range: 0x100000000

GC Precious Log:
 CardTable entry size: 512
 Card Set container configuration: InlinePtr #cards 5 size 8 Array Of Cards #cards 12 size 40 Howl #buckets 4 coarsen threshold 1843 Howl Bitmap #cards 512 size 80 coarsen threshold 460 Card regions per heap region 1 cards per card region 2048
 CPUs: 8 total, 8 available
 Memory: 8071M
 Large Page Support: Disabled
 NUMA Support: Disabled
 Compressed Oops: Enabled (32-bit)
 Heap Region Size: 1M
 Heap Min Capacity: 8M
 Heap Initial Capacity: 128M
 Heap Max Capacity: 2018M
 Pre-touch: Disabled
 Parallel Workers: 8
 Concurrent Workers: 2
 Concurrent Refinement Workers: 8
 Periodic GC: Disabled

Heap:
 garbage-first heap   total 131072K, used 14781K [0x0000000081e00000, 0x0000000100000000)
  region size 1024K, 8 young (8192K), 5 survivors (5120K)
 Metaspace       used 20014K, committed 20352K, reserved 1114112K
  class space    used 2471K, committed 2624K, reserved 1048576K

Heap Regions: E=young(eden), S=young(survivor), O=old, HS=humongous(starts), HC=humongous(continues), CS=collection set, F=free, OA=open archive, CA=closed archive, TAMS=top-at-mark-start, PB=parsable bottom
|   0|0x0000000081e00000, 0x0000000081f00000, 0x0000000081f00000|100%| O|  |TAMS 0x0000000081e00000| PB 0x0000000081e00000| Untracked 
|   1|0x0000000081f00000, 0x0000000082000000, 0x0000000082000000|100%|HS|  |TAMS 0x0000000081f00000| PB 0x0000000081f00000| Complete 
|   2|0x0000000082000000, 0x0000000082100000, 0x0000000082100000|100%|HC|  |TAMS 0x0000000082000000| PB 0x0000000082000000| Complete 
|   3|0x0000000082100000, 0x0000000082100000, 0x0000000082200000|  0%| F|  |TAMS 0x0000000082100000| PB 0x0000000082100000| Untracked 
|   4|0x0000000082200000, 0x0000000082200000, 0x0000000082300000|  0%| F|  |TAMS 0x0000000082200000| PB 0x0000000082200000| Untracked 
|   5|0x0000000082300000, 0x0000000082400000, 0x0000000082400000|100%|HS|  |TAMS 0x0000000082300000| PB 0x0000000082300000| Complete 
|   6|0x0000000082400000, 0x0000000082500000, 0x0000000082500000|100%|HS|  |TAMS 0x0000000082400000| PB 0x0000000082400000| Complete 
|   7|0x0000000082500000, 0x0000000082600000, 0x0000000082600000|100%| O|  |TAMS 0x0000000082500000| PB 0x0000000082500000| Untracked 
|   8|0x0000000082600000, 0x0000000082700000, 0x0000000082700000|100%| O|  |TAMS 0x0000000082600000| PB 0x0000000082600000| Untracked 
|   9|0x0000000082700000, 0x000000008276f400, 0x0000000082800000| 43%| O|  |TAMS 0x0000000082700000| PB 0x0000000082700000| Untracked 
|  10|0x0000000082800000, 0x0000000082800000, 0x0000000082900000|  0%| F|  |TAMS 0x0000000082800000| PB 0x0000000082800000| Untracked 
|  11|0x0000000082900000, 0x0000000082900000, 0x0000000082a00000|  0%| F|  |TAMS 0x0000000082900000| PB 0x0000000082900000| Untracked 
|  12|0x0000000082a00000, 0x0000000082a00000, 0x0000000082b00000|  0%| F|  |TAMS 0x0000000082a00000| PB 0x0000000082a00000| Untracked 
|  13|0x0000000082b00000, 0x0000000082b00000, 0x0000000082c00000|  0%| F|  |TAMS 0x0000000082b00000| PB 0x0000000082b00000| Untracked 
|  14|0x0000000082c00000, 0x0000000082c00000, 0x0000000082d00000|  0%| F|  |TAMS 0x0000000082c00000| PB 0x0000000082c00000| Untracked 
|  15|0x0000000082d00000, 0x0000000082d00000, 0x0000000082e00000|  0%| F|  |TAMS 0x0000000082d00000| PB 0x0000000082d00000| Untracked 
|  16|0x0000000082e00000, 0x0000000082e00000, 0x0000000082f00000|  0%| F|  |TAMS 0x0000000082e00000| PB 0x0000000082e00000| Untracked 
|  17|0x0000000082f00000, 0x0000000082f00000, 0x0000000083000000|  0%| F|  |TAMS 0x0000000082f00000| PB 0x0000000082f00000| Untracked 
|  18|0x0000000083000000, 0x0000000083000000, 0x0000000083100000|  0%| F|  |TAMS 0x0000000083000000| PB 0x0000000083000000| Untracked 
|  19|0x0000000083100000, 0x0000000083100000, 0x0000000083200000|  0%| F|  |TAMS 0x0000000083100000| PB 0x0000000083100000| Untracked 
|  20|0x0000000083200000, 0x0000000083200000, 0x0000000083300000|  0%| F|  |TAMS 0x0000000083200000| PB 0x0000000083200000| Untracked 
|  21|0x0000000083300000, 0x0000000083300000, 0x0000000083400000|  0%| F|  |TAMS 0x0000000083300000| PB 0x0000000083300000| Untracked 
|  22|0x0000000083400000, 0x0000000083400000, 0x0000000083500000|  0%| F|  |TAMS 0x0000000083400000| PB 0x0000000083400000| Untracked 
|  23|0x0000000083500000, 0x0000000083500000, 0x0000000083600000|  0%| F|  |TAMS 0x0000000083500000| PB 0x0000000083500000| Untracked 
|  24|0x0000000083600000, 0x0000000083600000, 0x0000000083700000|  0%| F|  |TAMS 0x0000000083600000| PB 0x0000000083600000| Untracked 
|  25|0x0000000083700000, 0x0000000083700000, 0x0000000083800000|  0%| F|  |TAMS 0x0000000083700000| PB 0x0000000083700000| Untracked 
|  26|0x0000000083800000, 0x0000000083800000, 0x0000000083900000|  0%| F|  |TAMS 0x0000000083800000| PB 0x0000000083800000| Untracked 
|  27|0x0000000083900000, 0x0000000083900000, 0x0000000083a00000|  0%| F|  |TAMS 0x0000000083900000| PB 0x0000000083900000| Untracked 
|  28|0x0000000083a00000, 0x0000000083a00000, 0x0000000083b00000|  0%| F|  |TAMS 0x0000000083a00000| PB 0x0000000083a00000| Untracked 
|  29|0x0000000083b00000, 0x0000000083b00000, 0x0000000083c00000|  0%| F|  |TAMS 0x0000000083b00000| PB 0x0000000083b00000| Untracked 
|  30|0x0000000083c00000, 0x0000000083c00000, 0x0000000083d00000|  0%| F|  |TAMS 0x0000000083c00000| PB 0x0000000083c00000| Untracked 
|  31|0x0000000083d00000, 0x0000000083d00000, 0x0000000083e00000|  0%| F|  |TAMS 0x0000000083d00000| PB 0x0000000083d00000| Untracked 
|  32|0x0000000083e00000, 0x0000000083e00000, 0x0000000083f00000|  0%| F|  |TAMS 0x0000000083e00000| PB 0x0000000083e00000| Untracked 
|  33|0x0000000083f00000, 0x0000000083f00000, 0x0000000084000000|  0%| F|  |TAMS 0x0000000083f00000| PB 0x0000000083f00000| Untracked 
|  34|0x0000000084000000, 0x0000000084000000, 0x0000000084100000|  0%| F|  |TAMS 0x0000000084000000| PB 0x0000000084000000| Untracked 
|  35|0x0000000084100000, 0x0000000084100000, 0x0000000084200000|  0%| F|  |TAMS 0x0000000084100000| PB 0x0000000084100000| Untracked 
|  36|0x0000000084200000, 0x0000000084200000, 0x0000000084300000|  0%| F|  |TAMS 0x0000000084200000| PB 0x0000000084200000| Untracked 
|  37|0x0000000084300000, 0x0000000084300000, 0x0000000084400000|  0%| F|  |TAMS 0x0000000084300000| PB 0x0000000084300000| Untracked 
|  38|0x0000000084400000, 0x0000000084400000, 0x0000000084500000|  0%| F|  |TAMS 0x0000000084400000| PB 0x0000000084400000| Untracked 
|  39|0x0000000084500000, 0x0000000084500000, 0x0000000084600000|  0%| F|  |TAMS 0x0000000084500000| PB 0x0000000084500000| Untracked 
|  40|0x0000000084600000, 0x0000000084600000, 0x0000000084700000|  0%| F|  |TAMS 0x0000000084600000| PB 0x0000000084600000| Untracked 
|  41|0x0000000084700000, 0x0000000084700000, 0x0000000084800000|  0%| F|  |TAMS 0x0000000084700000| PB 0x0000000084700000| Untracked 
|  42|0x0000000084800000, 0x0000000084800000, 0x0000000084900000|  0%| F|  |TAMS 0x0000000084800000| PB 0x0000000084800000| Untracked 
|  43|0x0000000084900000, 0x0000000084900000, 0x0000000084a00000|  0%| F|  |TAMS 0x0000000084900000| PB 0x0000000084900000| Untracked 
|  44|0x0000000084a00000, 0x0000000084a00000, 0x0000000084b00000|  0%| F|  |TAMS 0x0000000084a00000| PB 0x0000000084a00000| Untracked 
|  45|0x0000000084b00000, 0x0000000084b00000, 0x0000000084c00000|  0%| F|  |TAMS 0x0000000084b00000| PB 0x0000000084b00000| Untracked 
|  46|0x0000000084c00000, 0x0000000084c00000, 0x0000000084d00000|  0%| F|  |TAMS 0x0000000084c00000| PB 0x0000000084c00000| Untracked 
|  47|0x0000000084d00000, 0x0000000084d00000, 0x0000000084e00000|  0%| F|  |TAMS 0x0000000084d00000| PB 0x0000000084d00000| Untracked 
|  48|0x0000000084e00000, 0x0000000084e00000, 0x0000000084f00000|  0%| F|  |TAMS 0x0000000084e00000| PB 0x0000000084e00000| Untracked 
|  49|0x0000000084f00000, 0x0000000084f00000, 0x0000000085000000|  0%| F|  |TAMS 0x0000000084f00000| PB 0x0000000084f00000| Untracked 
|  50|0x0000000085000000, 0x0000000085000000, 0x0000000085100000|  0%| F|  |TAMS 0x0000000085000000| PB 0x0000000085000000| Untracked 
|  51|0x0000000085100000, 0x0000000085100000, 0x0000000085200000|  0%| F|  |TAMS 0x0000000085100000| PB 0x0000000085100000| Untracked 
|  52|0x0000000085200000, 0x0000000085200000, 0x0000000085300000|  0%| F|  |TAMS 0x0000000085200000| PB 0x0000000085200000| Untracked 
|  53|0x0000000085300000, 0x0000000085300000, 0x0000000085400000|  0%| F|  |TAMS 0x0000000085300000| PB 0x0000000085300000| Untracked 
|  54|0x0000000085400000, 0x0000000085400000, 0x0000000085500000|  0%| F|  |TAMS 0x0000000085400000| PB 0x0000000085400000| Untracked 
|  55|0x0000000085500000, 0x0000000085500000, 0x0000000085600000|  0%| F|  |TAMS 0x0000000085500000| PB 0x0000000085500000| Untracked 
|  56|0x0000000085600000, 0x0000000085600000, 0x0000000085700000|  0%| F|  |TAMS 0x0000000085600000| PB 0x0000000085600000| Untracked 
|  57|0x0000000085700000, 0x0000000085700000, 0x0000000085800000|  0%| F|  |TAMS 0x0000000085700000| PB 0x0000000085700000| Untracked 
|  58|0x0000000085800000, 0x0000000085800000, 0x0000000085900000|  0%| F|  |TAMS 0x0000000085800000| PB 0x0000000085800000| Untracked 
|  59|0x0000000085900000, 0x0000000085900000, 0x0000000085a00000|  0%| F|  |TAMS 0x0000000085900000| PB 0x0000000085900000| Untracked 
|  60|0x0000000085a00000, 0x0000000085a00000, 0x0000000085b00000|  0%| F|  |TAMS 0x0000000085a00000| PB 0x0000000085a00000| Untracked 
|  61|0x0000000085b00000, 0x0000000085b00000, 0x0000000085c00000|  0%| F|  |TAMS 0x0000000085b00000| PB 0x0000000085b00000| Untracked 
|  62|0x0000000085c00000, 0x0000000085c00000, 0x0000000085d00000|  0%| F|  |TAMS 0x0000000085c00000| PB 0x0000000085c00000| Untracked 
|  63|0x0000000085d00000, 0x0000000085d00000, 0x0000000085e00000|  0%| F|  |TAMS 0x0000000085d00000| PB 0x0000000085d00000| Untracked 
|  64|0x0000000085e00000, 0x0000000085e00000, 0x0000000085f00000|  0%| F|  |TAMS 0x0000000085e00000| PB 0x0000000085e00000| Untracked 
|  65|0x0000000085f00000, 0x0000000085f00000, 0x0000000086000000|  0%| F|  |TAMS 0x0000000085f00000| PB 0x0000000085f00000| Untracked 
|  66|0x0000000086000000, 0x0000000086000000, 0x0000000086100000|  0%| F|  |TAMS 0x0000000086000000| PB 0x0000000086000000| Untracked 
|  67|0x0000000086100000, 0x0000000086100000, 0x0000000086200000|  0%| F|  |TAMS 0x0000000086100000| PB 0x0000000086100000| Untracked 
|  68|0x0000000086200000, 0x0000000086200000, 0x0000000086300000|  0%| F|  |TAMS 0x0000000086200000| PB 0x0000000086200000| Untracked 
|  69|0x0000000086300000, 0x0000000086300000, 0x0000000086400000|  0%| F|  |TAMS 0x0000000086300000| PB 0x0000000086300000| Untracked 
|  70|0x0000000086400000, 0x0000000086400000, 0x0000000086500000|  0%| F|  |TAMS 0x0000000086400000| PB 0x0000000086400000| Untracked 
|  71|0x0000000086500000, 0x0000000086500000, 0x0000000086600000|  0%| F|  |TAMS 0x0000000086500000| PB 0x0000000086500000| Untracked 
|  72|0x0000000086600000, 0x0000000086600000, 0x0000000086700000|  0%| F|  |TAMS 0x0000000086600000| PB 0x0000000086600000| Untracked 
|  73|0x0000000086700000, 0x0000000086700000, 0x0000000086800000|  0%| F|  |TAMS 0x0000000086700000| PB 0x0000000086700000| Untracked 
|  74|0x0000000086800000, 0x0000000086800000, 0x0000000086900000|  0%| F|  |TAMS 0x0000000086800000| PB 0x0000000086800000| Untracked 
|  75|0x0000000086900000, 0x0000000086900000, 0x0000000086a00000|  0%| F|  |TAMS 0x0000000086900000| PB 0x0000000086900000| Untracked 
|  76|0x0000000086a00000, 0x0000000086a00000, 0x0000000086b00000|  0%| F|  |TAMS 0x0000000086a00000| PB 0x0000000086a00000| Untracked 
|  77|0x0000000086b00000, 0x0000000086b00000, 0x0000000086c00000|  0%| F|  |TAMS 0x0000000086b00000| PB 0x0000000086b00000| Untracked 
|  78|0x0000000086c00000, 0x0000000086c00000, 0x0000000086d00000|  0%| F|  |TAMS 0x0000000086c00000| PB 0x0000000086c00000| Untracked 
|  79|0x0000000086d00000, 0x0000000086d00000, 0x0000000086e00000|  0%| F|  |TAMS 0x0000000086d00000| PB 0x0000000086d00000| Untracked 
|  80|0x0000000086e00000, 0x0000000086e00000, 0x0000000086f00000|  0%| F|  |TAMS 0x0000000086e00000| PB 0x0000000086e00000| Untracked 
|  81|0x0000000086f00000, 0x0000000086f00000, 0x0000000087000000|  0%| F|  |TAMS 0x0000000086f00000| PB 0x0000000086f00000| Untracked 
|  82|0x0000000087000000, 0x0000000087000000, 0x0000000087100000|  0%| F|  |TAMS 0x0000000087000000| PB 0x0000000087000000| Untracked 
|  83|0x0000000087100000, 0x0000000087100000, 0x0000000087200000|  0%| F|  |TAMS 0x0000000087100000| PB 0x0000000087100000| Untracked 
|  84|0x0000000087200000, 0x0000000087200000, 0x0000000087300000|  0%| F|  |TAMS 0x0000000087200000| PB 0x0000000087200000| Untracked 
|  85|0x0000000087300000, 0x0000000087300000, 0x0000000087400000|  0%| F|  |TAMS 0x0000000087300000| PB 0x0000000087300000| Untracked 
|  86|0x0000000087400000, 0x0000000087400000, 0x0000000087500000|  0%| F|  |TAMS 0x0000000087400000| PB 0x0000000087400000| Untracked 
|  87|0x0000000087500000, 0x0000000087600000, 0x0000000087600000|100%| S|CS|TAMS 0x0000000087500000| PB 0x0000000087500000| Complete 
|  88|0x0000000087600000, 0x0000000087700000, 0x0000000087700000|100%| S|CS|TAMS 0x0000000087600000| PB 0x0000000087600000| Complete 
|  89|0x0000000087700000, 0x0000000087800000, 0x0000000087800000|100%| S|CS|TAMS 0x0000000087700000| PB 0x0000000087700000| Complete 
|  90|0x0000000087800000, 0x0000000087900000, 0x0000000087900000|100%| S|CS|TAMS 0x0000000087800000| PB 0x0000000087800000| Complete 
|  91|0x0000000087900000, 0x0000000087a00000, 0x0000000087a00000|100%| S|CS|TAMS 0x0000000087900000| PB 0x0000000087900000| Complete 
|  92|0x0000000087a00000, 0x0000000087a00000, 0x0000000087b00000|  0%| F|  |TAMS 0x0000000087a00000| PB 0x0000000087a00000| Untracked 
|  93|0x0000000087b00000, 0x0000000087b00000, 0x0000000087c00000|  0%| F|  |TAMS 0x0000000087b00000| PB 0x0000000087b00000| Untracked 
|  94|0x0000000087c00000, 0x0000000087c00000, 0x0000000087d00000|  0%| F|  |TAMS 0x0000000087c00000| PB 0x0000000087c00000| Untracked 
|  95|0x0000000087d00000, 0x0000000087d00000, 0x0000000087e00000|  0%| F|  |TAMS 0x0000000087d00000| PB 0x0000000087d00000| Untracked 
|  96|0x0000000087e00000, 0x0000000087e00000, 0x0000000087f00000|  0%| F|  |TAMS 0x0000000087e00000| PB 0x0000000087e00000| Untracked 
|  97|0x0000000087f00000, 0x0000000087f00000, 0x0000000088000000|  0%| F|  |TAMS 0x0000000087f00000| PB 0x0000000087f00000| Untracked 
|  98|0x0000000088000000, 0x0000000088000000, 0x0000000088100000|  0%| F|  |TAMS 0x0000000088000000| PB 0x0000000088000000| Untracked 
|  99|0x0000000088100000, 0x0000000088100000, 0x0000000088200000|  0%| F|  |TAMS 0x0000000088100000| PB 0x0000000088100000| Untracked 
| 100|0x0000000088200000, 0x0000000088200000, 0x0000000088300000|  0%| F|  |TAMS 0x0000000088200000| PB 0x0000000088200000| Untracked 
| 101|0x0000000088300000, 0x0000000088300000, 0x0000000088400000|  0%| F|  |TAMS 0x0000000088300000| PB 0x0000000088300000| Untracked 
| 102|0x0000000088400000, 0x0000000088400000, 0x0000000088500000|  0%| F|  |TAMS 0x0000000088400000| PB 0x0000000088400000| Untracked 
| 103|0x0000000088500000, 0x0000000088500000, 0x0000000088600000|  0%| F|  |TAMS 0x0000000088500000| PB 0x0000000088500000| Untracked 
| 104|0x0000000088600000, 0x0000000088600000, 0x0000000088700000|  0%| F|  |TAMS 0x0000000088600000| PB 0x0000000088600000| Untracked 
| 105|0x0000000088700000, 0x0000000088700000, 0x0000000088800000|  0%| F|  |TAMS 0x0000000088700000| PB 0x0000000088700000| Untracked 
| 106|0x0000000088800000, 0x0000000088800000, 0x0000000088900000|  0%| F|  |TAMS 0x0000000088800000| PB 0x0000000088800000| Untracked 
| 107|0x0000000088900000, 0x0000000088900000, 0x0000000088a00000|  0%| F|  |TAMS 0x0000000088900000| PB 0x0000000088900000| Untracked 
| 108|0x0000000088a00000, 0x0000000088a00000, 0x0000000088b00000|  0%| F|  |TAMS 0x0000000088a00000| PB 0x0000000088a00000| Untracked 
| 109|0x0000000088b00000, 0x0000000088b00000, 0x0000000088c00000|  0%| F|  |TAMS 0x0000000088b00000| PB 0x0000000088b00000| Untracked 
| 110|0x0000000088c00000, 0x0000000088c00000, 0x0000000088d00000|  0%| F|  |TAMS 0x0000000088c00000| PB 0x0000000088c00000| Untracked 
| 111|0x0000000088d00000, 0x0000000088d00000, 0x0000000088e00000|  0%| F|  |TAMS 0x0000000088d00000| PB 0x0000000088d00000| Untracked 
| 112|0x0000000088e00000, 0x0000000088e00000, 0x0000000088f00000|  0%| F|  |TAMS 0x0000000088e00000| PB 0x0000000088e00000| Untracked 
| 113|0x0000000088f00000, 0x0000000088f00000, 0x0000000089000000|  0%| F|  |TAMS 0x0000000088f00000| PB 0x0000000088f00000| Untracked 
| 114|0x0000000089000000, 0x0000000089000000, 0x0000000089100000|  0%| F|  |TAMS 0x0000000089000000| PB 0x0000000089000000| Untracked 
| 115|0x0000000089100000, 0x0000000089100000, 0x0000000089200000|  0%| F|  |TAMS 0x0000000089100000| PB 0x0000000089100000| Untracked 
| 116|0x0000000089200000, 0x0000000089200000, 0x0000000089300000|  0%| F|  |TAMS 0x0000000089200000| PB 0x0000000089200000| Untracked 
| 117|0x0000000089300000, 0x0000000089300000, 0x0000000089400000|  0%| F|  |TAMS 0x0000000089300000| PB 0x0000000089300000| Untracked 
| 118|0x0000000089400000, 0x0000000089400000, 0x0000000089500000|  0%| F|  |TAMS 0x0000000089400000| PB 0x0000000089400000| Untracked 
| 119|0x0000000089500000, 0x0000000089500000, 0x0000000089600000|  0%| F|  |TAMS 0x0000000089500000| PB 0x0000000089500000| Untracked 
| 120|0x0000000089600000, 0x0000000089600000, 0x0000000089700000|  0%| F|  |TAMS 0x0000000089600000| PB 0x0000000089600000| Untracked 
| 121|0x0000000089700000, 0x0000000089700000, 0x0000000089800000|  0%| F|  |TAMS 0x0000000089700000| PB 0x0000000089700000| Untracked 
| 122|0x0000000089800000, 0x0000000089800000, 0x0000000089900000|  0%| F|  |TAMS 0x0000000089800000| PB 0x0000000089800000| Untracked 
| 123|0x0000000089900000, 0x0000000089900000, 0x0000000089a00000|  0%| F|  |TAMS 0x0000000089900000| PB 0x0000000089900000| Untracked 
| 124|0x0000000089a00000, 0x0000000089a00000, 0x0000000089b00000|  0%| F|  |TAMS 0x0000000089a00000| PB 0x0000000089a00000| Untracked 
| 125|0x0000000089b00000, 0x0000000089b8dd98, 0x0000000089c00000| 55%| E|  |TAMS 0x0000000089b00000| PB 0x0000000089b00000| Complete 
| 126|0x0000000089c00000, 0x0000000089d00000, 0x0000000089d00000|100%| E|CS|TAMS 0x0000000089c00000| PB 0x0000000089c00000| Complete 
| 127|0x0000000089d00000, 0x0000000089e00000, 0x0000000089e00000|100%| E|CS|TAMS 0x0000000089d00000| PB 0x0000000089d00000| Complete 

Card table byte_map: [0x000001b8ece40000,0x000001b8ed240000] _byte_map_base: 0x000001b8eca31000

Marking Bits: (CMBitMap*) 0x000001b8d569ae20
 Bits: [0x000001b8ed640000, 0x000001b8ef5c8000)

Polling page: 0x000001b8d3610000

Metaspace:

Usage:
  Non-class:     17.13 MB used.
      Class:      2.41 MB used.
       Both:     19.54 MB used.

Virtual space:
  Non-class space:       64.00 MB reserved,      17.31 MB ( 27%) committed,  1 nodes.
      Class space:        1.00 GB reserved,       2.56 MB ( <1%) committed,  1 nodes.
             Both:        1.06 GB reserved,      19.88 MB (  2%) committed. 

Chunk freelists:
   Non-Class:  2.61 MB
       Class:  1.42 MB
        Both:  4.03 MB

MaxMetaspaceSize: unlimited
CompressedClassSpaceSize: 1.00 GB
Initial GC threshold: 21.00 MB
Current GC threshold: 21.00 MB
CDS: on
MetaspaceReclaimPolicy: balanced
 - commit_granule_bytes: 65536.
 - commit_granule_words: 8192.
 - virtual_space_node_default_size: 8388608.
 - enlarge_chunks_in_place: 1.
 - new_chunks_are_fully_committed: 0.
 - uncommit_free_chunks: 1.
 - use_allocation_guard: 0.


Internal statistics:

num_allocs_failed_limit: 0.
num_arena_births: 320.
num_arena_deaths: 0.
num_vsnodes_births: 2.
num_vsnodes_deaths: 0.
num_space_committed: 318.
num_space_uncommitted: 0.
num_chunks_returned_to_freelist: 0.
num_chunks_taken_from_freelist: 841.
num_chunk_merges: 0.
num_chunk_splits: 589.
num_chunks_enlarged: 451.
num_inconsistent_stats: 0.

CodeHeap 'non-profiled nmethods': size=120000Kb used=863Kb max_used=863Kb free=119136Kb
 bounds [0x000001b8e51e0000, 0x000001b8e5450000, 0x000001b8ec710000]
CodeHeap 'profiled nmethods': size=120000Kb used=3828Kb max_used=3828Kb free=116171Kb
 bounds [0x000001b8dd710000, 0x000001b8ddad0000, 0x000001b8e4c40000]
CodeHeap 'non-nmethods': size=5760Kb used=1976Kb max_used=2008Kb free=3783Kb
 bounds [0x000001b8e4c40000, 0x000001b8e4eb0000, 0x000001b8e51e0000]
 total_blobs=3126 nmethods=2211 adapters=826
 compilation: enabled
              stopped_count=0, restarted_count=0
 full_count=0

Compilation events (20 events):
Event: 9.551 Thread 0x000001b8f1c06e60 nmethod 2196 0x000001b8ddac7610 code [0x000001b8ddac77c0, 0x000001b8ddac7a90]
Event: 9.551 Thread 0x000001b8f1c06e60 2192       3       sun.util.locale.LanguageTag::isRegion (36 bytes)
Event: 9.552 Thread 0x000001b8f1c06e60 nmethod 2192 0x000001b8ddac7b90 code [0x000001b8ddac7e80, 0x000001b8ddac9228]
Event: 9.657 Thread 0x000001b8f1c06e60 2201       3       java.lang.String::indexOf (113 bytes)
Event: 9.658 Thread 0x000001b8f1c06e60 nmethod 2201 0x000001b8ddac9910 code [0x000001b8ddac9b20, 0x000001b8ddaca138]
Event: 9.659 Thread 0x000001b8f1c05b80 2202       4       java.util.Properties$LineReader::readLine (584 bytes)
Event: 9.661 Thread 0x000001b8f1c06e60 2206       3       java.util.regex.Matcher::search (154 bytes)
Event: 9.661 Thread 0x000001b8f1c06e60 nmethod 2206 0x000001b8ddaca310 code [0x000001b8ddaca500, 0x000001b8ddacaab0]
Event: 9.661 Thread 0x000001b8f1c06e60 2204       3       java.util.regex.ASCII::isType (15 bytes)
Event: 9.662 Thread 0x000001b8f1c06e60 nmethod 2204 0x000001b8ddacad10 code [0x000001b8ddacaea0, 0x000001b8ddacb0d0]
Event: 9.662 Thread 0x000001b8f1c06e60 2205       3       java.util.regex.ASCII::getType (17 bytes)
Event: 9.662 Thread 0x000001b8f1c06e60 nmethod 2205 0x000001b8ddacb210 code [0x000001b8ddacb3a0, 0x000001b8ddacb540]
Event: 9.662 Thread 0x000001b8f1c06e60 2207       3       java.util.regex.Pattern$BmpCharProperty::match (55 bytes)
Event: 9.662 Thread 0x000001b8f1c06e60 nmethod 2207 0x000001b8ddacb610 code [0x000001b8ddacb7e0, 0x000001b8ddacbc80]
Event: 9.662 Thread 0x000001b8f1c06e60 2208       3       java.util.regex.CharPredicates$$Lambda$19/0x800000027::is (5 bytes)
Event: 9.662 Thread 0x000001b8f1c06e60 nmethod 2208 0x000001b8ddacbe10 code [0x000001b8ddacbfc0, 0x000001b8ddacc3d0]
Event: 9.662 Thread 0x000001b8f1c06e60 2209       3       java.util.regex.CharPredicates::lambda$ASCII_SPACE$20 (20 bytes)
Event: 9.663 Thread 0x000001b8f1c06e60 nmethod 2209 0x000001b8ddacc510 code [0x000001b8ddacc6c0, 0x000001b8ddacca48]
Event: 9.663 Thread 0x000001b8f1c06e60 2210       3       java.util.regex.ASCII::isSpace (8 bytes)
Event: 9.663 Thread 0x000001b8f1c06e60 nmethod 2210 0x000001b8ddaccb90 code [0x000001b8ddaccd20, 0x000001b8ddaccfb0]

GC Heap History (4 events):
Event: 1.457 GC heap before
{Heap before GC invocations=0 (full 0):
 garbage-first heap   total 131072K, used 22528K [0x0000000081e00000, 0x0000000100000000)
  region size 1024K, 23 young (23552K), 0 survivors (0K)
 Metaspace       used 6181K, committed 6464K, reserved 1114112K
  class space    used 765K, committed 896K, reserved 1048576K
}
Event: 1.463 GC heap after
{Heap after GC invocations=1 (full 0):
 garbage-first heap   total 131072K, used 3434K [0x0000000081e00000, 0x0000000100000000)
  region size 1024K, 3 young (3072K), 3 survivors (3072K)
 Metaspace       used 6181K, committed 6464K, reserved 1114112K
  class space    used 765K, committed 896K, reserved 1048576K
}
Event: 9.328 GC heap before
{Heap before GC invocations=1 (full 0):
 garbage-first heap   total 131072K, used 42346K [0x0000000081e00000, 0x0000000100000000)
  region size 1024K, 36 young (36864K), 3 survivors (3072K)
 Metaspace       used 19537K, committed 19840K, reserved 1114112K
  class space    used 2421K, committed 2560K, reserved 1048576K
}
Event: 9.343 GC heap after
{Heap after GC invocations=2 (full 0):
 garbage-first heap   total 131072K, used 12733K [0x0000000081e00000, 0x0000000100000000)
  region size 1024K, 5 young (5120K), 5 survivors (5120K)
 Metaspace       used 19537K, committed 19840K, reserved 1114112K
  class space    used 2421K, committed 2560K, reserved 1048576K
}

Dll operation events (20 events):
Event: 0.904 Loaded shared library C:\Program Files\Java\javafx-sdk-20.0.2\bin\api-ms-win-crt-process-l1-1-0.dll
Event: 0.907 Loaded shared library C:\Program Files\Java\javafx-sdk-20.0.2\bin\api-ms-win-crt-runtime-l1-1-0.dll
Event: 0.909 Loaded shared library C:\Program Files\Java\javafx-sdk-20.0.2\bin\api-ms-win-crt-stdio-l1-1-0.dll
Event: 0.912 Loaded shared library C:\Program Files\Java\javafx-sdk-20.0.2\bin\api-ms-win-crt-string-l1-1-0.dll
Event: 0.914 Loaded shared library C:\Program Files\Java\javafx-sdk-20.0.2\bin\api-ms-win-crt-time-l1-1-0.dll
Event: 0.916 Loaded shared library C:\Program Files\Java\javafx-sdk-20.0.2\bin\api-ms-win-crt-utility-l1-1-0.dll
Event: 0.919 Loaded shared library C:\Program Files\Java\javafx-sdk-20.0.2\bin\ucrtbase.dll
Event: 0.921 Loaded shared library C:\Program Files\Java\javafx-sdk-20.0.2\bin\vcruntime140.dll
Event: 0.923 Loaded shared library C:\Program Files\Java\javafx-sdk-20.0.2\bin\vcruntime140_1.dll
Event: 0.926 Loaded shared library C:\Program Files\Java\javafx-sdk-20.0.2\bin\msvcp140.dll
Event: 0.928 Loaded shared library C:\Program Files\Java\javafx-sdk-20.0.2\bin\msvcp140_1.dll
Event: 0.930 Loaded shared library C:\Program Files\Java\javafx-sdk-20.0.2\bin\msvcp140_2.dll
Event: 0.990 Loaded shared library C:\Program Files\Java\javafx-sdk-20.0.2\bin\prism_d3d.dll
Event: 1.100 Loaded shared library C:\Program Files\Java\javafx-sdk-20.0.2\bin\glass.dll
Event: 1.272 Loaded shared library C:\Program Files\Java\jdk-20\bin\jimage.dll
Event: 1.687 Loaded shared library C:\Program Files\Java\javafx-sdk-20.0.2\bin\javafx_font.dll
Event: 6.138 Loaded shared library C:\Windows\System32\dpuareu_jni.dll
Event: 6.232 Loaded shared library C:\Program Files\Java\javafx-sdk-20.0.2\bin\javafx_iio.dll
Event: 8.122 Loaded shared library C:\Program Files\Java\jdk-20\bin\awt.dll
Event: 8.857 Loaded shared library C:\Program Files\Java\jdk-20\bin\extnet.dll

Deoptimization events (20 events):
Event: 9.659 Thread 0x000001b8f72ebb10 Uncommon trap: trap_request=0xffffff45 fr.pc=0x000001b8e52b33dc relative=0x00000000000006fc
Event: 9.659 Thread 0x000001b8f72ebb10 Uncommon trap: reason=unstable_if action=reinterpret pc=0x000001b8e52b33dc method=java.util.regex.Matcher.search(I)Z @ 30 c2
Event: 9.659 Thread 0x000001b8f72ebb10 DEOPT PACKING pc=0x000001b8e52b33dc sp=0x0000008ee35fe3b0
Event: 9.660 Thread 0x000001b8f72ebb10 DEOPT UNPACKING pc=0x000001b8e4ca9d22 sp=0x0000008ee35fe390 mode 2
Event: 9.660 Thread 0x000001b8f72ebb10 Uncommon trap: trap_request=0xffffffde fr.pc=0x000001b8e52b1e80 relative=0x00000000000002c0
Event: 9.660 Thread 0x000001b8f72ebb10 Uncommon trap: reason=class_check action=maybe_recompile pc=0x000001b8e52b1e80 method=java.util.regex.Pattern$BmpCharPropertyGreedy.match(Ljava/util/regex/Matcher;ILjava/lang/CharSequence;)Z @ 26 c2
Event: 9.660 Thread 0x000001b8f72ebb10 DEOPT PACKING pc=0x000001b8e52b1e80 sp=0x0000008ee35fe2f0
Event: 9.660 Thread 0x000001b8f72ebb10 DEOPT UNPACKING pc=0x000001b8e4ca9d22 sp=0x0000008ee35fe288 mode 2
Event: 9.660 Thread 0x000001b8f72ebb10 Uncommon trap: trap_request=0xffffffde fr.pc=0x000001b8e52b1e80 relative=0x00000000000002c0
Event: 9.660 Thread 0x000001b8f72ebb10 Uncommon trap: reason=class_check action=maybe_recompile pc=0x000001b8e52b1e80 method=java.util.regex.Pattern$BmpCharPropertyGreedy.match(Ljava/util/regex/Matcher;ILjava/lang/CharSequence;)Z @ 26 c2
Event: 9.660 Thread 0x000001b8f72ebb10 DEOPT PACKING pc=0x000001b8e52b1e80 sp=0x0000008ee35fe2f0
Event: 9.660 Thread 0x000001b8f72ebb10 DEOPT UNPACKING pc=0x000001b8e4ca9d22 sp=0x0000008ee35fe288 mode 2
Event: 9.660 Thread 0x000001b8f72ebb10 Uncommon trap: trap_request=0xffffffde fr.pc=0x000001b8e52b1e80 relative=0x00000000000002c0
Event: 9.660 Thread 0x000001b8f72ebb10 Uncommon trap: reason=class_check action=maybe_recompile pc=0x000001b8e52b1e80 method=java.util.regex.Pattern$BmpCharPropertyGreedy.match(Ljava/util/regex/Matcher;ILjava/lang/CharSequence;)Z @ 26 c2
Event: 9.660 Thread 0x000001b8f72ebb10 DEOPT PACKING pc=0x000001b8e52b1e80 sp=0x0000008ee35fe2f0
Event: 9.660 Thread 0x000001b8f72ebb10 DEOPT UNPACKING pc=0x000001b8e4ca9d22 sp=0x0000008ee35fe288 mode 2
Event: 9.660 Thread 0x000001b8f72ebb10 Uncommon trap: trap_request=0xffffffde fr.pc=0x000001b8e52b1e80 relative=0x00000000000002c0
Event: 9.660 Thread 0x000001b8f72ebb10 Uncommon trap: reason=class_check action=maybe_recompile pc=0x000001b8e52b1e80 method=java.util.regex.Pattern$BmpCharPropertyGreedy.match(Ljava/util/regex/Matcher;ILjava/lang/CharSequence;)Z @ 26 c2
Event: 9.660 Thread 0x000001b8f72ebb10 DEOPT PACKING pc=0x000001b8e52b1e80 sp=0x0000008ee35fe2f0
Event: 9.660 Thread 0x000001b8f72ebb10 DEOPT UNPACKING pc=0x000001b8e4ca9d22 sp=0x0000008ee35fe288 mode 2

Classes loaded (20 events):
Event: 9.320 Loading class sun/nio/cs/UTF_8$Encoder
Event: 9.320 Loading class sun/nio/cs/UTF_8$Encoder done
Event: 9.357 Loading class java/util/TimerTask
Event: 9.464 Loading class java/util/TimerTask done
Event: 9.540 Loading class java/time/format/DateTimeParseException
Event: 9.652 Loading class java/time/DateTimeException
Event: 9.652 Loading class java/time/DateTimeException done
Event: 9.652 Loading class java/time/format/DateTimeParseException done
Event: 9.656 Loading class java/security/InvalidKeyException
Event: 9.657 Loading class java/security/KeyException
Event: 9.657 Loading class java/security/KeyException done
Event: 9.657 Loading class java/security/InvalidKeyException done
Event: 9.658 Loading class javax/crypto/NoSuchPaddingException
Event: 9.658 Loading class javax/crypto/NoSuchPaddingException done
Event: 9.658 Loading class javax/crypto/IllegalBlockSizeException
Event: 9.658 Loading class javax/crypto/IllegalBlockSizeException done
Event: 9.658 Loading class java/security/spec/InvalidKeySpecException
Event: 9.658 Loading class java/security/spec/InvalidKeySpecException done
Event: 9.658 Loading class javax/net/ssl/SSLSocket
Event: 9.658 Loading class javax/net/ssl/SSLSocket done

Classes unloaded (0 events):
No events

Classes redefined (0 events):
No events

Internal exceptions (20 events):
Event: 2.446 Thread 0x000001b8f6fe3060 Implicit null exception at 0x000001b8e523a920 to 0x000001b8e523abb0
Event: 2.447 Thread 0x000001b8f6fe3060 Implicit null exception at 0x000001b8e51feca0 to 0x000001b8e51fed1d
Event: 2.696 Thread 0x000001b8f6fe3060 Implicit null exception at 0x000001b8e52352f2 to 0x000001b8e523567c
Event: 2.930 Thread 0x000001b8f6fe3060 Exception <a 'java/lang/NoSuchMethodError'{0x0000000088f1e630}: 'java.lang.Object java.lang.invoke.DirectMethodHandle$Holder.invokeInterface(java.lang.Object, java.lang.Object, java.lang.Object)'> (0x0000000088f1e630) 
thrown [s\open\src\hotspot\share\interpreter\linkResolver.cpp, line 773]
Event: 2.931 Thread 0x000001b8f6fe3060 Exception <a 'java/lang/IncompatibleClassChangeError'{0x0000000088f21cd8}: Found class java.lang.Object, but interface was expected> (0x0000000088f21cd8) 
thrown [s\open\src\hotspot\share\interpreter\linkResolver.cpp, line 840]
Event: 3.276 Thread 0x000001b8f6fe3060 Exception <a 'java/lang/NoSuchMethodError'{0x0000000088e4d560}: 'int java.lang.invoke.DirectMethodHandle$Holder.invokeSpecial(java.lang.Object, java.lang.Object, int)'> (0x0000000088e4d560) 
thrown [s\open\src\hotspot\share\interpreter\linkResolver.cpp, line 773]
Event: 3.303 Thread 0x000001b8f6fe3060 Exception <a 'java/lang/NoSuchMethodError'{0x0000000088ecfb20}: 'java.lang.Object java.lang.invoke.DirectMethodHandle$Holder.newInvokeSpecial(java.lang.Object, java.lang.Object, int)'> (0x0000000088ecfb20) 
thrown [s\open\src\hotspot\share\interpreter\linkResolver.cpp, line 773]
Event: 3.512 Thread 0x000001b8f6ef4840 Exception <a 'java/lang/NoSuchMethodError'{0x0000000088d9ca80}: 'int java.lang.invoke.DirectMethodHandle$Holder.invokeStaticInit(java.lang.Object, java.lang.Object)'> (0x0000000088d9ca80) 
thrown [s\open\src\hotspot\share\interpreter\linkResolver.cpp, line 773]
Event: 3.569 Thread 0x000001b8f6ef4840 Exception <a 'java/lang/NoSuchMethodError'{0x0000000088c3b8c8}: 'java.lang.Object java.lang.invoke.Invokers$Holder.invokeExact_MT(java.lang.Object, java.lang.Object, java.lang.Object, java.lang.Object, java.lang.Object)'> (0x0000000088c3b8c8) 
thrown [s\open\src\hotspot\share\interpreter\linkResolver.cpp, line 773]
Event: 5.864 Thread 0x000001b8f6fe3060 Exception <a 'java/lang/NoSuchMethodError'{0x00000000889be2b8}: 'long java.lang.invoke.DirectMethodHandle$Holder.invokeStatic(java.lang.Object, java.lang.Object, java.lang.Object)'> (0x00000000889be2b8) 
thrown [s\open\src\hotspot\share\interpreter\linkResolver.cpp, line 773]
Event: 5.864 Thread 0x000001b8f6fe3060 Exception <a 'java/lang/NoSuchMethodError'{0x00000000889c1688}: 'long java.lang.invoke.DirectMethodHandle$Holder.invokeStaticInit(java.lang.Object, java.lang.Object, java.lang.Object)'> (0x00000000889c1688) 
thrown [s\open\src\hotspot\share\interpreter\linkResolver.cpp, line 773]
Event: 5.869 Thread 0x000001b8f6fe3060 Exception <a 'java/lang/NoSuchMethodError'{0x00000000889d9930}: 'java.lang.Object java.lang.invoke.DirectMethodHandle$Holder.newInvokeSpecial(java.lang.Object, java.lang.Object, long)'> (0x00000000889d9930) 
thrown [s\open\src\hotspot\share\interpreter\linkResolver.cpp, line 773]
Event: 5.869 Thread 0x000001b8f6fe3060 Exception <a 'java/lang/NoSuchMethodError'{0x00000000889dd228}: 'java.lang.Object java.lang.invoke.Invokers$Holder.linkToTargetMethod(java.lang.Object, long, java.lang.Object)'> (0x00000000889dd228) 
thrown [s\open\src\hotspot\share\interpreter\linkResolver.cpp, line 773]
Event: 5.966 Thread 0x000001b8f6fe3060 Exception <a 'java/lang/NoSuchMethodError'{0x000000008887ff98}: 'void java.lang.invoke.DirectMethodHandle$Holder.invokeVirtual(java.lang.Object, java.lang.Object)'> (0x000000008887ff98) 
thrown [s\open\src\hotspot\share\interpreter\linkResolver.cpp, line 773]
Event: 8.147 Thread 0x000001b8f72ec060 Exception <a 'java/lang/ClassNotFoundException'{0x000000008825ce08}: sun/awt/resources/spi/awtProvider> (0x000000008825ce08) 
thrown [s\open\src\hotspot\share\classfile\systemDictionary.cpp, line 305]
Event: 8.150 Thread 0x000001b8f72ec060 Exception <a 'java/io/FileNotFoundException'{0x0000000088261008}> (0x0000000088261008) 
thrown [s\open\src\hotspot\share\prims\jni.cpp, line 519]
Event: 8.151 Thread 0x000001b8f72ec060 Exception <a 'java/io/FileNotFoundException'{0x00000000882622c8}> (0x00000000882622c8) 
thrown [s\open\src\hotspot\share\prims\jni.cpp, line 519]
Event: 8.533 Thread 0x000001b8f72ebb10 Exception <a 'java/lang/NoSuchMethodError'{0x0000000088041cf0}: 'java.lang.Object java.lang.invoke.DirectMethodHandle$Holder.invokeInterface(java.lang.Object, java.lang.Object)'> (0x0000000088041cf0) 
thrown [s\open\src\hotspot\share\interpreter\linkResolver.cpp, line 773]
Event: 8.696 Thread 0x000001b8f72ebb10 Exception <a 'java/lang/NoSuchMethodError'{0x00000000880b68d0}: 'java.lang.Object java.lang.invoke.DirectMethodHandle$Holder.invokeVirtual(java.lang.Object, java.lang.Object, java.lang.Object)'> (0x00000000880b68d0) 
thrown [s\open\src\hotspot\share\interpreter\linkResolver.cpp, line 773]
Event: 9.664 Thread 0x000001b8f72ebb10 Exception <a 'java/lang/NoSuchMethodError'{0x0000000089b6c490}: 'void java.lang.invoke.DirectMethodHandle$Holder.invokeInterface(java.lang.Object, java.lang.Object)'> (0x0000000089b6c490) 
thrown [s\open\src\hotspot\share\interpreter\linkResolver.cpp, line 773]

VM Operations (20 events):
Event: 5.945 Executing VM operation: HandshakeAllThreads
Event: 5.945 Executing VM operation: HandshakeAllThreads done
Event: 6.945 Executing VM operation: Cleanup
Event: 6.946 Executing VM operation: Cleanup done
Event: 8.250 Executing VM operation: HandshakeAllThreads
Event: 8.250 Executing VM operation: HandshakeAllThreads done
Event: 8.250 Executing VM operation: Cleanup
Event: 8.251 Executing VM operation: Cleanup done
Event: 8.504 Executing VM operation: HandshakeAllThreads
Event: 8.504 Executing VM operation: HandshakeAllThreads done
Event: 8.535 Executing VM operation: HandshakeAllThreads
Event: 8.535 Executing VM operation: HandshakeAllThreads done
Event: 8.564 Executing VM operation: HandshakeAllThreads
Event: 8.564 Executing VM operation: HandshakeAllThreads done
Event: 8.817 Executing VM operation: HandshakeAllThreads
Event: 8.817 Executing VM operation: HandshakeAllThreads done
Event: 9.089 Executing VM operation: HandshakeAllThreads
Event: 9.089 Executing VM operation: HandshakeAllThreads done
Event: 9.328 Executing VM operation: G1CollectForAllocation
Event: 9.343 Executing VM operation: G1CollectForAllocation done

Events (20 events):
Event: 1.224 Thread 0x000001b8f6f32c60 Thread added: 0x000001b8f6f32c60
Event: 1.754 Thread 0x000001b8f719d500 Thread added: 0x000001b8f719d500
Event: 1.783 Thread 0x000001b8f71fc780 Thread added: 0x000001b8f71fc780
Event: 1.925 Thread 0x000001b8f71fc780 Thread exited: 0x000001b8f71fc780
Event: 1.925 Thread 0x000001b8f719d500 Thread exited: 0x000001b8f719d500
Event: 1.943 Thread 0x000001b8f715d140 Thread added: 0x000001b8f715d140
Event: 2.679 Thread 0x000001b8f715d140 Thread exited: 0x000001b8f715d140
Event: 2.916 Thread 0x000001b8f740a710 Thread added: 0x000001b8f740a710
Event: 3.779 Thread 0x000001b8f72ec5b0 Thread added: 0x000001b8f72ec5b0
Event: 6.404 Thread 0x000001b8f72ebb10 Thread added: 0x000001b8f72ebb10
Event: 6.424 Thread 0x000001b8f72ec060 Thread added: 0x000001b8f72ec060
Event: 8.242 Thread 0x000001b8f688bfe0 Thread added: 0x000001b8f688bfe0
Event: 8.312 Thread 0x000001b8f72ec060 Thread exited: 0x000001b8f72ec060
Event: 8.495 Thread 0x000001b8f688c530 Thread added: 0x000001b8f688c530
Event: 8.559 Thread 0x000001b8f64504f0 Thread added: 0x000001b8f64504f0
Event: 8.871 Thread 0x000001b8f64504f0 Thread exited: 0x000001b8f64504f0
Event: 8.944 Thread 0x000001b8f6c72c50 Thread added: 0x000001b8f6c72c50
Event: 9.265 Thread 0x000001b8f6c72c50 Thread exited: 0x000001b8f6c72c50
Event: 9.509 Thread 0x000001b8f64fb290 Thread added: 0x000001b8f64fb290
Event: 9.657 Thread 0x000001b8f64fb290 Thread exited: 0x000001b8f64fb290


Dynamic libraries:
0x00007ff6a04d0000 - 0x00007ff6a04e0000 	C:\Program Files\Java\jdk-20\bin\java.exe
0x00007fff9ecf0000 - 0x00007fff9ef07000 	C:\WINDOWS\SYSTEM32\ntdll.dll
0x00007fff9d0f0000 - 0x00007fff9d1b4000 	C:\WINDOWS\System32\KERNEL32.DLL
0x00007fff9c250000 - 0x00007fff9c5f7000 	C:\WINDOWS\System32\KERNELBASE.dll
0x00007fff9c890000 - 0x00007fff9c9a1000 	C:\WINDOWS\System32\ucrtbase.dll
0x00007fff605d0000 - 0x00007fff605e9000 	C:\Program Files\Java\jdk-20\bin\jli.dll
0x00007fff73560000 - 0x00007fff7357b000 	C:\Program Files\Java\jdk-20\bin\VCRUNTIME140.dll
0x00007fff9ccf0000 - 0x00007fff9cda0000 	C:\WINDOWS\System32\ADVAPI32.dll
0x00007fff9cc10000 - 0x00007fff9ccb7000 	C:\WINDOWS\System32\msvcrt.dll
0x00007fff9cda0000 - 0x00007fff9ce46000 	C:\WINDOWS\System32\sechost.dll
0x00007fff9eb90000 - 0x00007fff9eca7000 	C:\WINDOWS\System32\RPCRT4.dll
0x00007fff9dd20000 - 0x00007fff9dece000 	C:\WINDOWS\System32\USER32.dll
0x00007fff9c9b0000 - 0x00007fff9c9d6000 	C:\WINDOWS\System32\win32u.dll
0x00007fff9d220000 - 0x00007fff9d249000 	C:\WINDOWS\System32\GDI32.dll
0x00007fff91e60000 - 0x00007fff920f3000 	C:\WINDOWS\WinSxS\amd64_microsoft.windows.common-controls_6595b64144ccf1df_6.0.22621.2506_none_270c5ae97388e100\COMCTL32.dll
0x00007fff9c770000 - 0x00007fff9c889000 	C:\WINDOWS\System32\gdi32full.dll
0x00007fff9c070000 - 0x00007fff9c10a000 	C:\WINDOWS\System32\msvcp_win.dll
0x00007fff971e0000 - 0x00007fff971ea000 	C:\WINDOWS\SYSTEM32\VERSION.dll
0x00007fff9dff0000 - 0x00007fff9e021000 	C:\WINDOWS\System32\IMM32.DLL
0x00007fff92520000 - 0x00007fff9252c000 	C:\Program Files\Java\jdk-20\bin\vcruntime140_1.dll
0x00007fff5d3e0000 - 0x00007fff5d46e000 	C:\Program Files\Java\jdk-20\bin\msvcp140.dll
0x00007fff529c0000 - 0x00007fff53658000 	C:\Program Files\Java\jdk-20\bin\server\jvm.dll
0x00007fff8c150000 - 0x00007fff8c159000 	C:\WINDOWS\SYSTEM32\WSOCK32.dll
0x00007fff96270000 - 0x00007fff962a4000 	C:\WINDOWS\SYSTEM32\WINMM.dll
0x00007fff9cfe0000 - 0x00007fff9d051000 	C:\WINDOWS\System32\WS2_32.dll
0x00007fff9b100000 - 0x00007fff9b118000 	C:\WINDOWS\SYSTEM32\kernel.appcore.dll
0x00007fff82700000 - 0x00007fff8270a000 	C:\Program Files\Java\jdk-20\bin\jimage.dll
0x00007fff99b20000 - 0x00007fff99d53000 	C:\WINDOWS\SYSTEM32\DBGHELP.DLL
0x00007fff9d360000 - 0x00007fff9d6e9000 	C:\WINDOWS\System32\combase.dll
0x00007fff9d250000 - 0x00007fff9d327000 	C:\WINDOWS\System32\OLEAUT32.dll
0x00007fff946c0000 - 0x00007fff946f2000 	C:\WINDOWS\SYSTEM32\dbgcore.DLL
0x00007fff9c110000 - 0x00007fff9c18a000 	C:\WINDOWS\System32\bcryptPrimitives.dll
0x00007fff60420000 - 0x00007fff60446000 	C:\Program Files\Java\jdk-20\bin\java.dll
0x00007fff60340000 - 0x00007fff60417000 	C:\Program Files\Java\jdk-20\bin\jsvml.dll
0x00007fff9e040000 - 0x00007fff9e899000 	C:\WINDOWS\System32\SHELL32.dll
0x00007fff99fa0000 - 0x00007fff9a894000 	C:\WINDOWS\SYSTEM32\windows.storage.dll
0x00007fff99e60000 - 0x00007fff99f9e000 	C:\WINDOWS\SYSTEM32\wintypes.dll
0x00007fff9cee0000 - 0x00007fff9cfd3000 	C:\WINDOWS\System32\SHCORE.dll
0x00007fff9d1c0000 - 0x00007fff9d21e000 	C:\WINDOWS\System32\shlwapi.dll
0x00007fff9bfa0000 - 0x00007fff9bfc6000 	C:\WINDOWS\SYSTEM32\profapi.dll
0x00007fff6a3a0000 - 0x00007fff6a3b3000 	C:\Program Files\Java\jdk-20\bin\net.dll
0x00007fff95970000 - 0x00007fff95aa7000 	C:\WINDOWS\SYSTEM32\WINHTTP.dll
0x00007fff9b5e0000 - 0x00007fff9b649000 	C:\WINDOWS\system32\mswsock.dll
0x00007fff60320000 - 0x00007fff60336000 	C:\Program Files\Java\jdk-20\bin\nio.dll
0x00007fff60300000 - 0x00007fff60318000 	C:\Program Files\Java\jdk-20\bin\zip.dll
0x000001b8d55c0000 - 0x000001b8d55c3000 	C:\Program Files\Java\javafx-sdk-20.0.2\bin\api-ms-win-core-console-l1-1-0.dll
0x000001b8d55d0000 - 0x000001b8d55d3000 	C:\Program Files\Java\javafx-sdk-20.0.2\bin\api-ms-win-core-console-l1-2-0.dll
0x000001b8d55e0000 - 0x000001b8d55e3000 	C:\Program Files\Java\javafx-sdk-20.0.2\bin\api-ms-win-core-datetime-l1-1-0.dll
0x000001b8d55f0000 - 0x000001b8d55f3000 	C:\Program Files\Java\javafx-sdk-20.0.2\bin\api-ms-win-core-debug-l1-1-0.dll
0x000001b8f2150000 - 0x000001b8f2153000 	C:\Program Files\Java\javafx-sdk-20.0.2\bin\api-ms-win-core-errorhandling-l1-1-0.dll
0x000001b8f2160000 - 0x000001b8f2164000 	C:\Program Files\Java\javafx-sdk-20.0.2\bin\api-ms-win-core-file-l1-1-0.dll
0x000001b8f2170000 - 0x000001b8f2173000 	C:\Program Files\Java\javafx-sdk-20.0.2\bin\api-ms-win-core-file-l1-2-0.dll
0x000001b8f2180000 - 0x000001b8f2183000 	C:\Program Files\Java\javafx-sdk-20.0.2\bin\api-ms-win-core-file-l2-1-0.dll
0x000001b8f2190000 - 0x000001b8f2193000 	C:\Program Files\Java\javafx-sdk-20.0.2\bin\api-ms-win-core-handle-l1-1-0.dll
0x000001b8f21a0000 - 0x000001b8f21a3000 	C:\Program Files\Java\javafx-sdk-20.0.2\bin\api-ms-win-core-heap-l1-1-0.dll
0x000001b8f21b0000 - 0x000001b8f21b3000 	C:\Program Files\Java\javafx-sdk-20.0.2\bin\api-ms-win-core-interlocked-l1-1-0.dll
0x000001b8f21c0000 - 0x000001b8f21c3000 	C:\Program Files\Java\javafx-sdk-20.0.2\bin\api-ms-win-core-libraryloader-l1-1-0.dll
0x000001b8f21d0000 - 0x000001b8f21d3000 	C:\Program Files\Java\javafx-sdk-20.0.2\bin\api-ms-win-core-localization-l1-2-0.dll
0x000001b8f21e0000 - 0x000001b8f21e3000 	C:\Program Files\Java\javafx-sdk-20.0.2\bin\api-ms-win-core-memory-l1-1-0.dll
0x000001b8f21f0000 - 0x000001b8f21f3000 	C:\Program Files\Java\javafx-sdk-20.0.2\bin\api-ms-win-core-namedpipe-l1-1-0.dll
0x000001b8f2200000 - 0x000001b8f2203000 	C:\Program Files\Java\javafx-sdk-20.0.2\bin\api-ms-win-core-processenvironment-l1-1-0.dll
0x000001b8f2210000 - 0x000001b8f2213000 	C:\Program Files\Java\javafx-sdk-20.0.2\bin\api-ms-win-core-processthreads-l1-1-0.dll
0x000001b8f2220000 - 0x000001b8f2223000 	C:\Program Files\Java\javafx-sdk-20.0.2\bin\api-ms-win-core-processthreads-l1-1-1.dll
0x000001b8f2230000 - 0x000001b8f2233000 	C:\Program Files\Java\javafx-sdk-20.0.2\bin\api-ms-win-core-profile-l1-1-0.dll
0x000001b8f2240000 - 0x000001b8f2243000 	C:\Program Files\Java\javafx-sdk-20.0.2\bin\api-ms-win-core-rtlsupport-l1-1-0.dll
0x000001b8f2250000 - 0x000001b8f2253000 	C:\Program Files\Java\javafx-sdk-20.0.2\bin\api-ms-win-core-string-l1-1-0.dll
0x000001b8f2260000 - 0x000001b8f2263000 	C:\Program Files\Java\javafx-sdk-20.0.2\bin\api-ms-win-core-synch-l1-1-0.dll
0x000001b8f2270000 - 0x000001b8f2273000 	C:\Program Files\Java\javafx-sdk-20.0.2\bin\api-ms-win-core-synch-l1-2-0.dll
0x000001b8f2280000 - 0x000001b8f2283000 	C:\Program Files\Java\javafx-sdk-20.0.2\bin\api-ms-win-core-sysinfo-l1-1-0.dll
0x000001b8f2290000 - 0x000001b8f2293000 	C:\Program Files\Java\javafx-sdk-20.0.2\bin\api-ms-win-core-timezone-l1-1-0.dll
0x000001b8f22a0000 - 0x000001b8f22a3000 	C:\Program Files\Java\javafx-sdk-20.0.2\bin\api-ms-win-core-util-l1-1-0.dll
0x000001b8f22b0000 - 0x000001b8f22b3000 	C:\Program Files\Java\javafx-sdk-20.0.2\bin\api-ms-win-crt-conio-l1-1-0.dll
0x000001b8f22c0000 - 0x000001b8f22c4000 	C:\Program Files\Java\javafx-sdk-20.0.2\bin\api-ms-win-crt-convert-l1-1-0.dll
0x000001b8f22d0000 - 0x000001b8f22d3000 	C:\Program Files\Java\javafx-sdk-20.0.2\bin\api-ms-win-crt-environment-l1-1-0.dll
0x000001b8f22e0000 - 0x000001b8f22e3000 	C:\Program Files\Java\javafx-sdk-20.0.2\bin\api-ms-win-crt-filesystem-l1-1-0.dll
0x000001b8f22f0000 - 0x000001b8f22f3000 	C:\Program Files\Java\javafx-sdk-20.0.2\bin\api-ms-win-crt-heap-l1-1-0.dll
0x000001b8f2300000 - 0x000001b8f2303000 	C:\Program Files\Java\javafx-sdk-20.0.2\bin\api-ms-win-crt-locale-l1-1-0.dll
0x000001b8f2310000 - 0x000001b8f2315000 	C:\Program Files\Java\javafx-sdk-20.0.2\bin\api-ms-win-crt-math-l1-1-0.dll
0x000001b8f2320000 - 0x000001b8f2325000 	C:\Program Files\Java\javafx-sdk-20.0.2\bin\api-ms-win-crt-multibyte-l1-1-0.dll
0x000001b8f2330000 - 0x000001b8f2340000 	C:\Program Files\Java\javafx-sdk-20.0.2\bin\api-ms-win-crt-private-l1-1-0.dll
0x000001b8f2340000 - 0x000001b8f2343000 	C:\Program Files\Java\javafx-sdk-20.0.2\bin\api-ms-win-crt-process-l1-1-0.dll
0x000001b8f2350000 - 0x000001b8f2354000 	C:\Program Files\Java\javafx-sdk-20.0.2\bin\api-ms-win-crt-runtime-l1-1-0.dll
0x000001b8f2360000 - 0x000001b8f2364000 	C:\Program Files\Java\javafx-sdk-20.0.2\bin\api-ms-win-crt-stdio-l1-1-0.dll
0x000001b8f2370000 - 0x000001b8f2374000 	C:\Program Files\Java\javafx-sdk-20.0.2\bin\api-ms-win-crt-string-l1-1-0.dll
0x000001b8f2380000 - 0x000001b8f2383000 	C:\Program Files\Java\javafx-sdk-20.0.2\bin\api-ms-win-crt-time-l1-1-0.dll
0x000001b8f2390000 - 0x000001b8f2393000 	C:\Program Files\Java\javafx-sdk-20.0.2\bin\api-ms-win-crt-utility-l1-1-0.dll
0x00007fff56ec0000 - 0x00007fff56fbc000 	C:\Program Files\Java\javafx-sdk-20.0.2\bin\ucrtbase.dll
0x00007fff95370000 - 0x00007fff9538b000 	C:\Program Files\Java\javafx-sdk-20.0.2\bin\vcruntime140.dll
0x00007fff95360000 - 0x00007fff9536c000 	C:\Program Files\Java\javafx-sdk-20.0.2\bin\vcruntime140_1.dll
0x00007fff55e10000 - 0x00007fff55e9e000 	C:\Program Files\Java\javafx-sdk-20.0.2\bin\msvcp140.dll
0x00007fff93860000 - 0x00007fff93869000 	C:\Program Files\Java\javafx-sdk-20.0.2\bin\msvcp140_1.dll
0x00007fff794b0000 - 0x00007fff794e0000 	C:\Program Files\Java\javafx-sdk-20.0.2\bin\msvcp140_2.dll
0x00007fff5cd50000 - 0x00007fff5cd7f000 	C:\Program Files\Java\javafx-sdk-20.0.2\bin\prism_d3d.dll
0x00007fff54fd0000 - 0x00007fff55179000 	C:\WINDOWS\system32\d3d9.dll
0x00007fff994a0000 - 0x00007fff994cb000 	C:\WINDOWS\SYSTEM32\dwmapi.dll
0x00007fff99080000 - 0x00007fff990b6000 	C:\WINDOWS\SYSTEM32\dxcore.dll
0x00007fff98da0000 - 0x00007fff98e4b000 	C:\WINDOWS\system32\uxtheme.dll
0x00007fff57190000 - 0x00007fff572f5000 	C:\WINDOWS\System32\DriverStore\FileRepository\igdlh64.inf_amd64_dccdb071926b5316\igdumdim64.dll
0x00007fff9e9f0000 - 0x00007fff9eb90000 	C:\WINDOWS\System32\ole32.dll
0x00007fff2c140000 - 0x00007fff2fd94000 	C:\WINDOWS\System32\DriverStore\FileRepository\igdlh64.inf_amd64_dccdb071926b5316\igd9dxva64.dll
0x00007fff9d8a0000 - 0x00007fff9dd14000 	C:\WINDOWS\System32\SETUPAPI.dll
0x00007fff9bd60000 - 0x00007fff9bdae000 	C:\WINDOWS\SYSTEM32\cfgmgr32.dll
0x00007fff7cf70000 - 0x00007fff7d331000 	C:\WINDOWS\System32\DriverStore\FileRepository\igdlh64.inf_amd64_dccdb071926b5316\igdgmm64.dll
0x00007fff80370000 - 0x00007fff803ba000 	C:\WINDOWS\SYSTEM32\directxdatabasehelper.dll
0x00007fff55f30000 - 0x00007fff55f72000 	C:\Program Files\Java\javafx-sdk-20.0.2\bin\glass.dll
0x00007fff9e8a0000 - 0x00007fff9e999000 	C:\WINDOWS\System32\COMDLG32.dll
0x00007fff9d750000 - 0x00007fff9d89f000 	C:\WINDOWS\System32\MSCTF.dll
0x00007fff791d0000 - 0x00007fff791f7000 	C:\WINDOWS\System32\DriverStore\FileRepository\igdlh64.inf_amd64_dccdb071926b5316\igdinfo64.dll
0x00007fff9b830000 - 0x00007fff9b84b000 	C:\WINDOWS\SYSTEM32\CRYPTSP.dll
0x00007fff9b0c0000 - 0x00007fff9b0f5000 	C:\WINDOWS\system32\rsaenh.dll
0x00007fff9b850000 - 0x00007fff9b85c000 	C:\WINDOWS\SYSTEM32\CRYPTBASE.dll
0x00007fff9ba20000 - 0x00007fff9ba48000 	C:\WINDOWS\SYSTEM32\bcrypt.dll
0x00007fff79b20000 - 0x00007fff7cd26000 	C:\WINDOWS\System32\DriverStore\FileRepository\igdlh64.inf_amd64_dccdb071926b5316\igc64.dll
0x00007fff93440000 - 0x00007fff93454000 	C:\Program Files\Java\javafx-sdk-20.0.2\bin\javafx_font.dll
0x00007fff96710000 - 0x00007fff96983000 	C:\WINDOWS\SYSTEM32\dwrite.dll
0x00007fff9df40000 - 0x00007fff9dff0000 	C:\WINDOWS\System32\clbcatq.dll
0x00007fff98b80000 - 0x00007fff98d30000 	C:\WINDOWS\SYSTEM32\WindowsCodecs.dll
0x00007fff8e450000 - 0x00007fff8e4ae000 	C:\WINDOWS\system32\dataexchange.dll
0x00007fff82b70000 - 0x00007fff82df5000 	C:\WINDOWS\system32\twinapi.appcore.dll
0x00007fff548a0000 - 0x00007fff548d2000 	C:\Program Files\Common Files\Microsoft Shared\Ink\rtscom.dll
0x00007fff80d70000 - 0x00007fff80eba000 	C:\WINDOWS\SYSTEM32\textinputframework.dll
0x00007fff97a30000 - 0x00007fff97b63000 	C:\WINDOWS\SYSTEM32\CoreMessaging.dll
0x00007fff7e7e0000 - 0x00007fff7eb4c000 	C:\WINDOWS\SYSTEM32\CoreUIComponents.dll
0x00007fff5ca10000 - 0x00007fff5ca36000 	C:\Windows\System32\dpuareu_jni.dll
0x00007fff54f50000 - 0x00007fff54fc4000 	C:\WINDOWS\SYSTEM32\dpfj.dll
0x00007fff5bac0000 - 0x00007fff5baeb000 	C:\WINDOWS\SYSTEM32\dpfpdd.dll
0x00007fff94010000 - 0x00007fff940a0000 	C:\WINDOWS\SYSTEM32\DPFPApi.DLL
0x00007fff9c600000 - 0x00007fff9c766000 	C:\WINDOWS\System32\CRYPT32.dll

dbghelp: loaded successfully - version: 4.0.5 - missing functions: none
symbol engine: initialized successfully - sym options: 0x614 - pdb path: .;C:\Program Files\Java\jdk-20\bin;C:\WINDOWS\SYSTEM32;C:\WINDOWS\WinSxS\amd64_microsoft.windows.common-controls_6595b64144ccf1df_6.0.22621.2506_none_270c5ae97388e100;C:\Program Files\Java\jdk-20\bin\server;C:\Program Files\Java\javafx-sdk-20.0.2\bin;C:\WINDOWS\System32\DriverStore\FileRepository\igdlh64.inf_amd64_dccdb071926b5316;C:\Program Files\Common Files\Microsoft Shared\Ink

VM Arguments:
jvm_args: -Dfile.encoding=UTF-8 --module-path=C:\Program Files\Java\javafx-sdk-20.0.2\lib --add-modules=javafx.controls,javafx.fxml --module-path=C:\Program Files\Java\javafx-sdk-20.0.2\lib\javafx-swt.jar;C:\Program Files\Java\javafx-sdk-20.0.2\lib\javafx.base.jar;C:\Program Files\Java\javafx-sdk-20.0.2\lib\javafx.controls.jar;C:\Program Files\Java\javafx-sdk-20.0.2\lib\javafx.fxml.jar;C:\Program Files\Java\javafx-sdk-20.0.2\lib\javafx.graphics.jar;C:\Program Files\Java\javafx-sdk-20.0.2\lib\javafx.media.jar;C:\Program Files\Java\javafx-sdk-20.0.2\lib\javafx.swing.jar;C:\Program Files\Java\javafx-sdk-20.0.2\lib\javafx.web.jar 
java_command: Main
java_class_path (initial): C:\Program Files\Java\javafx-sdk-20.0.2\lib\javafx-swt.jar;C:\Program Files\Java\javafx-sdk-20.0.2\lib\javafx.base.jar;C:\Program Files\Java\javafx-sdk-20.0.2\lib\javafx.controls.jar;C:\Program Files\Java\javafx-sdk-20.0.2\lib\javafx.fxml.jar;C:\Program Files\Java\javafx-sdk-20.0.2\lib\javafx.graphics.jar;C:\Program Files\Java\javafx-sdk-20.0.2\lib\javafx.media.jar;C:\Program Files\Java\javafx-sdk-20.0.2\lib\javafx.swing.jar;C:\Program Files\Java\javafx-sdk-20.0.2\lib\javafx.web.jar;C:\Program Files\DigitalPersona\U.are.U SDK\Windows\Lib\Java\dpuareu.jar;C:\Program Files\Java\mysql-connector-j-8.1.0\mysql-connector-j-8.1.0.jar;C:\Programming\NetBeansProjects\attendance-system\build\classes
Launcher Type: SUN_STANDARD

[Global flags]
     intx CICompilerCount                          = 4                                         {product} {ergonomic}
     uint ConcGCThreads                            = 2                                         {product} {ergonomic}
     uint G1ConcRefinementThreads                  = 8                                         {product} {ergonomic}
   size_t G1HeapRegionSize                         = 1048576                                   {product} {ergonomic}
    uintx GCDrainStackTargetSize                   = 64                                        {product} {ergonomic}
   size_t InitialHeapSize                          = 134217728                                 {product} {ergonomic}
   size_t MarkStackSize                            = 4194304                                   {product} {ergonomic}
   size_t MaxHeapSize                              = 2116026368                                {product} {ergonomic}
   size_t MaxNewSize                               = 1268776960                                {product} {ergonomic}
   size_t MinHeapDeltaBytes                        = 1048576                                   {product} {ergonomic}
   size_t MinHeapSize                              = 8388608                                   {product} {ergonomic}
    uintx NonNMethodCodeHeapSize                   = 5839372                                {pd product} {ergonomic}
    uintx NonProfiledCodeHeapSize                  = 122909434                              {pd product} {ergonomic}
    uintx ProfiledCodeHeapSize                     = 122909434                              {pd product} {ergonomic}
    uintx ReservedCodeCacheSize                    = 251658240                              {pd product} {ergonomic}
     bool SegmentedCodeCache                       = true                                      {product} {ergonomic}
   size_t SoftMaxHeapSize                          = 2116026368                             {manageable} {ergonomic}
     bool UseCompressedClassPointers               = true                           {product lp64_product} {ergonomic}
     bool UseCompressedOops                        = true                           {product lp64_product} {ergonomic}
     bool UseG1GC                                  = true                                      {product} {ergonomic}
     bool UseLargePagesIndividualAllocation        = false                                  {pd product} {ergonomic}

Logging:
Log output configuration:
 #0: stdout all=warning uptime,level,tags foldmultilines=false
 #1: stderr all=off uptime,level,tags foldmultilines=false

Environment Variables:
JAVA_HOME=C:\Program Files\Java\jdk-20
CLASSPATH=C:\Program Files\Java\mysql-connector-j-8.1.0\mysql-connector-j-8.1.0.jar
PATH=C:\Program Files\Common Files\Oracle\Java\javapath;C:\Program Files (x86)\Common Files\Oracle\Java\javapath;C:\WINDOWS\system32;C:\WINDOWS;C:\WINDOWS\System32\Wbem;C:\WINDOWS\System32\WindowsPowerShell\v1.0\;C:\WINDOWS\System32\OpenSSH\;C:\Program Files\Git\cmd;C:\Program Files\dotnet\;C:\Users\danodoms\AppData\Local\Microsoft\WindowsApps;C:\Users\danodoms\AppData\Local\Programs\Microsoft VS Code\bin;
USERNAME=admin
OS=Windows_NT
PROCESSOR_IDENTIFIER=Intel64 Family 6 Model 142 Stepping 10, GenuineIntel
TMP=C:\Users\danodoms\AppData\Local\Temp
TEMP=C:\Users\danodoms\AppData\Local\Temp




---------------  S Y S T E M  ---------------

OS:
 Windows 11 , 64 bit Build 22621 (10.0.22621.2506)
OS uptime: 1 days 5:47 hours

CPU: total 8 (initial active 8) (4 cores per cpu, 2 threads per core) family 6 model 142 stepping 10 microcode 0xf4, cx8, cmov, fxsr, ht, mmx, 3dnowpref, sse, sse2, sse3, ssse3, sse4.1, sse4.2, popcnt, lzcnt, tsc, tscinvbit, avx, avx2, aes, erms, clmul, bmi1, bmi2, rtm, adx, fma, vzeroupper, clflush, clflushopt, rdtscp, f16c

Memory: 4k page, system-wide physical 8071M (751M free)
TotalPageFile size 18823M (AvailPageFile size 4560M)
current process WorkingSet (physical memory assigned to process): 185M, peak: 185M
current process commit charge ("private bytes"): 298M, peak: 298M

vm_info: Java HotSpot(TM) 64-Bit Server VM (20.0.2+9-78) for windows-amd64 JRE (20.0.2+9-78), built on 2023-06-14T10:08:48Z by "mach5one" with MS VC++ 17.1 (VS2022)

END.
