#
# A fatal error has been detected by the Java Runtime Environment:
#
#  EXCEPTION_ACCESS_VIOLATION (0xc0000005) at pc=0x00007fff529ca330, pid=20664, tid=20928
#
# JRE version: Java(TM) SE Runtime Environment (20.0.2+9) (build 20.0.2+9-78)
# Java VM: Java HotSpot(TM) 64-Bit Server VM (20.0.2+9-78, mixed mode, sharing, tiered, compressed oops, compressed class ptrs, g1 gc, windows-amd64)
# Problematic frame:
# V  [jvm.dll+0xa330]
#
# No core dump will be written. Minidumps are not enabled by default on client versions of Windows
#
# If you would like to submit a bug report, please visit:
#   https://bugreport.java.com/bugreport/crash.jsp
#

---------------  S U M M A R Y ------------

Command Line: -Dfile.encoding=UTF-8 --module-path=C:\Program Files\Java\javafx-sdk-20.0.2\lib --add-modules=javafx.controls,javafx.fxml --module-path=C:\Program Files\Java\javafx-sdk-20.0.2\lib\javafx-swt.jar;C:\Program Files\Java\javafx-sdk-20.0.2\lib\javafx.base.jar;C:\Program Files\Java\javafx-sdk-20.0.2\lib\javafx.controls.jar;C:\Program Files\Java\javafx-sdk-20.0.2\lib\javafx.fxml.jar;C:\Program Files\Java\javafx-sdk-20.0.2\lib\javafx.graphics.jar;C:\Program Files\Java\javafx-sdk-20.0.2\lib\javafx.media.jar;C:\Program Files\Java\javafx-sdk-20.0.2\lib\javafx.swing.jar;C:\Program Files\Java\javafx-sdk-20.0.2\lib\javafx.web.jar Main

Host: Intel(R) Core(TM) i5-8350U CPU @ 1.70GHz, 8 cores, 7G,  Windows 11 , 64 bit Build 22621 (10.0.22621.2506)
Time: Fri Nov  3 14:53:05 2023 Malay Peninsula Standard Time elapsed time: 7.296515 seconds (0d 0h 0m 7s)

---------------  T H R E A D  ---------------

Current thread (0x000001997c5784f0):  JavaThread "Thread-3" [_thread_in_vm, id=20928, stack(0x0000002fd1000000,0x0000002fd1100000)]

Stack: [0x0000002fd1000000,0x0000002fd1100000],  sp=0x0000002fd10ff278,  free space=1020k
Native frames: (J=compiled Java code, j=interpreted, Vv=VM code, C=native code)
V  [jvm.dll+0xa330]

Java frames: (J=compiled Java code, j=interpreted, Vv=VM code)
j  com.digitalpersona.uareu.jni.Dpfj.DpfjIdentify([BII[[BIILcom/digitalpersona/uareu/jni/Dpfj$IntReference;[Lcom/digitalpersona/uareu/Engine$Candidate;)I+0
j  com.digitalpersona.uareu.jni.Dpfj.identify(Lcom/digitalpersona/uareu/Fmd;I[Lcom/digitalpersona/uareu/Fmd;II)[Lcom/digitalpersona/uareu/Engine$Candidate;+148
j  com.digitalpersona.uareu.dpfj.EngineImpl.Identify(Lcom/digitalpersona/uareu/Fmd;I[Lcom/digitalpersona/uareu/Fmd;II)[Lcom/digitalpersona/uareu/Engine$Candidate;+11
j  Fingerprint.IdentificationThread.startIdentification(Lcom/digitalpersona/uareu/Reader;Ljavafx/scene/image/ImageView;)V+104
j  Fingerprint.IdentificationThread.run()V+9
v  ~StubRoutines::call_stub 0x0000019928f4100d

siginfo: EXCEPTION_ACCESS_VIOLATION (0xc0000005), reading address 0x0000000000000000


Registers:
RAX=0x0000000000000000, RBX=0x000001997c5784f0, RCX=0x0000000000000000, RDX=0x0000000000000000
RSP=0x0000002fd10ff278, RBP=0x0000002fd10ff428, RSI=0x000001997c5787d0, RDI=0x0000000000000000
R8 =0x0000002fd10ff480, R9 =0x0000000001010001, R10=0x00007fff535066d0, R11=0x0000000000000101
R12=0x0000000000000000, R13=0x0000019977f73d40, R14=0x0000002fd10ff488, R15=0x0000000000000000
RIP=0x00007fff529ca330, EFLAGS=0x0000000000010246


Register to memory mapping:

RIP=0x00007fff529ca330 jvm.dll
RAX=0x0 is NULL
RBX=0x000001997c5784f0 is a thread
RCX=0x0 is NULL
RDX=0x0 is NULL
RSP=0x0000002fd10ff278 is pointing into the stack for thread: 0x000001997c5784f0
RBP=0x0000002fd10ff428 is pointing into the stack for thread: 0x000001997c5784f0
RSI=0x000001997c5787d0 points into unknown readable memory: 0x00007fff535066d0 | d0 66 50 53 ff 7f 00 00
RDI=0x0 is NULL
R8 =0x0000002fd10ff480 is pointing into the stack for thread: 0x000001997c5784f0
R9 =0x0000000001010001 is an unknown value
R10=0x00007fff535066d0 jvm.dll
R11=0x0000000000000101 is an unknown value
R12=0x0 is NULL
R13={method} {0x0000019977f73d48} 'DpfjIdentify' '([BII[[BIILcom/digitalpersona/uareu/jni/Dpfj$IntReference;[Lcom/digitalpersona/uareu/Engine$Candidate;)I' in 'com/digitalpersona/uareu/jni/Dpfj'
R14=0x0000002fd10ff488 is pointing into the stack for thread: 0x000001997c5784f0
R15=0x0 is NULL


Top of Stack: (sp=0x0000002fd10ff278)
0x0000002fd10ff278:   00007fff52dfb549 000001990000000a
0x0000002fd10ff288:   0000001b955b55b4 0000019977f73d40
0x0000002fd10ff298:   000001997c5784f0 0000002fd10ff480
0x0000002fd10ff2a8:   00007fff7536208a 0000019977f73d40
0x0000002fd10ff2b8:   000001997c5787d0 000001997c5784f0
0x0000002fd10ff2c8:   0000002fd10ff488 0000000000000000
0x0000002fd10ff2d8:   0000019977be30d8 00000199364bd890
0x0000002fd10ff2e8:   0000019977f73d40 0000002fd10ff428
0x0000002fd10ff2f8:   00007fff52d9b7f5 0000019928fad275
0x0000002fd10ff308:   0000001b955b55b4 000001b67c5784f0
0x0000002fd10ff318:   000001997855f318 0000019977f73d40
0x0000002fd10ff328:   000001997c5784f0 000001997c5784f0
0x0000002fd10ff338:   0000002fd10ff488 0000019977f73d40
0x0000002fd10ff348:   0000000000000000 0000019977be30d8
0x0000002fd10ff358:   00000199364bd890 0000019977f73d40
0x0000002fd10ff368:   0000019928f61ff3 000001997c5784f0
0x0000002fd10ff378:   00007fff52d99251 0000002fd10ff480
0x0000002fd10ff388:   00007fff01010001 0000019900000000
0x0000002fd10ff398:   0000000000000000 00000199ffffffff
0x0000002fd10ff3a8:   00000199000053e2 0000002fd10ff450
0x0000002fd10ff3b8:   0000002fd10ff448 000001997c5784f0
0x0000002fd10ff3c8:   00007fff52d99251 0000002fd10ff480
0x0000002fd10ff3d8:   0000019928f61c96 0000002fd10ff3e0
0x0000002fd10ff3e8:   0000019977f73d40 0000002fd10ff488
0x0000002fd10ff3f8:   0000019977f76510 0000000000000000
0x0000002fd10ff408:   00000000878f7cb0 0000019977f73d40
0x0000002fd10ff418:   0000000000000000 0000002fd10ff448
0x0000002fd10ff428:   0000002fd10ff4d8 0000019928f5df9e
0x0000002fd10ff438:   0000000000000000 0000019928f5f895
0x0000002fd10ff448:   0000000089bf2b28 0000000089bf3b28
0x0000002fd10ff458:   00000000000053e2 00000000ffffffff
0x0000002fd10ff468:   0000000000000000 0000000000000000 

Instructions: (pc=0x00007fff529ca330)
0x00007fff529ca230:   ec 0d b3 00 48 83 c4 20 5b 48 ff e0 48 8d 05 ed
0x00007fff529ca240:   00 00 00 48 8b cb 48 89 05 d3 0d b3 00 48 83 c4
0x00007fff529ca250:   20 5b 48 ff e0 48 8d 05 d4 00 00 00 48 8b cb 48
0x00007fff529ca260:   89 05 ba 0d b3 00 48 83 c4 20 5b 48 ff e0 48 8b
0x00007fff529ca270:   0d cb 76 b9 00 8b 51 10 83 ea 01 0f 84 91 00 00
0x00007fff529ca280:   00 83 ea 01 74 73 83 ea 01 74 55 83 fa 01 74 37
0x00007fff529ca290:   4c 8d 0d e9 08 8a 00 41 b8 e2 00 00 00 48 8d 15
0x00007fff529ca2a0:   14 09 8a 00 b9 00 00 00 e0 e8 42 68 27 00 e8 5d
0x00007fff529ca2b0:   19 6b 00 33 c0 48 8b cb 48 89 05 61 0d b3 00 48
0x00007fff529ca2c0:   83 c4 20 5b 48 ff e0 48 8d 05 72 00 00 00 48 8b
0x00007fff529ca2d0:   cb 48 89 05 48 0d b3 00 48 83 c4 20 5b 48 ff e0
0x00007fff529ca2e0:   48 8d 05 49 00 00 00 48 8b cb 48 89 05 2f 0d b3
0x00007fff529ca2f0:   00 48 83 c4 20 5b 48 ff e0 48 8d 05 30 00 00 00
0x00007fff529ca300:   48 8b cb 48 89 05 16 0d b3 00 48 83 c4 20 5b 48
0x00007fff529ca310:   ff e0 48 8d 05 17 00 00 00 48 8b cb 48 89 05 fd
0x00007fff529ca320:   0c b3 00 48 83 c4 20 5b 48 ff e0 cc cc cc cc cc
0x00007fff529ca330:   48 8b 01 c3 cc cc cc cc cc cc cc cc cc cc cc cc
0x00007fff529ca340:   48 89 5c 24 08 57 48 83 ec 20 48 8b 39 48 8b d9
0x00007fff529ca350:   48 85 3d a1 90 be 00 75 0e 48 8b c7 48 8b 5c 24
0x00007fff529ca360:   30 48 83 c4 20 5f c3 48 8b cf e8 c1 0e 87 00 48
0x00007fff529ca370:   8b d0 48 85 c0 74 20 48 8b c7 f0 48 0f b1 13 74
0x00007fff529ca380:   16 48 85 05 70 90 be 00 74 0d 48 8b c8 f0 48 0f
0x00007fff529ca390:   b1 13 48 3b c1 75 ea 48 8b 5c 24 30 48 8b c2 48
0x00007fff529ca3a0:   83 c4 20 5f c3 cc cc cc cc cc cc cc cc cc cc cc
0x00007fff529ca3b0:   8b 44 24 30 45 03 c9 44 2b 4c 24 28 83 c0 0b 44
0x00007fff529ca3c0:   03 ca 45 03 c8 41 03 c1 c3 cc cc cc cc cc cc cc
0x00007fff529ca3d0:   48 8b 41 08 0f b7 48 2a 0f b7 40 28 83 c0 48 03
0x00007fff529ca3e0:   c1 c3 cc cc cc cc cc cc cc cc cc cc cc cc cc cc
0x00007fff529ca3f0:   48 89 5c 24 08 57 48 83 ec 20 0f b6 05 3f 98 be
0x00007fff529ca400:   00 48 8b fa 48 8b d9 84 c0 74 4f 48 85 15 e6 8f
0x00007fff529ca410:   be 00 74 38 48 8b ca e8 24 11 87 00 48 8b d0 48
0x00007fff529ca420:   85 db 74 25 48 85 c0 74 20 48 8b c7 f0 48 0f b1 


Stack slot to memory mapping:
stack at sp + 0 slots: 0x00007fff52dfb549 jvm.dll
stack at sp + 1 slots: 0x000001990000000a points into unknown readable memory: 00 00 00 00 00 00
stack at sp + 2 slots: 0x0000001b955b55b4 is an unknown value
stack at sp + 3 slots: {method} {0x0000019977f73d48} 'DpfjIdentify' '([BII[[BIILcom/digitalpersona/uareu/jni/Dpfj$IntReference;[Lcom/digitalpersona/uareu/Engine$Candidate;)I' in 'com/digitalpersona/uareu/jni/Dpfj'
stack at sp + 4 slots: 0x000001997c5784f0 is a thread
stack at sp + 5 slots: 0x0000002fd10ff480 is pointing into the stack for thread: 0x000001997c5784f0
stack at sp + 6 slots: 0x00007fff7536208a dpuareu_jni.dll
stack at sp + 7 slots: {method} {0x0000019977f73d48} 'DpfjIdentify' '([BII[[BIILcom/digitalpersona/uareu/jni/Dpfj$IntReference;[Lcom/digitalpersona/uareu/Engine$Candidate;)I' in 'com/digitalpersona/uareu/jni/Dpfj'


---------------  P R O C E S S  ---------------

Threads class SMR info:
_java_thread_list=0x000001997b863b70, length=22, elements={
0x0000019919939020, 0x0000019936310690, 0x0000019936311530, 0x00000199363148a0,
0x000001993631ac20, 0x000001993631b700, 0x000001993631dba0, 0x0000019936323f80,
0x000001993632cd10, 0x000001997b5a7080, 0x000001997b74abc0, 0x000001997b8c9cc0,
0x000001997bd01fb0, 0x000001997bea7540, 0x000001997c199e10, 0x000001997c19af80,
0x000001997c3c0d00, 0x000001997c577a50, 0x000001997c5784f0, 0x000001997c578f90,
0x000001997c578a40, 0x000001997b54fa20
}

Java Threads: ( => current thread )
  0x0000019919939020 JavaThread "main" [_thread_blocked, id=5240, stack(0x0000002fcea00000,0x0000002fceb00000)]
  0x0000019936310690 JavaThread "Reference Handler" daemon [_thread_blocked, id=11392, stack(0x0000002fcf100000,0x0000002fcf200000)]
  0x0000019936311530 JavaThread "Finalizer" daemon [_thread_blocked, id=12792, stack(0x0000002fcf200000,0x0000002fcf300000)]
  0x00000199363148a0 JavaThread "Signal Dispatcher" daemon [_thread_blocked, id=19944, stack(0x0000002fcf300000,0x0000002fcf400000)]
  0x000001993631ac20 JavaThread "Attach Listener" daemon [_thread_blocked, id=3816, stack(0x0000002fcf400000,0x0000002fcf500000)]
  0x000001993631b700 JavaThread "Service Thread" daemon [_thread_blocked, id=9788, stack(0x0000002fcf500000,0x0000002fcf600000)]
  0x000001993631dba0 JavaThread "Monitor Deflation Thread" daemon [_thread_blocked, id=21300, stack(0x0000002fcf600000,0x0000002fcf700000)]
  0x0000019936323f80 JavaThread "C2 CompilerThread0" daemon [_thread_blocked, id=12284, stack(0x0000002fcf700000,0x0000002fcf800000)]
  0x000001993632cd10 JavaThread "C1 CompilerThread0" daemon [_thread_blocked, id=12008, stack(0x0000002fcf800000,0x0000002fcf900000)]
  0x000001997b5a7080 JavaThread "Common-Cleaner" daemon [_thread_blocked, id=3564, stack(0x0000002fcf900000,0x0000002fcfa00000)]
  0x000001997b74abc0 JavaThread "Notification Thread" daemon [_thread_blocked, id=9964, stack(0x0000002fcfc00000,0x0000002fcfd00000)]
  0x000001997b8c9cc0 JavaThread "QuantumRenderer-0" daemon [_thread_blocked, id=17968, stack(0x0000002fcfb00000,0x0000002fcfc00000)]
  0x000001997bd01fb0 JavaThread "InvokeLaterDispatcher" daemon [_thread_blocked, id=16800, stack(0x0000002fcfe00000,0x0000002fcff00000)]
  0x000001997bea7540 JavaThread "JavaFX Application Thread" [_thread_in_native, id=9288, stack(0x0000002fcff00000,0x0000002fd0000000)]
  0x000001997c199e10 JavaThread "Thread-1" daemon [_thread_in_native, id=1720, stack(0x0000002fcfa00000,0x0000002fcfb00000)]
  0x000001997c19af80 JavaThread "JavaFX-Launcher" [_thread_blocked, id=19564, stack(0x0000002fd0300000,0x0000002fd0400000)]
  0x000001997c3c0d00 JavaThread "Prism Font Disposer" daemon [_thread_blocked, id=13064, stack(0x0000002fd0900000,0x0000002fd0a00000)]
  0x000001997c577a50 JavaThread "Cleaner-0" daemon [_thread_blocked, id=6452, stack(0x0000002fd0d00000,0x0000002fd0e00000)]
=>0x000001997c5784f0 JavaThread "Thread-3" [_thread_in_vm, id=20928, stack(0x0000002fd1000000,0x0000002fd1100000)]
  0x000001997c578f90 JavaThread "Java2D Disposer" daemon [_thread_blocked, id=20964, stack(0x0000002fd1200000,0x0000002fd1300000)]
  0x000001997c578a40 JavaThread "mysql-cj-abandoned-connection-cleanup" daemon [_thread_blocked, id=11708, stack(0x0000002fd1100000,0x0000002fd1200000)]
  0x000001997b54fa20 JavaThread "C2 CompilerThread1" daemon [_thread_blocked, id=15608, stack(0x0000002fd1300000,0x0000002fd1400000)]

Other Threads:
  0x00000199362f5530 VMThread "VM Thread" [stack: 0x0000002fcf000000,0x0000002fcf100000] [id=20996]
  0x000001997b75bd20 WatcherThread "VM Periodic Task Thread" [stack: 0x0000002fcfd00000,0x0000002fcfe00000] [id=21496]
  0x0000019919999ca0 WorkerThread "GC Thread#0" [stack: 0x0000002fceb00000,0x0000002fcec00000] [id=11400]
  0x000001997c0c1b00 WorkerThread "GC Thread#1" [stack: 0x0000002fd0400000,0x0000002fd0500000] [id=18228]
  0x000001997c0c1dd0 WorkerThread "GC Thread#2" [stack: 0x0000002fd0500000,0x0000002fd0600000] [id=19304]
  0x000001997c291150 WorkerThread "GC Thread#3" [stack: 0x0000002fd0600000,0x0000002fd0700000] [id=18540]
  0x000001997c290340 WorkerThread "GC Thread#4" [stack: 0x0000002fd0700000,0x0000002fd0800000] [id=11596]
  0x000001997c290bb0 WorkerThread "GC Thread#5" [stack: 0x0000002fd0800000,0x0000002fd0900000] [id=12936]
  0x000001997c291c90 WorkerThread "GC Thread#6" [stack: 0x0000002fd1400000,0x0000002fd1500000] [id=21336]
  0x000001997c290e80 WorkerThread "GC Thread#7" [stack: 0x0000002fd1500000,0x0000002fd1600000] [id=19056]
  0x00000199199aa990 ConcurrentGCThread "G1 Main Marker" [stack: 0x0000002fcec00000,0x0000002fced00000] [id=19904]
  0x00000199199abb60 WorkerThread "G1 Conc#0" [stack: 0x0000002fced00000,0x0000002fcee00000] [id=21384]
  0x000001993619f130 ConcurrentGCThread "G1 Refine#0" [stack: 0x0000002fcee00000,0x0000002fcef00000] [id=15896]
  0x00000199361a09f0 ConcurrentGCThread "G1 Service" [stack: 0x0000002fcef00000,0x0000002fcf000000] [id=6536]

Threads with active compile tasks:

VM state: not at safepoint (normal execution)

VM Mutex/Monitor currently owned by a thread: None

Heap address: 0x0000000081e00000, size: 2018 MB, Compressed Oops mode: 32-bit

CDS archive(s) mapped at: [0x0000019936400000-0x0000019937060000-0x0000019937060000), size 12976128, SharedBaseAddress: 0x0000019936400000, ArchiveRelocationMode: 1.
Compressed class space mapped at: 0x0000019937400000-0x0000019977400000, reserved size: 1073741824
Narrow klass base: 0x0000019936400000, Narrow klass shift: 0, Narrow klass range: 0x100000000

GC Precious Log:
 CardTable entry size: 512
 Card Set container configuration: InlinePtr #cards 5 size 8 Array Of Cards #cards 12 size 40 Howl #buckets 4 coarsen threshold 1843 Howl Bitmap #cards 512 size 80 coarsen threshold 460 Card regions per heap region 1 cards per card region 2048
 CPUs: 8 total, 8 available
 Memory: 8071M
 Large Page Support: Disabled
 NUMA Support: Disabled
 Compressed Oops: Enabled (32-bit)
 Heap Region Size: 1M
 Heap Min Capacity: 8M
 Heap Initial Capacity: 128M
 Heap Max Capacity: 2018M
 Pre-touch: Disabled
 Parallel Workers: 8
 Concurrent Workers: 2
 Concurrent Refinement Workers: 8
 Periodic GC: Disabled

Heap:
 garbage-first heap   total 131072K, used 14723K [0x0000000081e00000, 0x0000000100000000)
  region size 1024K, 8 young (8192K), 5 survivors (5120K)
 Metaspace       used 20008K, committed 20352K, reserved 1114112K
  class space    used 2473K, committed 2624K, reserved 1048576K

Heap Regions: E=young(eden), S=young(survivor), O=old, HS=humongous(starts), HC=humongous(continues), CS=collection set, F=free, OA=open archive, CA=closed archive, TAMS=top-at-mark-start, PB=parsable bottom
|   0|0x0000000081e00000, 0x0000000081f00000, 0x0000000081f00000|100%| O|  |TAMS 0x0000000081e00000| PB 0x0000000081e00000| Untracked 
|   1|0x0000000081f00000, 0x0000000082000000, 0x0000000082000000|100%|HS|  |TAMS 0x0000000081f00000| PB 0x0000000081f00000| Complete 
|   2|0x0000000082000000, 0x0000000082100000, 0x0000000082100000|100%|HC|  |TAMS 0x0000000082000000| PB 0x0000000082000000| Complete 
|   3|0x0000000082100000, 0x0000000082100000, 0x0000000082200000|  0%| F|  |TAMS 0x0000000082100000| PB 0x0000000082100000| Untracked 
|   4|0x0000000082200000, 0x0000000082200000, 0x0000000082300000|  0%| F|  |TAMS 0x0000000082200000| PB 0x0000000082200000| Untracked 
|   5|0x0000000082300000, 0x0000000082400000, 0x0000000082400000|100%|HS|  |TAMS 0x0000000082300000| PB 0x0000000082300000| Complete 
|   6|0x0000000082400000, 0x0000000082500000, 0x0000000082500000|100%|HS|  |TAMS 0x0000000082400000| PB 0x0000000082400000| Complete 
|   7|0x0000000082500000, 0x0000000082600000, 0x0000000082600000|100%| O|  |TAMS 0x0000000082500000| PB 0x0000000082500000| Untracked 
|   8|0x0000000082600000, 0x0000000082700000, 0x0000000082700000|100%| O|  |TAMS 0x0000000082600000| PB 0x0000000082600000| Untracked 
|   9|0x0000000082700000, 0x0000000082760c00, 0x0000000082800000| 37%| O|  |TAMS 0x0000000082700000| PB 0x0000000082700000| Untracked 
|  10|0x0000000082800000, 0x0000000082800000, 0x0000000082900000|  0%| F|  |TAMS 0x0000000082800000| PB 0x0000000082800000| Untracked 
|  11|0x0000000082900000, 0x0000000082900000, 0x0000000082a00000|  0%| F|  |TAMS 0x0000000082900000| PB 0x0000000082900000| Untracked 
|  12|0x0000000082a00000, 0x0000000082a00000, 0x0000000082b00000|  0%| F|  |TAMS 0x0000000082a00000| PB 0x0000000082a00000| Untracked 
|  13|0x0000000082b00000, 0x0000000082b00000, 0x0000000082c00000|  0%| F|  |TAMS 0x0000000082b00000| PB 0x0000000082b00000| Untracked 
|  14|0x0000000082c00000, 0x0000000082c00000, 0x0000000082d00000|  0%| F|  |TAMS 0x0000000082c00000| PB 0x0000000082c00000| Untracked 
|  15|0x0000000082d00000, 0x0000000082d00000, 0x0000000082e00000|  0%| F|  |TAMS 0x0000000082d00000| PB 0x0000000082d00000| Untracked 
|  16|0x0000000082e00000, 0x0000000082e00000, 0x0000000082f00000|  0%| F|  |TAMS 0x0000000082e00000| PB 0x0000000082e00000| Untracked 
|  17|0x0000000082f00000, 0x0000000082f00000, 0x0000000083000000|  0%| F|  |TAMS 0x0000000082f00000| PB 0x0000000082f00000| Untracked 
|  18|0x0000000083000000, 0x0000000083000000, 0x0000000083100000|  0%| F|  |TAMS 0x0000000083000000| PB 0x0000000083000000| Untracked 
|  19|0x0000000083100000, 0x0000000083100000, 0x0000000083200000|  0%| F|  |TAMS 0x0000000083100000| PB 0x0000000083100000| Untracked 
|  20|0x0000000083200000, 0x0000000083200000, 0x0000000083300000|  0%| F|  |TAMS 0x0000000083200000| PB 0x0000000083200000| Untracked 
|  21|0x0000000083300000, 0x0000000083300000, 0x0000000083400000|  0%| F|  |TAMS 0x0000000083300000| PB 0x0000000083300000| Untracked 
|  22|0x0000000083400000, 0x0000000083400000, 0x0000000083500000|  0%| F|  |TAMS 0x0000000083400000| PB 0x0000000083400000| Untracked 
|  23|0x0000000083500000, 0x0000000083500000, 0x0000000083600000|  0%| F|  |TAMS 0x0000000083500000| PB 0x0000000083500000| Untracked 
|  24|0x0000000083600000, 0x0000000083600000, 0x0000000083700000|  0%| F|  |TAMS 0x0000000083600000| PB 0x0000000083600000| Untracked 
|  25|0x0000000083700000, 0x0000000083700000, 0x0000000083800000|  0%| F|  |TAMS 0x0000000083700000| PB 0x0000000083700000| Untracked 
|  26|0x0000000083800000, 0x0000000083800000, 0x0000000083900000|  0%| F|  |TAMS 0x0000000083800000| PB 0x0000000083800000| Untracked 
|  27|0x0000000083900000, 0x0000000083900000, 0x0000000083a00000|  0%| F|  |TAMS 0x0000000083900000| PB 0x0000000083900000| Untracked 
|  28|0x0000000083a00000, 0x0000000083a00000, 0x0000000083b00000|  0%| F|  |TAMS 0x0000000083a00000| PB 0x0000000083a00000| Untracked 
|  29|0x0000000083b00000, 0x0000000083b00000, 0x0000000083c00000|  0%| F|  |TAMS 0x0000000083b00000| PB 0x0000000083b00000| Untracked 
|  30|0x0000000083c00000, 0x0000000083c00000, 0x0000000083d00000|  0%| F|  |TAMS 0x0000000083c00000| PB 0x0000000083c00000| Untracked 
|  31|0x0000000083d00000, 0x0000000083d00000, 0x0000000083e00000|  0%| F|  |TAMS 0x0000000083d00000| PB 0x0000000083d00000| Untracked 
|  32|0x0000000083e00000, 0x0000000083e00000, 0x0000000083f00000|  0%| F|  |TAMS 0x0000000083e00000| PB 0x0000000083e00000| Untracked 
|  33|0x0000000083f00000, 0x0000000083f00000, 0x0000000084000000|  0%| F|  |TAMS 0x0000000083f00000| PB 0x0000000083f00000| Untracked 
|  34|0x0000000084000000, 0x0000000084000000, 0x0000000084100000|  0%| F|  |TAMS 0x0000000084000000| PB 0x0000000084000000| Untracked 
|  35|0x0000000084100000, 0x0000000084100000, 0x0000000084200000|  0%| F|  |TAMS 0x0000000084100000| PB 0x0000000084100000| Untracked 
|  36|0x0000000084200000, 0x0000000084200000, 0x0000000084300000|  0%| F|  |TAMS 0x0000000084200000| PB 0x0000000084200000| Untracked 
|  37|0x0000000084300000, 0x0000000084300000, 0x0000000084400000|  0%| F|  |TAMS 0x0000000084300000| PB 0x0000000084300000| Untracked 
|  38|0x0000000084400000, 0x0000000084400000, 0x0000000084500000|  0%| F|  |TAMS 0x0000000084400000| PB 0x0000000084400000| Untracked 
|  39|0x0000000084500000, 0x0000000084500000, 0x0000000084600000|  0%| F|  |TAMS 0x0000000084500000| PB 0x0000000084500000| Untracked 
|  40|0x0000000084600000, 0x0000000084600000, 0x0000000084700000|  0%| F|  |TAMS 0x0000000084600000| PB 0x0000000084600000| Untracked 
|  41|0x0000000084700000, 0x0000000084700000, 0x0000000084800000|  0%| F|  |TAMS 0x0000000084700000| PB 0x0000000084700000| Untracked 
|  42|0x0000000084800000, 0x0000000084800000, 0x0000000084900000|  0%| F|  |TAMS 0x0000000084800000| PB 0x0000000084800000| Untracked 
|  43|0x0000000084900000, 0x0000000084900000, 0x0000000084a00000|  0%| F|  |TAMS 0x0000000084900000| PB 0x0000000084900000| Untracked 
|  44|0x0000000084a00000, 0x0000000084a00000, 0x0000000084b00000|  0%| F|  |TAMS 0x0000000084a00000| PB 0x0000000084a00000| Untracked 
|  45|0x0000000084b00000, 0x0000000084b00000, 0x0000000084c00000|  0%| F|  |TAMS 0x0000000084b00000| PB 0x0000000084b00000| Untracked 
|  46|0x0000000084c00000, 0x0000000084c00000, 0x0000000084d00000|  0%| F|  |TAMS 0x0000000084c00000| PB 0x0000000084c00000| Untracked 
|  47|0x0000000084d00000, 0x0000000084d00000, 0x0000000084e00000|  0%| F|  |TAMS 0x0000000084d00000| PB 0x0000000084d00000| Untracked 
|  48|0x0000000084e00000, 0x0000000084e00000, 0x0000000084f00000|  0%| F|  |TAMS 0x0000000084e00000| PB 0x0000000084e00000| Untracked 
|  49|0x0000000084f00000, 0x0000000084f00000, 0x0000000085000000|  0%| F|  |TAMS 0x0000000084f00000| PB 0x0000000084f00000| Untracked 
|  50|0x0000000085000000, 0x0000000085000000, 0x0000000085100000|  0%| F|  |TAMS 0x0000000085000000| PB 0x0000000085000000| Untracked 
|  51|0x0000000085100000, 0x0000000085100000, 0x0000000085200000|  0%| F|  |TAMS 0x0000000085100000| PB 0x0000000085100000| Untracked 
|  52|0x0000000085200000, 0x0000000085200000, 0x0000000085300000|  0%| F|  |TAMS 0x0000000085200000| PB 0x0000000085200000| Untracked 
|  53|0x0000000085300000, 0x0000000085300000, 0x0000000085400000|  0%| F|  |TAMS 0x0000000085300000| PB 0x0000000085300000| Untracked 
|  54|0x0000000085400000, 0x0000000085400000, 0x0000000085500000|  0%| F|  |TAMS 0x0000000085400000| PB 0x0000000085400000| Untracked 
|  55|0x0000000085500000, 0x0000000085500000, 0x0000000085600000|  0%| F|  |TAMS 0x0000000085500000| PB 0x0000000085500000| Untracked 
|  56|0x0000000085600000, 0x0000000085600000, 0x0000000085700000|  0%| F|  |TAMS 0x0000000085600000| PB 0x0000000085600000| Untracked 
|  57|0x0000000085700000, 0x0000000085700000, 0x0000000085800000|  0%| F|  |TAMS 0x0000000085700000| PB 0x0000000085700000| Untracked 
|  58|0x0000000085800000, 0x0000000085800000, 0x0000000085900000|  0%| F|  |TAMS 0x0000000085800000| PB 0x0000000085800000| Untracked 
|  59|0x0000000085900000, 0x0000000085900000, 0x0000000085a00000|  0%| F|  |TAMS 0x0000000085900000| PB 0x0000000085900000| Untracked 
|  60|0x0000000085a00000, 0x0000000085a00000, 0x0000000085b00000|  0%| F|  |TAMS 0x0000000085a00000| PB 0x0000000085a00000| Untracked 
|  61|0x0000000085b00000, 0x0000000085b00000, 0x0000000085c00000|  0%| F|  |TAMS 0x0000000085b00000| PB 0x0000000085b00000| Untracked 
|  62|0x0000000085c00000, 0x0000000085c00000, 0x0000000085d00000|  0%| F|  |TAMS 0x0000000085c00000| PB 0x0000000085c00000| Untracked 
|  63|0x0000000085d00000, 0x0000000085d00000, 0x0000000085e00000|  0%| F|  |TAMS 0x0000000085d00000| PB 0x0000000085d00000| Untracked 
|  64|0x0000000085e00000, 0x0000000085e00000, 0x0000000085f00000|  0%| F|  |TAMS 0x0000000085e00000| PB 0x0000000085e00000| Untracked 
|  65|0x0000000085f00000, 0x0000000085f00000, 0x0000000086000000|  0%| F|  |TAMS 0x0000000085f00000| PB 0x0000000085f00000| Untracked 
|  66|0x0000000086000000, 0x0000000086000000, 0x0000000086100000|  0%| F|  |TAMS 0x0000000086000000| PB 0x0000000086000000| Untracked 
|  67|0x0000000086100000, 0x0000000086100000, 0x0000000086200000|  0%| F|  |TAMS 0x0000000086100000| PB 0x0000000086100000| Untracked 
|  68|0x0000000086200000, 0x0000000086200000, 0x0000000086300000|  0%| F|  |TAMS 0x0000000086200000| PB 0x0000000086200000| Untracked 
|  69|0x0000000086300000, 0x0000000086300000, 0x0000000086400000|  0%| F|  |TAMS 0x0000000086300000| PB 0x0000000086300000| Untracked 
|  70|0x0000000086400000, 0x0000000086400000, 0x0000000086500000|  0%| F|  |TAMS 0x0000000086400000| PB 0x0000000086400000| Untracked 
|  71|0x0000000086500000, 0x0000000086500000, 0x0000000086600000|  0%| F|  |TAMS 0x0000000086500000| PB 0x0000000086500000| Untracked 
|  72|0x0000000086600000, 0x0000000086600000, 0x0000000086700000|  0%| F|  |TAMS 0x0000000086600000| PB 0x0000000086600000| Untracked 
|  73|0x0000000086700000, 0x0000000086700000, 0x0000000086800000|  0%| F|  |TAMS 0x0000000086700000| PB 0x0000000086700000| Untracked 
|  74|0x0000000086800000, 0x0000000086800000, 0x0000000086900000|  0%| F|  |TAMS 0x0000000086800000| PB 0x0000000086800000| Untracked 
|  75|0x0000000086900000, 0x0000000086900000, 0x0000000086a00000|  0%| F|  |TAMS 0x0000000086900000| PB 0x0000000086900000| Untracked 
|  76|0x0000000086a00000, 0x0000000086a00000, 0x0000000086b00000|  0%| F|  |TAMS 0x0000000086a00000| PB 0x0000000086a00000| Untracked 
|  77|0x0000000086b00000, 0x0000000086b00000, 0x0000000086c00000|  0%| F|  |TAMS 0x0000000086b00000| PB 0x0000000086b00000| Untracked 
|  78|0x0000000086c00000, 0x0000000086c00000, 0x0000000086d00000|  0%| F|  |TAMS 0x0000000086c00000| PB 0x0000000086c00000| Untracked 
|  79|0x0000000086d00000, 0x0000000086d00000, 0x0000000086e00000|  0%| F|  |TAMS 0x0000000086d00000| PB 0x0000000086d00000| Untracked 
|  80|0x0000000086e00000, 0x0000000086e00000, 0x0000000086f00000|  0%| F|  |TAMS 0x0000000086e00000| PB 0x0000000086e00000| Untracked 
|  81|0x0000000086f00000, 0x0000000086f00000, 0x0000000087000000|  0%| F|  |TAMS 0x0000000086f00000| PB 0x0000000086f00000| Untracked 
|  82|0x0000000087000000, 0x0000000087000000, 0x0000000087100000|  0%| F|  |TAMS 0x0000000087000000| PB 0x0000000087000000| Untracked 
|  83|0x0000000087100000, 0x0000000087100000, 0x0000000087200000|  0%| F|  |TAMS 0x0000000087100000| PB 0x0000000087100000| Untracked 
|  84|0x0000000087200000, 0x0000000087200000, 0x0000000087300000|  0%| F|  |TAMS 0x0000000087200000| PB 0x0000000087200000| Untracked 
|  85|0x0000000087300000, 0x0000000087300000, 0x0000000087400000|  0%| F|  |TAMS 0x0000000087300000| PB 0x0000000087300000| Untracked 
|  86|0x0000000087400000, 0x0000000087400000, 0x0000000087500000|  0%| F|  |TAMS 0x0000000087400000| PB 0x0000000087400000| Untracked 
|  87|0x0000000087500000, 0x0000000087600000, 0x0000000087600000|100%| S|CS|TAMS 0x0000000087500000| PB 0x0000000087500000| Complete 
|  88|0x0000000087600000, 0x0000000087700000, 0x0000000087700000|100%| S|CS|TAMS 0x0000000087600000| PB 0x0000000087600000| Complete 
|  89|0x0000000087700000, 0x0000000087800000, 0x0000000087800000|100%| S|CS|TAMS 0x0000000087700000| PB 0x0000000087700000| Complete 
|  90|0x0000000087800000, 0x0000000087900000, 0x0000000087900000|100%| S|CS|TAMS 0x0000000087800000| PB 0x0000000087800000| Complete 
|  91|0x0000000087900000, 0x0000000087a00000, 0x0000000087a00000|100%| S|CS|TAMS 0x0000000087900000| PB 0x0000000087900000| Complete 
|  92|0x0000000087a00000, 0x0000000087a00000, 0x0000000087b00000|  0%| F|  |TAMS 0x0000000087a00000| PB 0x0000000087a00000| Untracked 
|  93|0x0000000087b00000, 0x0000000087b00000, 0x0000000087c00000|  0%| F|  |TAMS 0x0000000087b00000| PB 0x0000000087b00000| Untracked 
|  94|0x0000000087c00000, 0x0000000087c00000, 0x0000000087d00000|  0%| F|  |TAMS 0x0000000087c00000| PB 0x0000000087c00000| Untracked 
|  95|0x0000000087d00000, 0x0000000087d00000, 0x0000000087e00000|  0%| F|  |TAMS 0x0000000087d00000| PB 0x0000000087d00000| Untracked 
|  96|0x0000000087e00000, 0x0000000087e00000, 0x0000000087f00000|  0%| F|  |TAMS 0x0000000087e00000| PB 0x0000000087e00000| Untracked 
|  97|0x0000000087f00000, 0x0000000087f00000, 0x0000000088000000|  0%| F|  |TAMS 0x0000000087f00000| PB 0x0000000087f00000| Untracked 
|  98|0x0000000088000000, 0x0000000088000000, 0x0000000088100000|  0%| F|  |TAMS 0x0000000088000000| PB 0x0000000088000000| Untracked 
|  99|0x0000000088100000, 0x0000000088100000, 0x0000000088200000|  0%| F|  |TAMS 0x0000000088100000| PB 0x0000000088100000| Untracked 
| 100|0x0000000088200000, 0x0000000088200000, 0x0000000088300000|  0%| F|  |TAMS 0x0000000088200000| PB 0x0000000088200000| Untracked 
| 101|0x0000000088300000, 0x0000000088300000, 0x0000000088400000|  0%| F|  |TAMS 0x0000000088300000| PB 0x0000000088300000| Untracked 
| 102|0x0000000088400000, 0x0000000088400000, 0x0000000088500000|  0%| F|  |TAMS 0x0000000088400000| PB 0x0000000088400000| Untracked 
| 103|0x0000000088500000, 0x0000000088500000, 0x0000000088600000|  0%| F|  |TAMS 0x0000000088500000| PB 0x0000000088500000| Untracked 
| 104|0x0000000088600000, 0x0000000088600000, 0x0000000088700000|  0%| F|  |TAMS 0x0000000088600000| PB 0x0000000088600000| Untracked 
| 105|0x0000000088700000, 0x0000000088700000, 0x0000000088800000|  0%| F|  |TAMS 0x0000000088700000| PB 0x0000000088700000| Untracked 
| 106|0x0000000088800000, 0x0000000088800000, 0x0000000088900000|  0%| F|  |TAMS 0x0000000088800000| PB 0x0000000088800000| Untracked 
| 107|0x0000000088900000, 0x0000000088900000, 0x0000000088a00000|  0%| F|  |TAMS 0x0000000088900000| PB 0x0000000088900000| Untracked 
| 108|0x0000000088a00000, 0x0000000088a00000, 0x0000000088b00000|  0%| F|  |TAMS 0x0000000088a00000| PB 0x0000000088a00000| Untracked 
| 109|0x0000000088b00000, 0x0000000088b00000, 0x0000000088c00000|  0%| F|  |TAMS 0x0000000088b00000| PB 0x0000000088b00000| Untracked 
| 110|0x0000000088c00000, 0x0000000088c00000, 0x0000000088d00000|  0%| F|  |TAMS 0x0000000088c00000| PB 0x0000000088c00000| Untracked 
| 111|0x0000000088d00000, 0x0000000088d00000, 0x0000000088e00000|  0%| F|  |TAMS 0x0000000088d00000| PB 0x0000000088d00000| Untracked 
| 112|0x0000000088e00000, 0x0000000088e00000, 0x0000000088f00000|  0%| F|  |TAMS 0x0000000088e00000| PB 0x0000000088e00000| Untracked 
| 113|0x0000000088f00000, 0x0000000088f00000, 0x0000000089000000|  0%| F|  |TAMS 0x0000000088f00000| PB 0x0000000088f00000| Untracked 
| 114|0x0000000089000000, 0x0000000089000000, 0x0000000089100000|  0%| F|  |TAMS 0x0000000089000000| PB 0x0000000089000000| Untracked 
| 115|0x0000000089100000, 0x0000000089100000, 0x0000000089200000|  0%| F|  |TAMS 0x0000000089100000| PB 0x0000000089100000| Untracked 
| 116|0x0000000089200000, 0x0000000089200000, 0x0000000089300000|  0%| F|  |TAMS 0x0000000089200000| PB 0x0000000089200000| Untracked 
| 117|0x0000000089300000, 0x0000000089300000, 0x0000000089400000|  0%| F|  |TAMS 0x0000000089300000| PB 0x0000000089300000| Untracked 
| 118|0x0000000089400000, 0x0000000089400000, 0x0000000089500000|  0%| F|  |TAMS 0x0000000089400000| PB 0x0000000089400000| Untracked 
| 119|0x0000000089500000, 0x0000000089500000, 0x0000000089600000|  0%| F|  |TAMS 0x0000000089500000| PB 0x0000000089500000| Untracked 
| 120|0x0000000089600000, 0x0000000089600000, 0x0000000089700000|  0%| F|  |TAMS 0x0000000089600000| PB 0x0000000089600000| Untracked 
| 121|0x0000000089700000, 0x0000000089700000, 0x0000000089800000|  0%| F|  |TAMS 0x0000000089700000| PB 0x0000000089700000| Untracked 
| 122|0x0000000089800000, 0x0000000089800000, 0x0000000089900000|  0%| F|  |TAMS 0x0000000089800000| PB 0x0000000089800000| Untracked 
| 123|0x0000000089900000, 0x0000000089900000, 0x0000000089a00000|  0%| F|  |TAMS 0x0000000089900000| PB 0x0000000089900000| Untracked 
| 124|0x0000000089a00000, 0x0000000089a00000, 0x0000000089b00000|  0%| F|  |TAMS 0x0000000089a00000| PB 0x0000000089a00000| Untracked 
| 125|0x0000000089b00000, 0x0000000089bf5400, 0x0000000089c00000| 95%| E|  |TAMS 0x0000000089b00000| PB 0x0000000089b00000| Complete 
| 126|0x0000000089c00000, 0x0000000089d00000, 0x0000000089d00000|100%| E|CS|TAMS 0x0000000089c00000| PB 0x0000000089c00000| Complete 
| 127|0x0000000089d00000, 0x0000000089e00000, 0x0000000089e00000|100%| E|CS|TAMS 0x0000000089d00000| PB 0x0000000089d00000| Complete 

Card table byte_map: [0x0000019931140000,0x0000019931540000] _byte_map_base: 0x0000019930d31000

Marking Bits: (CMBitMap*) 0x000001991999a2d0
 Bits: [0x0000019931940000, 0x00000199338c8000)

Polling page: 0x0000019919100000

Metaspace:

Usage:
  Non-class:     17.12 MB used.
      Class:      2.42 MB used.
       Both:     19.54 MB used.

Virtual space:
  Non-class space:       64.00 MB reserved,      17.31 MB ( 27%) committed,  1 nodes.
      Class space:        1.00 GB reserved,       2.56 MB ( <1%) committed,  1 nodes.
             Both:        1.06 GB reserved,      19.88 MB (  2%) committed. 

Chunk freelists:
   Non-Class:  2.62 MB
       Class:  1.42 MB
        Both:  4.04 MB

MaxMetaspaceSize: unlimited
CompressedClassSpaceSize: 1.00 GB
Initial GC threshold: 21.00 MB
Current GC threshold: 21.00 MB
CDS: on
MetaspaceReclaimPolicy: balanced
 - commit_granule_bytes: 65536.
 - commit_granule_words: 8192.
 - virtual_space_node_default_size: 8388608.
 - enlarge_chunks_in_place: 1.
 - new_chunks_are_fully_committed: 0.
 - uncommit_free_chunks: 1.
 - use_allocation_guard: 0.


Internal statistics:

num_allocs_failed_limit: 0.
num_arena_births: 324.
num_arena_deaths: 0.
num_vsnodes_births: 2.
num_vsnodes_deaths: 0.
num_space_committed: 318.
num_space_uncommitted: 0.
num_chunks_returned_to_freelist: 0.
num_chunks_taken_from_freelist: 852.
num_chunk_merges: 0.
num_chunk_splits: 590.
num_chunks_enlarged: 452.
num_inconsistent_stats: 0.

CodeHeap 'non-profiled nmethods': size=120000Kb used=824Kb max_used=824Kb free=119175Kb
 bounds [0x00000199294e0000, 0x0000019929750000, 0x0000019930a10000]
CodeHeap 'profiled nmethods': size=120000Kb used=3803Kb max_used=3803Kb free=116197Kb
 bounds [0x0000019921a10000, 0x0000019921dd0000, 0x0000019928f40000]
CodeHeap 'non-nmethods': size=5760Kb used=1976Kb max_used=2017Kb free=3783Kb
 bounds [0x0000019928f40000, 0x00000199291b0000, 0x00000199294e0000]
 total_blobs=3123 nmethods=2207 adapters=826
 compilation: enabled
              stopped_count=0, restarted_count=0
 full_count=0

Compilation events (20 events):
Event: 7.278 Thread 0x000001993632cd10 2209       3       java.util.regex.CharPredicates::lambda$ASCII_SPACE$20 (20 bytes)
Event: 7.278 Thread 0x000001993632cd10 nmethod 2209 0x0000019921dc2a10 code [0x0000019921dc2bc0, 0x0000019921dc2f48]
Event: 7.278 Thread 0x000001993632cd10 2198       3       sun.util.locale.provider.LocaleProviderAdapter$$Lambda$67/0x80000006d::apply (8 bytes)
Event: 7.279 Thread 0x000001993632cd10 nmethod 2198 0x0000019921dc3090 code [0x0000019921dc3220, 0x0000019921dc3448]
Event: 7.279 Thread 0x000001993632cd10 2199       3       sun.util.locale.provider.LocaleProviderAdapter::lambda$toLocaleArray$0 (135 bytes)
Event: 7.280 Thread 0x000001993632cd10 nmethod 2199 0x0000019921dc3510 code [0x0000019921dc3720, 0x0000019921dc3e08]
Event: 7.280 Thread 0x000001993632cd10 2211       3       java.lang.StringBuilder::append (8 bytes)
Event: 7.280 Thread 0x000001993632cd10 nmethod 2211 0x0000019921dc4010 code [0x0000019921dc41a0, 0x0000019921dc42e8]
Event: 7.280 Thread 0x000001993632cd10 2200       3       java.util.Locale::equals (75 bytes)
Event: 7.280 Thread 0x000001993632cd10 nmethod 2200 0x0000019921dc4390 code [0x0000019921dc4580, 0x0000019921dc4cf0]
Event: 7.280 Thread 0x000001993632cd10 2208       3       java.util.regex.CharPredicates$$Lambda$19/0x800000027::is (5 bytes)
Event: 7.281 Thread 0x000001993632cd10 nmethod 2208 0x0000019921dc4e90 code [0x0000019921dc5040, 0x0000019921dc5450]
Event: 7.281 Thread 0x000001993632cd10 2210       3       java.util.regex.ASCII::isSpace (8 bytes)
Event: 7.281 Thread 0x000001993632cd10 nmethod 2210 0x0000019921dc5590 code [0x0000019921dc5720, 0x0000019921dc59b0]
Event: 7.281 Thread 0x000001993632cd10 2197       3       sun.util.locale.BaseLocale$Key::getBaseLocale (25 bytes)
Event: 7.281 Thread 0x000001993632cd10 nmethod 2197 0x0000019921dc5b10 code [0x0000019921dc5cc0, 0x0000019921dc5ff0]
Event: 7.282 Thread 0x000001993632cd10 2181       3       sun.util.locale.LanguageTag::getVariants (24 bytes)
Event: 7.282 Thread 0x000001993632cd10 nmethod 2181 0x0000019921dc6110 code [0x0000019921dc62c0, 0x0000019921dc6590]
Event: 7.282 Thread 0x000001993632cd10 2185       3       sun.util.locale.LanguageTag::getExtensions (24 bytes)
Event: 7.282 Thread 0x000001993632cd10 nmethod 2185 0x0000019921dc6690 code [0x0000019921dc6840, 0x0000019921dc6b10]

GC Heap History (4 events):
Event: 1.499 GC heap before
{Heap before GC invocations=0 (full 0):
 garbage-first heap   total 131072K, used 22528K [0x0000000081e00000, 0x0000000100000000)
  region size 1024K, 23 young (23552K), 0 survivors (0K)
 Metaspace       used 6033K, committed 6272K, reserved 1114112K
  class space    used 738K, committed 832K, reserved 1048576K
}
Event: 1.508 GC heap after
{Heap after GC invocations=1 (full 0):
 garbage-first heap   total 131072K, used 3659K [0x0000000081e00000, 0x0000000100000000)
  region size 1024K, 3 young (3072K), 3 survivors (3072K)
 Metaspace       used 6033K, committed 6272K, reserved 1114112K
  class space    used 738K, committed 832K, reserved 1048576K
}
Event: 7.134 GC heap before
{Heap before GC invocations=1 (full 0):
 garbage-first heap   total 131072K, used 43595K [0x0000000081e00000, 0x0000000100000000)
  region size 1024K, 36 young (36864K), 3 survivors (3072K)
 Metaspace       used 19298K, committed 19648K, reserved 1114112K
  class space    used 2397K, committed 2560K, reserved 1048576K
}
Event: 7.144 GC heap after
{Heap after GC invocations=2 (full 0):
 garbage-first heap   total 131072K, used 12675K [0x0000000081e00000, 0x0000000100000000)
  region size 1024K, 5 young (5120K), 5 survivors (5120K)
 Metaspace       used 19298K, committed 19648K, reserved 1114112K
  class space    used 2397K, committed 2560K, reserved 1048576K
}

Dll operation events (20 events):
Event: 0.598 Loaded shared library C:\Program Files\Java\javafx-sdk-20.0.2\bin\api-ms-win-crt-process-l1-1-0.dll
Event: 0.602 Loaded shared library C:\Program Files\Java\javafx-sdk-20.0.2\bin\api-ms-win-crt-runtime-l1-1-0.dll
Event: 0.606 Loaded shared library C:\Program Files\Java\javafx-sdk-20.0.2\bin\api-ms-win-crt-stdio-l1-1-0.dll
Event: 0.609 Loaded shared library C:\Program Files\Java\javafx-sdk-20.0.2\bin\api-ms-win-crt-string-l1-1-0.dll
Event: 0.613 Loaded shared library C:\Program Files\Java\javafx-sdk-20.0.2\bin\api-ms-win-crt-time-l1-1-0.dll
Event: 0.617 Loaded shared library C:\Program Files\Java\javafx-sdk-20.0.2\bin\api-ms-win-crt-utility-l1-1-0.dll
Event: 0.620 Loaded shared library C:\Program Files\Java\javafx-sdk-20.0.2\bin\ucrtbase.dll
Event: 0.624 Loaded shared library C:\Program Files\Java\javafx-sdk-20.0.2\bin\vcruntime140.dll
Event: 0.627 Loaded shared library C:\Program Files\Java\javafx-sdk-20.0.2\bin\vcruntime140_1.dll
Event: 0.631 Loaded shared library C:\Program Files\Java\javafx-sdk-20.0.2\bin\msvcp140.dll
Event: 0.634 Loaded shared library C:\Program Files\Java\javafx-sdk-20.0.2\bin\msvcp140_1.dll
Event: 0.637 Loaded shared library C:\Program Files\Java\javafx-sdk-20.0.2\bin\msvcp140_2.dll
Event: 0.724 Loaded shared library C:\Program Files\Java\javafx-sdk-20.0.2\bin\prism_d3d.dll
Event: 0.851 Loaded shared library C:\Program Files\Java\javafx-sdk-20.0.2\bin\glass.dll
Event: 1.233 Loaded shared library C:\Program Files\Java\jdk-20\bin\jimage.dll
Event: 1.577 Loaded shared library C:\Program Files\Java\javafx-sdk-20.0.2\bin\javafx_font.dll
Event: 4.061 Loaded shared library C:\Windows\System32\dpuareu_jni.dll
Event: 4.192 Loaded shared library C:\Program Files\Java\javafx-sdk-20.0.2\bin\javafx_iio.dll
Event: 6.652 Loaded shared library C:\Program Files\Java\jdk-20\bin\awt.dll
Event: 6.995 Loaded shared library C:\Program Files\Java\jdk-20\bin\extnet.dll

Deoptimization events (20 events):
Event: 7.275 Thread 0x000001997c5784f0 Uncommon trap: trap_request=0xffffff45 fr.pc=0x000001992958b94c relative=0x0000000000000e2c
Event: 7.275 Thread 0x000001997c5784f0 Uncommon trap: reason=unstable_if action=reinterpret pc=0x000001992958b94c method=java.util.Properties$LineReader.readLine()I @ 153 c2
Event: 7.275 Thread 0x000001997c5784f0 DEOPT PACKING pc=0x000001992958b94c sp=0x0000002fd10fe590
Event: 7.275 Thread 0x000001997c5784f0 DEOPT UNPACKING pc=0x0000019928fa9d22 sp=0x0000002fd10fe528 mode 2
Event: 7.275 Thread 0x000001997c5784f0 Uncommon trap: trap_request=0xffffffde fr.pc=0x00000199295a4554 relative=0x0000000000000314
Event: 7.275 Thread 0x000001997c5784f0 Uncommon trap: reason=class_check action=maybe_recompile pc=0x00000199295a4554 method=java.util.regex.Pattern$BmpCharPropertyGreedy.match(Ljava/util/regex/Matcher;ILjava/lang/CharSequence;)Z @ 26 c2
Event: 7.275 Thread 0x000001997c5784f0 DEOPT PACKING pc=0x00000199295a4554 sp=0x0000002fd10fe420
Event: 7.275 Thread 0x000001997c5784f0 DEOPT UNPACKING pc=0x0000019928fa9d22 sp=0x0000002fd10fe3b8 mode 2
Event: 7.275 Thread 0x000001997c5784f0 Uncommon trap: trap_request=0xffffffde fr.pc=0x00000199295a4554 relative=0x0000000000000314
Event: 7.275 Thread 0x000001997c5784f0 Uncommon trap: reason=class_check action=maybe_recompile pc=0x00000199295a4554 method=java.util.regex.Pattern$BmpCharPropertyGreedy.match(Ljava/util/regex/Matcher;ILjava/lang/CharSequence;)Z @ 26 c2
Event: 7.275 Thread 0x000001997c5784f0 DEOPT PACKING pc=0x00000199295a4554 sp=0x0000002fd10fe420
Event: 7.275 Thread 0x000001997c5784f0 DEOPT UNPACKING pc=0x0000019928fa9d22 sp=0x0000002fd10fe3b8 mode 2
Event: 7.275 Thread 0x000001997c5784f0 Uncommon trap: trap_request=0xffffffde fr.pc=0x00000199295a4554 relative=0x0000000000000314
Event: 7.275 Thread 0x000001997c5784f0 Uncommon trap: reason=class_check action=maybe_recompile pc=0x00000199295a4554 method=java.util.regex.Pattern$BmpCharPropertyGreedy.match(Ljava/util/regex/Matcher;ILjava/lang/CharSequence;)Z @ 26 c2
Event: 7.275 Thread 0x000001997c5784f0 DEOPT PACKING pc=0x00000199295a4554 sp=0x0000002fd10fe420
Event: 7.275 Thread 0x000001997c5784f0 DEOPT UNPACKING pc=0x0000019928fa9d22 sp=0x0000002fd10fe3b8 mode 2
Event: 7.275 Thread 0x000001997c5784f0 Uncommon trap: trap_request=0xffffffde fr.pc=0x00000199295a4554 relative=0x0000000000000314
Event: 7.275 Thread 0x000001997c5784f0 Uncommon trap: reason=class_check action=maybe_recompile pc=0x00000199295a4554 method=java.util.regex.Pattern$BmpCharPropertyGreedy.match(Ljava/util/regex/Matcher;ILjava/lang/CharSequence;)Z @ 26 c2
Event: 7.275 Thread 0x000001997c5784f0 DEOPT PACKING pc=0x00000199295a4554 sp=0x0000002fd10fe420
Event: 7.275 Thread 0x000001997c5784f0 DEOPT UNPACKING pc=0x0000019928fa9d22 sp=0x0000002fd10fe3b8 mode 2

Classes loaded (20 events):
Event: 7.178 Loading class sun/nio/cs/UTF_8$Encoder
Event: 7.179 Loading class sun/nio/cs/UTF_8$Encoder done
Event: 7.193 Loading class java/util/TimerTask
Event: 7.193 Loading class java/util/TimerTask done
Event: 7.268 Loading class java/time/format/DateTimeParseException
Event: 7.268 Loading class java/time/DateTimeException
Event: 7.268 Loading class java/time/DateTimeException done
Event: 7.268 Loading class java/time/format/DateTimeParseException done
Event: 7.272 Loading class java/security/InvalidKeyException
Event: 7.272 Loading class java/security/KeyException
Event: 7.272 Loading class java/security/KeyException done
Event: 7.272 Loading class java/security/InvalidKeyException done
Event: 7.273 Loading class java/security/spec/InvalidKeySpecException
Event: 7.273 Loading class java/security/spec/InvalidKeySpecException done
Event: 7.273 Loading class javax/crypto/NoSuchPaddingException
Event: 7.273 Loading class javax/crypto/NoSuchPaddingException done
Event: 7.273 Loading class javax/crypto/IllegalBlockSizeException
Event: 7.273 Loading class javax/crypto/IllegalBlockSizeException done
Event: 7.273 Loading class javax/net/ssl/SSLSocket
Event: 7.273 Loading class javax/net/ssl/SSLSocket done

Classes unloaded (0 events):
No events

Classes redefined (0 events):
No events

Internal exceptions (20 events):
Event: 1.917 Thread 0x000001997bea7540 Implicit null exception at 0x00000199295383a0 to 0x0000019929538630
Event: 1.918 Thread 0x000001997bea7540 Implicit null exception at 0x00000199294ff220 to 0x00000199294ff29d
Event: 2.032 Thread 0x000001997bea7540 Implicit null exception at 0x0000019929539bf2 to 0x0000019929539f7c
Event: 2.108 Thread 0x000001997bea7540 Exception <a 'java/lang/NoSuchMethodError'{0x0000000088f8e860}: 'java.lang.Object java.lang.invoke.DirectMethodHandle$Holder.invokeInterface(java.lang.Object, java.lang.Object, java.lang.Object)'> (0x0000000088f8e860) 
thrown [s\open\src\hotspot\share\interpreter\linkResolver.cpp, line 773]
Event: 2.109 Thread 0x000001997bea7540 Exception <a 'java/lang/IncompatibleClassChangeError'{0x0000000088f91f08}: Found class java.lang.Object, but interface was expected> (0x0000000088f91f08) 
thrown [s\open\src\hotspot\share\interpreter\linkResolver.cpp, line 840]
Event: 2.173 Thread 0x000001997bea7540 Exception <a 'java/lang/NoSuchMethodError'{0x0000000088ebd4e0}: 'int java.lang.invoke.DirectMethodHandle$Holder.invokeSpecial(java.lang.Object, java.lang.Object, int)'> (0x0000000088ebd4e0) 
thrown [s\open\src\hotspot\share\interpreter\linkResolver.cpp, line 773]
Event: 2.199 Thread 0x000001997bea7540 Exception <a 'java/lang/NoSuchMethodError'{0x0000000088d3f6b0}: 'java.lang.Object java.lang.invoke.DirectMethodHandle$Holder.newInvokeSpecial(java.lang.Object, java.lang.Object, int)'> (0x0000000088d3f6b0) 
thrown [s\open\src\hotspot\share\interpreter\linkResolver.cpp, line 773]
Event: 2.306 Thread 0x000001997b8c9cc0 Exception <a 'java/lang/NoSuchMethodError'{0x0000000088c105a0}: 'int java.lang.invoke.DirectMethodHandle$Holder.invokeStaticInit(java.lang.Object, java.lang.Object)'> (0x0000000088c105a0) 
thrown [s\open\src\hotspot\share\interpreter\linkResolver.cpp, line 773]
Event: 2.342 Thread 0x000001997b8c9cc0 Exception <a 'java/lang/NoSuchMethodError'{0x0000000088cae958}: 'java.lang.Object java.lang.invoke.Invokers$Holder.invokeExact_MT(java.lang.Object, java.lang.Object, java.lang.Object, java.lang.Object, java.lang.Object)'> (0x0000000088cae958) 
thrown [s\open\src\hotspot\share\interpreter\linkResolver.cpp, line 773]
Event: 3.722 Thread 0x000001997bea7540 Exception <a 'java/lang/NoSuchMethodError'{0x000000008884f780}: 'long java.lang.invoke.DirectMethodHandle$Holder.invokeStatic(java.lang.Object, java.lang.Object, java.lang.Object)'> (0x000000008884f780) 
thrown [s\open\src\hotspot\share\interpreter\linkResolver.cpp, line 773]
Event: 3.722 Thread 0x000001997bea7540 Exception <a 'java/lang/NoSuchMethodError'{0x0000000088852b50}: 'long java.lang.invoke.DirectMethodHandle$Holder.invokeStaticInit(java.lang.Object, java.lang.Object, java.lang.Object)'> (0x0000000088852b50) 
thrown [s\open\src\hotspot\share\interpreter\linkResolver.cpp, line 773]
Event: 3.728 Thread 0x000001997bea7540 Exception <a 'java/lang/NoSuchMethodError'{0x000000008886aba8}: 'java.lang.Object java.lang.invoke.DirectMethodHandle$Holder.newInvokeSpecial(java.lang.Object, java.lang.Object, long)'> (0x000000008886aba8) 
thrown [s\open\src\hotspot\share\interpreter\linkResolver.cpp, line 773]
Event: 3.728 Thread 0x000001997bea7540 Exception <a 'java/lang/NoSuchMethodError'{0x000000008886e4a0}: 'java.lang.Object java.lang.invoke.Invokers$Holder.linkToTargetMethod(java.lang.Object, long, java.lang.Object)'> (0x000000008886e4a0) 
thrown [s\open\src\hotspot\share\interpreter\linkResolver.cpp, line 773]
Event: 3.974 Thread 0x000001997bea7540 Exception <a 'java/lang/NoSuchMethodError'{0x00000000887143d8}: 'void java.lang.invoke.DirectMethodHandle$Holder.invokeVirtual(java.lang.Object, java.lang.Object)'> (0x00000000887143d8) 
thrown [s\open\src\hotspot\share\interpreter\linkResolver.cpp, line 773]
Event: 6.663 Thread 0x000001997c578a40 Exception <a 'java/lang/ClassNotFoundException'{0x00000000882771e8}: sun/awt/resources/spi/awtProvider> (0x00000000882771e8) 
thrown [s\open\src\hotspot\share\classfile\systemDictionary.cpp, line 305]
Event: 6.666 Thread 0x000001997c578a40 Exception <a 'java/io/FileNotFoundException'{0x000000008827b3e8}> (0x000000008827b3e8) 
thrown [s\open\src\hotspot\share\prims\jni.cpp, line 519]
Event: 6.666 Thread 0x000001997c578a40 Exception <a 'java/io/FileNotFoundException'{0x000000008827c6a8}> (0x000000008827c6a8) 
thrown [s\open\src\hotspot\share\prims\jni.cpp, line 519]
Event: 6.825 Thread 0x000001997c5784f0 Exception <a 'java/lang/NoSuchMethodError'{0x00000000880bc358}: 'java.lang.Object java.lang.invoke.DirectMethodHandle$Holder.invokeInterface(java.lang.Object, java.lang.Object)'> (0x00000000880bc358) 
thrown [s\open\src\hotspot\share\interpreter\linkResolver.cpp, line 773]
Event: 6.856 Thread 0x000001997c5784f0 Exception <a 'java/lang/NoSuchMethodError'{0x0000000087f34be0}: 'java.lang.Object java.lang.invoke.DirectMethodHandle$Holder.invokeVirtual(java.lang.Object, java.lang.Object, java.lang.Object)'> (0x0000000087f34be0) 
thrown [s\open\src\hotspot\share\interpreter\linkResolver.cpp, line 773]
Event: 7.281 Thread 0x000001997c5784f0 Exception <a 'java/lang/NoSuchMethodError'{0x0000000089becb58}: 'void java.lang.invoke.DirectMethodHandle$Holder.invokeInterface(java.lang.Object, java.lang.Object)'> (0x0000000089becb58) 
thrown [s\open\src\hotspot\share\interpreter\linkResolver.cpp, line 773]

VM Operations (20 events):
Event: 4.966 Executing VM operation: Cleanup
Event: 4.967 Executing VM operation: Cleanup done
Event: 6.707 Executing VM operation: HandshakeAllThreads
Event: 6.707 Executing VM operation: HandshakeAllThreads done
Event: 6.707 Executing VM operation: Cleanup
Event: 6.707 Executing VM operation: Cleanup done
Event: 6.800 Executing VM operation: HandshakeAllThreads
Event: 6.800 Executing VM operation: HandshakeAllThreads done
Event: 6.801 Executing VM operation: HandshakeAllThreads
Event: 6.801 Executing VM operation: HandshakeAllThreads done
Event: 6.826 Executing VM operation: HandshakeAllThreads
Event: 6.826 Executing VM operation: HandshakeAllThreads done
Event: 6.848 Executing VM operation: HandshakeAllThreads
Event: 6.848 Executing VM operation: HandshakeAllThreads done
Event: 6.975 Executing VM operation: HandshakeAllThreads
Event: 6.975 Executing VM operation: HandshakeAllThreads done
Event: 7.083 Executing VM operation: HandshakeAllThreads
Event: 7.083 Executing VM operation: HandshakeAllThreads done
Event: 7.133 Executing VM operation: G1CollectForAllocation
Event: 7.144 Executing VM operation: G1CollectForAllocation done

Events (20 events):
Event: 0.178 Thread 0x000001997b6c1ce0 Thread added: 0x000001997b6c1ce0
Event: 0.183 Thread 0x000001997b6c2270 Thread added: 0x000001997b6c2270
Event: 0.268 Thread 0x000001997b74abc0 Thread added: 0x000001997b74abc0
Event: 0.551 Thread 0x000001997b6c2270 Thread exited: 0x000001997b6c2270
Event: 0.709 Thread 0x000001997b8c9cc0 Thread added: 0x000001997b8c9cc0
Event: 0.862 Thread 0x000001997bd01fb0 Thread added: 0x000001997bd01fb0
Event: 0.872 Thread 0x000001997bea7540 Thread added: 0x000001997bea7540
Event: 0.987 Thread 0x000001997b6c1ce0 Thread exited: 0x000001997b6c1ce0
Event: 1.111 Thread 0x000001997c199e10 Thread added: 0x000001997c199e10
Event: 1.116 Thread 0x000001997c19af80 Thread added: 0x000001997c19af80
Event: 1.661 Thread 0x000001997c367650 Thread added: 0x000001997c367650
Event: 2.015 Thread 0x000001997c367650 Thread exited: 0x000001997c367650
Event: 2.096 Thread 0x000001997c3c0d00 Thread added: 0x000001997c3c0d00
Event: 2.409 Thread 0x000001997c577a50 Thread added: 0x000001997c577a50
Event: 4.339 Thread 0x000001997c5784f0 Thread added: 0x000001997c5784f0
Event: 4.352 Thread 0x000001997c578a40 Thread added: 0x000001997c578a40
Event: 6.703 Thread 0x000001997c578f90 Thread added: 0x000001997c578f90
Event: 6.736 Thread 0x000001997c578a40 Thread exited: 0x000001997c578a40
Event: 6.792 Thread 0x000001997c578a40 Thread added: 0x000001997c578a40
Event: 6.845 Thread 0x000001997b54fa20 Thread added: 0x000001997b54fa20


Dynamic libraries:
0x00007ff6a04d0000 - 0x00007ff6a04e0000 	C:\Program Files\Java\jdk-20\bin\java.exe
0x00007fff9ecf0000 - 0x00007fff9ef07000 	C:\WINDOWS\SYSTEM32\ntdll.dll
0x00007fff9d0f0000 - 0x00007fff9d1b4000 	C:\WINDOWS\System32\KERNEL32.DLL
0x00007fff9c250000 - 0x00007fff9c5f7000 	C:\WINDOWS\System32\KERNELBASE.dll
0x00007fff9c890000 - 0x00007fff9c9a1000 	C:\WINDOWS\System32\ucrtbase.dll
0x00007fff605d0000 - 0x00007fff605e9000 	C:\Program Files\Java\jdk-20\bin\jli.dll
0x00007fff73560000 - 0x00007fff7357b000 	C:\Program Files\Java\jdk-20\bin\VCRUNTIME140.dll
0x00007fff9ccf0000 - 0x00007fff9cda0000 	C:\WINDOWS\System32\ADVAPI32.dll
0x00007fff9cc10000 - 0x00007fff9ccb7000 	C:\WINDOWS\System32\msvcrt.dll
0x00007fff9cda0000 - 0x00007fff9ce46000 	C:\WINDOWS\System32\sechost.dll
0x00007fff9eb90000 - 0x00007fff9eca7000 	C:\WINDOWS\System32\RPCRT4.dll
0x00007fff9dd20000 - 0x00007fff9dece000 	C:\WINDOWS\System32\USER32.dll
0x00007fff9c9b0000 - 0x00007fff9c9d6000 	C:\WINDOWS\System32\win32u.dll
0x00007fff9d220000 - 0x00007fff9d249000 	C:\WINDOWS\System32\GDI32.dll
0x00007fff91e60000 - 0x00007fff920f3000 	C:\WINDOWS\WinSxS\amd64_microsoft.windows.common-controls_6595b64144ccf1df_6.0.22621.2506_none_270c5ae97388e100\COMCTL32.dll
0x00007fff9c770000 - 0x00007fff9c889000 	C:\WINDOWS\System32\gdi32full.dll
0x00007fff9c070000 - 0x00007fff9c10a000 	C:\WINDOWS\System32\msvcp_win.dll
0x00007fff971e0000 - 0x00007fff971ea000 	C:\WINDOWS\SYSTEM32\VERSION.dll
0x00007fff9dff0000 - 0x00007fff9e021000 	C:\WINDOWS\System32\IMM32.DLL
0x00007fff92520000 - 0x00007fff9252c000 	C:\Program Files\Java\jdk-20\bin\vcruntime140_1.dll
0x00007fff5d3e0000 - 0x00007fff5d46e000 	C:\Program Files\Java\jdk-20\bin\msvcp140.dll
0x00007fff529c0000 - 0x00007fff53658000 	C:\Program Files\Java\jdk-20\bin\server\jvm.dll
0x00007fff8c150000 - 0x00007fff8c159000 	C:\WINDOWS\SYSTEM32\WSOCK32.dll
0x00007fff96270000 - 0x00007fff962a4000 	C:\WINDOWS\SYSTEM32\WINMM.dll
0x00007fff9cfe0000 - 0x00007fff9d051000 	C:\WINDOWS\System32\WS2_32.dll
0x00007fff9b100000 - 0x00007fff9b118000 	C:\WINDOWS\SYSTEM32\kernel.appcore.dll
0x00007fff82700000 - 0x00007fff8270a000 	C:\Program Files\Java\jdk-20\bin\jimage.dll
0x00007fff99b20000 - 0x00007fff99d53000 	C:\WINDOWS\SYSTEM32\DBGHELP.DLL
0x00007fff9d360000 - 0x00007fff9d6e9000 	C:\WINDOWS\System32\combase.dll
0x00007fff9d250000 - 0x00007fff9d327000 	C:\WINDOWS\System32\OLEAUT32.dll
0x00007fff946c0000 - 0x00007fff946f2000 	C:\WINDOWS\SYSTEM32\dbgcore.DLL
0x00007fff9c110000 - 0x00007fff9c18a000 	C:\WINDOWS\System32\bcryptPrimitives.dll
0x00007fff60420000 - 0x00007fff60446000 	C:\Program Files\Java\jdk-20\bin\java.dll
0x00007fff60340000 - 0x00007fff60417000 	C:\Program Files\Java\jdk-20\bin\jsvml.dll
0x00007fff9e040000 - 0x00007fff9e899000 	C:\WINDOWS\System32\SHELL32.dll
0x00007fff99fa0000 - 0x00007fff9a894000 	C:\WINDOWS\SYSTEM32\windows.storage.dll
0x00007fff99e60000 - 0x00007fff99f9e000 	C:\WINDOWS\SYSTEM32\wintypes.dll
0x00007fff9cee0000 - 0x00007fff9cfd3000 	C:\WINDOWS\System32\SHCORE.dll
0x00007fff9d1c0000 - 0x00007fff9d21e000 	C:\WINDOWS\System32\shlwapi.dll
0x00007fff9bfa0000 - 0x00007fff9bfc6000 	C:\WINDOWS\SYSTEM32\profapi.dll
0x00007fff6a3a0000 - 0x00007fff6a3b3000 	C:\Program Files\Java\jdk-20\bin\net.dll
0x00007fff95970000 - 0x00007fff95aa7000 	C:\WINDOWS\SYSTEM32\WINHTTP.dll
0x00007fff9b5e0000 - 0x00007fff9b649000 	C:\WINDOWS\system32\mswsock.dll
0x00007fff60320000 - 0x00007fff60336000 	C:\Program Files\Java\jdk-20\bin\nio.dll
0x00007fff60300000 - 0x00007fff60318000 	C:\Program Files\Java\jdk-20\bin\zip.dll
0x0000019936370000 - 0x0000019936373000 	C:\Program Files\Java\javafx-sdk-20.0.2\bin\api-ms-win-core-console-l1-1-0.dll
0x0000019936380000 - 0x0000019936383000 	C:\Program Files\Java\javafx-sdk-20.0.2\bin\api-ms-win-core-console-l1-2-0.dll
0x0000019936390000 - 0x0000019936393000 	C:\Program Files\Java\javafx-sdk-20.0.2\bin\api-ms-win-core-datetime-l1-1-0.dll
0x00000199363a0000 - 0x00000199363a3000 	C:\Program Files\Java\javafx-sdk-20.0.2\bin\api-ms-win-core-debug-l1-1-0.dll
0x00000199363b0000 - 0x00000199363b3000 	C:\Program Files\Java\javafx-sdk-20.0.2\bin\api-ms-win-core-errorhandling-l1-1-0.dll
0x00000199363c0000 - 0x00000199363c4000 	C:\Program Files\Java\javafx-sdk-20.0.2\bin\api-ms-win-core-file-l1-1-0.dll
0x00000199363d0000 - 0x00000199363d3000 	C:\Program Files\Java\javafx-sdk-20.0.2\bin\api-ms-win-core-file-l1-2-0.dll
0x00000199363e0000 - 0x00000199363e3000 	C:\Program Files\Java\javafx-sdk-20.0.2\bin\api-ms-win-core-file-l2-1-0.dll
0x00000199363f0000 - 0x00000199363f3000 	C:\Program Files\Java\javafx-sdk-20.0.2\bin\api-ms-win-core-handle-l1-1-0.dll
0x000001997d0d0000 - 0x000001997d0d3000 	C:\Program Files\Java\javafx-sdk-20.0.2\bin\api-ms-win-core-heap-l1-1-0.dll
0x000001997d0e0000 - 0x000001997d0e3000 	C:\Program Files\Java\javafx-sdk-20.0.2\bin\api-ms-win-core-interlocked-l1-1-0.dll
0x000001997d0f0000 - 0x000001997d0f3000 	C:\Program Files\Java\javafx-sdk-20.0.2\bin\api-ms-win-core-libraryloader-l1-1-0.dll
0x000001997d100000 - 0x000001997d103000 	C:\Program Files\Java\javafx-sdk-20.0.2\bin\api-ms-win-core-localization-l1-2-0.dll
0x000001997d110000 - 0x000001997d113000 	C:\Program Files\Java\javafx-sdk-20.0.2\bin\api-ms-win-core-memory-l1-1-0.dll
0x000001997d120000 - 0x000001997d123000 	C:\Program Files\Java\javafx-sdk-20.0.2\bin\api-ms-win-core-namedpipe-l1-1-0.dll
0x000001997d130000 - 0x000001997d133000 	C:\Program Files\Java\javafx-sdk-20.0.2\bin\api-ms-win-core-processenvironment-l1-1-0.dll
0x000001997d140000 - 0x000001997d143000 	C:\Program Files\Java\javafx-sdk-20.0.2\bin\api-ms-win-core-processthreads-l1-1-0.dll
0x000001997d150000 - 0x000001997d153000 	C:\Program Files\Java\javafx-sdk-20.0.2\bin\api-ms-win-core-processthreads-l1-1-1.dll
0x000001997d160000 - 0x000001997d163000 	C:\Program Files\Java\javafx-sdk-20.0.2\bin\api-ms-win-core-profile-l1-1-0.dll
0x000001997d170000 - 0x000001997d173000 	C:\Program Files\Java\javafx-sdk-20.0.2\bin\api-ms-win-core-rtlsupport-l1-1-0.dll
0x000001997d180000 - 0x000001997d183000 	C:\Program Files\Java\javafx-sdk-20.0.2\bin\api-ms-win-core-string-l1-1-0.dll
0x000001997d190000 - 0x000001997d193000 	C:\Program Files\Java\javafx-sdk-20.0.2\bin\api-ms-win-core-synch-l1-1-0.dll
0x000001997d1a0000 - 0x000001997d1a3000 	C:\Program Files\Java\javafx-sdk-20.0.2\bin\api-ms-win-core-synch-l1-2-0.dll
0x000001997d1b0000 - 0x000001997d1b3000 	C:\Program Files\Java\javafx-sdk-20.0.2\bin\api-ms-win-core-sysinfo-l1-1-0.dll
0x000001997d1c0000 - 0x000001997d1c3000 	C:\Program Files\Java\javafx-sdk-20.0.2\bin\api-ms-win-core-timezone-l1-1-0.dll
0x000001997d1d0000 - 0x000001997d1d3000 	C:\Program Files\Java\javafx-sdk-20.0.2\bin\api-ms-win-core-util-l1-1-0.dll
0x000001997d1e0000 - 0x000001997d1e3000 	C:\Program Files\Java\javafx-sdk-20.0.2\bin\api-ms-win-crt-conio-l1-1-0.dll
0x000001997d1f0000 - 0x000001997d1f4000 	C:\Program Files\Java\javafx-sdk-20.0.2\bin\api-ms-win-crt-convert-l1-1-0.dll
0x000001997d200000 - 0x000001997d203000 	C:\Program Files\Java\javafx-sdk-20.0.2\bin\api-ms-win-crt-environment-l1-1-0.dll
0x000001997d210000 - 0x000001997d213000 	C:\Program Files\Java\javafx-sdk-20.0.2\bin\api-ms-win-crt-filesystem-l1-1-0.dll
0x000001997d220000 - 0x000001997d223000 	C:\Program Files\Java\javafx-sdk-20.0.2\bin\api-ms-win-crt-heap-l1-1-0.dll
0x000001997d230000 - 0x000001997d233000 	C:\Program Files\Java\javafx-sdk-20.0.2\bin\api-ms-win-crt-locale-l1-1-0.dll
0x000001997d240000 - 0x000001997d245000 	C:\Program Files\Java\javafx-sdk-20.0.2\bin\api-ms-win-crt-math-l1-1-0.dll
0x000001997d250000 - 0x000001997d255000 	C:\Program Files\Java\javafx-sdk-20.0.2\bin\api-ms-win-crt-multibyte-l1-1-0.dll
0x000001997d260000 - 0x000001997d270000 	C:\Program Files\Java\javafx-sdk-20.0.2\bin\api-ms-win-crt-private-l1-1-0.dll
0x000001997d270000 - 0x000001997d273000 	C:\Program Files\Java\javafx-sdk-20.0.2\bin\api-ms-win-crt-process-l1-1-0.dll
0x000001997d280000 - 0x000001997d284000 	C:\Program Files\Java\javafx-sdk-20.0.2\bin\api-ms-win-crt-runtime-l1-1-0.dll
0x000001997d290000 - 0x000001997d294000 	C:\Program Files\Java\javafx-sdk-20.0.2\bin\api-ms-win-crt-stdio-l1-1-0.dll
0x000001997d2a0000 - 0x000001997d2a4000 	C:\Program Files\Java\javafx-sdk-20.0.2\bin\api-ms-win-crt-string-l1-1-0.dll
0x000001997d2b0000 - 0x000001997d2b3000 	C:\Program Files\Java\javafx-sdk-20.0.2\bin\api-ms-win-crt-time-l1-1-0.dll
0x000001997d2c0000 - 0x000001997d2c3000 	C:\Program Files\Java\javafx-sdk-20.0.2\bin\api-ms-win-crt-utility-l1-1-0.dll
0x00007fff5fb90000 - 0x00007fff5fc8c000 	C:\Program Files\Java\javafx-sdk-20.0.2\bin\ucrtbase.dll
0x00007fff79370000 - 0x00007fff7938b000 	C:\Program Files\Java\javafx-sdk-20.0.2\bin\vcruntime140.dll
0x00007fff93d70000 - 0x00007fff93d7c000 	C:\Program Files\Java\javafx-sdk-20.0.2\bin\vcruntime140_1.dll
0x00007fff73430000 - 0x00007fff734be000 	C:\Program Files\Java\javafx-sdk-20.0.2\bin\msvcp140.dll
0x00007fff93aa0000 - 0x00007fff93aa9000 	C:\Program Files\Java\javafx-sdk-20.0.2\bin\msvcp140_1.dll
0x00007fff78c00000 - 0x00007fff78c30000 	C:\Program Files\Java\javafx-sdk-20.0.2\bin\msvcp140_2.dll
0x00007fff76e00000 - 0x00007fff76e2f000 	C:\Program Files\Java\javafx-sdk-20.0.2\bin\prism_d3d.dll
0x00007fff54fd0000 - 0x00007fff55179000 	C:\WINDOWS\system32\d3d9.dll
0x00007fff994a0000 - 0x00007fff994cb000 	C:\WINDOWS\SYSTEM32\dwmapi.dll
0x00007fff99080000 - 0x00007fff990b6000 	C:\WINDOWS\SYSTEM32\dxcore.dll
0x00007fff98da0000 - 0x00007fff98e4b000 	C:\WINDOWS\system32\uxtheme.dll
0x00007fff57190000 - 0x00007fff572f5000 	C:\WINDOWS\System32\DriverStore\FileRepository\igdlh64.inf_amd64_dccdb071926b5316\igdumdim64.dll
0x00007fff9e9f0000 - 0x00007fff9eb90000 	C:\WINDOWS\System32\ole32.dll
0x00007fff0a020000 - 0x00007fff0dc74000 	C:\WINDOWS\System32\DriverStore\FileRepository\igdlh64.inf_amd64_dccdb071926b5316\igd9dxva64.dll
0x00007fff9d8a0000 - 0x00007fff9dd14000 	C:\WINDOWS\System32\SETUPAPI.dll
0x00007fff9bd60000 - 0x00007fff9bdae000 	C:\WINDOWS\SYSTEM32\cfgmgr32.dll
0x00007fff7cf70000 - 0x00007fff7d331000 	C:\WINDOWS\System32\DriverStore\FileRepository\igdlh64.inf_amd64_dccdb071926b5316\igdgmm64.dll
0x00007fff80370000 - 0x00007fff803ba000 	C:\WINDOWS\SYSTEM32\directxdatabasehelper.dll
0x00007fff75440000 - 0x00007fff75482000 	C:\Program Files\Java\javafx-sdk-20.0.2\bin\glass.dll
0x00007fff9e8a0000 - 0x00007fff9e999000 	C:\WINDOWS\System32\COMDLG32.dll
0x00007fff9d750000 - 0x00007fff9d89f000 	C:\WINDOWS\System32\MSCTF.dll
0x00007fff791d0000 - 0x00007fff791f7000 	C:\WINDOWS\System32\DriverStore\FileRepository\igdlh64.inf_amd64_dccdb071926b5316\igdinfo64.dll
0x00007fff9b830000 - 0x00007fff9b84b000 	C:\WINDOWS\SYSTEM32\CRYPTSP.dll
0x00007fff9b0c0000 - 0x00007fff9b0f5000 	C:\WINDOWS\system32\rsaenh.dll
0x00007fff9b850000 - 0x00007fff9b85c000 	C:\WINDOWS\SYSTEM32\CRYPTBASE.dll
0x00007fff9ba20000 - 0x00007fff9ba48000 	C:\WINDOWS\SYSTEM32\bcrypt.dll
0x00007fff79b20000 - 0x00007fff7cd26000 	C:\WINDOWS\System32\DriverStore\FileRepository\igdlh64.inf_amd64_dccdb071926b5316\igc64.dll
0x00007fff754d0000 - 0x00007fff754e4000 	C:\Program Files\Java\javafx-sdk-20.0.2\bin\javafx_font.dll
0x00007fff96710000 - 0x00007fff96983000 	C:\WINDOWS\SYSTEM32\dwrite.dll
0x00007fff9df40000 - 0x00007fff9dff0000 	C:\WINDOWS\System32\clbcatq.dll
0x00007fff98b80000 - 0x00007fff98d30000 	C:\WINDOWS\SYSTEM32\WindowsCodecs.dll
0x00007fff8e450000 - 0x00007fff8e4ae000 	C:\WINDOWS\system32\dataexchange.dll
0x00007fff82b70000 - 0x00007fff82df5000 	C:\WINDOWS\system32\twinapi.appcore.dll
0x00007fff548a0000 - 0x00007fff548d2000 	C:\Program Files\Common Files\Microsoft Shared\Ink\rtscom.dll
0x00007fff80d70000 - 0x00007fff80eba000 	C:\WINDOWS\SYSTEM32\textinputframework.dll
0x00007fff97a30000 - 0x00007fff97b63000 	C:\WINDOWS\SYSTEM32\CoreMessaging.dll
0x00007fff7e7e0000 - 0x00007fff7eb4c000 	C:\WINDOWS\SYSTEM32\CoreUIComponents.dll
0x00007fff75360000 - 0x00007fff75386000 	C:\Windows\System32\dpuareu_jni.dll
0x00007fff59190000 - 0x00007fff59204000 	C:\WINDOWS\SYSTEM32\dpfj.dll
0x00007fff73010000 - 0x00007fff7303b000 	C:\WINDOWS\SYSTEM32\dpfpdd.dll
0x00007fff94010000 - 0x00007fff940a0000 	C:\WINDOWS\SYSTEM32\DPFPApi.DLL
0x00007fff9c600000 - 0x00007fff9c766000 	C:\WINDOWS\System32\CRYPT32.dll

dbghelp: loaded successfully - version: 4.0.5 - missing functions: none
symbol engine: initialized successfully - sym options: 0x614 - pdb path: .;C:\Program Files\Java\jdk-20\bin;C:\WINDOWS\SYSTEM32;C:\WINDOWS\WinSxS\amd64_microsoft.windows.common-controls_6595b64144ccf1df_6.0.22621.2506_none_270c5ae97388e100;C:\Program Files\Java\jdk-20\bin\server;C:\Program Files\Java\javafx-sdk-20.0.2\bin;C:\WINDOWS\System32\DriverStore\FileRepository\igdlh64.inf_amd64_dccdb071926b5316;C:\Program Files\Common Files\Microsoft Shared\Ink

VM Arguments:
jvm_args: -Dfile.encoding=UTF-8 --module-path=C:\Program Files\Java\javafx-sdk-20.0.2\lib --add-modules=javafx.controls,javafx.fxml --module-path=C:\Program Files\Java\javafx-sdk-20.0.2\lib\javafx-swt.jar;C:\Program Files\Java\javafx-sdk-20.0.2\lib\javafx.base.jar;C:\Program Files\Java\javafx-sdk-20.0.2\lib\javafx.controls.jar;C:\Program Files\Java\javafx-sdk-20.0.2\lib\javafx.fxml.jar;C:\Program Files\Java\javafx-sdk-20.0.2\lib\javafx.graphics.jar;C:\Program Files\Java\javafx-sdk-20.0.2\lib\javafx.media.jar;C:\Program Files\Java\javafx-sdk-20.0.2\lib\javafx.swing.jar;C:\Program Files\Java\javafx-sdk-20.0.2\lib\javafx.web.jar 
java_command: Main
java_class_path (initial): C:\Program Files\Java\javafx-sdk-20.0.2\lib\javafx-swt.jar;C:\Program Files\Java\javafx-sdk-20.0.2\lib\javafx.base.jar;C:\Program Files\Java\javafx-sdk-20.0.2\lib\javafx.controls.jar;C:\Program Files\Java\javafx-sdk-20.0.2\lib\javafx.fxml.jar;C:\Program Files\Java\javafx-sdk-20.0.2\lib\javafx.graphics.jar;C:\Program Files\Java\javafx-sdk-20.0.2\lib\javafx.media.jar;C:\Program Files\Java\javafx-sdk-20.0.2\lib\javafx.swing.jar;C:\Program Files\Java\javafx-sdk-20.0.2\lib\javafx.web.jar;C:\Program Files\DigitalPersona\U.are.U SDK\Windows\Lib\Java\dpuareu.jar;C:\Program Files\Java\mysql-connector-j-8.1.0\mysql-connector-j-8.1.0.jar;C:\Programming\NetBeansProjects\attendance-system\build\classes
Launcher Type: SUN_STANDARD

[Global flags]
     intx CICompilerCount                          = 4                                         {product} {ergonomic}
     uint ConcGCThreads                            = 2                                         {product} {ergonomic}
     uint G1ConcRefinementThreads                  = 8                                         {product} {ergonomic}
   size_t G1HeapRegionSize                         = 1048576                                   {product} {ergonomic}
    uintx GCDrainStackTargetSize                   = 64                                        {product} {ergonomic}
   size_t InitialHeapSize                          = 134217728                                 {product} {ergonomic}
   size_t MarkStackSize                            = 4194304                                   {product} {ergonomic}
   size_t MaxHeapSize                              = 2116026368                                {product} {ergonomic}
   size_t MaxNewSize                               = 1268776960                                {product} {ergonomic}
   size_t MinHeapDeltaBytes                        = 1048576                                   {product} {ergonomic}
   size_t MinHeapSize                              = 8388608                                   {product} {ergonomic}
    uintx NonNMethodCodeHeapSize                   = 5839372                                {pd product} {ergonomic}
    uintx NonProfiledCodeHeapSize                  = 122909434                              {pd product} {ergonomic}
    uintx ProfiledCodeHeapSize                     = 122909434                              {pd product} {ergonomic}
    uintx ReservedCodeCacheSize                    = 251658240                              {pd product} {ergonomic}
     bool SegmentedCodeCache                       = true                                      {product} {ergonomic}
   size_t SoftMaxHeapSize                          = 2116026368                             {manageable} {ergonomic}
     bool UseCompressedClassPointers               = true                           {product lp64_product} {ergonomic}
     bool UseCompressedOops                        = true                           {product lp64_product} {ergonomic}
     bool UseG1GC                                  = true                                      {product} {ergonomic}
     bool UseLargePagesIndividualAllocation        = false                                  {pd product} {ergonomic}

Logging:
Log output configuration:
 #0: stdout all=warning uptime,level,tags foldmultilines=false
 #1: stderr all=off uptime,level,tags foldmultilines=false

Environment Variables:
JAVA_HOME=C:\Program Files\Java\jdk-20
CLASSPATH=C:\Program Files\Java\mysql-connector-j-8.1.0\mysql-connector-j-8.1.0.jar
PATH=C:\Program Files\Common Files\Oracle\Java\javapath;C:\Program Files (x86)\Common Files\Oracle\Java\javapath;C:\WINDOWS\system32;C:\WINDOWS;C:\WINDOWS\System32\Wbem;C:\WINDOWS\System32\WindowsPowerShell\v1.0\;C:\WINDOWS\System32\OpenSSH\;C:\Program Files\Git\cmd;C:\Program Files\dotnet\;C:\Users\danodoms\AppData\Local\Microsoft\WindowsApps;C:\Users\danodoms\AppData\Local\Programs\Microsoft VS Code\bin;
USERNAME=admin
OS=Windows_NT
PROCESSOR_IDENTIFIER=Intel64 Family 6 Model 142 Stepping 10, GenuineIntel
TMP=C:\Users\danodoms\AppData\Local\Temp
TEMP=C:\Users\danodoms\AppData\Local\Temp




---------------  S Y S T E M  ---------------

OS:
 Windows 11 , 64 bit Build 22621 (10.0.22621.2506)
OS uptime: 1 days 5:58 hours

CPU: total 8 (initial active 8) (4 cores per cpu, 2 threads per core) family 6 model 142 stepping 10 microcode 0xf4, cx8, cmov, fxsr, ht, mmx, 3dnowpref, sse, sse2, sse3, ssse3, sse4.1, sse4.2, popcnt, lzcnt, tsc, tscinvbit, avx, avx2, aes, erms, clmul, bmi1, bmi2, rtm, adx, fma, vzeroupper, clflush, clflushopt, rdtscp, f16c

Memory: 4k page, system-wide physical 8071M (1432M free)
TotalPageFile size 18823M (AvailPageFile size 6050M)
current process WorkingSet (physical memory assigned to process): 186M, peak: 186M
current process commit charge ("private bytes"): 299M, peak: 300M

vm_info: Java HotSpot(TM) 64-Bit Server VM (20.0.2+9-78) for windows-amd64 JRE (20.0.2+9-78), built on 2023-06-14T10:08:48Z by "mach5one" with MS VC++ 17.1 (VS2022)

END.
