#
# A fatal error has been detected by the Java Runtime Environment:
#
#  EXCEPTION_ACCESS_VIOLATION (0xc0000005) at pc=0x00007fff83dda330, pid=8224, tid=2716
#
# JRE version: Java(TM) SE Runtime Environment (20.0.2+9) (build 20.0.2+9-78)
# Java VM: Java HotSpot(TM) 64-Bit Server VM (20.0.2+9-78, mixed mode, sharing, tiered, compressed oops, compressed class ptrs, g1 gc, windows-amd64)
# Problematic frame:
# V  [jvm.dll+0xa330]
#
# No core dump will be written. Minidumps are not enabled by default on client versions of Windows
#
# If you would like to submit a bug report, please visit:
#   https://bugreport.java.com/bugreport/crash.jsp
#

---------------  S U M M A R Y ------------

Command Line: -Dfile.encoding=UTF-8 --module-path=C:\Program Files\Java\javafx-sdk-20.0.2\lib --add-modules=javafx.controls,javafx.fxml --module-path=C:\Program Files\Java\javafx-sdk-20.0.2\lib\javafx-swt.jar;C:\Program Files\Java\javafx-sdk-20.0.2\lib\javafx.base.jar;C:\Program Files\Java\javafx-sdk-20.0.2\lib\javafx.controls.jar;C:\Program Files\Java\javafx-sdk-20.0.2\lib\javafx.fxml.jar;C:\Program Files\Java\javafx-sdk-20.0.2\lib\javafx.graphics.jar;C:\Program Files\Java\javafx-sdk-20.0.2\lib\javafx.media.jar;C:\Program Files\Java\javafx-sdk-20.0.2\lib\javafx.swing.jar;C:\Program Files\Java\javafx-sdk-20.0.2\lib\javafx.web.jar Main

Host: Intel(R) Core(TM) i5-8350U CPU @ 1.70GHz, 8 cores, 7G,  Windows 11 , 64 bit Build 22621 (10.0.22621.2506)
Time: Sat Nov  4 08:46:02 2023 Malay Peninsula Standard Time elapsed time: 8.490605 seconds (0d 0h 0m 8s)

---------------  T H R E A D  ---------------

Current thread (0x0000027016f42650):  JavaThread "Thread-3" [_thread_in_vm, id=2716, stack(0x000000cca1600000,0x000000cca1700000)]

Stack: [0x000000cca1600000,0x000000cca1700000],  sp=0x000000cca16ff038,  free space=1020k
Native frames: (J=compiled Java code, j=interpreted, Vv=VM code, C=native code)
V  [jvm.dll+0xa330]

Java frames: (J=compiled Java code, j=interpreted, Vv=VM code)
j  com.digitalpersona.uareu.jni.Dpfj.DpfjIdentify([BII[[BIILcom/digitalpersona/uareu/jni/Dpfj$IntReference;[Lcom/digitalpersona/uareu/Engine$Candidate;)I+0
j  com.digitalpersona.uareu.jni.Dpfj.identify(Lcom/digitalpersona/uareu/Fmd;I[Lcom/digitalpersona/uareu/Fmd;II)[Lcom/digitalpersona/uareu/Engine$Candidate;+148
j  com.digitalpersona.uareu.dpfj.EngineImpl.Identify(Lcom/digitalpersona/uareu/Fmd;I[Lcom/digitalpersona/uareu/Fmd;II)[Lcom/digitalpersona/uareu/Engine$Candidate;+11
j  Fingerprint.IdentificationThread.compareFmdToDatabaseFmds(Lcom/digitalpersona/uareu/Fmd;[Lcom/digitalpersona/uareu/Fmd;)Z+15
j  Fingerprint.IdentificationThread.fmdIsAlreadyEnrolled(Lcom/digitalpersona/uareu/Fmd;)Z+8
j  Fingerprint.EnrollmentThread.GetFmd(Lcom/digitalpersona/uareu/Fmd$Format;)Lcom/digitalpersona/uareu/Engine$PreEnrollmentFmd;+143
j  com.digitalpersona.uareu.dpfj.EngineImpl.CreateEnrollmentFmd(Lcom/digitalpersona/uareu/Fmd$Format;Lcom/digitalpersona/uareu/Engine$EnrollmentCallback;)Lcom/digitalpersona/uareu/Fmd;+82
j  Fingerprint.EnrollmentThread.startEnrollment(Ljavafx/scene/image/ImageView;)V+50
j  Fingerprint.EnrollmentThread.run()V+5
v  ~StubRoutines::call_stub 0x0000026fc3a1100d

siginfo: EXCEPTION_ACCESS_VIOLATION (0xc0000005), reading address 0x0000000000000000


Registers:
RAX=0x0000000000000000, RBX=0x0000027016f42650, RCX=0x0000000000000000, RDX=0x0000000000000000
RSP=0x000000cca16ff038, RBP=0x000000cca16ff1e0, RSI=0x0000027016f42930, RDI=0x0000000000000000
R8 =0x000000cca16ff238, R9 =0x0000000001010001, R10=0x00007fff849166d0, R11=0x0000000000000101
R12=0x0000000000000000, R13=0x0000027012c83d10, R14=0x000000cca16ff240, R15=0x0000000000000000
RIP=0x00007fff83dda330, EFLAGS=0x0000000000010246


Register to memory mapping:

RIP=0x00007fff83dda330 jvm.dll
RAX=0x0 is NULL
RBX=0x0000027016f42650 is a thread
RCX=0x0 is NULL
RDX=0x0 is NULL
RSP=0x000000cca16ff038 is pointing into the stack for thread: 0x0000027016f42650
RBP=0x000000cca16ff1e0 is pointing into the stack for thread: 0x0000027016f42650
RSI=0x0000027016f42930 points into unknown readable memory: 0x00007fff849166d0 | d0 66 91 84 ff 7f 00 00
RDI=0x0 is NULL
R8 =0x000000cca16ff238 is pointing into the stack for thread: 0x0000027016f42650
R9 =0x0000000001010001 is an unknown value
R10=0x00007fff849166d0 jvm.dll
R11=0x0000000000000101 is an unknown value
R12=0x0 is NULL
R13={method} {0x0000027012c83d18} 'DpfjIdentify' '([BII[[BIILcom/digitalpersona/uareu/jni/Dpfj$IntReference;[Lcom/digitalpersona/uareu/Engine$Candidate;)I' in 'com/digitalpersona/uareu/jni/Dpfj'
R14=0x000000cca16ff240 is pointing into the stack for thread: 0x0000027016f42650
R15=0x0 is NULL


Top of Stack: (sp=0x000000cca16ff038)
0x000000cca16ff038:   00007fff8420b549 000002700000000a
0x000000cca16ff048:   0000001b955b55b4 0000027012c83d10
0x000000cca16ff058:   0000027016f42650 000000cca16ff238
0x000000cca16ff068:   00007fffcfae208a 0000027012c83d10
0x000000cca16ff078:   0000027016f42930 0000027016f42650
0x000000cca16ff088:   000000cca16ff240 0000000000000000
0x000000cca16ff098:   00000270127e2e68 0000026fd10bd890
0x000000cca16ff0a8:   0000027012c83d10 000000cca16ff1e0
0x000000cca16ff0b8:   00007fff841ab7f5 0000026fc3a7d287
0x000000cca16ff0c8:   0000001b955b55b4 000001b616f42650
0x000000cca16ff0d8:   000002701318abd8 0000027012c83d10
0x000000cca16ff0e8:   0000027016f42650 0000027016f42650
0x000000cca16ff0f8:   000000cca16ff240 0000027012c83d10
0x000000cca16ff108:   0000000000000000 00000270127e2e68
0x000000cca16ff118:   0000026fd10bd890 0000027012c83d10
0x000000cca16ff128:   0000026fc3a31ff3 0000027016f42650
0x000000cca16ff138:   00007fff841a9251 000000cca16ff238
0x000000cca16ff148:   0000027001010001 0000027000000000
0x000000cca16ff158:   0000000000000000 00000270ffffffff
0x000000cca16ff168:   0000026f000053e2 000000cca16ff208
0x000000cca16ff178:   000000cca16ff200 000000cca16ff218
0x000000cca16ff188:   0000026fc3a3d4bc 0000026fc3a31c96
0x000000cca16ff198:   000000cca16ff198 0000027012c83d10
0x000000cca16ff1a8:   000000cca16ff240 0000027012c86228
0x000000cca16ff1b8:   0000000000000000 0000000087798818
0x000000cca16ff1c8:   0000027012c83d10 0000000000000000
0x000000cca16ff1d8:   000000cca16ff200 000000cca16ff290
0x000000cca16ff1e8:   0000026fc3a2df9e 0000000000000000
0x000000cca16ff1f8:   0000026fc3a2f895 0000000089a26278
0x000000cca16ff208:   0000000089a27278 00000000000053e2
0x000000cca16ff218:   00000000ffffffff 0000000000000000
0x000000cca16ff228:   0000000000000000 0000000001010001 

Instructions: (pc=0x00007fff83dda330)
0x00007fff83dda230:   ec 0d b3 00 48 83 c4 20 5b 48 ff e0 48 8d 05 ed
0x00007fff83dda240:   00 00 00 48 8b cb 48 89 05 d3 0d b3 00 48 83 c4
0x00007fff83dda250:   20 5b 48 ff e0 48 8d 05 d4 00 00 00 48 8b cb 48
0x00007fff83dda260:   89 05 ba 0d b3 00 48 83 c4 20 5b 48 ff e0 48 8b
0x00007fff83dda270:   0d cb 76 b9 00 8b 51 10 83 ea 01 0f 84 91 00 00
0x00007fff83dda280:   00 83 ea 01 74 73 83 ea 01 74 55 83 fa 01 74 37
0x00007fff83dda290:   4c 8d 0d e9 08 8a 00 41 b8 e2 00 00 00 48 8d 15
0x00007fff83dda2a0:   14 09 8a 00 b9 00 00 00 e0 e8 42 68 27 00 e8 5d
0x00007fff83dda2b0:   19 6b 00 33 c0 48 8b cb 48 89 05 61 0d b3 00 48
0x00007fff83dda2c0:   83 c4 20 5b 48 ff e0 48 8d 05 72 00 00 00 48 8b
0x00007fff83dda2d0:   cb 48 89 05 48 0d b3 00 48 83 c4 20 5b 48 ff e0
0x00007fff83dda2e0:   48 8d 05 49 00 00 00 48 8b cb 48 89 05 2f 0d b3
0x00007fff83dda2f0:   00 48 83 c4 20 5b 48 ff e0 48 8d 05 30 00 00 00
0x00007fff83dda300:   48 8b cb 48 89 05 16 0d b3 00 48 83 c4 20 5b 48
0x00007fff83dda310:   ff e0 48 8d 05 17 00 00 00 48 8b cb 48 89 05 fd
0x00007fff83dda320:   0c b3 00 48 83 c4 20 5b 48 ff e0 cc cc cc cc cc
0x00007fff83dda330:   48 8b 01 c3 cc cc cc cc cc cc cc cc cc cc cc cc
0x00007fff83dda340:   48 89 5c 24 08 57 48 83 ec 20 48 8b 39 48 8b d9
0x00007fff83dda350:   48 85 3d a1 90 be 00 75 0e 48 8b c7 48 8b 5c 24
0x00007fff83dda360:   30 48 83 c4 20 5f c3 48 8b cf e8 c1 0e 87 00 48
0x00007fff83dda370:   8b d0 48 85 c0 74 20 48 8b c7 f0 48 0f b1 13 74
0x00007fff83dda380:   16 48 85 05 70 90 be 00 74 0d 48 8b c8 f0 48 0f
0x00007fff83dda390:   b1 13 48 3b c1 75 ea 48 8b 5c 24 30 48 8b c2 48
0x00007fff83dda3a0:   83 c4 20 5f c3 cc cc cc cc cc cc cc cc cc cc cc
0x00007fff83dda3b0:   8b 44 24 30 45 03 c9 44 2b 4c 24 28 83 c0 0b 44
0x00007fff83dda3c0:   03 ca 45 03 c8 41 03 c1 c3 cc cc cc cc cc cc cc
0x00007fff83dda3d0:   48 8b 41 08 0f b7 48 2a 0f b7 40 28 83 c0 48 03
0x00007fff83dda3e0:   c1 c3 cc cc cc cc cc cc cc cc cc cc cc cc cc cc
0x00007fff83dda3f0:   48 89 5c 24 08 57 48 83 ec 20 0f b6 05 3f 98 be
0x00007fff83dda400:   00 48 8b fa 48 8b d9 84 c0 74 4f 48 85 15 e6 8f
0x00007fff83dda410:   be 00 74 38 48 8b ca e8 24 11 87 00 48 8b d0 48
0x00007fff83dda420:   85 db 74 25 48 85 c0 74 20 48 8b c7 f0 48 0f b1 


Stack slot to memory mapping:
stack at sp + 0 slots: 0x00007fff8420b549 jvm.dll
stack at sp + 1 slots: 0x000002700000000a is an unknown value
stack at sp + 2 slots: 0x0000001b955b55b4 is an unknown value
stack at sp + 3 slots: {method} {0x0000027012c83d18} 'DpfjIdentify' '([BII[[BIILcom/digitalpersona/uareu/jni/Dpfj$IntReference;[Lcom/digitalpersona/uareu/Engine$Candidate;)I' in 'com/digitalpersona/uareu/jni/Dpfj'
stack at sp + 4 slots: 0x0000027016f42650 is a thread
stack at sp + 5 slots: 0x000000cca16ff238 is pointing into the stack for thread: 0x0000027016f42650
stack at sp + 6 slots: 0x00007fffcfae208a dpuareu_jni.dll
stack at sp + 7 slots: {method} {0x0000027012c83d18} 'DpfjIdentify' '([BII[[BIILcom/digitalpersona/uareu/jni/Dpfj$IntReference;[Lcom/digitalpersona/uareu/Engine$Candidate;)I' in 'com/digitalpersona/uareu/jni/Dpfj'


---------------  P R O C E S S  ---------------

Threads class SMR info:
_java_thread_list=0x0000027017135c00, length=22, elements={
0x0000026fb44082e0, 0x0000026fd0df06d0, 0x0000026fd0df1570, 0x0000026fd0df55f0,
0x0000026fd0df9510, 0x0000026fd0dfa1b0, 0x0000026fd0dfac20, 0x0000026fd0e07460,
0x0000026fd0e14440, 0x00000270160e77e0, 0x00000270168f7990, 0x0000027016a263e0,
0x00000270169b1430, 0x000002701637f010, 0x0000027016c70f10, 0x0000027016c5c7f0,
0x0000027016eb2700, 0x0000027016f440e0, 0x0000027016f42650, 0x0000027016f430f0,
0x0000027016f42ba0, 0x0000026fd0e165a0
}

Java Threads: ( => current thread )
  0x0000026fb44082e0 JavaThread "main" [_thread_blocked, id=16864, stack(0x000000cc9f200000,0x000000cc9f300000)]
  0x0000026fd0df06d0 JavaThread "Reference Handler" daemon [_thread_blocked, id=13728, stack(0x000000cc9f900000,0x000000cc9fa00000)]
  0x0000026fd0df1570 JavaThread "Finalizer" daemon [_thread_blocked, id=10868, stack(0x000000cc9fa00000,0x000000cc9fb00000)]
  0x0000026fd0df55f0 JavaThread "Signal Dispatcher" daemon [_thread_blocked, id=8240, stack(0x000000cc9fb00000,0x000000cc9fc00000)]
  0x0000026fd0df9510 JavaThread "Attach Listener" daemon [_thread_blocked, id=15256, stack(0x000000cc9fc00000,0x000000cc9fd00000)]
  0x0000026fd0dfa1b0 JavaThread "Service Thread" daemon [_thread_blocked, id=17692, stack(0x000000cc9fd00000,0x000000cc9fe00000)]
  0x0000026fd0dfac20 JavaThread "Monitor Deflation Thread" daemon [_thread_blocked, id=5960, stack(0x000000cc9fe00000,0x000000cc9ff00000)]
  0x0000026fd0e07460 JavaThread "C2 CompilerThread0" daemon [_thread_blocked, id=5376, stack(0x000000cc9ff00000,0x000000cca0000000)]
  0x0000026fd0e14440 JavaThread "C1 CompilerThread0" daemon [_thread_blocked, id=9380, stack(0x000000cca0000000,0x000000cca0100000)]
  0x00000270160e77e0 JavaThread "Common-Cleaner" daemon [_thread_blocked, id=7712, stack(0x000000cca0100000,0x000000cca0200000)]
  0x00000270168f7990 JavaThread "Notification Thread" daemon [_thread_blocked, id=6556, stack(0x000000cca0400000,0x000000cca0500000)]
  0x0000027016a263e0 JavaThread "QuantumRenderer-0" daemon [_thread_blocked, id=9044, stack(0x000000cca0600000,0x000000cca0700000)]
  0x00000270169b1430 JavaThread "InvokeLaterDispatcher" daemon [_thread_blocked, id=13100, stack(0x000000cca0700000,0x000000cca0800000)]
  0x000002701637f010 JavaThread "JavaFX Application Thread" [_thread_in_native, id=18836, stack(0x000000cca0800000,0x000000cca0900000)]
  0x0000027016c70f10 JavaThread "Thread-1" daemon [_thread_in_native, id=17864, stack(0x000000cca0200000,0x000000cca0300000)]
  0x0000027016c5c7f0 JavaThread "JavaFX-Launcher" [_thread_blocked, id=19244, stack(0x000000cca0300000,0x000000cca0400000)]
  0x0000027016eb2700 JavaThread "Prism Font Disposer" daemon [_thread_blocked, id=12924, stack(0x000000cca1100000,0x000000cca1200000)]
  0x0000027016f440e0 JavaThread "Cleaner-0" daemon [_thread_blocked, id=18600, stack(0x000000cca1500000,0x000000cca1600000)]
=>0x0000027016f42650 JavaThread "Thread-3" [_thread_in_vm, id=2716, stack(0x000000cca1600000,0x000000cca1700000)]
  0x0000027016f430f0 JavaThread "Java2D Disposer" daemon [_thread_blocked, id=16696, stack(0x000000cca1a00000,0x000000cca1b00000)]
  0x0000027016f42ba0 JavaThread "mysql-cj-abandoned-connection-cleanup" daemon [_thread_blocked, id=6944, stack(0x000000cca1900000,0x000000cca1a00000)]
  0x0000026fd0e165a0 JavaThread "C2 CompilerThread1" daemon [_thread_blocked, id=14924, stack(0x000000cca1b00000,0x000000cca1c00000)]

Other Threads:
  0x0000026fd0dd2cb0 VMThread "VM Thread" [stack: 0x000000cc9f800000,0x000000cc9f900000] [id=4260]
  0x00000270162a7900 WatcherThread "VM Periodic Task Thread" [stack: 0x000000cca0500000,0x000000cca0600000] [id=12260]
  0x0000026fb446c200 WorkerThread "GC Thread#0" [stack: 0x000000cc9f300000,0x000000cc9f400000] [id=1564]
  0x0000027016d79220 WorkerThread "GC Thread#1" [stack: 0x000000cca0c00000,0x000000cca0d00000] [id=6284]
  0x0000027016d41f70 WorkerThread "GC Thread#2" [stack: 0x000000cca0d00000,0x000000cca0e00000] [id=9468]
  0x0000027016db6970 WorkerThread "GC Thread#3" [stack: 0x000000cca0e00000,0x000000cca0f00000] [id=17972]
  0x0000027016db5e30 WorkerThread "GC Thread#4" [stack: 0x000000cca0f00000,0x000000cca1000000] [id=6700]
  0x0000027016db71e0 WorkerThread "GC Thread#5" [stack: 0x000000cca1000000,0x000000cca1100000] [id=17916]
  0x0000027016db66a0 WorkerThread "GC Thread#6" [stack: 0x000000cca1c00000,0x000000cca1d00000] [id=15104]
  0x0000027016db6f10 WorkerThread "GC Thread#7" [stack: 0x000000cca1d00000,0x000000cca1e00000] [id=6464]
  0x0000026fb447cc60 ConcurrentGCThread "G1 Main Marker" [stack: 0x000000cc9f400000,0x000000cc9f500000] [id=2648]
  0x0000026fb447d740 WorkerThread "G1 Conc#0" [stack: 0x000000cc9f500000,0x000000cc9f600000] [id=8460]
  0x0000026fb44ceb20 ConcurrentGCThread "G1 Refine#0" [stack: 0x000000cc9f600000,0x000000cc9f700000] [id=3796]
  0x0000026fd0c84630 ConcurrentGCThread "G1 Service" [stack: 0x000000cc9f700000,0x000000cc9f800000] [id=18892]

Threads with active compile tasks:

VM state: not at safepoint (normal execution)

VM Mutex/Monitor currently owned by a thread: None

Heap address: 0x0000000081e00000, size: 2018 MB, Compressed Oops mode: 32-bit

CDS archive(s) mapped at: [0x0000026fd1000000-0x0000026fd1c60000-0x0000026fd1c60000), size 12976128, SharedBaseAddress: 0x0000026fd1000000, ArchiveRelocationMode: 1.
Compressed class space mapped at: 0x0000026fd2000000-0x0000027012000000, reserved size: 1073741824
Narrow klass base: 0x0000026fd1000000, Narrow klass shift: 0, Narrow klass range: 0x100000000

GC Precious Log:
 CardTable entry size: 512
 Card Set container configuration: InlinePtr #cards 5 size 8 Array Of Cards #cards 12 size 40 Howl #buckets 4 coarsen threshold 1843 Howl Bitmap #cards 512 size 80 coarsen threshold 460 Card regions per heap region 1 cards per card region 2048
 CPUs: 8 total, 8 available
 Memory: 8071M
 Large Page Support: Disabled
 NUMA Support: Disabled
 Compressed Oops: Enabled (32-bit)
 Heap Region Size: 1M
 Heap Min Capacity: 8M
 Heap Initial Capacity: 128M
 Heap Max Capacity: 2018M
 Pre-touch: Disabled
 Parallel Workers: 8
 Concurrent Workers: 2
 Concurrent Refinement Workers: 8
 Periodic GC: Disabled

Heap:
 garbage-first heap   total 131072K, used 14714K [0x0000000081e00000, 0x0000000100000000)
  region size 1024K, 9 young (9216K), 5 survivors (5120K)
 Metaspace       used 20118K, committed 20416K, reserved 1114112K
  class space    used 2479K, committed 2624K, reserved 1048576K

Heap Regions: E=young(eden), S=young(survivor), O=old, HS=humongous(starts), HC=humongous(continues), CS=collection set, F=free, OA=open archive, CA=closed archive, TAMS=top-at-mark-start, PB=parsable bottom
|   0|0x0000000081e00000, 0x0000000081f00000, 0x0000000081f00000|100%| O|  |TAMS 0x0000000081e00000| PB 0x0000000081e00000| Untracked 
|   1|0x0000000081f00000, 0x0000000082000000, 0x0000000082000000|100%|HS|  |TAMS 0x0000000081f00000| PB 0x0000000081f00000| Complete 
|   2|0x0000000082000000, 0x0000000082100000, 0x0000000082100000|100%|HC|  |TAMS 0x0000000082000000| PB 0x0000000082000000| Complete 
|   3|0x0000000082100000, 0x0000000082100000, 0x0000000082200000|  0%| F|  |TAMS 0x0000000082100000| PB 0x0000000082100000| Untracked 
|   4|0x0000000082200000, 0x0000000082200000, 0x0000000082300000|  0%| F|  |TAMS 0x0000000082200000| PB 0x0000000082200000| Untracked 
|   5|0x0000000082300000, 0x0000000082400000, 0x0000000082400000|100%|HS|  |TAMS 0x0000000082300000| PB 0x0000000082300000| Complete 
|   6|0x0000000082400000, 0x0000000082500000, 0x0000000082500000|100%|HS|  |TAMS 0x0000000082400000| PB 0x0000000082400000| Complete 
|   7|0x0000000082500000, 0x0000000082600000, 0x0000000082600000|100%| O|  |TAMS 0x0000000082500000| PB 0x0000000082500000| Untracked 
|   8|0x0000000082600000, 0x0000000082700000, 0x0000000082700000|100%| O|  |TAMS 0x0000000082600000| PB 0x0000000082600000| Untracked 
|   9|0x0000000082700000, 0x000000008275ea00, 0x0000000082800000| 36%| O|  |TAMS 0x0000000082700000| PB 0x0000000082700000| Untracked 
|  10|0x0000000082800000, 0x0000000082800000, 0x0000000082900000|  0%| F|  |TAMS 0x0000000082800000| PB 0x0000000082800000| Untracked 
|  11|0x0000000082900000, 0x0000000082900000, 0x0000000082a00000|  0%| F|  |TAMS 0x0000000082900000| PB 0x0000000082900000| Untracked 
|  12|0x0000000082a00000, 0x0000000082a00000, 0x0000000082b00000|  0%| F|  |TAMS 0x0000000082a00000| PB 0x0000000082a00000| Untracked 
|  13|0x0000000082b00000, 0x0000000082b00000, 0x0000000082c00000|  0%| F|  |TAMS 0x0000000082b00000| PB 0x0000000082b00000| Untracked 
|  14|0x0000000082c00000, 0x0000000082c00000, 0x0000000082d00000|  0%| F|  |TAMS 0x0000000082c00000| PB 0x0000000082c00000| Untracked 
|  15|0x0000000082d00000, 0x0000000082d00000, 0x0000000082e00000|  0%| F|  |TAMS 0x0000000082d00000| PB 0x0000000082d00000| Untracked 
|  16|0x0000000082e00000, 0x0000000082e00000, 0x0000000082f00000|  0%| F|  |TAMS 0x0000000082e00000| PB 0x0000000082e00000| Untracked 
|  17|0x0000000082f00000, 0x0000000082f00000, 0x0000000083000000|  0%| F|  |TAMS 0x0000000082f00000| PB 0x0000000082f00000| Untracked 
|  18|0x0000000083000000, 0x0000000083000000, 0x0000000083100000|  0%| F|  |TAMS 0x0000000083000000| PB 0x0000000083000000| Untracked 
|  19|0x0000000083100000, 0x0000000083100000, 0x0000000083200000|  0%| F|  |TAMS 0x0000000083100000| PB 0x0000000083100000| Untracked 
|  20|0x0000000083200000, 0x0000000083200000, 0x0000000083300000|  0%| F|  |TAMS 0x0000000083200000| PB 0x0000000083200000| Untracked 
|  21|0x0000000083300000, 0x0000000083300000, 0x0000000083400000|  0%| F|  |TAMS 0x0000000083300000| PB 0x0000000083300000| Untracked 
|  22|0x0000000083400000, 0x0000000083400000, 0x0000000083500000|  0%| F|  |TAMS 0x0000000083400000| PB 0x0000000083400000| Untracked 
|  23|0x0000000083500000, 0x0000000083500000, 0x0000000083600000|  0%| F|  |TAMS 0x0000000083500000| PB 0x0000000083500000| Untracked 
|  24|0x0000000083600000, 0x0000000083600000, 0x0000000083700000|  0%| F|  |TAMS 0x0000000083600000| PB 0x0000000083600000| Untracked 
|  25|0x0000000083700000, 0x0000000083700000, 0x0000000083800000|  0%| F|  |TAMS 0x0000000083700000| PB 0x0000000083700000| Untracked 
|  26|0x0000000083800000, 0x0000000083800000, 0x0000000083900000|  0%| F|  |TAMS 0x0000000083800000| PB 0x0000000083800000| Untracked 
|  27|0x0000000083900000, 0x0000000083900000, 0x0000000083a00000|  0%| F|  |TAMS 0x0000000083900000| PB 0x0000000083900000| Untracked 
|  28|0x0000000083a00000, 0x0000000083a00000, 0x0000000083b00000|  0%| F|  |TAMS 0x0000000083a00000| PB 0x0000000083a00000| Untracked 
|  29|0x0000000083b00000, 0x0000000083b00000, 0x0000000083c00000|  0%| F|  |TAMS 0x0000000083b00000| PB 0x0000000083b00000| Untracked 
|  30|0x0000000083c00000, 0x0000000083c00000, 0x0000000083d00000|  0%| F|  |TAMS 0x0000000083c00000| PB 0x0000000083c00000| Untracked 
|  31|0x0000000083d00000, 0x0000000083d00000, 0x0000000083e00000|  0%| F|  |TAMS 0x0000000083d00000| PB 0x0000000083d00000| Untracked 
|  32|0x0000000083e00000, 0x0000000083e00000, 0x0000000083f00000|  0%| F|  |TAMS 0x0000000083e00000| PB 0x0000000083e00000| Untracked 
|  33|0x0000000083f00000, 0x0000000083f00000, 0x0000000084000000|  0%| F|  |TAMS 0x0000000083f00000| PB 0x0000000083f00000| Untracked 
|  34|0x0000000084000000, 0x0000000084000000, 0x0000000084100000|  0%| F|  |TAMS 0x0000000084000000| PB 0x0000000084000000| Untracked 
|  35|0x0000000084100000, 0x0000000084100000, 0x0000000084200000|  0%| F|  |TAMS 0x0000000084100000| PB 0x0000000084100000| Untracked 
|  36|0x0000000084200000, 0x0000000084200000, 0x0000000084300000|  0%| F|  |TAMS 0x0000000084200000| PB 0x0000000084200000| Untracked 
|  37|0x0000000084300000, 0x0000000084300000, 0x0000000084400000|  0%| F|  |TAMS 0x0000000084300000| PB 0x0000000084300000| Untracked 
|  38|0x0000000084400000, 0x0000000084400000, 0x0000000084500000|  0%| F|  |TAMS 0x0000000084400000| PB 0x0000000084400000| Untracked 
|  39|0x0000000084500000, 0x0000000084500000, 0x0000000084600000|  0%| F|  |TAMS 0x0000000084500000| PB 0x0000000084500000| Untracked 
|  40|0x0000000084600000, 0x0000000084600000, 0x0000000084700000|  0%| F|  |TAMS 0x0000000084600000| PB 0x0000000084600000| Untracked 
|  41|0x0000000084700000, 0x0000000084700000, 0x0000000084800000|  0%| F|  |TAMS 0x0000000084700000| PB 0x0000000084700000| Untracked 
|  42|0x0000000084800000, 0x0000000084800000, 0x0000000084900000|  0%| F|  |TAMS 0x0000000084800000| PB 0x0000000084800000| Untracked 
|  43|0x0000000084900000, 0x0000000084900000, 0x0000000084a00000|  0%| F|  |TAMS 0x0000000084900000| PB 0x0000000084900000| Untracked 
|  44|0x0000000084a00000, 0x0000000084a00000, 0x0000000084b00000|  0%| F|  |TAMS 0x0000000084a00000| PB 0x0000000084a00000| Untracked 
|  45|0x0000000084b00000, 0x0000000084b00000, 0x0000000084c00000|  0%| F|  |TAMS 0x0000000084b00000| PB 0x0000000084b00000| Untracked 
|  46|0x0000000084c00000, 0x0000000084c00000, 0x0000000084d00000|  0%| F|  |TAMS 0x0000000084c00000| PB 0x0000000084c00000| Untracked 
|  47|0x0000000084d00000, 0x0000000084d00000, 0x0000000084e00000|  0%| F|  |TAMS 0x0000000084d00000| PB 0x0000000084d00000| Untracked 
|  48|0x0000000084e00000, 0x0000000084e00000, 0x0000000084f00000|  0%| F|  |TAMS 0x0000000084e00000| PB 0x0000000084e00000| Untracked 
|  49|0x0000000084f00000, 0x0000000084f00000, 0x0000000085000000|  0%| F|  |TAMS 0x0000000084f00000| PB 0x0000000084f00000| Untracked 
|  50|0x0000000085000000, 0x0000000085000000, 0x0000000085100000|  0%| F|  |TAMS 0x0000000085000000| PB 0x0000000085000000| Untracked 
|  51|0x0000000085100000, 0x0000000085100000, 0x0000000085200000|  0%| F|  |TAMS 0x0000000085100000| PB 0x0000000085100000| Untracked 
|  52|0x0000000085200000, 0x0000000085200000, 0x0000000085300000|  0%| F|  |TAMS 0x0000000085200000| PB 0x0000000085200000| Untracked 
|  53|0x0000000085300000, 0x0000000085300000, 0x0000000085400000|  0%| F|  |TAMS 0x0000000085300000| PB 0x0000000085300000| Untracked 
|  54|0x0000000085400000, 0x0000000085400000, 0x0000000085500000|  0%| F|  |TAMS 0x0000000085400000| PB 0x0000000085400000| Untracked 
|  55|0x0000000085500000, 0x0000000085500000, 0x0000000085600000|  0%| F|  |TAMS 0x0000000085500000| PB 0x0000000085500000| Untracked 
|  56|0x0000000085600000, 0x0000000085600000, 0x0000000085700000|  0%| F|  |TAMS 0x0000000085600000| PB 0x0000000085600000| Untracked 
|  57|0x0000000085700000, 0x0000000085700000, 0x0000000085800000|  0%| F|  |TAMS 0x0000000085700000| PB 0x0000000085700000| Untracked 
|  58|0x0000000085800000, 0x0000000085800000, 0x0000000085900000|  0%| F|  |TAMS 0x0000000085800000| PB 0x0000000085800000| Untracked 
|  59|0x0000000085900000, 0x0000000085900000, 0x0000000085a00000|  0%| F|  |TAMS 0x0000000085900000| PB 0x0000000085900000| Untracked 
|  60|0x0000000085a00000, 0x0000000085a00000, 0x0000000085b00000|  0%| F|  |TAMS 0x0000000085a00000| PB 0x0000000085a00000| Untracked 
|  61|0x0000000085b00000, 0x0000000085b00000, 0x0000000085c00000|  0%| F|  |TAMS 0x0000000085b00000| PB 0x0000000085b00000| Untracked 
|  62|0x0000000085c00000, 0x0000000085c00000, 0x0000000085d00000|  0%| F|  |TAMS 0x0000000085c00000| PB 0x0000000085c00000| Untracked 
|  63|0x0000000085d00000, 0x0000000085d00000, 0x0000000085e00000|  0%| F|  |TAMS 0x0000000085d00000| PB 0x0000000085d00000| Untracked 
|  64|0x0000000085e00000, 0x0000000085e00000, 0x0000000085f00000|  0%| F|  |TAMS 0x0000000085e00000| PB 0x0000000085e00000| Untracked 
|  65|0x0000000085f00000, 0x0000000085f00000, 0x0000000086000000|  0%| F|  |TAMS 0x0000000085f00000| PB 0x0000000085f00000| Untracked 
|  66|0x0000000086000000, 0x0000000086000000, 0x0000000086100000|  0%| F|  |TAMS 0x0000000086000000| PB 0x0000000086000000| Untracked 
|  67|0x0000000086100000, 0x0000000086100000, 0x0000000086200000|  0%| F|  |TAMS 0x0000000086100000| PB 0x0000000086100000| Untracked 
|  68|0x0000000086200000, 0x0000000086200000, 0x0000000086300000|  0%| F|  |TAMS 0x0000000086200000| PB 0x0000000086200000| Untracked 
|  69|0x0000000086300000, 0x0000000086300000, 0x0000000086400000|  0%| F|  |TAMS 0x0000000086300000| PB 0x0000000086300000| Untracked 
|  70|0x0000000086400000, 0x0000000086400000, 0x0000000086500000|  0%| F|  |TAMS 0x0000000086400000| PB 0x0000000086400000| Untracked 
|  71|0x0000000086500000, 0x0000000086500000, 0x0000000086600000|  0%| F|  |TAMS 0x0000000086500000| PB 0x0000000086500000| Untracked 
|  72|0x0000000086600000, 0x0000000086600000, 0x0000000086700000|  0%| F|  |TAMS 0x0000000086600000| PB 0x0000000086600000| Untracked 
|  73|0x0000000086700000, 0x0000000086700000, 0x0000000086800000|  0%| F|  |TAMS 0x0000000086700000| PB 0x0000000086700000| Untracked 
|  74|0x0000000086800000, 0x0000000086800000, 0x0000000086900000|  0%| F|  |TAMS 0x0000000086800000| PB 0x0000000086800000| Untracked 
|  75|0x0000000086900000, 0x0000000086900000, 0x0000000086a00000|  0%| F|  |TAMS 0x0000000086900000| PB 0x0000000086900000| Untracked 
|  76|0x0000000086a00000, 0x0000000086a00000, 0x0000000086b00000|  0%| F|  |TAMS 0x0000000086a00000| PB 0x0000000086a00000| Untracked 
|  77|0x0000000086b00000, 0x0000000086b00000, 0x0000000086c00000|  0%| F|  |TAMS 0x0000000086b00000| PB 0x0000000086b00000| Untracked 
|  78|0x0000000086c00000, 0x0000000086c00000, 0x0000000086d00000|  0%| F|  |TAMS 0x0000000086c00000| PB 0x0000000086c00000| Untracked 
|  79|0x0000000086d00000, 0x0000000086d00000, 0x0000000086e00000|  0%| F|  |TAMS 0x0000000086d00000| PB 0x0000000086d00000| Untracked 
|  80|0x0000000086e00000, 0x0000000086e00000, 0x0000000086f00000|  0%| F|  |TAMS 0x0000000086e00000| PB 0x0000000086e00000| Untracked 
|  81|0x0000000086f00000, 0x0000000086f00000, 0x0000000087000000|  0%| F|  |TAMS 0x0000000086f00000| PB 0x0000000086f00000| Untracked 
|  82|0x0000000087000000, 0x0000000087000000, 0x0000000087100000|  0%| F|  |TAMS 0x0000000087000000| PB 0x0000000087000000| Untracked 
|  83|0x0000000087100000, 0x0000000087100000, 0x0000000087200000|  0%| F|  |TAMS 0x0000000087100000| PB 0x0000000087100000| Untracked 
|  84|0x0000000087200000, 0x0000000087200000, 0x0000000087300000|  0%| F|  |TAMS 0x0000000087200000| PB 0x0000000087200000| Untracked 
|  85|0x0000000087300000, 0x0000000087300000, 0x0000000087400000|  0%| F|  |TAMS 0x0000000087300000| PB 0x0000000087300000| Untracked 
|  86|0x0000000087400000, 0x0000000087400000, 0x0000000087500000|  0%| F|  |TAMS 0x0000000087400000| PB 0x0000000087400000| Untracked 
|  87|0x0000000087500000, 0x0000000087600000, 0x0000000087600000|100%| S|CS|TAMS 0x0000000087500000| PB 0x0000000087500000| Complete 
|  88|0x0000000087600000, 0x0000000087700000, 0x0000000087700000|100%| S|CS|TAMS 0x0000000087600000| PB 0x0000000087600000| Complete 
|  89|0x0000000087700000, 0x0000000087800000, 0x0000000087800000|100%| S|CS|TAMS 0x0000000087700000| PB 0x0000000087700000| Complete 
|  90|0x0000000087800000, 0x0000000087900000, 0x0000000087900000|100%| S|CS|TAMS 0x0000000087800000| PB 0x0000000087800000| Complete 
|  91|0x0000000087900000, 0x0000000087a00000, 0x0000000087a00000|100%| S|CS|TAMS 0x0000000087900000| PB 0x0000000087900000| Complete 
|  92|0x0000000087a00000, 0x0000000087a00000, 0x0000000087b00000|  0%| F|  |TAMS 0x0000000087a00000| PB 0x0000000087a00000| Untracked 
|  93|0x0000000087b00000, 0x0000000087b00000, 0x0000000087c00000|  0%| F|  |TAMS 0x0000000087b00000| PB 0x0000000087b00000| Untracked 
|  94|0x0000000087c00000, 0x0000000087c00000, 0x0000000087d00000|  0%| F|  |TAMS 0x0000000087c00000| PB 0x0000000087c00000| Untracked 
|  95|0x0000000087d00000, 0x0000000087d00000, 0x0000000087e00000|  0%| F|  |TAMS 0x0000000087d00000| PB 0x0000000087d00000| Untracked 
|  96|0x0000000087e00000, 0x0000000087e00000, 0x0000000087f00000|  0%| F|  |TAMS 0x0000000087e00000| PB 0x0000000087e00000| Untracked 
|  97|0x0000000087f00000, 0x0000000087f00000, 0x0000000088000000|  0%| F|  |TAMS 0x0000000087f00000| PB 0x0000000087f00000| Untracked 
|  98|0x0000000088000000, 0x0000000088000000, 0x0000000088100000|  0%| F|  |TAMS 0x0000000088000000| PB 0x0000000088000000| Untracked 
|  99|0x0000000088100000, 0x0000000088100000, 0x0000000088200000|  0%| F|  |TAMS 0x0000000088100000| PB 0x0000000088100000| Untracked 
| 100|0x0000000088200000, 0x0000000088200000, 0x0000000088300000|  0%| F|  |TAMS 0x0000000088200000| PB 0x0000000088200000| Untracked 
| 101|0x0000000088300000, 0x0000000088300000, 0x0000000088400000|  0%| F|  |TAMS 0x0000000088300000| PB 0x0000000088300000| Untracked 
| 102|0x0000000088400000, 0x0000000088400000, 0x0000000088500000|  0%| F|  |TAMS 0x0000000088400000| PB 0x0000000088400000| Untracked 
| 103|0x0000000088500000, 0x0000000088500000, 0x0000000088600000|  0%| F|  |TAMS 0x0000000088500000| PB 0x0000000088500000| Untracked 
| 104|0x0000000088600000, 0x0000000088600000, 0x0000000088700000|  0%| F|  |TAMS 0x0000000088600000| PB 0x0000000088600000| Untracked 
| 105|0x0000000088700000, 0x0000000088700000, 0x0000000088800000|  0%| F|  |TAMS 0x0000000088700000| PB 0x0000000088700000| Untracked 
| 106|0x0000000088800000, 0x0000000088800000, 0x0000000088900000|  0%| F|  |TAMS 0x0000000088800000| PB 0x0000000088800000| Untracked 
| 107|0x0000000088900000, 0x0000000088900000, 0x0000000088a00000|  0%| F|  |TAMS 0x0000000088900000| PB 0x0000000088900000| Untracked 
| 108|0x0000000088a00000, 0x0000000088a00000, 0x0000000088b00000|  0%| F|  |TAMS 0x0000000088a00000| PB 0x0000000088a00000| Untracked 
| 109|0x0000000088b00000, 0x0000000088b00000, 0x0000000088c00000|  0%| F|  |TAMS 0x0000000088b00000| PB 0x0000000088b00000| Untracked 
| 110|0x0000000088c00000, 0x0000000088c00000, 0x0000000088d00000|  0%| F|  |TAMS 0x0000000088c00000| PB 0x0000000088c00000| Untracked 
| 111|0x0000000088d00000, 0x0000000088d00000, 0x0000000088e00000|  0%| F|  |TAMS 0x0000000088d00000| PB 0x0000000088d00000| Untracked 
| 112|0x0000000088e00000, 0x0000000088e00000, 0x0000000088f00000|  0%| F|  |TAMS 0x0000000088e00000| PB 0x0000000088e00000| Untracked 
| 113|0x0000000088f00000, 0x0000000088f00000, 0x0000000089000000|  0%| F|  |TAMS 0x0000000088f00000| PB 0x0000000088f00000| Untracked 
| 114|0x0000000089000000, 0x0000000089000000, 0x0000000089100000|  0%| F|  |TAMS 0x0000000089000000| PB 0x0000000089000000| Untracked 
| 115|0x0000000089100000, 0x0000000089100000, 0x0000000089200000|  0%| F|  |TAMS 0x0000000089100000| PB 0x0000000089100000| Untracked 
| 116|0x0000000089200000, 0x0000000089200000, 0x0000000089300000|  0%| F|  |TAMS 0x0000000089200000| PB 0x0000000089200000| Untracked 
| 117|0x0000000089300000, 0x0000000089300000, 0x0000000089400000|  0%| F|  |TAMS 0x0000000089300000| PB 0x0000000089300000| Untracked 
| 118|0x0000000089400000, 0x0000000089400000, 0x0000000089500000|  0%| F|  |TAMS 0x0000000089400000| PB 0x0000000089400000| Untracked 
| 119|0x0000000089500000, 0x0000000089500000, 0x0000000089600000|  0%| F|  |TAMS 0x0000000089500000| PB 0x0000000089500000| Untracked 
| 120|0x0000000089600000, 0x0000000089600000, 0x0000000089700000|  0%| F|  |TAMS 0x0000000089600000| PB 0x0000000089600000| Untracked 
| 121|0x0000000089700000, 0x0000000089700000, 0x0000000089800000|  0%| F|  |TAMS 0x0000000089700000| PB 0x0000000089700000| Untracked 
| 122|0x0000000089800000, 0x0000000089800000, 0x0000000089900000|  0%| F|  |TAMS 0x0000000089800000| PB 0x0000000089800000| Untracked 
| 123|0x0000000089900000, 0x0000000089900000, 0x0000000089a00000|  0%| F|  |TAMS 0x0000000089900000| PB 0x0000000089900000| Untracked 
| 124|0x0000000089a00000, 0x0000000089a420a8, 0x0000000089b00000| 25%| E|  |TAMS 0x0000000089a00000| PB 0x0000000089a00000| Complete 
| 125|0x0000000089b00000, 0x0000000089c00000, 0x0000000089c00000|100%| E|  |TAMS 0x0000000089b00000| PB 0x0000000089b00000| Complete 
| 126|0x0000000089c00000, 0x0000000089d00000, 0x0000000089d00000|100%| E|CS|TAMS 0x0000000089c00000| PB 0x0000000089c00000| Complete 
| 127|0x0000000089d00000, 0x0000000089e00000, 0x0000000089e00000|100%| E|CS|TAMS 0x0000000089d00000| PB 0x0000000089d00000| Complete 

Card table byte_map: [0x0000026fcbc20000,0x0000026fcc020000] _byte_map_base: 0x0000026fcb811000

Marking Bits: (CMBitMap*) 0x0000026fb446c740
 Bits: [0x0000026fcc420000, 0x0000026fce3a8000)

Polling page: 0x0000026fb3bd0000

Metaspace:

Usage:
  Non-class:     17.23 MB used.
      Class:      2.42 MB used.
       Both:     19.65 MB used.

Virtual space:
  Non-class space:       64.00 MB reserved,      17.38 MB ( 27%) committed,  1 nodes.
      Class space:        1.00 GB reserved,       2.56 MB ( <1%) committed,  1 nodes.
             Both:        1.06 GB reserved,      19.94 MB (  2%) committed. 

Chunk freelists:
   Non-Class:  2.45 MB
       Class:  1.41 MB
        Both:  3.86 MB

MaxMetaspaceSize: unlimited
CompressedClassSpaceSize: 1.00 GB
Initial GC threshold: 21.00 MB
Current GC threshold: 21.00 MB
CDS: on
MetaspaceReclaimPolicy: balanced
 - commit_granule_bytes: 65536.
 - commit_granule_words: 8192.
 - virtual_space_node_default_size: 8388608.
 - enlarge_chunks_in_place: 1.
 - new_chunks_are_fully_committed: 0.
 - uncommit_free_chunks: 1.
 - use_allocation_guard: 0.


Internal statistics:

num_allocs_failed_limit: 0.
num_arena_births: 326.
num_arena_deaths: 0.
num_vsnodes_births: 2.
num_vsnodes_deaths: 0.
num_space_committed: 319.
num_space_uncommitted: 0.
num_chunks_returned_to_freelist: 0.
num_chunks_taken_from_freelist: 861.
num_chunk_merges: 0.
num_chunk_splits: 600.
num_chunks_enlarged: 455.
num_inconsistent_stats: 0.

CodeHeap 'non-profiled nmethods': size=120000Kb used=872Kb max_used=872Kb free=119127Kb
 bounds [0x0000026fc3fb0000, 0x0000026fc4220000, 0x0000026fcb4e0000]
CodeHeap 'profiled nmethods': size=120000Kb used=4003Kb max_used=4003Kb free=115996Kb
 bounds [0x0000026fbc4e0000, 0x0000026fbc8d0000, 0x0000026fc3a10000]
CodeHeap 'non-nmethods': size=5760Kb used=1983Kb max_used=2032Kb free=3776Kb
 bounds [0x0000026fc3a10000, 0x0000026fc3c80000, 0x0000026fc3fb0000]
 total_blobs=3286 nmethods=2370 adapters=826
 compilation: enabled
              stopped_count=0, restarted_count=0
 full_count=0

Compilation events (20 events):
Event: 8.472 Thread 0x0000026fd0e14440 nmethod 2360 0x0000026fbc8c2a90 code [0x0000026fbc8c2ce0, 0x0000026fbc8c3798]
Event: 8.473 Thread 0x0000026fd0e14440 2367       3       java.util.regex.Matcher::search (154 bytes)
Event: 8.474 Thread 0x0000026fd0e14440 nmethod 2367 0x0000026fbc8c3b10 code [0x0000026fbc8c3d00, 0x0000026fbc8c42b0]
Event: 8.474 Thread 0x0000026fd0e14440 2371       3       java.lang.StringBuilder::append (8 bytes)
Event: 8.474 Thread 0x0000026fd0e14440 nmethod 2371 0x0000026fbc8c4510 code [0x0000026fbc8c46a0, 0x0000026fbc8c47e8]
Event: 8.474 Thread 0x0000026fd0e14440 2364       3       java.util.regex.ASCII::isType (15 bytes)
Event: 8.474 Thread 0x0000026fd0e14440 nmethod 2364 0x0000026fbc8c4890 code [0x0000026fbc8c4a20, 0x0000026fbc8c4c50]
Event: 8.474 Thread 0x0000026fd0e14440 2361       3       sun.util.locale.LanguageTag::parseScript (55 bytes)
Event: 8.475 Thread 0x0000026fd0e14440 nmethod 2361 0x0000026fbc8c4d90 code [0x0000026fbc8c4f80, 0x0000026fbc8c5590]
Event: 8.475 Thread 0x0000026fd0e14440 2333       3       sun.util.locale.BaseLocale::convertOldISOCodes (238 bytes)
Event: 8.476 Thread 0x0000026fd0e14440 nmethod 2333 0x0000026fbc8c5790 code [0x0000026fbc8c59a0, 0x0000026fbc8c6088]
Event: 8.476 Thread 0x0000026fd0e14440 2365       3       java.util.regex.ASCII::getType (17 bytes)
Event: 8.477 Thread 0x0000026fd0e14440 nmethod 2365 0x0000026fbc8c6210 code [0x0000026fbc8c63a0, 0x0000026fbc8c6540]
Event: 8.477 Thread 0x0000026fd0e14440 2368       3       java.util.regex.CharPredicates$$Lambda$19/0x800000027::is (5 bytes)
Event: 8.477 Thread 0x0000026fd0e14440 nmethod 2368 0x0000026fbc8c6610 code [0x0000026fbc8c67c0, 0x0000026fbc8c6bd0]
Event: 8.477 Thread 0x0000026fd0e14440 2369       3       java.util.regex.CharPredicates::lambda$ASCII_SPACE$20 (20 bytes)
Event: 8.478 Thread 0x0000026fd0e14440 nmethod 2369 0x0000026fbc8c6d10 code [0x0000026fbc8c6ec0, 0x0000026fbc8c7248]
Event: 8.478 Thread 0x0000026fd0e14440 2370       3       java.util.regex.ASCII::isSpace (8 bytes)
Event: 8.479 Thread 0x0000026fd0e14440 nmethod 2370 0x0000026fbc8c7390 code [0x0000026fbc8c7520, 0x0000026fbc8c77b0]
Event: 8.479 Thread 0x0000026fd0e14440 2366       3       java.util.regex.Pattern$BmpCharProperty::match (55 bytes)

GC Heap History (4 events):
Event: 1.326 GC heap before
{Heap before GC invocations=0 (full 0):
 garbage-first heap   total 131072K, used 22528K [0x0000000081e00000, 0x0000000100000000)
  region size 1024K, 23 young (23552K), 0 survivors (0K)
 Metaspace       used 6024K, committed 6272K, reserved 1114112K
  class space    used 738K, committed 832K, reserved 1048576K
}
Event: 1.333 GC heap after
{Heap after GC invocations=1 (full 0):
 garbage-first heap   total 131072K, used 3194K [0x0000000081e00000, 0x0000000100000000)
  region size 1024K, 3 young (3072K), 3 survivors (3072K)
 Metaspace       used 6024K, committed 6272K, reserved 1114112K
  class space    used 738K, committed 832K, reserved 1048576K
}
Event: 8.323 GC heap before
{Heap before GC invocations=1 (full 0):
 garbage-first heap   total 131072K, used 42106K [0x0000000081e00000, 0x0000000100000000)
  region size 1024K, 36 young (36864K), 3 survivors (3072K)
 Metaspace       used 19322K, committed 19712K, reserved 1114112K
  class space    used 2390K, committed 2560K, reserved 1048576K
}
Event: 8.332 GC heap after
{Heap after GC invocations=2 (full 0):
 garbage-first heap   total 131072K, used 12666K [0x0000000081e00000, 0x0000000100000000)
  region size 1024K, 5 young (5120K), 5 survivors (5120K)
 Metaspace       used 19322K, committed 19712K, reserved 1114112K
  class space    used 2390K, committed 2560K, reserved 1048576K
}

Dll operation events (20 events):
Event: 0.423 Loaded shared library C:\Program Files\Java\javafx-sdk-20.0.2\bin\api-ms-win-crt-process-l1-1-0.dll
Event: 0.425 Loaded shared library C:\Program Files\Java\javafx-sdk-20.0.2\bin\api-ms-win-crt-runtime-l1-1-0.dll
Event: 0.427 Loaded shared library C:\Program Files\Java\javafx-sdk-20.0.2\bin\api-ms-win-crt-stdio-l1-1-0.dll
Event: 0.429 Loaded shared library C:\Program Files\Java\javafx-sdk-20.0.2\bin\api-ms-win-crt-string-l1-1-0.dll
Event: 0.430 Loaded shared library C:\Program Files\Java\javafx-sdk-20.0.2\bin\api-ms-win-crt-time-l1-1-0.dll
Event: 0.432 Loaded shared library C:\Program Files\Java\javafx-sdk-20.0.2\bin\api-ms-win-crt-utility-l1-1-0.dll
Event: 0.435 Loaded shared library C:\Program Files\Java\javafx-sdk-20.0.2\bin\ucrtbase.dll
Event: 0.437 Loaded shared library C:\Program Files\Java\javafx-sdk-20.0.2\bin\vcruntime140.dll
Event: 0.439 Loaded shared library C:\Program Files\Java\javafx-sdk-20.0.2\bin\vcruntime140_1.dll
Event: 0.441 Loaded shared library C:\Program Files\Java\javafx-sdk-20.0.2\bin\msvcp140.dll
Event: 0.444 Loaded shared library C:\Program Files\Java\javafx-sdk-20.0.2\bin\msvcp140_1.dll
Event: 0.446 Loaded shared library C:\Program Files\Java\javafx-sdk-20.0.2\bin\msvcp140_2.dll
Event: 0.565 Loaded shared library C:\Program Files\Java\javafx-sdk-20.0.2\bin\prism_d3d.dll
Event: 0.693 Loaded shared library C:\Program Files\Java\javafx-sdk-20.0.2\bin\glass.dll
Event: 1.048 Loaded shared library C:\Program Files\Java\jdk-20\bin\jimage.dll
Event: 1.395 Loaded shared library C:\Program Files\Java\javafx-sdk-20.0.2\bin\javafx_font.dll
Event: 2.107 Loaded shared library C:\Windows\System32\dpuareu_jni.dll
Event: 4.832 Loaded shared library C:\Program Files\Java\javafx-sdk-20.0.2\bin\javafx_iio.dll
Event: 7.903 Loaded shared library C:\Program Files\Java\jdk-20\bin\awt.dll
Event: 8.221 Loaded shared library C:\Program Files\Java\jdk-20\bin\extnet.dll

Deoptimization events (20 events):
Event: 8.470 Thread 0x0000027016f42650 Uncommon trap: trap_request=0xffffff45 fr.pc=0x0000026fc408415c relative=0x00000000000006fc
Event: 8.471 Thread 0x0000027016f42650 Uncommon trap: reason=unstable_if action=reinterpret pc=0x0000026fc408415c method=java.util.regex.Matcher.search(I)Z @ 30 c2
Event: 8.471 Thread 0x0000027016f42650 DEOPT PACKING pc=0x0000026fc408415c sp=0x000000cca16fe310
Event: 8.471 Thread 0x0000027016f42650 DEOPT UNPACKING pc=0x0000026fc3a79d22 sp=0x000000cca16fe2f0 mode 2
Event: 8.471 Thread 0x0000027016f42650 Uncommon trap: trap_request=0xffffffde fr.pc=0x0000026fc4081c80 relative=0x00000000000002c0
Event: 8.471 Thread 0x0000027016f42650 Uncommon trap: reason=class_check action=maybe_recompile pc=0x0000026fc4081c80 method=java.util.regex.Pattern$BmpCharPropertyGreedy.match(Ljava/util/regex/Matcher;ILjava/lang/CharSequence;)Z @ 26 c2
Event: 8.471 Thread 0x0000027016f42650 DEOPT PACKING pc=0x0000026fc4081c80 sp=0x000000cca16fe250
Event: 8.471 Thread 0x0000027016f42650 DEOPT UNPACKING pc=0x0000026fc3a79d22 sp=0x000000cca16fe1e8 mode 2
Event: 8.471 Thread 0x0000027016f42650 Uncommon trap: trap_request=0xffffffde fr.pc=0x0000026fc4081c80 relative=0x00000000000002c0
Event: 8.471 Thread 0x0000027016f42650 Uncommon trap: reason=class_check action=maybe_recompile pc=0x0000026fc4081c80 method=java.util.regex.Pattern$BmpCharPropertyGreedy.match(Ljava/util/regex/Matcher;ILjava/lang/CharSequence;)Z @ 26 c2
Event: 8.471 Thread 0x0000027016f42650 DEOPT PACKING pc=0x0000026fc4081c80 sp=0x000000cca16fe250
Event: 8.471 Thread 0x0000027016f42650 DEOPT UNPACKING pc=0x0000026fc3a79d22 sp=0x000000cca16fe1e8 mode 2
Event: 8.471 Thread 0x0000027016f42650 Uncommon trap: trap_request=0xffffffde fr.pc=0x0000026fc4081c80 relative=0x00000000000002c0
Event: 8.471 Thread 0x0000027016f42650 Uncommon trap: reason=class_check action=maybe_recompile pc=0x0000026fc4081c80 method=java.util.regex.Pattern$BmpCharPropertyGreedy.match(Ljava/util/regex/Matcher;ILjava/lang/CharSequence;)Z @ 26 c2
Event: 8.471 Thread 0x0000027016f42650 DEOPT PACKING pc=0x0000026fc4081c80 sp=0x000000cca16fe250
Event: 8.471 Thread 0x0000027016f42650 DEOPT UNPACKING pc=0x0000026fc3a79d22 sp=0x000000cca16fe1e8 mode 2
Event: 8.471 Thread 0x0000027016f42650 Uncommon trap: trap_request=0xffffffde fr.pc=0x0000026fc4081c80 relative=0x00000000000002c0
Event: 8.471 Thread 0x0000027016f42650 Uncommon trap: reason=class_check action=maybe_recompile pc=0x0000026fc4081c80 method=java.util.regex.Pattern$BmpCharPropertyGreedy.match(Ljava/util/regex/Matcher;ILjava/lang/CharSequence;)Z @ 26 c2
Event: 8.471 Thread 0x0000027016f42650 DEOPT PACKING pc=0x0000026fc4081c80 sp=0x000000cca16fe250
Event: 8.471 Thread 0x0000027016f42650 DEOPT UNPACKING pc=0x0000026fc3a79d22 sp=0x000000cca16fe1e8 mode 2

Classes loaded (20 events):
Event: 8.375 Loading class sun/nio/cs/UTF_8$Encoder
Event: 8.375 Loading class sun/nio/cs/UTF_8$Encoder done
Event: 8.385 Loading class java/util/TimerTask
Event: 8.385 Loading class java/util/TimerTask done
Event: 8.461 Loading class java/time/format/DateTimeParseException
Event: 8.461 Loading class java/time/DateTimeException
Event: 8.462 Loading class java/time/DateTimeException done
Event: 8.462 Loading class java/time/format/DateTimeParseException done
Event: 8.468 Loading class java/security/InvalidKeyException
Event: 8.468 Loading class java/security/KeyException
Event: 8.468 Loading class java/security/KeyException done
Event: 8.468 Loading class java/security/InvalidKeyException done
Event: 8.469 Loading class javax/net/ssl/SSLSocket
Event: 8.469 Loading class javax/net/ssl/SSLSocket done
Event: 8.469 Loading class java/security/spec/InvalidKeySpecException
Event: 8.469 Loading class java/security/spec/InvalidKeySpecException done
Event: 8.469 Loading class javax/crypto/NoSuchPaddingException
Event: 8.469 Loading class javax/crypto/NoSuchPaddingException done
Event: 8.469 Loading class javax/crypto/IllegalBlockSizeException
Event: 8.469 Loading class javax/crypto/IllegalBlockSizeException done

Classes unloaded (0 events):
No events

Classes redefined (0 events):
No events

Internal exceptions (20 events):
Event: 1.665 Thread 0x000002701637f010 Implicit null exception at 0x0000026fc4006c20 to 0x0000026fc4006eb0
Event: 1.665 Thread 0x000002701637f010 Implicit null exception at 0x0000026fc3fd1da0 to 0x0000026fc3fd1e1d
Event: 1.765 Thread 0x000002701637f010 Implicit null exception at 0x0000026fc40050f2 to 0x0000026fc400547c
Event: 1.832 Thread 0x000002701637f010 Exception <a 'java/lang/NoSuchMethodError'{0x0000000088fa3c40}: 'java.lang.Object java.lang.invoke.DirectMethodHandle$Holder.invokeInterface(java.lang.Object, java.lang.Object, java.lang.Object)'> (0x0000000088fa3c40) 
thrown [s\open\src\hotspot\share\interpreter\linkResolver.cpp, line 773]
Event: 1.832 Thread 0x000002701637f010 Exception <a 'java/lang/IncompatibleClassChangeError'{0x0000000088fa7548}: Found class java.lang.Object, but interface was expected> (0x0000000088fa7548) 
thrown [s\open\src\hotspot\share\interpreter\linkResolver.cpp, line 840]
Event: 1.909 Thread 0x000002701637f010 Exception <a 'java/lang/NoSuchMethodError'{0x0000000088ed23f8}: 'int java.lang.invoke.DirectMethodHandle$Holder.invokeSpecial(java.lang.Object, java.lang.Object, int)'> (0x0000000088ed23f8) 
thrown [s\open\src\hotspot\share\interpreter\linkResolver.cpp, line 773]
Event: 1.946 Thread 0x000002701637f010 Exception <a 'java/lang/NoSuchMethodError'{0x0000000088d54370}: 'java.lang.Object java.lang.invoke.DirectMethodHandle$Holder.newInvokeSpecial(java.lang.Object, java.lang.Object, int)'> (0x0000000088d54370) 
thrown [s\open\src\hotspot\share\interpreter\linkResolver.cpp, line 773]
Event: 2.040 Thread 0x000002701637f010 Exception <a 'java/lang/NoSuchMethodError'{0x0000000088de3800}: 'void java.lang.invoke.DirectMethodHandle$Holder.invokeVirtual(java.lang.Object, java.lang.Object)'> (0x0000000088de3800) 
thrown [s\open\src\hotspot\share\interpreter\linkResolver.cpp, line 773]
Event: 2.140 Thread 0x0000027016a263e0 Exception <a 'java/lang/NoSuchMethodError'{0x0000000088b949c0}: 'int java.lang.invoke.DirectMethodHandle$Holder.invokeStaticInit(java.lang.Object, java.lang.Object)'> (0x0000000088b949c0) 
thrown [s\open\src\hotspot\share\interpreter\linkResolver.cpp, line 773]
Event: 2.168 Thread 0x0000027016a263e0 Exception <a 'java/lang/NoSuchMethodError'{0x0000000088a31318}: 'java.lang.Object java.lang.invoke.Invokers$Holder.invokeExact_MT(java.lang.Object, java.lang.Object, java.lang.Object, java.lang.Object, java.lang.Object)'> (0x0000000088a31318) 
thrown [s\open\src\hotspot\share\interpreter\linkResolver.cpp, line 773]
Event: 4.745 Thread 0x000002701637f010 Exception <a 'java/lang/NoSuchMethodError'{0x0000000088301f08}: 'long java.lang.invoke.DirectMethodHandle$Holder.invokeStatic(java.lang.Object, java.lang.Object, java.lang.Object)'> (0x0000000088301f08) 
thrown [s\open\src\hotspot\share\interpreter\linkResolver.cpp, line 773]
Event: 4.745 Thread 0x000002701637f010 Exception <a 'java/lang/NoSuchMethodError'{0x00000000883052d8}: 'long java.lang.invoke.DirectMethodHandle$Holder.invokeStaticInit(java.lang.Object, java.lang.Object, java.lang.Object)'> (0x00000000883052d8) 
thrown [s\open\src\hotspot\share\interpreter\linkResolver.cpp, line 773]
Event: 4.750 Thread 0x000002701637f010 Exception <a 'java/lang/NoSuchMethodError'{0x000000008831d330}: 'java.lang.Object java.lang.invoke.DirectMethodHandle$Holder.newInvokeSpecial(java.lang.Object, java.lang.Object, long)'> (0x000000008831d330) 
thrown [s\open\src\hotspot\share\interpreter\linkResolver.cpp, line 773]
Event: 4.750 Thread 0x000002701637f010 Exception <a 'java/lang/NoSuchMethodError'{0x0000000088320c28}: 'java.lang.Object java.lang.invoke.Invokers$Holder.linkToTargetMethod(java.lang.Object, long, java.lang.Object)'> (0x0000000088320c28) 
thrown [s\open\src\hotspot\share\interpreter\linkResolver.cpp, line 773]
Event: 7.914 Thread 0x0000027016f44b80 Exception <a 'java/lang/ClassNotFoundException'{0x0000000088293978}: sun/awt/resources/spi/awtProvider> (0x0000000088293978) 
thrown [s\open\src\hotspot\share\classfile\systemDictionary.cpp, line 305]
Event: 7.917 Thread 0x0000027016f44b80 Exception <a 'java/io/FileNotFoundException'{0x0000000088297b78}> (0x0000000088297b78) 
thrown [s\open\src\hotspot\share\prims\jni.cpp, line 519]
Event: 7.917 Thread 0x0000027016f44b80 Exception <a 'java/io/FileNotFoundException'{0x0000000088298e38}> (0x0000000088298e38) 
thrown [s\open\src\hotspot\share\prims\jni.cpp, line 519]
Event: 8.085 Thread 0x0000027016f42650 Exception <a 'java/lang/NoSuchMethodError'{0x00000000880f1328}: 'java.lang.Object java.lang.invoke.DirectMethodHandle$Holder.invokeInterface(java.lang.Object, java.lang.Object)'> (0x00000000880f1328) 
thrown [s\open\src\hotspot\share\interpreter\linkResolver.cpp, line 773]
Event: 8.110 Thread 0x0000027016f42650 Exception <a 'java/lang/NoSuchMethodError'{0x0000000087f69b40}: 'java.lang.Object java.lang.invoke.DirectMethodHandle$Holder.invokeVirtual(java.lang.Object, java.lang.Object, java.lang.Object)'> (0x0000000087f69b40) 
thrown [s\open\src\hotspot\share\interpreter\linkResolver.cpp, line 773]
Event: 8.477 Thread 0x0000027016f42650 Exception <a 'java/lang/NoSuchMethodError'{0x0000000089a20050}: 'void java.lang.invoke.DirectMethodHandle$Holder.invokeInterface(java.lang.Object, java.lang.Object)'> (0x0000000089a20050) 
thrown [s\open\src\hotspot\share\interpreter\linkResolver.cpp, line 773]

VM Operations (20 events):
Event: 5.035 Executing VM operation: Cleanup
Event: 5.035 Executing VM operation: Cleanup done
Event: 7.963 Executing VM operation: HandshakeAllThreads
Event: 7.963 Executing VM operation: HandshakeAllThreads done
Event: 7.963 Executing VM operation: Cleanup
Event: 7.963 Executing VM operation: Cleanup done
Event: 8.060 Executing VM operation: HandshakeAllThreads
Event: 8.060 Executing VM operation: HandshakeAllThreads done
Event: 8.061 Executing VM operation: HandshakeAllThreads
Event: 8.061 Executing VM operation: HandshakeAllThreads done
Event: 8.086 Executing VM operation: HandshakeAllThreads
Event: 8.086 Executing VM operation: HandshakeAllThreads done
Event: 8.104 Executing VM operation: HandshakeAllThreads
Event: 8.104 Executing VM operation: HandshakeAllThreads done
Event: 8.206 Executing VM operation: HandshakeAllThreads
Event: 8.206 Executing VM operation: HandshakeAllThreads done
Event: 8.293 Executing VM operation: HandshakeAllThreads
Event: 8.293 Executing VM operation: HandshakeAllThreads done
Event: 8.323 Executing VM operation: G1CollectForAllocation
Event: 8.332 Executing VM operation: G1CollectForAllocation done

Events (20 events):
Event: 0.702 Thread 0x00000270169b1430 Thread added: 0x00000270169b1430
Event: 0.722 Thread 0x000002701637f010 Thread added: 0x000002701637f010
Event: 0.826 Thread 0x0000026fd0e165a0 Thread exited: 0x0000026fd0e165a0
Event: 0.862 Thread 0x0000026fd0e14f60 Thread exited: 0x0000026fd0e14f60
Event: 0.935 Thread 0x0000027016c70f10 Thread added: 0x0000027016c70f10
Event: 0.944 Thread 0x0000027016c5c7f0 Thread added: 0x0000027016c5c7f0
Event: 1.481 Thread 0x0000026fd0e13390 Thread added: 0x0000026fd0e13390
Event: 1.756 Thread 0x0000026fd0e13390 Thread exited: 0x0000026fd0e13390
Event: 1.819 Thread 0x0000027016eb2700 Thread added: 0x0000027016eb2700
Event: 1.906 Thread 0x0000026fd0e12e00 Thread added: 0x0000026fd0e12e00
Event: 1.908 Thread 0x0000026fd0e154f0 Thread added: 0x0000026fd0e154f0
Event: 2.190 Thread 0x0000026fd0e154f0 Thread exited: 0x0000026fd0e154f0
Event: 2.200 Thread 0x0000026fd0e12e00 Thread exited: 0x0000026fd0e12e00
Event: 2.234 Thread 0x0000027016f440e0 Thread added: 0x0000027016f440e0
Event: 4.853 Thread 0x0000027016f42650 Thread added: 0x0000027016f42650
Event: 4.866 Thread 0x0000027016f44b80 Thread added: 0x0000027016f44b80
Event: 7.959 Thread 0x0000027016f430f0 Thread added: 0x0000027016f430f0
Event: 7.996 Thread 0x0000027016f44b80 Thread exited: 0x0000027016f44b80
Event: 8.055 Thread 0x0000027016f42ba0 Thread added: 0x0000027016f42ba0
Event: 8.095 Thread 0x0000026fd0e165a0 Thread added: 0x0000026fd0e165a0


Dynamic libraries:
0x00007ff6a1220000 - 0x00007ff6a1230000 	C:\Program Files\Java\jdk-20\bin\java.exe
0x00007ffff6b10000 - 0x00007ffff6d27000 	C:\WINDOWS\SYSTEM32\ntdll.dll
0x00007ffff49f0000 - 0x00007ffff4ab4000 	C:\WINDOWS\System32\KERNEL32.DLL
0x00007ffff4220000 - 0x00007ffff45c7000 	C:\WINDOWS\System32\KERNELBASE.dll
0x00007ffff4060000 - 0x00007ffff4171000 	C:\WINDOWS\System32\ucrtbase.dll
0x00007fffe25a0000 - 0x00007fffe25b9000 	C:\Program Files\Java\jdk-20\bin\jli.dll
0x00007fffe45d0000 - 0x00007fffe45eb000 	C:\Program Files\Java\jdk-20\bin\VCRUNTIME140.dll
0x00007ffff5fb0000 - 0x00007ffff6060000 	C:\WINDOWS\System32\ADVAPI32.dll
0x00007ffff6270000 - 0x00007ffff6317000 	C:\WINDOWS\System32\msvcrt.dll
0x00007ffff61c0000 - 0x00007ffff6266000 	C:\WINDOWS\System32\sechost.dll
0x00007ffff6750000 - 0x00007ffff6867000 	C:\WINDOWS\System32\RPCRT4.dll
0x00007ffff6570000 - 0x00007ffff671e000 	C:\WINDOWS\System32\USER32.dll
0x00007ffff3fb0000 - 0x00007ffff3fd6000 	C:\WINDOWS\System32\win32u.dll
0x00007ffff3050000 - 0x00007ffff32e3000 	C:\WINDOWS\WinSxS\amd64_microsoft.windows.common-controls_6595b64144ccf1df_6.0.22621.2506_none_270c5ae97388e100\COMCTL32.dll
0x00007ffff6720000 - 0x00007ffff6749000 	C:\WINDOWS\System32\GDI32.dll
0x00007ffff3e90000 - 0x00007ffff3fa9000 	C:\WINDOWS\System32\gdi32full.dll
0x00007ffff4180000 - 0x00007ffff421a000 	C:\WINDOWS\System32\msvcp_win.dll
0x00007fffedd00000 - 0x00007fffedd0a000 	C:\WINDOWS\SYSTEM32\VERSION.dll
0x00007ffff5af0000 - 0x00007ffff5b21000 	C:\WINDOWS\System32\IMM32.DLL
0x00007fffe4a80000 - 0x00007fffe4a8c000 	C:\Program Files\Java\jdk-20\bin\vcruntime140_1.dll
0x00007fffcf880000 - 0x00007fffcf90e000 	C:\Program Files\Java\jdk-20\bin\msvcp140.dll
0x00007fff83dd0000 - 0x00007fff84a68000 	C:\Program Files\Java\jdk-20\bin\server\jvm.dll
0x00007fffdd960000 - 0x00007fffdd969000 	C:\WINDOWS\SYSTEM32\WSOCK32.dll
0x00007ffff64f0000 - 0x00007ffff6561000 	C:\WINDOWS\System32\WS2_32.dll
0x00007fffec240000 - 0x00007fffec274000 	C:\WINDOWS\SYSTEM32\WINMM.dll
0x00007ffff25d0000 - 0x00007ffff25e8000 	C:\WINDOWS\SYSTEM32\kernel.appcore.dll
0x00007fffe4910000 - 0x00007fffe491a000 	C:\Program Files\Java\jdk-20\bin\jimage.dll
0x00007ffff3710000 - 0x00007ffff3943000 	C:\WINDOWS\SYSTEM32\DBGHELP.DLL
0x00007ffff5380000 - 0x00007ffff5709000 	C:\WINDOWS\System32\combase.dll
0x00007ffff6410000 - 0x00007ffff64e7000 	C:\WINDOWS\System32\OLEAUT32.dll
0x00007ffff35d0000 - 0x00007ffff3602000 	C:\WINDOWS\SYSTEM32\dbgcore.DLL
0x00007ffff3fe0000 - 0x00007ffff405a000 	C:\WINDOWS\System32\bcryptPrimitives.dll
0x00007fffe45a0000 - 0x00007fffe45c6000 	C:\Program Files\Java\jdk-20\bin\java.dll
0x00007fffc6dc0000 - 0x00007fffc6e97000 	C:\Program Files\Java\jdk-20\bin\jsvml.dll
0x00007ffff4b20000 - 0x00007ffff5379000 	C:\WINDOWS\System32\SHELL32.dll
0x00007ffff1500000 - 0x00007ffff1df4000 	C:\WINDOWS\SYSTEM32\windows.storage.dll
0x00007ffff13a0000 - 0x00007ffff14de000 	C:\WINDOWS\SYSTEM32\wintypes.dll
0x00007ffff69d0000 - 0x00007ffff6ac3000 	C:\WINDOWS\System32\SHCORE.dll
0x00007ffff4ac0000 - 0x00007ffff4b1e000 	C:\WINDOWS\System32\shlwapi.dll
0x00007ffff3dc0000 - 0x00007ffff3de6000 	C:\WINDOWS\SYSTEM32\profapi.dll
0x00007fffe25c0000 - 0x00007fffe25d3000 	C:\Program Files\Java\jdk-20\bin\net.dll
0x00007fffec8b0000 - 0x00007fffec9e7000 	C:\WINDOWS\SYSTEM32\WINHTTP.dll
0x00007ffff2bf0000 - 0x00007ffff2c59000 	C:\WINDOWS\system32\mswsock.dll
0x00007fffd1440000 - 0x00007fffd1456000 	C:\Program Files\Java\jdk-20\bin\nio.dll
0x00007fffd1420000 - 0x00007fffd1438000 	C:\Program Files\Java\jdk-20\bin\zip.dll
0x0000026fd0f40000 - 0x0000026fd0f43000 	C:\Program Files\Java\javafx-sdk-20.0.2\bin\api-ms-win-core-console-l1-1-0.dll
0x0000026fd0f50000 - 0x0000026fd0f53000 	C:\Program Files\Java\javafx-sdk-20.0.2\bin\api-ms-win-core-console-l1-2-0.dll
0x0000026fd0f60000 - 0x0000026fd0f63000 	C:\Program Files\Java\javafx-sdk-20.0.2\bin\api-ms-win-core-datetime-l1-1-0.dll
0x0000026fd0f70000 - 0x0000026fd0f73000 	C:\Program Files\Java\javafx-sdk-20.0.2\bin\api-ms-win-core-debug-l1-1-0.dll
0x0000026fd0f80000 - 0x0000026fd0f83000 	C:\Program Files\Java\javafx-sdk-20.0.2\bin\api-ms-win-core-errorhandling-l1-1-0.dll
0x0000026fd0f90000 - 0x0000026fd0f94000 	C:\Program Files\Java\javafx-sdk-20.0.2\bin\api-ms-win-core-file-l1-1-0.dll
0x0000026fd0fa0000 - 0x0000026fd0fa3000 	C:\Program Files\Java\javafx-sdk-20.0.2\bin\api-ms-win-core-file-l1-2-0.dll
0x0000026fd0fb0000 - 0x0000026fd0fb3000 	C:\Program Files\Java\javafx-sdk-20.0.2\bin\api-ms-win-core-file-l2-1-0.dll
0x0000026fd0fc0000 - 0x0000026fd0fc3000 	C:\Program Files\Java\javafx-sdk-20.0.2\bin\api-ms-win-core-handle-l1-1-0.dll
0x0000026fd0fd0000 - 0x0000026fd0fd3000 	C:\Program Files\Java\javafx-sdk-20.0.2\bin\api-ms-win-core-heap-l1-1-0.dll
0x0000026fd0fe0000 - 0x0000026fd0fe3000 	C:\Program Files\Java\javafx-sdk-20.0.2\bin\api-ms-win-core-interlocked-l1-1-0.dll
0x0000026fd0ff0000 - 0x0000026fd0ff3000 	C:\Program Files\Java\javafx-sdk-20.0.2\bin\api-ms-win-core-libraryloader-l1-1-0.dll
0x0000027017bd0000 - 0x0000027017bd3000 	C:\Program Files\Java\javafx-sdk-20.0.2\bin\api-ms-win-core-localization-l1-2-0.dll
0x0000027017be0000 - 0x0000027017be3000 	C:\Program Files\Java\javafx-sdk-20.0.2\bin\api-ms-win-core-memory-l1-1-0.dll
0x0000027017bf0000 - 0x0000027017bf3000 	C:\Program Files\Java\javafx-sdk-20.0.2\bin\api-ms-win-core-namedpipe-l1-1-0.dll
0x0000027017c00000 - 0x0000027017c03000 	C:\Program Files\Java\javafx-sdk-20.0.2\bin\api-ms-win-core-processenvironment-l1-1-0.dll
0x0000027017c10000 - 0x0000027017c13000 	C:\Program Files\Java\javafx-sdk-20.0.2\bin\api-ms-win-core-processthreads-l1-1-0.dll
0x0000027017c20000 - 0x0000027017c23000 	C:\Program Files\Java\javafx-sdk-20.0.2\bin\api-ms-win-core-processthreads-l1-1-1.dll
0x0000027017c30000 - 0x0000027017c33000 	C:\Program Files\Java\javafx-sdk-20.0.2\bin\api-ms-win-core-profile-l1-1-0.dll
0x0000027017c40000 - 0x0000027017c43000 	C:\Program Files\Java\javafx-sdk-20.0.2\bin\api-ms-win-core-rtlsupport-l1-1-0.dll
0x0000027017c50000 - 0x0000027017c53000 	C:\Program Files\Java\javafx-sdk-20.0.2\bin\api-ms-win-core-string-l1-1-0.dll
0x0000027017c60000 - 0x0000027017c63000 	C:\Program Files\Java\javafx-sdk-20.0.2\bin\api-ms-win-core-synch-l1-1-0.dll
0x0000027017c70000 - 0x0000027017c73000 	C:\Program Files\Java\javafx-sdk-20.0.2\bin\api-ms-win-core-synch-l1-2-0.dll
0x0000027017c80000 - 0x0000027017c83000 	C:\Program Files\Java\javafx-sdk-20.0.2\bin\api-ms-win-core-sysinfo-l1-1-0.dll
0x0000027017c90000 - 0x0000027017c93000 	C:\Program Files\Java\javafx-sdk-20.0.2\bin\api-ms-win-core-timezone-l1-1-0.dll
0x0000027017ca0000 - 0x0000027017ca3000 	C:\Program Files\Java\javafx-sdk-20.0.2\bin\api-ms-win-core-util-l1-1-0.dll
0x0000027017cb0000 - 0x0000027017cb3000 	C:\Program Files\Java\javafx-sdk-20.0.2\bin\api-ms-win-crt-conio-l1-1-0.dll
0x0000027017cc0000 - 0x0000027017cc4000 	C:\Program Files\Java\javafx-sdk-20.0.2\bin\api-ms-win-crt-convert-l1-1-0.dll
0x0000027017cd0000 - 0x0000027017cd3000 	C:\Program Files\Java\javafx-sdk-20.0.2\bin\api-ms-win-crt-environment-l1-1-0.dll
0x0000027017ce0000 - 0x0000027017ce3000 	C:\Program Files\Java\javafx-sdk-20.0.2\bin\api-ms-win-crt-filesystem-l1-1-0.dll
0x0000027017cf0000 - 0x0000027017cf3000 	C:\Program Files\Java\javafx-sdk-20.0.2\bin\api-ms-win-crt-heap-l1-1-0.dll
0x0000027017d00000 - 0x0000027017d03000 	C:\Program Files\Java\javafx-sdk-20.0.2\bin\api-ms-win-crt-locale-l1-1-0.dll
0x0000027017d10000 - 0x0000027017d15000 	C:\Program Files\Java\javafx-sdk-20.0.2\bin\api-ms-win-crt-math-l1-1-0.dll
0x0000027017d20000 - 0x0000027017d25000 	C:\Program Files\Java\javafx-sdk-20.0.2\bin\api-ms-win-crt-multibyte-l1-1-0.dll
0x0000027017d30000 - 0x0000027017d40000 	C:\Program Files\Java\javafx-sdk-20.0.2\bin\api-ms-win-crt-private-l1-1-0.dll
0x0000027017d40000 - 0x0000027017d43000 	C:\Program Files\Java\javafx-sdk-20.0.2\bin\api-ms-win-crt-process-l1-1-0.dll
0x0000027017d50000 - 0x0000027017d54000 	C:\Program Files\Java\javafx-sdk-20.0.2\bin\api-ms-win-crt-runtime-l1-1-0.dll
0x0000027017d60000 - 0x0000027017d64000 	C:\Program Files\Java\javafx-sdk-20.0.2\bin\api-ms-win-crt-stdio-l1-1-0.dll
0x0000027017d70000 - 0x0000027017d74000 	C:\Program Files\Java\javafx-sdk-20.0.2\bin\api-ms-win-crt-string-l1-1-0.dll
0x0000027017d80000 - 0x0000027017d83000 	C:\Program Files\Java\javafx-sdk-20.0.2\bin\api-ms-win-crt-time-l1-1-0.dll
0x0000027017d90000 - 0x0000027017d93000 	C:\Program Files\Java\javafx-sdk-20.0.2\bin\api-ms-win-crt-utility-l1-1-0.dll
0x00007fffc8c40000 - 0x00007fffc8d3c000 	C:\Program Files\Java\javafx-sdk-20.0.2\bin\ucrtbase.dll
0x00007fffe5890000 - 0x00007fffe58ab000 	C:\Program Files\Java\javafx-sdk-20.0.2\bin\vcruntime140.dll
0x00007fffedf60000 - 0x00007fffedf6c000 	C:\Program Files\Java\javafx-sdk-20.0.2\bin\vcruntime140_1.dll
0x00007fffc9070000 - 0x00007fffc90fe000 	C:\Program Files\Java\javafx-sdk-20.0.2\bin\msvcp140.dll
0x00007fffec670000 - 0x00007fffec679000 	C:\Program Files\Java\javafx-sdk-20.0.2\bin\msvcp140_1.dll
0x00007fffd13a0000 - 0x00007fffd13d0000 	C:\Program Files\Java\javafx-sdk-20.0.2\bin\msvcp140_2.dll
0x00007fffd0ec0000 - 0x00007fffd0eef000 	C:\Program Files\Java\javafx-sdk-20.0.2\bin\prism_d3d.dll
0x00007fffc8a90000 - 0x00007fffc8c39000 	C:\WINDOWS\system32\d3d9.dll
0x00007ffff0c90000 - 0x00007ffff0cbb000 	C:\WINDOWS\SYSTEM32\dwmapi.dll
0x00007ffff0680000 - 0x00007ffff06b6000 	C:\WINDOWS\SYSTEM32\dxcore.dll
0x00007ffff05a0000 - 0x00007ffff064b000 	C:\WINDOWS\system32\uxtheme.dll
0x00007fffc88a0000 - 0x00007fffc8a05000 	C:\WINDOWS\System32\DriverStore\FileRepository\igdlh64.inf_amd64_dccdb071926b5316\igdumdim64.dll
0x00007ffff5710000 - 0x00007ffff58b0000 	C:\WINDOWS\System32\ole32.dll
0x00007fff89f00000 - 0x00007fff8db54000 	C:\WINDOWS\System32\DriverStore\FileRepository\igdlh64.inf_amd64_dccdb071926b5316\igd9dxva64.dll
0x00007ffff5b30000 - 0x00007ffff5fa4000 	C:\WINDOWS\System32\SETUPAPI.dll
0x00007ffff3a90000 - 0x00007ffff3ade000 	C:\WINDOWS\SYSTEM32\cfgmgr32.dll
0x00007fffe2100000 - 0x00007fffe24c1000 	C:\WINDOWS\System32\DriverStore\FileRepository\igdlh64.inf_amd64_dccdb071926b5316\igdgmm64.dll
0x00007fffeb0e0000 - 0x00007fffeb12a000 	C:\WINDOWS\SYSTEM32\directxdatabasehelper.dll
0x00007fffc8850000 - 0x00007fffc8892000 	C:\Program Files\Java\javafx-sdk-20.0.2\bin\glass.dll
0x00007ffff48f0000 - 0x00007ffff49e9000 	C:\WINDOWS\System32\COMDLG32.dll
0x00007ffff6870000 - 0x00007ffff69bf000 	C:\WINDOWS\System32\MSCTF.dll
0x00007fff9ae40000 - 0x00007fff9ae67000 	C:\WINDOWS\System32\DriverStore\FileRepository\igdlh64.inf_amd64_dccdb071926b5316\igdinfo64.dll
0x00007ffff3a40000 - 0x00007ffff3a5b000 	C:\WINDOWS\SYSTEM32\CRYPTSP.dll
0x00007ffff2590000 - 0x00007ffff25c5000 	C:\WINDOWS\system32\rsaenh.dll
0x00007ffff2e90000 - 0x00007ffff2e9c000 	C:\WINDOWS\SYSTEM32\CRYPTBASE.dll
0x00007ffff36e0000 - 0x00007ffff3708000 	C:\WINDOWS\SYSTEM32\bcrypt.dll
0x00007fffddd50000 - 0x00007fffe0f56000 	C:\WINDOWS\System32\DriverStore\FileRepository\igdlh64.inf_amd64_dccdb071926b5316\igc64.dll
0x00007fffd0de0000 - 0x00007fffd0df4000 	C:\Program Files\Java\javafx-sdk-20.0.2\bin\javafx_font.dll
0x00007fffee8e0000 - 0x00007fffeeb53000 	C:\WINDOWS\SYSTEM32\dwrite.dll
0x00007ffff6060000 - 0x00007ffff6110000 	C:\WINDOWS\System32\clbcatq.dll
0x00007fffee5e0000 - 0x00007fffee790000 	C:\WINDOWS\SYSTEM32\WindowsCodecs.dll
0x00007fffc4fa0000 - 0x00007fffc4ffe000 	C:\WINDOWS\system32\dataexchange.dll
0x00007fffe4680000 - 0x00007fffe4905000 	C:\WINDOWS\system32\twinapi.appcore.dll
0x00007fffceeb0000 - 0x00007fffceee2000 	C:\Program Files\Common Files\Microsoft Shared\Ink\rtscom.dll
0x00007fffe50d0000 - 0x00007fffe521a000 	C:\WINDOWS\SYSTEM32\textinputframework.dll
0x00007fffef8b0000 - 0x00007fffef9e3000 	C:\WINDOWS\SYSTEM32\CoreMessaging.dll
0x00007fffe9910000 - 0x00007fffe9c7c000 	C:\WINDOWS\SYSTEM32\CoreUIComponents.dll
0x00007fffcfae0000 - 0x00007fffcfb06000 	C:\Windows\System32\dpuareu_jni.dll
0x00007fffc87d0000 - 0x00007fffc8844000 	C:\WINDOWS\SYSTEM32\dpfj.dll
0x00007fffcf7e0000 - 0x00007fffcf80b000 	C:\WINDOWS\SYSTEM32\dpfpdd.dll
0x00007fffea350000 - 0x00007fffea3e0000 	C:\WINDOWS\SYSTEM32\DPFPApi.DLL
0x00007ffff4700000 - 0x00007ffff4866000 	C:\WINDOWS\System32\CRYPT32.dll

dbghelp: loaded successfully - version: 4.0.5 - missing functions: none
symbol engine: initialized successfully - sym options: 0x614 - pdb path: .;C:\Program Files\Java\jdk-20\bin;C:\WINDOWS\SYSTEM32;C:\WINDOWS\WinSxS\amd64_microsoft.windows.common-controls_6595b64144ccf1df_6.0.22621.2506_none_270c5ae97388e100;C:\Program Files\Java\jdk-20\bin\server;C:\Program Files\Java\javafx-sdk-20.0.2\bin;C:\WINDOWS\System32\DriverStore\FileRepository\igdlh64.inf_amd64_dccdb071926b5316;C:\Program Files\Common Files\Microsoft Shared\Ink

VM Arguments:
jvm_args: -Dfile.encoding=UTF-8 --module-path=C:\Program Files\Java\javafx-sdk-20.0.2\lib --add-modules=javafx.controls,javafx.fxml --module-path=C:\Program Files\Java\javafx-sdk-20.0.2\lib\javafx-swt.jar;C:\Program Files\Java\javafx-sdk-20.0.2\lib\javafx.base.jar;C:\Program Files\Java\javafx-sdk-20.0.2\lib\javafx.controls.jar;C:\Program Files\Java\javafx-sdk-20.0.2\lib\javafx.fxml.jar;C:\Program Files\Java\javafx-sdk-20.0.2\lib\javafx.graphics.jar;C:\Program Files\Java\javafx-sdk-20.0.2\lib\javafx.media.jar;C:\Program Files\Java\javafx-sdk-20.0.2\lib\javafx.swing.jar;C:\Program Files\Java\javafx-sdk-20.0.2\lib\javafx.web.jar 
java_command: Main
java_class_path (initial): C:\Program Files\Java\javafx-sdk-20.0.2\lib\javafx-swt.jar;C:\Program Files\Java\javafx-sdk-20.0.2\lib\javafx.base.jar;C:\Program Files\Java\javafx-sdk-20.0.2\lib\javafx.controls.jar;C:\Program Files\Java\javafx-sdk-20.0.2\lib\javafx.fxml.jar;C:\Program Files\Java\javafx-sdk-20.0.2\lib\javafx.graphics.jar;C:\Program Files\Java\javafx-sdk-20.0.2\lib\javafx.media.jar;C:\Program Files\Java\javafx-sdk-20.0.2\lib\javafx.swing.jar;C:\Program Files\Java\javafx-sdk-20.0.2\lib\javafx.web.jar;C:\Program Files\DigitalPersona\U.are.U SDK\Windows\Lib\Java\dpuareu.jar;C:\Program Files\Java\mysql-connector-j-8.1.0\mysql-connector-j-8.1.0.jar;C:\Programming\NetBeansProjects\attendance-system\build\classes
Launcher Type: SUN_STANDARD

[Global flags]
     intx CICompilerCount                          = 4                                         {product} {ergonomic}
     uint ConcGCThreads                            = 2                                         {product} {ergonomic}
     uint G1ConcRefinementThreads                  = 8                                         {product} {ergonomic}
   size_t G1HeapRegionSize                         = 1048576                                   {product} {ergonomic}
    uintx GCDrainStackTargetSize                   = 64                                        {product} {ergonomic}
   size_t InitialHeapSize                          = 134217728                                 {product} {ergonomic}
   size_t MarkStackSize                            = 4194304                                   {product} {ergonomic}
   size_t MaxHeapSize                              = 2116026368                                {product} {ergonomic}
   size_t MaxNewSize                               = 1268776960                                {product} {ergonomic}
   size_t MinHeapDeltaBytes                        = 1048576                                   {product} {ergonomic}
   size_t MinHeapSize                              = 8388608                                   {product} {ergonomic}
    uintx NonNMethodCodeHeapSize                   = 5839372                                {pd product} {ergonomic}
    uintx NonProfiledCodeHeapSize                  = 122909434                              {pd product} {ergonomic}
    uintx ProfiledCodeHeapSize                     = 122909434                              {pd product} {ergonomic}
    uintx ReservedCodeCacheSize                    = 251658240                              {pd product} {ergonomic}
     bool SegmentedCodeCache                       = true                                      {product} {ergonomic}
   size_t SoftMaxHeapSize                          = 2116026368                             {manageable} {ergonomic}
     bool UseCompressedClassPointers               = true                           {product lp64_product} {ergonomic}
     bool UseCompressedOops                        = true                           {product lp64_product} {ergonomic}
     bool UseG1GC                                  = true                                      {product} {ergonomic}
     bool UseLargePagesIndividualAllocation        = false                                  {pd product} {ergonomic}

Logging:
Log output configuration:
 #0: stdout all=warning uptime,level,tags foldmultilines=false
 #1: stderr all=off uptime,level,tags foldmultilines=false

Environment Variables:
JAVA_HOME=C:\Program Files\Java\jdk-20
CLASSPATH=C:\Program Files\Java\mysql-connector-j-8.1.0\mysql-connector-j-8.1.0.jar
PATH=C:\Program Files\Common Files\Oracle\Java\javapath;C:\Program Files (x86)\Common Files\Oracle\Java\javapath;C:\WINDOWS\system32;C:\WINDOWS;C:\WINDOWS\System32\Wbem;C:\WINDOWS\System32\WindowsPowerShell\v1.0\;C:\WINDOWS\System32\OpenSSH\;C:\Program Files\Git\cmd;C:\Program Files\dotnet\;C:\Users\danodoms\AppData\Local\Microsoft\WindowsApps;C:\Users\danodoms\AppData\Local\Programs\Microsoft VS Code\bin;
USERNAME=admin
OS=Windows_NT
PROCESSOR_IDENTIFIER=Intel64 Family 6 Model 142 Stepping 10, GenuineIntel
TMP=C:\Users\danodoms\AppData\Local\Temp
TEMP=C:\Users\danodoms\AppData\Local\Temp




---------------  S Y S T E M  ---------------

OS:
 Windows 11 , 64 bit Build 22621 (10.0.22621.2506)
OS uptime: 0 days 17:49 hours

CPU: total 8 (initial active 8) (4 cores per cpu, 2 threads per core) family 6 model 142 stepping 10 microcode 0xf4, cx8, cmov, fxsr, ht, mmx, 3dnowpref, sse, sse2, sse3, ssse3, sse4.1, sse4.2, popcnt, lzcnt, tsc, tscinvbit, avx, avx2, aes, erms, clmul, bmi1, bmi2, rtm, adx, fma, vzeroupper, clflush, clflushopt, rdtscp, f16c

Memory: 4k page, system-wide physical 8071M (969M free)
TotalPageFile size 18823M (AvailPageFile size 9046M)
current process WorkingSet (physical memory assigned to process): 188M, peak: 189M
current process commit charge ("private bytes"): 301M, peak: 302M

vm_info: Java HotSpot(TM) 64-Bit Server VM (20.0.2+9-78) for windows-amd64 JRE (20.0.2+9-78), built on 2023-06-14T10:08:48Z by "mach5one" with MS VC++ 17.1 (VS2022)

END.
